[2025-03-28T07:03:15.970+0000] {taskinstance.py:1125} INFO - Dependencies all met for dep_context=non-requeueable deps ti=<TaskInstance: Pipeline-proyecto2.load_raw_data manual__2025-03-28T07:03:11.340976+00:00 [queued]>
[2025-03-28T07:03:15.979+0000] {taskinstance.py:1125} INFO - Dependencies all met for dep_context=requeueable deps ti=<TaskInstance: Pipeline-proyecto2.load_raw_data manual__2025-03-28T07:03:11.340976+00:00 [queued]>
[2025-03-28T07:03:15.979+0000] {taskinstance.py:1331} INFO - Starting attempt 1 of 1
[2025-03-28T07:03:15.990+0000] {taskinstance.py:1350} INFO - Executing <Task(PythonOperator): load_raw_data> on 2025-03-28 07:03:11.340976+00:00
[2025-03-28T07:03:16.001+0000] {standard_task_runner.py:57} INFO - Started process 113 to run task
[2025-03-28T07:03:16.005+0000] {standard_task_runner.py:84} INFO - Running: ['***', 'tasks', 'run', 'Pipeline-proyecto2', 'load_raw_data', 'manual__2025-03-28T07:03:11.340976+00:00', '--job-id', '74', '--raw', '--subdir', 'DAGS_FOLDER/dag-proyecto2.py', '--cfg-path', '/tmp/tmpfxlrghep']
[2025-03-28T07:03:16.007+0000] {standard_task_runner.py:85} INFO - Job 74: Subtask load_raw_data
[2025-03-28T07:03:16.053+0000] {task_command.py:410} INFO - Running <TaskInstance: Pipeline-proyecto2.load_raw_data manual__2025-03-28T07:03:11.340976+00:00 [running]> on host a4c5a6dc7128
[2025-03-28T07:03:16.128+0000] {taskinstance.py:1568} INFO - Exporting env vars: AIRFLOW_CTX_DAG_OWNER='***' AIRFLOW_CTX_DAG_ID='Pipeline-proyecto2' AIRFLOW_CTX_TASK_ID='load_raw_data' AIRFLOW_CTX_EXECUTION_DATE='2025-03-28T07:03:11.340976+00:00' AIRFLOW_CTX_TRY_NUMBER='1' AIRFLOW_CTX_DAG_RUN_ID='manual__2025-03-28T07:03:11.340976+00:00'
[2025-03-28T07:03:16.283+0000] {logging_mixin.py:149} INFO - Añadiendo datos batch 1
[2025-03-28T07:03:19.438+0000] {logging_mixin.py:149} INFO - Batch repetido. No se añaden datos
[2025-03-28T07:03:22.583+0000] {logging_mixin.py:149} INFO - Añadiendo datos batch 2
[2025-03-28T07:03:25.912+0000] {logging_mixin.py:149} INFO - Batch repetido. No se añaden datos
[2025-03-28T07:03:29.061+0000] {logging_mixin.py:149} INFO - Añadiendo datos batch 3
[2025-03-28T07:03:32.218+0000] {logging_mixin.py:149} INFO - Batch repetido. No se añaden datos
[2025-03-28T07:03:35.366+0000] {logging_mixin.py:149} INFO - Añadiendo datos batch 4
[2025-03-28T07:03:38.526+0000] {logging_mixin.py:149} INFO - Batch repetido. No se añaden datos
[2025-03-28T07:03:42.030+0000] {logging_mixin.py:149} INFO - Añadiendo datos batch 5
[2025-03-28T07:03:45.192+0000] {logging_mixin.py:149} INFO - Batch repetido. No se añaden datos
[2025-03-28T07:03:48.353+0000] {logging_mixin.py:149} INFO - Añadiendo datos batch 6
[2025-03-28T07:03:51.519+0000] {logging_mixin.py:149} INFO - Batch repetido. No se añaden datos
[2025-03-28T07:03:54.676+0000] {logging_mixin.py:149} INFO - Añadiendo datos batch 7
[2025-03-28T07:03:57.844+0000] {logging_mixin.py:149} INFO - Batch repetido. No se añaden datos
[2025-03-28T07:04:00.988+0000] {logging_mixin.py:149} INFO - Añadiendo datos batch 8
[2025-03-28T07:04:04.163+0000] {logging_mixin.py:149} INFO - Batch repetido. No se añaden datos
[2025-03-28T07:04:07.310+0000] {logging_mixin.py:149} INFO - Añadiendo datos batch 9
[2025-03-28T07:04:10.481+0000] {logging_mixin.py:149} INFO - Batch repetido. No se añaden datos
[2025-03-28T07:04:13.631+0000] {logging_mixin.py:149} INFO - Añadiendo datos batch 10
[2025-03-28T07:04:13.662+0000] {logging_mixin.py:149} INFO - Todos los datos han sido guardados
[2025-03-28T07:04:16.468+0000] {python.py:183} INFO - Done. Returned value was: None
[2025-03-28T07:04:16.477+0000] {taskinstance.py:1368} INFO - Marking task as SUCCESS. dag_id=Pipeline-proyecto2, task_id=load_raw_data, execution_date=20250328T070311, start_date=20250328T070315, end_date=20250328T070416
[2025-03-28T07:04:16.547+0000] {local_task_job_runner.py:232} INFO - Task exited with return code 0
[2025-03-28T07:04:16.576+0000] {taskinstance.py:2674} INFO - 1 downstream tasks scheduled from follow-on schedule check
