[2025-03-10T07:44:34.665+0000] {processor.py:156} INFO - Started process (PID=55) to work on /opt/airflow/dags/1_erase_db.py
[2025-03-10T07:44:34.668+0000] {processor.py:799} INFO - Processing file /opt/airflow/dags/1_erase_db.py for tasks to queue
[2025-03-10T07:44:34.669+0000] {logging_mixin.py:149} INFO - [2025-03-10T07:44:34.668+0000] {dagbag.py:541} INFO - Filling up the DagBag from /opt/airflow/dags/1_erase_db.py
[2025-03-10T07:44:34.729+0000] {processor.py:809} INFO - DAG(s) dict_keys(['clear_mysql_db']) retrieved from /opt/airflow/dags/1_erase_db.py
[2025-03-10T07:44:35.114+0000] {logging_mixin.py:149} INFO - [2025-03-10T07:44:35.114+0000] {manager.py:504} INFO - Created Permission View: can edit on DAG:clear_mysql_db
[2025-03-10T07:44:35.126+0000] {logging_mixin.py:149} INFO - [2025-03-10T07:44:35.126+0000] {manager.py:504} INFO - Created Permission View: can read on DAG:clear_mysql_db
[2025-03-10T07:44:35.137+0000] {logging_mixin.py:149} INFO - [2025-03-10T07:44:35.137+0000] {manager.py:504} INFO - Created Permission View: can delete on DAG:clear_mysql_db
[2025-03-10T07:44:35.138+0000] {logging_mixin.py:149} INFO - [2025-03-10T07:44:35.138+0000] {dag.py:2726} INFO - Sync 1 DAGs
[2025-03-10T07:44:35.152+0000] {logging_mixin.py:149} INFO - [2025-03-10T07:44:35.152+0000] {dag.py:2747} INFO - Creating ORM DAG for clear_mysql_db
[2025-03-10T07:44:35.165+0000] {logging_mixin.py:149} INFO - [2025-03-10T07:44:35.164+0000] {dag.py:3490} INFO - Setting next_dagrun for clear_mysql_db to None, run_after=None
[2025-03-10T07:44:35.185+0000] {processor.py:178} INFO - Processing /opt/airflow/dags/1_erase_db.py took 0.531 seconds
[2025-03-10T07:45:05.332+0000] {processor.py:156} INFO - Started process (PID=64) to work on /opt/airflow/dags/1_erase_db.py
[2025-03-10T07:45:05.337+0000] {processor.py:799} INFO - Processing file /opt/airflow/dags/1_erase_db.py for tasks to queue
[2025-03-10T07:45:05.338+0000] {logging_mixin.py:149} INFO - [2025-03-10T07:45:05.338+0000] {dagbag.py:541} INFO - Filling up the DagBag from /opt/airflow/dags/1_erase_db.py
[2025-03-10T07:45:05.349+0000] {processor.py:809} INFO - DAG(s) dict_keys(['clear_mysql_db']) retrieved from /opt/airflow/dags/1_erase_db.py
[2025-03-10T07:45:05.375+0000] {logging_mixin.py:149} INFO - [2025-03-10T07:45:05.375+0000] {dag.py:2726} INFO - Sync 1 DAGs
[2025-03-10T07:45:05.399+0000] {logging_mixin.py:149} INFO - [2025-03-10T07:45:05.399+0000] {dag.py:3490} INFO - Setting next_dagrun for clear_mysql_db to None, run_after=None
[2025-03-10T07:45:05.418+0000] {processor.py:178} INFO - Processing /opt/airflow/dags/1_erase_db.py took 0.088 seconds
[2025-03-10T07:45:35.566+0000] {processor.py:156} INFO - Started process (PID=89) to work on /opt/airflow/dags/1_erase_db.py
[2025-03-10T07:45:35.571+0000] {processor.py:799} INFO - Processing file /opt/airflow/dags/1_erase_db.py for tasks to queue
[2025-03-10T07:45:35.572+0000] {logging_mixin.py:149} INFO - [2025-03-10T07:45:35.572+0000] {dagbag.py:541} INFO - Filling up the DagBag from /opt/airflow/dags/1_erase_db.py
[2025-03-10T07:45:35.584+0000] {processor.py:809} INFO - DAG(s) dict_keys(['clear_mysql_db']) retrieved from /opt/airflow/dags/1_erase_db.py
[2025-03-10T07:45:35.614+0000] {logging_mixin.py:149} INFO - [2025-03-10T07:45:35.614+0000] {dag.py:2726} INFO - Sync 1 DAGs
[2025-03-10T07:45:35.641+0000] {logging_mixin.py:149} INFO - [2025-03-10T07:45:35.641+0000] {dag.py:3490} INFO - Setting next_dagrun for clear_mysql_db to None, run_after=None
[2025-03-10T07:45:35.662+0000] {processor.py:178} INFO - Processing /opt/airflow/dags/1_erase_db.py took 0.099 seconds
[2025-03-10T07:47:16.660+0000] {processor.py:156} INFO - Started process (PID=55) to work on /opt/airflow/dags/1_erase_db.py
[2025-03-10T07:47:16.665+0000] {processor.py:799} INFO - Processing file /opt/airflow/dags/1_erase_db.py for tasks to queue
[2025-03-10T07:47:16.666+0000] {logging_mixin.py:149} INFO - [2025-03-10T07:47:16.666+0000] {dagbag.py:541} INFO - Filling up the DagBag from /opt/airflow/dags/1_erase_db.py
[2025-03-10T07:47:16.688+0000] {processor.py:809} INFO - DAG(s) dict_keys(['clear_mysql_db']) retrieved from /opt/airflow/dags/1_erase_db.py
[2025-03-10T07:47:16.775+0000] {logging_mixin.py:149} INFO - [2025-03-10T07:47:16.775+0000] {dag.py:2726} INFO - Sync 1 DAGs
[2025-03-10T07:47:16.800+0000] {logging_mixin.py:149} INFO - [2025-03-10T07:47:16.800+0000] {dag.py:3490} INFO - Setting next_dagrun for clear_mysql_db to None, run_after=None
[2025-03-10T07:47:16.828+0000] {processor.py:178} INFO - Processing /opt/airflow/dags/1_erase_db.py took 0.172 seconds
[2025-03-10T07:47:46.993+0000] {processor.py:156} INFO - Started process (PID=65) to work on /opt/airflow/dags/1_erase_db.py
[2025-03-10T07:47:46.998+0000] {processor.py:799} INFO - Processing file /opt/airflow/dags/1_erase_db.py for tasks to queue
[2025-03-10T07:47:46.999+0000] {logging_mixin.py:149} INFO - [2025-03-10T07:47:46.998+0000] {dagbag.py:541} INFO - Filling up the DagBag from /opt/airflow/dags/1_erase_db.py
[2025-03-10T07:47:47.009+0000] {processor.py:809} INFO - DAG(s) dict_keys(['clear_mysql_db']) retrieved from /opt/airflow/dags/1_erase_db.py
[2025-03-10T07:47:47.035+0000] {logging_mixin.py:149} INFO - [2025-03-10T07:47:47.035+0000] {dag.py:2726} INFO - Sync 1 DAGs
[2025-03-10T07:47:47.059+0000] {logging_mixin.py:149} INFO - [2025-03-10T07:47:47.058+0000] {dag.py:3490} INFO - Setting next_dagrun for clear_mysql_db to None, run_after=None
[2025-03-10T07:47:47.078+0000] {processor.py:178} INFO - Processing /opt/airflow/dags/1_erase_db.py took 0.087 seconds
[2025-03-10T07:48:17.227+0000] {processor.py:156} INFO - Started process (PID=90) to work on /opt/airflow/dags/1_erase_db.py
[2025-03-10T07:48:17.227+0000] {processor.py:799} INFO - Processing file /opt/airflow/dags/1_erase_db.py for tasks to queue
[2025-03-10T07:48:17.228+0000] {logging_mixin.py:149} INFO - [2025-03-10T07:48:17.228+0000] {dagbag.py:541} INFO - Filling up the DagBag from /opt/airflow/dags/1_erase_db.py
[2025-03-10T07:48:17.240+0000] {processor.py:809} INFO - DAG(s) dict_keys(['clear_mysql_db']) retrieved from /opt/airflow/dags/1_erase_db.py
[2025-03-10T07:48:17.266+0000] {logging_mixin.py:149} INFO - [2025-03-10T07:48:17.265+0000] {dag.py:2726} INFO - Sync 1 DAGs
[2025-03-10T07:48:17.289+0000] {logging_mixin.py:149} INFO - [2025-03-10T07:48:17.289+0000] {dag.py:3490} INFO - Setting next_dagrun for clear_mysql_db to None, run_after=None
[2025-03-10T07:48:17.309+0000] {processor.py:178} INFO - Processing /opt/airflow/dags/1_erase_db.py took 0.085 seconds
[2025-03-10T07:48:47.465+0000] {processor.py:156} INFO - Started process (PID=115) to work on /opt/airflow/dags/1_erase_db.py
[2025-03-10T07:48:47.470+0000] {processor.py:799} INFO - Processing file /opt/airflow/dags/1_erase_db.py for tasks to queue
[2025-03-10T07:48:47.471+0000] {logging_mixin.py:149} INFO - [2025-03-10T07:48:47.471+0000] {dagbag.py:541} INFO - Filling up the DagBag from /opt/airflow/dags/1_erase_db.py
[2025-03-10T07:48:47.482+0000] {processor.py:809} INFO - DAG(s) dict_keys(['clear_mysql_db']) retrieved from /opt/airflow/dags/1_erase_db.py
[2025-03-10T07:48:47.508+0000] {logging_mixin.py:149} INFO - [2025-03-10T07:48:47.507+0000] {dag.py:2726} INFO - Sync 1 DAGs
[2025-03-10T07:48:47.531+0000] {logging_mixin.py:149} INFO - [2025-03-10T07:48:47.531+0000] {dag.py:3490} INFO - Setting next_dagrun for clear_mysql_db to None, run_after=None
[2025-03-10T07:48:47.550+0000] {processor.py:178} INFO - Processing /opt/airflow/dags/1_erase_db.py took 0.087 seconds
[2025-03-10T07:49:17.699+0000] {processor.py:156} INFO - Started process (PID=140) to work on /opt/airflow/dags/1_erase_db.py
[2025-03-10T07:49:17.703+0000] {processor.py:799} INFO - Processing file /opt/airflow/dags/1_erase_db.py for tasks to queue
[2025-03-10T07:49:17.704+0000] {logging_mixin.py:149} INFO - [2025-03-10T07:49:17.704+0000] {dagbag.py:541} INFO - Filling up the DagBag from /opt/airflow/dags/1_erase_db.py
[2025-03-10T07:49:17.715+0000] {processor.py:809} INFO - DAG(s) dict_keys(['clear_mysql_db']) retrieved from /opt/airflow/dags/1_erase_db.py
[2025-03-10T07:49:17.741+0000] {logging_mixin.py:149} INFO - [2025-03-10T07:49:17.741+0000] {dag.py:2726} INFO - Sync 1 DAGs
[2025-03-10T07:49:17.766+0000] {logging_mixin.py:149} INFO - [2025-03-10T07:49:17.766+0000] {dag.py:3490} INFO - Setting next_dagrun for clear_mysql_db to None, run_after=None
[2025-03-10T07:49:17.783+0000] {processor.py:178} INFO - Processing /opt/airflow/dags/1_erase_db.py took 0.088 seconds
[2025-03-10T07:49:47.927+0000] {processor.py:156} INFO - Started process (PID=165) to work on /opt/airflow/dags/1_erase_db.py
[2025-03-10T07:49:47.927+0000] {processor.py:799} INFO - Processing file /opt/airflow/dags/1_erase_db.py for tasks to queue
[2025-03-10T07:49:47.928+0000] {logging_mixin.py:149} INFO - [2025-03-10T07:49:47.928+0000] {dagbag.py:541} INFO - Filling up the DagBag from /opt/airflow/dags/1_erase_db.py
[2025-03-10T07:49:47.938+0000] {processor.py:809} INFO - DAG(s) dict_keys(['clear_mysql_db']) retrieved from /opt/airflow/dags/1_erase_db.py
[2025-03-10T07:49:47.964+0000] {logging_mixin.py:149} INFO - [2025-03-10T07:49:47.964+0000] {dag.py:2726} INFO - Sync 1 DAGs
[2025-03-10T07:49:47.988+0000] {logging_mixin.py:149} INFO - [2025-03-10T07:49:47.988+0000] {dag.py:3490} INFO - Setting next_dagrun for clear_mysql_db to None, run_after=None
[2025-03-10T07:49:48.007+0000] {processor.py:178} INFO - Processing /opt/airflow/dags/1_erase_db.py took 0.084 seconds
[2025-03-10T07:50:18.158+0000] {processor.py:156} INFO - Started process (PID=190) to work on /opt/airflow/dags/1_erase_db.py
[2025-03-10T07:50:18.163+0000] {processor.py:799} INFO - Processing file /opt/airflow/dags/1_erase_db.py for tasks to queue
[2025-03-10T07:50:18.164+0000] {logging_mixin.py:149} INFO - [2025-03-10T07:50:18.164+0000] {dagbag.py:541} INFO - Filling up the DagBag from /opt/airflow/dags/1_erase_db.py
[2025-03-10T07:50:18.175+0000] {processor.py:809} INFO - DAG(s) dict_keys(['clear_mysql_db']) retrieved from /opt/airflow/dags/1_erase_db.py
[2025-03-10T07:50:18.202+0000] {logging_mixin.py:149} INFO - [2025-03-10T07:50:18.202+0000] {dag.py:2726} INFO - Sync 1 DAGs
[2025-03-10T07:50:18.227+0000] {logging_mixin.py:149} INFO - [2025-03-10T07:50:18.227+0000] {dag.py:3490} INFO - Setting next_dagrun for clear_mysql_db to None, run_after=None
[2025-03-10T07:50:18.247+0000] {processor.py:178} INFO - Processing /opt/airflow/dags/1_erase_db.py took 0.092 seconds
[2025-03-10T07:50:48.401+0000] {processor.py:156} INFO - Started process (PID=222) to work on /opt/airflow/dags/1_erase_db.py
[2025-03-10T07:50:48.402+0000] {processor.py:799} INFO - Processing file /opt/airflow/dags/1_erase_db.py for tasks to queue
[2025-03-10T07:50:48.403+0000] {logging_mixin.py:149} INFO - [2025-03-10T07:50:48.403+0000] {dagbag.py:541} INFO - Filling up the DagBag from /opt/airflow/dags/1_erase_db.py
[2025-03-10T07:50:48.413+0000] {processor.py:809} INFO - DAG(s) dict_keys(['clear_mysql_db']) retrieved from /opt/airflow/dags/1_erase_db.py
[2025-03-10T07:50:48.439+0000] {logging_mixin.py:149} INFO - [2025-03-10T07:50:48.439+0000] {dag.py:2726} INFO - Sync 1 DAGs
[2025-03-10T07:50:48.463+0000] {logging_mixin.py:149} INFO - [2025-03-10T07:50:48.463+0000] {dag.py:3490} INFO - Setting next_dagrun for clear_mysql_db to None, run_after=None
[2025-03-10T07:50:48.481+0000] {processor.py:178} INFO - Processing /opt/airflow/dags/1_erase_db.py took 0.083 seconds
[2025-03-10T07:51:18.636+0000] {processor.py:156} INFO - Started process (PID=247) to work on /opt/airflow/dags/1_erase_db.py
[2025-03-10T07:51:18.638+0000] {processor.py:799} INFO - Processing file /opt/airflow/dags/1_erase_db.py for tasks to queue
[2025-03-10T07:51:18.638+0000] {logging_mixin.py:149} INFO - [2025-03-10T07:51:18.638+0000] {dagbag.py:541} INFO - Filling up the DagBag from /opt/airflow/dags/1_erase_db.py
[2025-03-10T07:51:18.650+0000] {processor.py:809} INFO - DAG(s) dict_keys(['clear_mysql_db']) retrieved from /opt/airflow/dags/1_erase_db.py
[2025-03-10T07:51:18.676+0000] {logging_mixin.py:149} INFO - [2025-03-10T07:51:18.675+0000] {dag.py:2726} INFO - Sync 1 DAGs
[2025-03-10T07:51:18.699+0000] {logging_mixin.py:149} INFO - [2025-03-10T07:51:18.699+0000] {dag.py:3490} INFO - Setting next_dagrun for clear_mysql_db to None, run_after=None
[2025-03-10T07:51:18.717+0000] {processor.py:178} INFO - Processing /opt/airflow/dags/1_erase_db.py took 0.084 seconds
[2025-03-10T07:51:48.863+0000] {processor.py:156} INFO - Started process (PID=272) to work on /opt/airflow/dags/1_erase_db.py
[2025-03-10T07:51:48.868+0000] {processor.py:799} INFO - Processing file /opt/airflow/dags/1_erase_db.py for tasks to queue
[2025-03-10T07:51:48.868+0000] {logging_mixin.py:149} INFO - [2025-03-10T07:51:48.868+0000] {dagbag.py:541} INFO - Filling up the DagBag from /opt/airflow/dags/1_erase_db.py
[2025-03-10T07:51:48.879+0000] {processor.py:809} INFO - DAG(s) dict_keys(['clear_mysql_db']) retrieved from /opt/airflow/dags/1_erase_db.py
[2025-03-10T07:51:48.903+0000] {logging_mixin.py:149} INFO - [2025-03-10T07:51:48.903+0000] {dag.py:2726} INFO - Sync 1 DAGs
[2025-03-10T07:51:48.926+0000] {logging_mixin.py:149} INFO - [2025-03-10T07:51:48.925+0000] {dag.py:3490} INFO - Setting next_dagrun for clear_mysql_db to None, run_after=None
[2025-03-10T07:51:48.947+0000] {processor.py:178} INFO - Processing /opt/airflow/dags/1_erase_db.py took 0.087 seconds
[2025-03-10T07:52:19.093+0000] {processor.py:156} INFO - Started process (PID=297) to work on /opt/airflow/dags/1_erase_db.py
[2025-03-10T07:52:19.098+0000] {processor.py:799} INFO - Processing file /opt/airflow/dags/1_erase_db.py for tasks to queue
[2025-03-10T07:52:19.099+0000] {logging_mixin.py:149} INFO - [2025-03-10T07:52:19.099+0000] {dagbag.py:541} INFO - Filling up the DagBag from /opt/airflow/dags/1_erase_db.py
[2025-03-10T07:52:19.111+0000] {processor.py:809} INFO - DAG(s) dict_keys(['clear_mysql_db']) retrieved from /opt/airflow/dags/1_erase_db.py
[2025-03-10T07:52:19.137+0000] {logging_mixin.py:149} INFO - [2025-03-10T07:52:19.137+0000] {dag.py:2726} INFO - Sync 1 DAGs
[2025-03-10T07:52:19.162+0000] {logging_mixin.py:149} INFO - [2025-03-10T07:52:19.162+0000] {dag.py:3490} INFO - Setting next_dagrun for clear_mysql_db to None, run_after=None
[2025-03-10T07:52:19.182+0000] {processor.py:178} INFO - Processing /opt/airflow/dags/1_erase_db.py took 0.092 seconds
[2025-03-10T07:52:49.334+0000] {processor.py:156} INFO - Started process (PID=322) to work on /opt/airflow/dags/1_erase_db.py
[2025-03-10T07:52:49.339+0000] {processor.py:799} INFO - Processing file /opt/airflow/dags/1_erase_db.py for tasks to queue
[2025-03-10T07:52:49.340+0000] {logging_mixin.py:149} INFO - [2025-03-10T07:52:49.339+0000] {dagbag.py:541} INFO - Filling up the DagBag from /opt/airflow/dags/1_erase_db.py
[2025-03-10T07:52:49.351+0000] {processor.py:809} INFO - DAG(s) dict_keys(['clear_mysql_db']) retrieved from /opt/airflow/dags/1_erase_db.py
[2025-03-10T07:52:49.378+0000] {logging_mixin.py:149} INFO - [2025-03-10T07:52:49.378+0000] {dag.py:2726} INFO - Sync 1 DAGs
[2025-03-10T07:52:49.406+0000] {logging_mixin.py:149} INFO - [2025-03-10T07:52:49.406+0000] {dag.py:3490} INFO - Setting next_dagrun for clear_mysql_db to None, run_after=None
[2025-03-10T07:52:49.426+0000] {processor.py:178} INFO - Processing /opt/airflow/dags/1_erase_db.py took 0.095 seconds
[2025-03-10T07:53:19.573+0000] {processor.py:156} INFO - Started process (PID=347) to work on /opt/airflow/dags/1_erase_db.py
[2025-03-10T07:53:19.577+0000] {processor.py:799} INFO - Processing file /opt/airflow/dags/1_erase_db.py for tasks to queue
[2025-03-10T07:53:19.578+0000] {logging_mixin.py:149} INFO - [2025-03-10T07:53:19.578+0000] {dagbag.py:541} INFO - Filling up the DagBag from /opt/airflow/dags/1_erase_db.py
[2025-03-10T07:53:19.590+0000] {processor.py:809} INFO - DAG(s) dict_keys(['clear_mysql_db']) retrieved from /opt/airflow/dags/1_erase_db.py
[2025-03-10T07:53:19.616+0000] {logging_mixin.py:149} INFO - [2025-03-10T07:53:19.616+0000] {dag.py:2726} INFO - Sync 1 DAGs
[2025-03-10T07:53:19.641+0000] {logging_mixin.py:149} INFO - [2025-03-10T07:53:19.641+0000] {dag.py:3490} INFO - Setting next_dagrun for clear_mysql_db to None, run_after=None
[2025-03-10T07:53:19.659+0000] {processor.py:178} INFO - Processing /opt/airflow/dags/1_erase_db.py took 0.089 seconds
[2025-03-10T07:53:49.807+0000] {processor.py:156} INFO - Started process (PID=372) to work on /opt/airflow/dags/1_erase_db.py
[2025-03-10T07:53:49.811+0000] {processor.py:799} INFO - Processing file /opt/airflow/dags/1_erase_db.py for tasks to queue
[2025-03-10T07:53:49.812+0000] {logging_mixin.py:149} INFO - [2025-03-10T07:53:49.812+0000] {dagbag.py:541} INFO - Filling up the DagBag from /opt/airflow/dags/1_erase_db.py
[2025-03-10T07:53:49.823+0000] {processor.py:809} INFO - DAG(s) dict_keys(['clear_mysql_db']) retrieved from /opt/airflow/dags/1_erase_db.py
[2025-03-10T07:53:49.848+0000] {logging_mixin.py:149} INFO - [2025-03-10T07:53:49.848+0000] {dag.py:2726} INFO - Sync 1 DAGs
[2025-03-10T07:53:49.871+0000] {logging_mixin.py:149} INFO - [2025-03-10T07:53:49.871+0000] {dag.py:3490} INFO - Setting next_dagrun for clear_mysql_db to None, run_after=None
[2025-03-10T07:53:49.889+0000] {processor.py:178} INFO - Processing /opt/airflow/dags/1_erase_db.py took 0.085 seconds
[2025-03-10T07:54:20.036+0000] {processor.py:156} INFO - Started process (PID=397) to work on /opt/airflow/dags/1_erase_db.py
[2025-03-10T07:54:20.040+0000] {processor.py:799} INFO - Processing file /opt/airflow/dags/1_erase_db.py for tasks to queue
[2025-03-10T07:54:20.041+0000] {logging_mixin.py:149} INFO - [2025-03-10T07:54:20.041+0000] {dagbag.py:541} INFO - Filling up the DagBag from /opt/airflow/dags/1_erase_db.py
[2025-03-10T07:54:20.052+0000] {processor.py:809} INFO - DAG(s) dict_keys(['clear_mysql_db']) retrieved from /opt/airflow/dags/1_erase_db.py
[2025-03-10T07:54:20.078+0000] {logging_mixin.py:149} INFO - [2025-03-10T07:54:20.078+0000] {dag.py:2726} INFO - Sync 1 DAGs
[2025-03-10T07:54:20.103+0000] {logging_mixin.py:149} INFO - [2025-03-10T07:54:20.102+0000] {dag.py:3490} INFO - Setting next_dagrun for clear_mysql_db to None, run_after=None
[2025-03-10T07:54:20.122+0000] {processor.py:178} INFO - Processing /opt/airflow/dags/1_erase_db.py took 0.089 seconds
[2025-03-10T07:54:50.267+0000] {processor.py:156} INFO - Started process (PID=422) to work on /opt/airflow/dags/1_erase_db.py
[2025-03-10T07:54:50.268+0000] {processor.py:799} INFO - Processing file /opt/airflow/dags/1_erase_db.py for tasks to queue
[2025-03-10T07:54:50.269+0000] {logging_mixin.py:149} INFO - [2025-03-10T07:54:50.268+0000] {dagbag.py:541} INFO - Filling up the DagBag from /opt/airflow/dags/1_erase_db.py
[2025-03-10T07:54:50.280+0000] {processor.py:809} INFO - DAG(s) dict_keys(['clear_mysql_db']) retrieved from /opt/airflow/dags/1_erase_db.py
[2025-03-10T07:54:50.307+0000] {logging_mixin.py:149} INFO - [2025-03-10T07:54:50.307+0000] {dag.py:2726} INFO - Sync 1 DAGs
[2025-03-10T07:54:50.331+0000] {logging_mixin.py:149} INFO - [2025-03-10T07:54:50.330+0000] {dag.py:3490} INFO - Setting next_dagrun for clear_mysql_db to None, run_after=None
[2025-03-10T07:54:50.350+0000] {processor.py:178} INFO - Processing /opt/airflow/dags/1_erase_db.py took 0.086 seconds
[2025-03-10T07:55:20.499+0000] {processor.py:156} INFO - Started process (PID=447) to work on /opt/airflow/dags/1_erase_db.py
[2025-03-10T07:55:20.500+0000] {processor.py:799} INFO - Processing file /opt/airflow/dags/1_erase_db.py for tasks to queue
[2025-03-10T07:55:20.501+0000] {logging_mixin.py:149} INFO - [2025-03-10T07:55:20.501+0000] {dagbag.py:541} INFO - Filling up the DagBag from /opt/airflow/dags/1_erase_db.py
[2025-03-10T07:55:20.513+0000] {processor.py:809} INFO - DAG(s) dict_keys(['clear_mysql_db']) retrieved from /opt/airflow/dags/1_erase_db.py
[2025-03-10T07:55:20.542+0000] {logging_mixin.py:149} INFO - [2025-03-10T07:55:20.542+0000] {dag.py:2726} INFO - Sync 1 DAGs
[2025-03-10T07:55:20.568+0000] {logging_mixin.py:149} INFO - [2025-03-10T07:55:20.568+0000] {dag.py:3490} INFO - Setting next_dagrun for clear_mysql_db to None, run_after=None
[2025-03-10T07:55:20.591+0000] {processor.py:178} INFO - Processing /opt/airflow/dags/1_erase_db.py took 0.094 seconds
[2025-03-10T07:55:50.737+0000] {processor.py:156} INFO - Started process (PID=472) to work on /opt/airflow/dags/1_erase_db.py
[2025-03-10T07:55:50.738+0000] {processor.py:799} INFO - Processing file /opt/airflow/dags/1_erase_db.py for tasks to queue
[2025-03-10T07:55:50.738+0000] {logging_mixin.py:149} INFO - [2025-03-10T07:55:50.738+0000] {dagbag.py:541} INFO - Filling up the DagBag from /opt/airflow/dags/1_erase_db.py
[2025-03-10T07:55:50.749+0000] {processor.py:809} INFO - DAG(s) dict_keys(['clear_mysql_db']) retrieved from /opt/airflow/dags/1_erase_db.py
[2025-03-10T07:55:50.775+0000] {logging_mixin.py:149} INFO - [2025-03-10T07:55:50.775+0000] {dag.py:2726} INFO - Sync 1 DAGs
[2025-03-10T07:55:50.799+0000] {logging_mixin.py:149} INFO - [2025-03-10T07:55:50.799+0000] {dag.py:3490} INFO - Setting next_dagrun for clear_mysql_db to None, run_after=None
[2025-03-10T07:55:50.816+0000] {processor.py:178} INFO - Processing /opt/airflow/dags/1_erase_db.py took 0.082 seconds
[2025-03-10T07:56:20.964+0000] {processor.py:156} INFO - Started process (PID=497) to work on /opt/airflow/dags/1_erase_db.py
[2025-03-10T07:56:20.965+0000] {processor.py:799} INFO - Processing file /opt/airflow/dags/1_erase_db.py for tasks to queue
[2025-03-10T07:56:20.966+0000] {logging_mixin.py:149} INFO - [2025-03-10T07:56:20.966+0000] {dagbag.py:541} INFO - Filling up the DagBag from /opt/airflow/dags/1_erase_db.py
[2025-03-10T07:56:20.977+0000] {processor.py:809} INFO - DAG(s) dict_keys(['clear_mysql_db']) retrieved from /opt/airflow/dags/1_erase_db.py
[2025-03-10T07:56:21.002+0000] {logging_mixin.py:149} INFO - [2025-03-10T07:56:21.002+0000] {dag.py:2726} INFO - Sync 1 DAGs
[2025-03-10T07:56:21.025+0000] {logging_mixin.py:149} INFO - [2025-03-10T07:56:21.025+0000] {dag.py:3490} INFO - Setting next_dagrun for clear_mysql_db to None, run_after=None
[2025-03-10T07:56:21.043+0000] {processor.py:178} INFO - Processing /opt/airflow/dags/1_erase_db.py took 0.082 seconds
[2025-03-10T07:56:51.193+0000] {processor.py:156} INFO - Started process (PID=522) to work on /opt/airflow/dags/1_erase_db.py
[2025-03-10T07:56:51.197+0000] {processor.py:799} INFO - Processing file /opt/airflow/dags/1_erase_db.py for tasks to queue
[2025-03-10T07:56:51.198+0000] {logging_mixin.py:149} INFO - [2025-03-10T07:56:51.198+0000] {dagbag.py:541} INFO - Filling up the DagBag from /opt/airflow/dags/1_erase_db.py
[2025-03-10T07:56:51.210+0000] {processor.py:809} INFO - DAG(s) dict_keys(['clear_mysql_db']) retrieved from /opt/airflow/dags/1_erase_db.py
[2025-03-10T07:56:51.235+0000] {logging_mixin.py:149} INFO - [2025-03-10T07:56:51.235+0000] {dag.py:2726} INFO - Sync 1 DAGs
[2025-03-10T07:56:51.259+0000] {logging_mixin.py:149} INFO - [2025-03-10T07:56:51.259+0000] {dag.py:3490} INFO - Setting next_dagrun for clear_mysql_db to None, run_after=None
[2025-03-10T07:56:51.278+0000] {processor.py:178} INFO - Processing /opt/airflow/dags/1_erase_db.py took 0.089 seconds
[2025-03-10T07:57:21.441+0000] {processor.py:156} INFO - Started process (PID=547) to work on /opt/airflow/dags/1_erase_db.py
[2025-03-10T07:57:21.446+0000] {processor.py:799} INFO - Processing file /opt/airflow/dags/1_erase_db.py for tasks to queue
[2025-03-10T07:57:21.447+0000] {logging_mixin.py:149} INFO - [2025-03-10T07:57:21.447+0000] {dagbag.py:541} INFO - Filling up the DagBag from /opt/airflow/dags/1_erase_db.py
[2025-03-10T07:57:21.457+0000] {processor.py:809} INFO - DAG(s) dict_keys(['clear_mysql_db']) retrieved from /opt/airflow/dags/1_erase_db.py
[2025-03-10T07:57:21.483+0000] {logging_mixin.py:149} INFO - [2025-03-10T07:57:21.483+0000] {dag.py:2726} INFO - Sync 1 DAGs
[2025-03-10T07:57:21.507+0000] {logging_mixin.py:149} INFO - [2025-03-10T07:57:21.507+0000] {dag.py:3490} INFO - Setting next_dagrun for clear_mysql_db to None, run_after=None
[2025-03-10T07:57:21.525+0000] {processor.py:178} INFO - Processing /opt/airflow/dags/1_erase_db.py took 0.087 seconds
[2025-03-10T07:57:51.677+0000] {processor.py:156} INFO - Started process (PID=572) to work on /opt/airflow/dags/1_erase_db.py
[2025-03-10T07:57:51.681+0000] {processor.py:799} INFO - Processing file /opt/airflow/dags/1_erase_db.py for tasks to queue
[2025-03-10T07:57:51.682+0000] {logging_mixin.py:149} INFO - [2025-03-10T07:57:51.682+0000] {dagbag.py:541} INFO - Filling up the DagBag from /opt/airflow/dags/1_erase_db.py
[2025-03-10T07:57:51.692+0000] {processor.py:809} INFO - DAG(s) dict_keys(['clear_mysql_db']) retrieved from /opt/airflow/dags/1_erase_db.py
[2025-03-10T07:57:51.718+0000] {logging_mixin.py:149} INFO - [2025-03-10T07:57:51.718+0000] {dag.py:2726} INFO - Sync 1 DAGs
[2025-03-10T07:57:51.743+0000] {logging_mixin.py:149} INFO - [2025-03-10T07:57:51.743+0000] {dag.py:3490} INFO - Setting next_dagrun for clear_mysql_db to None, run_after=None
[2025-03-10T07:57:51.761+0000] {processor.py:178} INFO - Processing /opt/airflow/dags/1_erase_db.py took 0.088 seconds
[2025-03-10T07:58:21.896+0000] {processor.py:156} INFO - Started process (PID=597) to work on /opt/airflow/dags/1_erase_db.py
[2025-03-10T07:58:21.900+0000] {processor.py:799} INFO - Processing file /opt/airflow/dags/1_erase_db.py for tasks to queue
[2025-03-10T07:58:21.901+0000] {logging_mixin.py:149} INFO - [2025-03-10T07:58:21.901+0000] {dagbag.py:541} INFO - Filling up the DagBag from /opt/airflow/dags/1_erase_db.py
[2025-03-10T07:58:21.911+0000] {processor.py:809} INFO - DAG(s) dict_keys(['clear_mysql_db']) retrieved from /opt/airflow/dags/1_erase_db.py
[2025-03-10T07:58:21.937+0000] {logging_mixin.py:149} INFO - [2025-03-10T07:58:21.937+0000] {dag.py:2726} INFO - Sync 1 DAGs
[2025-03-10T07:58:21.962+0000] {logging_mixin.py:149} INFO - [2025-03-10T07:58:21.962+0000] {dag.py:3490} INFO - Setting next_dagrun for clear_mysql_db to None, run_after=None
[2025-03-10T07:58:21.982+0000] {processor.py:178} INFO - Processing /opt/airflow/dags/1_erase_db.py took 0.089 seconds
[2025-03-10T07:58:52.118+0000] {processor.py:156} INFO - Started process (PID=622) to work on /opt/airflow/dags/1_erase_db.py
[2025-03-10T07:58:52.119+0000] {processor.py:799} INFO - Processing file /opt/airflow/dags/1_erase_db.py for tasks to queue
[2025-03-10T07:58:52.119+0000] {logging_mixin.py:149} INFO - [2025-03-10T07:58:52.119+0000] {dagbag.py:541} INFO - Filling up the DagBag from /opt/airflow/dags/1_erase_db.py
[2025-03-10T07:58:52.130+0000] {processor.py:809} INFO - DAG(s) dict_keys(['clear_mysql_db']) retrieved from /opt/airflow/dags/1_erase_db.py
[2025-03-10T07:58:52.156+0000] {logging_mixin.py:149} INFO - [2025-03-10T07:58:52.156+0000] {dag.py:2726} INFO - Sync 1 DAGs
[2025-03-10T07:58:52.180+0000] {logging_mixin.py:149} INFO - [2025-03-10T07:58:52.180+0000] {dag.py:3490} INFO - Setting next_dagrun for clear_mysql_db to None, run_after=None
[2025-03-10T07:58:52.198+0000] {processor.py:178} INFO - Processing /opt/airflow/dags/1_erase_db.py took 0.083 seconds
[2025-03-10T07:59:22.331+0000] {processor.py:156} INFO - Started process (PID=647) to work on /opt/airflow/dags/1_erase_db.py
[2025-03-10T07:59:22.335+0000] {processor.py:799} INFO - Processing file /opt/airflow/dags/1_erase_db.py for tasks to queue
[2025-03-10T07:59:22.336+0000] {logging_mixin.py:149} INFO - [2025-03-10T07:59:22.336+0000] {dagbag.py:541} INFO - Filling up the DagBag from /opt/airflow/dags/1_erase_db.py
[2025-03-10T07:59:22.347+0000] {processor.py:809} INFO - DAG(s) dict_keys(['clear_mysql_db']) retrieved from /opt/airflow/dags/1_erase_db.py
[2025-03-10T07:59:22.376+0000] {logging_mixin.py:149} INFO - [2025-03-10T07:59:22.375+0000] {dag.py:2726} INFO - Sync 1 DAGs
[2025-03-10T07:59:22.400+0000] {logging_mixin.py:149} INFO - [2025-03-10T07:59:22.400+0000] {dag.py:3490} INFO - Setting next_dagrun for clear_mysql_db to None, run_after=None
[2025-03-10T07:59:22.419+0000] {processor.py:178} INFO - Processing /opt/airflow/dags/1_erase_db.py took 0.091 seconds
[2025-03-10T07:59:52.561+0000] {processor.py:156} INFO - Started process (PID=672) to work on /opt/airflow/dags/1_erase_db.py
[2025-03-10T07:59:52.566+0000] {processor.py:799} INFO - Processing file /opt/airflow/dags/1_erase_db.py for tasks to queue
[2025-03-10T07:59:52.567+0000] {logging_mixin.py:149} INFO - [2025-03-10T07:59:52.566+0000] {dagbag.py:541} INFO - Filling up the DagBag from /opt/airflow/dags/1_erase_db.py
[2025-03-10T07:59:52.579+0000] {processor.py:809} INFO - DAG(s) dict_keys(['clear_mysql_db']) retrieved from /opt/airflow/dags/1_erase_db.py
[2025-03-10T07:59:52.607+0000] {logging_mixin.py:149} INFO - [2025-03-10T07:59:52.607+0000] {dag.py:2726} INFO - Sync 1 DAGs
[2025-03-10T07:59:52.632+0000] {logging_mixin.py:149} INFO - [2025-03-10T07:59:52.631+0000] {dag.py:3490} INFO - Setting next_dagrun for clear_mysql_db to None, run_after=None
[2025-03-10T07:59:52.651+0000] {processor.py:178} INFO - Processing /opt/airflow/dags/1_erase_db.py took 0.093 seconds
[2025-03-10T08:00:22.789+0000] {processor.py:156} INFO - Started process (PID=698) to work on /opt/airflow/dags/1_erase_db.py
[2025-03-10T08:00:22.794+0000] {processor.py:799} INFO - Processing file /opt/airflow/dags/1_erase_db.py for tasks to queue
[2025-03-10T08:00:22.795+0000] {logging_mixin.py:149} INFO - [2025-03-10T08:00:22.795+0000] {dagbag.py:541} INFO - Filling up the DagBag from /opt/airflow/dags/1_erase_db.py
[2025-03-10T08:00:22.806+0000] {processor.py:809} INFO - DAG(s) dict_keys(['clear_mysql_db']) retrieved from /opt/airflow/dags/1_erase_db.py
[2025-03-10T08:00:22.832+0000] {logging_mixin.py:149} INFO - [2025-03-10T08:00:22.831+0000] {dag.py:2726} INFO - Sync 1 DAGs
[2025-03-10T08:00:22.856+0000] {logging_mixin.py:149} INFO - [2025-03-10T08:00:22.856+0000] {dag.py:3490} INFO - Setting next_dagrun for clear_mysql_db to None, run_after=None
[2025-03-10T08:00:22.875+0000] {processor.py:178} INFO - Processing /opt/airflow/dags/1_erase_db.py took 0.089 seconds
[2025-03-10T08:00:53.012+0000] {processor.py:156} INFO - Started process (PID=723) to work on /opt/airflow/dags/1_erase_db.py
[2025-03-10T08:00:53.013+0000] {processor.py:799} INFO - Processing file /opt/airflow/dags/1_erase_db.py for tasks to queue
[2025-03-10T08:00:53.014+0000] {logging_mixin.py:149} INFO - [2025-03-10T08:00:53.014+0000] {dagbag.py:541} INFO - Filling up the DagBag from /opt/airflow/dags/1_erase_db.py
[2025-03-10T08:00:53.025+0000] {processor.py:809} INFO - DAG(s) dict_keys(['clear_mysql_db']) retrieved from /opt/airflow/dags/1_erase_db.py
[2025-03-10T08:00:53.050+0000] {logging_mixin.py:149} INFO - [2025-03-10T08:00:53.050+0000] {dag.py:2726} INFO - Sync 1 DAGs
[2025-03-10T08:00:53.075+0000] {logging_mixin.py:149} INFO - [2025-03-10T08:00:53.075+0000] {dag.py:3490} INFO - Setting next_dagrun for clear_mysql_db to None, run_after=None
[2025-03-10T08:00:53.093+0000] {processor.py:178} INFO - Processing /opt/airflow/dags/1_erase_db.py took 0.083 seconds
[2025-03-10T08:01:23.228+0000] {processor.py:156} INFO - Started process (PID=748) to work on /opt/airflow/dags/1_erase_db.py
[2025-03-10T08:01:23.232+0000] {processor.py:799} INFO - Processing file /opt/airflow/dags/1_erase_db.py for tasks to queue
[2025-03-10T08:01:23.233+0000] {logging_mixin.py:149} INFO - [2025-03-10T08:01:23.233+0000] {dagbag.py:541} INFO - Filling up the DagBag from /opt/airflow/dags/1_erase_db.py
[2025-03-10T08:01:23.245+0000] {processor.py:809} INFO - DAG(s) dict_keys(['clear_mysql_db']) retrieved from /opt/airflow/dags/1_erase_db.py
[2025-03-10T08:01:23.270+0000] {logging_mixin.py:149} INFO - [2025-03-10T08:01:23.270+0000] {dag.py:2726} INFO - Sync 1 DAGs
[2025-03-10T08:01:23.295+0000] {logging_mixin.py:149} INFO - [2025-03-10T08:01:23.294+0000] {dag.py:3490} INFO - Setting next_dagrun for clear_mysql_db to None, run_after=None
[2025-03-10T08:01:23.337+0000] {processor.py:178} INFO - Processing /opt/airflow/dags/1_erase_db.py took 0.112 seconds
[2025-03-10T08:01:53.474+0000] {processor.py:156} INFO - Started process (PID=773) to work on /opt/airflow/dags/1_erase_db.py
[2025-03-10T08:01:53.479+0000] {processor.py:799} INFO - Processing file /opt/airflow/dags/1_erase_db.py for tasks to queue
[2025-03-10T08:01:53.481+0000] {logging_mixin.py:149} INFO - [2025-03-10T08:01:53.480+0000] {dagbag.py:541} INFO - Filling up the DagBag from /opt/airflow/dags/1_erase_db.py
[2025-03-10T08:01:53.491+0000] {processor.py:809} INFO - DAG(s) dict_keys(['clear_mysql_db']) retrieved from /opt/airflow/dags/1_erase_db.py
[2025-03-10T08:01:53.518+0000] {logging_mixin.py:149} INFO - [2025-03-10T08:01:53.518+0000] {dag.py:2726} INFO - Sync 1 DAGs
[2025-03-10T08:01:53.541+0000] {logging_mixin.py:149} INFO - [2025-03-10T08:01:53.541+0000] {dag.py:3490} INFO - Setting next_dagrun for clear_mysql_db to None, run_after=None
[2025-03-10T08:01:53.559+0000] {processor.py:178} INFO - Processing /opt/airflow/dags/1_erase_db.py took 0.087 seconds
[2025-03-10T08:02:23.701+0000] {processor.py:156} INFO - Started process (PID=798) to work on /opt/airflow/dags/1_erase_db.py
[2025-03-10T08:02:23.705+0000] {processor.py:799} INFO - Processing file /opt/airflow/dags/1_erase_db.py for tasks to queue
[2025-03-10T08:02:23.706+0000] {logging_mixin.py:149} INFO - [2025-03-10T08:02:23.706+0000] {dagbag.py:541} INFO - Filling up the DagBag from /opt/airflow/dags/1_erase_db.py
[2025-03-10T08:02:23.717+0000] {processor.py:809} INFO - DAG(s) dict_keys(['clear_mysql_db']) retrieved from /opt/airflow/dags/1_erase_db.py
[2025-03-10T08:02:23.744+0000] {logging_mixin.py:149} INFO - [2025-03-10T08:02:23.744+0000] {dag.py:2726} INFO - Sync 1 DAGs
[2025-03-10T08:02:23.767+0000] {logging_mixin.py:149} INFO - [2025-03-10T08:02:23.767+0000] {dag.py:3490} INFO - Setting next_dagrun for clear_mysql_db to None, run_after=None
[2025-03-10T08:02:23.785+0000] {processor.py:178} INFO - Processing /opt/airflow/dags/1_erase_db.py took 0.086 seconds
[2025-03-10T08:02:53.839+0000] {processor.py:156} INFO - Started process (PID=807) to work on /opt/airflow/dags/1_erase_db.py
[2025-03-10T08:02:53.840+0000] {processor.py:799} INFO - Processing file /opt/airflow/dags/1_erase_db.py for tasks to queue
[2025-03-10T08:02:53.841+0000] {logging_mixin.py:149} INFO - [2025-03-10T08:02:53.840+0000] {dagbag.py:541} INFO - Filling up the DagBag from /opt/airflow/dags/1_erase_db.py
[2025-03-10T08:02:53.857+0000] {processor.py:809} INFO - DAG(s) dict_keys(['clear_mysql_db']) retrieved from /opt/airflow/dags/1_erase_db.py
[2025-03-10T08:02:53.892+0000] {logging_mixin.py:149} INFO - [2025-03-10T08:02:53.892+0000] {dag.py:2726} INFO - Sync 1 DAGs
[2025-03-10T08:02:53.927+0000] {logging_mixin.py:149} INFO - [2025-03-10T08:02:53.926+0000] {dag.py:3490} INFO - Setting next_dagrun for clear_mysql_db to None, run_after=None
[2025-03-10T08:02:53.951+0000] {processor.py:178} INFO - Processing /opt/airflow/dags/1_erase_db.py took 0.115 seconds
[2025-03-10T08:03:24.110+0000] {processor.py:156} INFO - Started process (PID=831) to work on /opt/airflow/dags/1_erase_db.py
[2025-03-10T08:03:24.114+0000] {processor.py:799} INFO - Processing file /opt/airflow/dags/1_erase_db.py for tasks to queue
[2025-03-10T08:03:24.116+0000] {logging_mixin.py:149} INFO - [2025-03-10T08:03:24.116+0000] {dagbag.py:541} INFO - Filling up the DagBag from /opt/airflow/dags/1_erase_db.py
[2025-03-10T08:03:24.127+0000] {processor.py:809} INFO - DAG(s) dict_keys(['clear_mysql_db']) retrieved from /opt/airflow/dags/1_erase_db.py
[2025-03-10T08:03:24.152+0000] {logging_mixin.py:149} INFO - [2025-03-10T08:03:24.152+0000] {dag.py:2726} INFO - Sync 1 DAGs
[2025-03-10T08:03:24.175+0000] {logging_mixin.py:149} INFO - [2025-03-10T08:03:24.175+0000] {dag.py:3490} INFO - Setting next_dagrun for clear_mysql_db to None, run_after=None
[2025-03-10T08:03:24.194+0000] {processor.py:178} INFO - Processing /opt/airflow/dags/1_erase_db.py took 0.086 seconds
[2025-03-10T08:03:54.353+0000] {processor.py:156} INFO - Started process (PID=856) to work on /opt/airflow/dags/1_erase_db.py
[2025-03-10T08:03:54.357+0000] {processor.py:799} INFO - Processing file /opt/airflow/dags/1_erase_db.py for tasks to queue
[2025-03-10T08:03:54.358+0000] {logging_mixin.py:149} INFO - [2025-03-10T08:03:54.357+0000] {dagbag.py:541} INFO - Filling up the DagBag from /opt/airflow/dags/1_erase_db.py
[2025-03-10T08:03:54.369+0000] {processor.py:809} INFO - DAG(s) dict_keys(['clear_mysql_db']) retrieved from /opt/airflow/dags/1_erase_db.py
[2025-03-10T08:03:54.394+0000] {logging_mixin.py:149} INFO - [2025-03-10T08:03:54.394+0000] {dag.py:2726} INFO - Sync 1 DAGs
[2025-03-10T08:03:54.419+0000] {logging_mixin.py:149} INFO - [2025-03-10T08:03:54.418+0000] {dag.py:3490} INFO - Setting next_dagrun for clear_mysql_db to None, run_after=None
[2025-03-10T08:03:54.437+0000] {processor.py:178} INFO - Processing /opt/airflow/dags/1_erase_db.py took 0.087 seconds
[2025-03-10T08:04:24.588+0000] {processor.py:156} INFO - Started process (PID=881) to work on /opt/airflow/dags/1_erase_db.py
[2025-03-10T08:04:24.592+0000] {processor.py:799} INFO - Processing file /opt/airflow/dags/1_erase_db.py for tasks to queue
[2025-03-10T08:04:24.592+0000] {logging_mixin.py:149} INFO - [2025-03-10T08:04:24.592+0000] {dagbag.py:541} INFO - Filling up the DagBag from /opt/airflow/dags/1_erase_db.py
[2025-03-10T08:04:24.603+0000] {processor.py:809} INFO - DAG(s) dict_keys(['clear_mysql_db']) retrieved from /opt/airflow/dags/1_erase_db.py
[2025-03-10T08:04:24.630+0000] {logging_mixin.py:149} INFO - [2025-03-10T08:04:24.629+0000] {dag.py:2726} INFO - Sync 1 DAGs
[2025-03-10T08:04:24.655+0000] {logging_mixin.py:149} INFO - [2025-03-10T08:04:24.654+0000] {dag.py:3490} INFO - Setting next_dagrun for clear_mysql_db to None, run_after=None
[2025-03-10T08:04:24.675+0000] {processor.py:178} INFO - Processing /opt/airflow/dags/1_erase_db.py took 0.090 seconds
[2025-03-10T08:04:54.821+0000] {processor.py:156} INFO - Started process (PID=906) to work on /opt/airflow/dags/1_erase_db.py
[2025-03-10T08:04:54.822+0000] {processor.py:799} INFO - Processing file /opt/airflow/dags/1_erase_db.py for tasks to queue
[2025-03-10T08:04:54.822+0000] {logging_mixin.py:149} INFO - [2025-03-10T08:04:54.822+0000] {dagbag.py:541} INFO - Filling up the DagBag from /opt/airflow/dags/1_erase_db.py
[2025-03-10T08:04:54.833+0000] {processor.py:809} INFO - DAG(s) dict_keys(['clear_mysql_db']) retrieved from /opt/airflow/dags/1_erase_db.py
[2025-03-10T08:04:54.859+0000] {logging_mixin.py:149} INFO - [2025-03-10T08:04:54.859+0000] {dag.py:2726} INFO - Sync 1 DAGs
[2025-03-10T08:04:54.884+0000] {logging_mixin.py:149} INFO - [2025-03-10T08:04:54.883+0000] {dag.py:3490} INFO - Setting next_dagrun for clear_mysql_db to None, run_after=None
[2025-03-10T08:04:54.901+0000] {processor.py:178} INFO - Processing /opt/airflow/dags/1_erase_db.py took 0.083 seconds
[2025-03-10T08:05:25.049+0000] {processor.py:156} INFO - Started process (PID=931) to work on /opt/airflow/dags/1_erase_db.py
[2025-03-10T08:05:25.050+0000] {processor.py:799} INFO - Processing file /opt/airflow/dags/1_erase_db.py for tasks to queue
[2025-03-10T08:05:25.050+0000] {logging_mixin.py:149} INFO - [2025-03-10T08:05:25.050+0000] {dagbag.py:541} INFO - Filling up the DagBag from /opt/airflow/dags/1_erase_db.py
[2025-03-10T08:05:25.061+0000] {processor.py:809} INFO - DAG(s) dict_keys(['clear_mysql_db']) retrieved from /opt/airflow/dags/1_erase_db.py
[2025-03-10T08:05:25.086+0000] {logging_mixin.py:149} INFO - [2025-03-10T08:05:25.086+0000] {dag.py:2726} INFO - Sync 1 DAGs
[2025-03-10T08:05:25.111+0000] {logging_mixin.py:149} INFO - [2025-03-10T08:05:25.110+0000] {dag.py:3490} INFO - Setting next_dagrun for clear_mysql_db to None, run_after=None
[2025-03-10T08:05:25.129+0000] {processor.py:178} INFO - Processing /opt/airflow/dags/1_erase_db.py took 0.083 seconds
[2025-03-10T08:05:55.271+0000] {processor.py:156} INFO - Started process (PID=956) to work on /opt/airflow/dags/1_erase_db.py
[2025-03-10T08:05:55.276+0000] {processor.py:799} INFO - Processing file /opt/airflow/dags/1_erase_db.py for tasks to queue
[2025-03-10T08:05:55.277+0000] {logging_mixin.py:149} INFO - [2025-03-10T08:05:55.277+0000] {dagbag.py:541} INFO - Filling up the DagBag from /opt/airflow/dags/1_erase_db.py
[2025-03-10T08:05:55.289+0000] {processor.py:809} INFO - DAG(s) dict_keys(['clear_mysql_db']) retrieved from /opt/airflow/dags/1_erase_db.py
[2025-03-10T08:05:55.315+0000] {logging_mixin.py:149} INFO - [2025-03-10T08:05:55.315+0000] {dag.py:2726} INFO - Sync 1 DAGs
[2025-03-10T08:05:55.338+0000] {logging_mixin.py:149} INFO - [2025-03-10T08:05:55.338+0000] {dag.py:3490} INFO - Setting next_dagrun for clear_mysql_db to None, run_after=None
[2025-03-10T08:05:55.356+0000] {processor.py:178} INFO - Processing /opt/airflow/dags/1_erase_db.py took 0.088 seconds
[2025-03-10T08:06:25.503+0000] {processor.py:156} INFO - Started process (PID=981) to work on /opt/airflow/dags/1_erase_db.py
[2025-03-10T08:06:25.508+0000] {processor.py:799} INFO - Processing file /opt/airflow/dags/1_erase_db.py for tasks to queue
[2025-03-10T08:06:25.509+0000] {logging_mixin.py:149} INFO - [2025-03-10T08:06:25.509+0000] {dagbag.py:541} INFO - Filling up the DagBag from /opt/airflow/dags/1_erase_db.py
[2025-03-10T08:06:25.522+0000] {processor.py:809} INFO - DAG(s) dict_keys(['clear_mysql_db']) retrieved from /opt/airflow/dags/1_erase_db.py
[2025-03-10T08:06:25.551+0000] {logging_mixin.py:149} INFO - [2025-03-10T08:06:25.551+0000] {dag.py:2726} INFO - Sync 1 DAGs
[2025-03-10T08:06:25.576+0000] {logging_mixin.py:149} INFO - [2025-03-10T08:06:25.576+0000] {dag.py:3490} INFO - Setting next_dagrun for clear_mysql_db to None, run_after=None
[2025-03-10T08:06:25.597+0000] {processor.py:178} INFO - Processing /opt/airflow/dags/1_erase_db.py took 0.097 seconds
[2025-03-10T08:06:55.734+0000] {processor.py:156} INFO - Started process (PID=1006) to work on /opt/airflow/dags/1_erase_db.py
[2025-03-10T08:06:55.739+0000] {processor.py:799} INFO - Processing file /opt/airflow/dags/1_erase_db.py for tasks to queue
[2025-03-10T08:06:55.740+0000] {logging_mixin.py:149} INFO - [2025-03-10T08:06:55.740+0000] {dagbag.py:541} INFO - Filling up the DagBag from /opt/airflow/dags/1_erase_db.py
[2025-03-10T08:06:55.750+0000] {processor.py:809} INFO - DAG(s) dict_keys(['clear_mysql_db']) retrieved from /opt/airflow/dags/1_erase_db.py
[2025-03-10T08:06:55.778+0000] {logging_mixin.py:149} INFO - [2025-03-10T08:06:55.778+0000] {dag.py:2726} INFO - Sync 1 DAGs
[2025-03-10T08:06:55.803+0000] {logging_mixin.py:149} INFO - [2025-03-10T08:06:55.803+0000] {dag.py:3490} INFO - Setting next_dagrun for clear_mysql_db to None, run_after=None
[2025-03-10T08:06:55.820+0000] {processor.py:178} INFO - Processing /opt/airflow/dags/1_erase_db.py took 0.089 seconds
[2025-03-10T08:07:25.969+0000] {processor.py:156} INFO - Started process (PID=1031) to work on /opt/airflow/dags/1_erase_db.py
[2025-03-10T08:07:25.969+0000] {processor.py:799} INFO - Processing file /opt/airflow/dags/1_erase_db.py for tasks to queue
[2025-03-10T08:07:25.970+0000] {logging_mixin.py:149} INFO - [2025-03-10T08:07:25.970+0000] {dagbag.py:541} INFO - Filling up the DagBag from /opt/airflow/dags/1_erase_db.py
[2025-03-10T08:07:25.980+0000] {processor.py:809} INFO - DAG(s) dict_keys(['clear_mysql_db']) retrieved from /opt/airflow/dags/1_erase_db.py
[2025-03-10T08:07:26.007+0000] {logging_mixin.py:149} INFO - [2025-03-10T08:07:26.006+0000] {dag.py:2726} INFO - Sync 1 DAGs
[2025-03-10T08:07:26.032+0000] {logging_mixin.py:149} INFO - [2025-03-10T08:07:26.032+0000] {dag.py:3490} INFO - Setting next_dagrun for clear_mysql_db to None, run_after=None
[2025-03-10T08:07:26.051+0000] {processor.py:178} INFO - Processing /opt/airflow/dags/1_erase_db.py took 0.085 seconds
[2025-03-10T08:07:42.142+0000] {processor.py:156} INFO - Started process (PID=1049) to work on /opt/airflow/dags/1_erase_db.py
[2025-03-10T08:07:42.146+0000] {processor.py:799} INFO - Processing file /opt/airflow/dags/1_erase_db.py for tasks to queue
[2025-03-10T08:07:42.147+0000] {logging_mixin.py:149} INFO - [2025-03-10T08:07:42.147+0000] {dagbag.py:541} INFO - Filling up the DagBag from /opt/airflow/dags/1_erase_db.py
[2025-03-10T08:07:42.156+0000] {processor.py:809} INFO - DAG(s) dict_keys(['clear_mysql_database_direct']) retrieved from /opt/airflow/dags/1_erase_db.py
[2025-03-10T08:07:42.315+0000] {logging_mixin.py:149} INFO - [2025-03-10T08:07:42.314+0000] {manager.py:504} INFO - Created Permission View: can edit on DAG:clear_mysql_database_direct
[2025-03-10T08:07:42.325+0000] {logging_mixin.py:149} INFO - [2025-03-10T08:07:42.325+0000] {manager.py:504} INFO - Created Permission View: can delete on DAG:clear_mysql_database_direct
[2025-03-10T08:07:42.333+0000] {logging_mixin.py:149} INFO - [2025-03-10T08:07:42.333+0000] {manager.py:504} INFO - Created Permission View: can read on DAG:clear_mysql_database_direct
[2025-03-10T08:07:42.334+0000] {logging_mixin.py:149} INFO - [2025-03-10T08:07:42.333+0000] {dag.py:2726} INFO - Sync 1 DAGs
[2025-03-10T08:07:42.346+0000] {logging_mixin.py:149} INFO - [2025-03-10T08:07:42.346+0000] {dag.py:2747} INFO - Creating ORM DAG for clear_mysql_database_direct
[2025-03-10T08:07:42.356+0000] {logging_mixin.py:149} INFO - [2025-03-10T08:07:42.356+0000] {dag.py:3490} INFO - Setting next_dagrun for clear_mysql_database_direct to None, run_after=None
[2025-03-10T08:07:42.377+0000] {processor.py:178} INFO - Processing /opt/airflow/dags/1_erase_db.py took 0.238 seconds
[2025-03-10T08:08:27.469+0000] {processor.py:156} INFO - Started process (PID=40) to work on /opt/airflow/dags/1_erase_db.py
[2025-03-10T08:08:27.475+0000] {processor.py:799} INFO - Processing file /opt/airflow/dags/1_erase_db.py for tasks to queue
[2025-03-10T08:08:27.475+0000] {logging_mixin.py:149} INFO - [2025-03-10T08:08:27.475+0000] {dagbag.py:541} INFO - Filling up the DagBag from /opt/airflow/dags/1_erase_db.py
[2025-03-10T08:08:27.514+0000] {processor.py:809} INFO - DAG(s) dict_keys(['clear_mysql_database_direct']) retrieved from /opt/airflow/dags/1_erase_db.py
[2025-03-10T08:08:27.840+0000] {logging_mixin.py:149} INFO - [2025-03-10T08:08:27.840+0000] {dag.py:2726} INFO - Sync 1 DAGs
[2025-03-10T08:08:27.866+0000] {logging_mixin.py:149} INFO - [2025-03-10T08:08:27.866+0000] {dag.py:3490} INFO - Setting next_dagrun for clear_mysql_database_direct to None, run_after=None
[2025-03-10T08:08:27.911+0000] {processor.py:178} INFO - Processing /opt/airflow/dags/1_erase_db.py took 0.450 seconds
[2025-03-10T08:08:58.074+0000] {processor.py:156} INFO - Started process (PID=65) to work on /opt/airflow/dags/1_erase_db.py
[2025-03-10T08:08:58.079+0000] {processor.py:799} INFO - Processing file /opt/airflow/dags/1_erase_db.py for tasks to queue
[2025-03-10T08:08:58.080+0000] {logging_mixin.py:149} INFO - [2025-03-10T08:08:58.080+0000] {dagbag.py:541} INFO - Filling up the DagBag from /opt/airflow/dags/1_erase_db.py
[2025-03-10T08:08:58.088+0000] {processor.py:809} INFO - DAG(s) dict_keys(['clear_mysql_database_direct']) retrieved from /opt/airflow/dags/1_erase_db.py
[2025-03-10T08:08:58.113+0000] {logging_mixin.py:149} INFO - [2025-03-10T08:08:58.113+0000] {dag.py:2726} INFO - Sync 1 DAGs
[2025-03-10T08:08:58.139+0000] {logging_mixin.py:149} INFO - [2025-03-10T08:08:58.139+0000] {dag.py:3490} INFO - Setting next_dagrun for clear_mysql_database_direct to None, run_after=None
[2025-03-10T08:08:58.157+0000] {processor.py:178} INFO - Processing /opt/airflow/dags/1_erase_db.py took 0.085 seconds
[2025-03-10T08:09:28.314+0000] {processor.py:156} INFO - Started process (PID=90) to work on /opt/airflow/dags/1_erase_db.py
[2025-03-10T08:09:28.319+0000] {processor.py:799} INFO - Processing file /opt/airflow/dags/1_erase_db.py for tasks to queue
[2025-03-10T08:09:28.320+0000] {logging_mixin.py:149} INFO - [2025-03-10T08:09:28.320+0000] {dagbag.py:541} INFO - Filling up the DagBag from /opt/airflow/dags/1_erase_db.py
[2025-03-10T08:09:28.328+0000] {processor.py:809} INFO - DAG(s) dict_keys(['clear_mysql_database_direct']) retrieved from /opt/airflow/dags/1_erase_db.py
[2025-03-10T08:09:28.354+0000] {logging_mixin.py:149} INFO - [2025-03-10T08:09:28.354+0000] {dag.py:2726} INFO - Sync 1 DAGs
[2025-03-10T08:09:28.379+0000] {logging_mixin.py:149} INFO - [2025-03-10T08:09:28.379+0000] {dag.py:3490} INFO - Setting next_dagrun for clear_mysql_database_direct to None, run_after=None
[2025-03-10T08:09:28.397+0000] {processor.py:178} INFO - Processing /opt/airflow/dags/1_erase_db.py took 0.086 seconds
[2025-03-10T08:09:58.558+0000] {processor.py:156} INFO - Started process (PID=115) to work on /opt/airflow/dags/1_erase_db.py
[2025-03-10T08:09:58.559+0000] {processor.py:799} INFO - Processing file /opt/airflow/dags/1_erase_db.py for tasks to queue
[2025-03-10T08:09:58.560+0000] {logging_mixin.py:149} INFO - [2025-03-10T08:09:58.560+0000] {dagbag.py:541} INFO - Filling up the DagBag from /opt/airflow/dags/1_erase_db.py
[2025-03-10T08:09:58.568+0000] {processor.py:809} INFO - DAG(s) dict_keys(['clear_mysql_database_direct']) retrieved from /opt/airflow/dags/1_erase_db.py
[2025-03-10T08:09:58.595+0000] {logging_mixin.py:149} INFO - [2025-03-10T08:09:58.595+0000] {dag.py:2726} INFO - Sync 1 DAGs
[2025-03-10T08:09:58.621+0000] {logging_mixin.py:149} INFO - [2025-03-10T08:09:58.620+0000] {dag.py:3490} INFO - Setting next_dagrun for clear_mysql_database_direct to None, run_after=None
[2025-03-10T08:09:58.640+0000] {processor.py:178} INFO - Processing /opt/airflow/dags/1_erase_db.py took 0.084 seconds
[2025-03-10T08:10:28.806+0000] {processor.py:156} INFO - Started process (PID=140) to work on /opt/airflow/dags/1_erase_db.py
[2025-03-10T08:10:28.811+0000] {processor.py:799} INFO - Processing file /opt/airflow/dags/1_erase_db.py for tasks to queue
[2025-03-10T08:10:28.811+0000] {logging_mixin.py:149} INFO - [2025-03-10T08:10:28.811+0000] {dagbag.py:541} INFO - Filling up the DagBag from /opt/airflow/dags/1_erase_db.py
[2025-03-10T08:10:28.819+0000] {processor.py:809} INFO - DAG(s) dict_keys(['clear_mysql_database_direct']) retrieved from /opt/airflow/dags/1_erase_db.py
[2025-03-10T08:10:28.845+0000] {logging_mixin.py:149} INFO - [2025-03-10T08:10:28.844+0000] {dag.py:2726} INFO - Sync 1 DAGs
[2025-03-10T08:10:28.867+0000] {logging_mixin.py:149} INFO - [2025-03-10T08:10:28.867+0000] {dag.py:3490} INFO - Setting next_dagrun for clear_mysql_database_direct to None, run_after=None
[2025-03-10T08:10:28.885+0000] {processor.py:178} INFO - Processing /opt/airflow/dags/1_erase_db.py took 0.081 seconds
[2025-03-10T08:10:59.042+0000] {processor.py:156} INFO - Started process (PID=165) to work on /opt/airflow/dags/1_erase_db.py
[2025-03-10T08:10:59.042+0000] {processor.py:799} INFO - Processing file /opt/airflow/dags/1_erase_db.py for tasks to queue
[2025-03-10T08:10:59.043+0000] {logging_mixin.py:149} INFO - [2025-03-10T08:10:59.043+0000] {dagbag.py:541} INFO - Filling up the DagBag from /opt/airflow/dags/1_erase_db.py
[2025-03-10T08:10:59.052+0000] {processor.py:809} INFO - DAG(s) dict_keys(['clear_mysql_database_direct']) retrieved from /opt/airflow/dags/1_erase_db.py
[2025-03-10T08:10:59.078+0000] {logging_mixin.py:149} INFO - [2025-03-10T08:10:59.078+0000] {dag.py:2726} INFO - Sync 1 DAGs
[2025-03-10T08:10:59.102+0000] {logging_mixin.py:149} INFO - [2025-03-10T08:10:59.102+0000] {dag.py:3490} INFO - Setting next_dagrun for clear_mysql_database_direct to None, run_after=None
[2025-03-10T08:10:59.123+0000] {processor.py:178} INFO - Processing /opt/airflow/dags/1_erase_db.py took 0.083 seconds
[2025-03-10T08:11:29.277+0000] {processor.py:156} INFO - Started process (PID=197) to work on /opt/airflow/dags/1_erase_db.py
[2025-03-10T08:11:29.282+0000] {processor.py:799} INFO - Processing file /opt/airflow/dags/1_erase_db.py for tasks to queue
[2025-03-10T08:11:29.283+0000] {logging_mixin.py:149} INFO - [2025-03-10T08:11:29.283+0000] {dagbag.py:541} INFO - Filling up the DagBag from /opt/airflow/dags/1_erase_db.py
[2025-03-10T08:11:29.291+0000] {processor.py:809} INFO - DAG(s) dict_keys(['clear_mysql_database_direct']) retrieved from /opt/airflow/dags/1_erase_db.py
[2025-03-10T08:11:29.316+0000] {logging_mixin.py:149} INFO - [2025-03-10T08:11:29.316+0000] {dag.py:2726} INFO - Sync 1 DAGs
[2025-03-10T08:11:29.341+0000] {logging_mixin.py:149} INFO - [2025-03-10T08:11:29.341+0000] {dag.py:3490} INFO - Setting next_dagrun for clear_mysql_database_direct to None, run_after=None
[2025-03-10T08:11:29.360+0000] {processor.py:178} INFO - Processing /opt/airflow/dags/1_erase_db.py took 0.086 seconds
[2025-03-10T08:11:59.518+0000] {processor.py:156} INFO - Started process (PID=222) to work on /opt/airflow/dags/1_erase_db.py
[2025-03-10T08:11:59.519+0000] {processor.py:799} INFO - Processing file /opt/airflow/dags/1_erase_db.py for tasks to queue
[2025-03-10T08:11:59.519+0000] {logging_mixin.py:149} INFO - [2025-03-10T08:11:59.519+0000] {dagbag.py:541} INFO - Filling up the DagBag from /opt/airflow/dags/1_erase_db.py
[2025-03-10T08:11:59.527+0000] {processor.py:809} INFO - DAG(s) dict_keys(['clear_mysql_database_direct']) retrieved from /opt/airflow/dags/1_erase_db.py
[2025-03-10T08:11:59.552+0000] {logging_mixin.py:149} INFO - [2025-03-10T08:11:59.552+0000] {dag.py:2726} INFO - Sync 1 DAGs
[2025-03-10T08:11:59.577+0000] {logging_mixin.py:149} INFO - [2025-03-10T08:11:59.577+0000] {dag.py:3490} INFO - Setting next_dagrun for clear_mysql_database_direct to None, run_after=None
[2025-03-10T08:11:59.595+0000] {processor.py:178} INFO - Processing /opt/airflow/dags/1_erase_db.py took 0.079 seconds
[2025-03-10T08:12:29.744+0000] {processor.py:156} INFO - Started process (PID=247) to work on /opt/airflow/dags/1_erase_db.py
[2025-03-10T08:12:29.748+0000] {processor.py:799} INFO - Processing file /opt/airflow/dags/1_erase_db.py for tasks to queue
[2025-03-10T08:12:29.749+0000] {logging_mixin.py:149} INFO - [2025-03-10T08:12:29.749+0000] {dagbag.py:541} INFO - Filling up the DagBag from /opt/airflow/dags/1_erase_db.py
[2025-03-10T08:12:29.758+0000] {processor.py:809} INFO - DAG(s) dict_keys(['clear_mysql_database_direct']) retrieved from /opt/airflow/dags/1_erase_db.py
[2025-03-10T08:12:29.783+0000] {logging_mixin.py:149} INFO - [2025-03-10T08:12:29.783+0000] {dag.py:2726} INFO - Sync 1 DAGs
[2025-03-10T08:12:29.809+0000] {logging_mixin.py:149} INFO - [2025-03-10T08:12:29.809+0000] {dag.py:3490} INFO - Setting next_dagrun for clear_mysql_database_direct to None, run_after=None
[2025-03-10T08:12:29.829+0000] {processor.py:178} INFO - Processing /opt/airflow/dags/1_erase_db.py took 0.088 seconds
[2025-03-10T08:12:59.970+0000] {processor.py:156} INFO - Started process (PID=272) to work on /opt/airflow/dags/1_erase_db.py
[2025-03-10T08:12:59.970+0000] {processor.py:799} INFO - Processing file /opt/airflow/dags/1_erase_db.py for tasks to queue
[2025-03-10T08:12:59.971+0000] {logging_mixin.py:149} INFO - [2025-03-10T08:12:59.971+0000] {dagbag.py:541} INFO - Filling up the DagBag from /opt/airflow/dags/1_erase_db.py
[2025-03-10T08:12:59.979+0000] {processor.py:809} INFO - DAG(s) dict_keys(['clear_mysql_database_direct']) retrieved from /opt/airflow/dags/1_erase_db.py
[2025-03-10T08:13:00.006+0000] {logging_mixin.py:149} INFO - [2025-03-10T08:13:00.006+0000] {dag.py:2726} INFO - Sync 1 DAGs
[2025-03-10T08:13:00.031+0000] {logging_mixin.py:149} INFO - [2025-03-10T08:13:00.031+0000] {dag.py:3490} INFO - Setting next_dagrun for clear_mysql_database_direct to None, run_after=None
[2025-03-10T08:13:00.049+0000] {processor.py:178} INFO - Processing /opt/airflow/dags/1_erase_db.py took 0.082 seconds
[2025-03-10T08:13:30.192+0000] {processor.py:156} INFO - Started process (PID=297) to work on /opt/airflow/dags/1_erase_db.py
[2025-03-10T08:13:30.193+0000] {processor.py:799} INFO - Processing file /opt/airflow/dags/1_erase_db.py for tasks to queue
[2025-03-10T08:13:30.193+0000] {logging_mixin.py:149} INFO - [2025-03-10T08:13:30.193+0000] {dagbag.py:541} INFO - Filling up the DagBag from /opt/airflow/dags/1_erase_db.py
[2025-03-10T08:13:30.201+0000] {processor.py:809} INFO - DAG(s) dict_keys(['clear_mysql_database_direct']) retrieved from /opt/airflow/dags/1_erase_db.py
[2025-03-10T08:13:30.227+0000] {logging_mixin.py:149} INFO - [2025-03-10T08:13:30.227+0000] {dag.py:2726} INFO - Sync 1 DAGs
[2025-03-10T08:13:30.252+0000] {logging_mixin.py:149} INFO - [2025-03-10T08:13:30.252+0000] {dag.py:3490} INFO - Setting next_dagrun for clear_mysql_database_direct to None, run_after=None
[2025-03-10T08:13:30.271+0000] {processor.py:178} INFO - Processing /opt/airflow/dags/1_erase_db.py took 0.081 seconds
[2025-03-10T08:13:46.363+0000] {processor.py:156} INFO - Started process (PID=315) to work on /opt/airflow/dags/1_erase_db.py
[2025-03-10T08:13:46.363+0000] {processor.py:799} INFO - Processing file /opt/airflow/dags/1_erase_db.py for tasks to queue
[2025-03-10T08:13:46.364+0000] {logging_mixin.py:149} INFO - [2025-03-10T08:13:46.364+0000] {dagbag.py:541} INFO - Filling up the DagBag from /opt/airflow/dags/1_erase_db.py
[2025-03-10T08:13:46.373+0000] {processor.py:809} INFO - DAG(s) dict_keys(['clear_mysql_database_direct']) retrieved from /opt/airflow/dags/1_erase_db.py
[2025-03-10T08:13:46.398+0000] {logging_mixin.py:149} INFO - [2025-03-10T08:13:46.398+0000] {dag.py:2726} INFO - Sync 1 DAGs
[2025-03-10T08:13:46.423+0000] {logging_mixin.py:149} INFO - [2025-03-10T08:13:46.423+0000] {dag.py:3490} INFO - Setting next_dagrun for clear_mysql_database_direct to None, run_after=None
[2025-03-10T08:13:46.444+0000] {processor.py:178} INFO - Processing /opt/airflow/dags/1_erase_db.py took 0.084 seconds
[2025-03-10T08:14:16.583+0000] {processor.py:156} INFO - Started process (PID=339) to work on /opt/airflow/dags/1_erase_db.py
[2025-03-10T08:14:16.584+0000] {processor.py:799} INFO - Processing file /opt/airflow/dags/1_erase_db.py for tasks to queue
[2025-03-10T08:14:16.585+0000] {logging_mixin.py:149} INFO - [2025-03-10T08:14:16.585+0000] {dagbag.py:541} INFO - Filling up the DagBag from /opt/airflow/dags/1_erase_db.py
[2025-03-10T08:14:16.593+0000] {processor.py:809} INFO - DAG(s) dict_keys(['clear_mysql_database_direct']) retrieved from /opt/airflow/dags/1_erase_db.py
[2025-03-10T08:14:16.619+0000] {logging_mixin.py:149} INFO - [2025-03-10T08:14:16.619+0000] {dag.py:2726} INFO - Sync 1 DAGs
[2025-03-10T08:14:16.645+0000] {logging_mixin.py:149} INFO - [2025-03-10T08:14:16.645+0000] {dag.py:3490} INFO - Setting next_dagrun for clear_mysql_database_direct to None, run_after=None
[2025-03-10T08:14:16.663+0000] {processor.py:178} INFO - Processing /opt/airflow/dags/1_erase_db.py took 0.083 seconds
[2025-03-10T08:14:44.966+0000] {processor.py:156} INFO - Started process (PID=38) to work on /opt/airflow/dags/1_erase_db.py
[2025-03-10T08:14:44.968+0000] {processor.py:799} INFO - Processing file /opt/airflow/dags/1_erase_db.py for tasks to queue
[2025-03-10T08:14:44.969+0000] {logging_mixin.py:149} INFO - [2025-03-10T08:14:44.968+0000] {dagbag.py:541} INFO - Filling up the DagBag from /opt/airflow/dags/1_erase_db.py
[2025-03-10T08:14:44.984+0000] {processor.py:809} INFO - DAG(s) dict_keys(['clear_mysql_database_direct']) retrieved from /opt/airflow/dags/1_erase_db.py
[2025-03-10T08:14:45.173+0000] {logging_mixin.py:149} INFO - [2025-03-10T08:14:45.173+0000] {dag.py:2726} INFO - Sync 1 DAGs
[2025-03-10T08:14:45.201+0000] {logging_mixin.py:149} INFO - [2025-03-10T08:14:45.200+0000] {dag.py:3490} INFO - Setting next_dagrun for clear_mysql_database_direct to None, run_after=None
[2025-03-10T08:14:45.230+0000] {processor.py:178} INFO - Processing /opt/airflow/dags/1_erase_db.py took 0.272 seconds
[2025-03-10T08:15:15.373+0000] {processor.py:156} INFO - Started process (PID=63) to work on /opt/airflow/dags/1_erase_db.py
[2025-03-10T08:15:15.377+0000] {processor.py:799} INFO - Processing file /opt/airflow/dags/1_erase_db.py for tasks to queue
[2025-03-10T08:15:15.378+0000] {logging_mixin.py:149} INFO - [2025-03-10T08:15:15.378+0000] {dagbag.py:541} INFO - Filling up the DagBag from /opt/airflow/dags/1_erase_db.py
[2025-03-10T08:15:15.386+0000] {processor.py:809} INFO - DAG(s) dict_keys(['clear_mysql_database_direct']) retrieved from /opt/airflow/dags/1_erase_db.py
[2025-03-10T08:15:15.413+0000] {logging_mixin.py:149} INFO - [2025-03-10T08:15:15.413+0000] {dag.py:2726} INFO - Sync 1 DAGs
[2025-03-10T08:15:15.437+0000] {logging_mixin.py:149} INFO - [2025-03-10T08:15:15.437+0000] {dag.py:3490} INFO - Setting next_dagrun for clear_mysql_database_direct to None, run_after=None
[2025-03-10T08:15:15.454+0000] {processor.py:178} INFO - Processing /opt/airflow/dags/1_erase_db.py took 0.084 seconds
[2025-03-10T08:15:45.600+0000] {processor.py:156} INFO - Started process (PID=88) to work on /opt/airflow/dags/1_erase_db.py
[2025-03-10T08:15:45.601+0000] {processor.py:799} INFO - Processing file /opt/airflow/dags/1_erase_db.py for tasks to queue
[2025-03-10T08:15:45.601+0000] {logging_mixin.py:149} INFO - [2025-03-10T08:15:45.601+0000] {dagbag.py:541} INFO - Filling up the DagBag from /opt/airflow/dags/1_erase_db.py
[2025-03-10T08:15:45.609+0000] {processor.py:809} INFO - DAG(s) dict_keys(['clear_mysql_database_direct']) retrieved from /opt/airflow/dags/1_erase_db.py
[2025-03-10T08:15:45.637+0000] {logging_mixin.py:149} INFO - [2025-03-10T08:15:45.637+0000] {dag.py:2726} INFO - Sync 1 DAGs
[2025-03-10T08:15:45.660+0000] {logging_mixin.py:149} INFO - [2025-03-10T08:15:45.660+0000] {dag.py:3490} INFO - Setting next_dagrun for clear_mysql_database_direct to None, run_after=None
[2025-03-10T08:15:45.679+0000] {processor.py:178} INFO - Processing /opt/airflow/dags/1_erase_db.py took 0.082 seconds
[2025-03-10T08:16:15.833+0000] {processor.py:156} INFO - Started process (PID=113) to work on /opt/airflow/dags/1_erase_db.py
[2025-03-10T08:16:15.838+0000] {processor.py:799} INFO - Processing file /opt/airflow/dags/1_erase_db.py for tasks to queue
[2025-03-10T08:16:15.839+0000] {logging_mixin.py:149} INFO - [2025-03-10T08:16:15.839+0000] {dagbag.py:541} INFO - Filling up the DagBag from /opt/airflow/dags/1_erase_db.py
[2025-03-10T08:16:15.847+0000] {processor.py:809} INFO - DAG(s) dict_keys(['clear_mysql_database_direct']) retrieved from /opt/airflow/dags/1_erase_db.py
[2025-03-10T08:16:15.874+0000] {logging_mixin.py:149} INFO - [2025-03-10T08:16:15.874+0000] {dag.py:2726} INFO - Sync 1 DAGs
[2025-03-10T08:16:15.902+0000] {logging_mixin.py:149} INFO - [2025-03-10T08:16:15.901+0000] {dag.py:3490} INFO - Setting next_dagrun for clear_mysql_database_direct to None, run_after=None
[2025-03-10T08:16:15.922+0000] {processor.py:178} INFO - Processing /opt/airflow/dags/1_erase_db.py took 0.092 seconds
[2025-03-10T08:16:46.079+0000] {processor.py:156} INFO - Started process (PID=138) to work on /opt/airflow/dags/1_erase_db.py
[2025-03-10T08:16:46.080+0000] {processor.py:799} INFO - Processing file /opt/airflow/dags/1_erase_db.py for tasks to queue
[2025-03-10T08:16:46.081+0000] {logging_mixin.py:149} INFO - [2025-03-10T08:16:46.081+0000] {dagbag.py:541} INFO - Filling up the DagBag from /opt/airflow/dags/1_erase_db.py
[2025-03-10T08:16:46.088+0000] {processor.py:809} INFO - DAG(s) dict_keys(['clear_mysql_database_direct']) retrieved from /opt/airflow/dags/1_erase_db.py
[2025-03-10T08:16:46.114+0000] {logging_mixin.py:149} INFO - [2025-03-10T08:16:46.114+0000] {dag.py:2726} INFO - Sync 1 DAGs
[2025-03-10T08:16:46.138+0000] {logging_mixin.py:149} INFO - [2025-03-10T08:16:46.138+0000] {dag.py:3490} INFO - Setting next_dagrun for clear_mysql_database_direct to None, run_after=None
[2025-03-10T08:16:46.157+0000] {processor.py:178} INFO - Processing /opt/airflow/dags/1_erase_db.py took 0.080 seconds
