[2025-03-10T07:44:34.535+0000] {processor.py:156} INFO - Started process (PID=39) to work on /opt/airflow/dags/2_load_data.py
[2025-03-10T07:44:34.536+0000] {processor.py:799} INFO - Processing file /opt/airflow/dags/2_load_data.py for tasks to queue
[2025-03-10T07:44:34.537+0000] {logging_mixin.py:149} INFO - [2025-03-10T07:44:34.537+0000] {dagbag.py:541} INFO - Filling up the DagBag from /opt/airflow/dags/2_load_data.py
[2025-03-10T07:44:35.954+0000] {processor.py:809} INFO - DAG(s) dict_keys(['load_csv_to_mysql']) retrieved from /opt/airflow/dags/2_load_data.py
[2025-03-10T07:44:36.094+0000] {logging_mixin.py:149} INFO - [2025-03-10T07:44:36.093+0000] {manager.py:504} INFO - Created Permission View: can edit on DAG:load_csv_to_mysql
[2025-03-10T07:44:36.107+0000] {logging_mixin.py:149} INFO - [2025-03-10T07:44:36.107+0000] {manager.py:504} INFO - Created Permission View: can read on DAG:load_csv_to_mysql
[2025-03-10T07:44:36.122+0000] {logging_mixin.py:149} INFO - [2025-03-10T07:44:36.121+0000] {manager.py:504} INFO - Created Permission View: can delete on DAG:load_csv_to_mysql
[2025-03-10T07:44:36.123+0000] {logging_mixin.py:149} INFO - [2025-03-10T07:44:36.122+0000] {dag.py:2726} INFO - Sync 1 DAGs
[2025-03-10T07:44:36.138+0000] {logging_mixin.py:149} INFO - [2025-03-10T07:44:36.137+0000] {dag.py:2747} INFO - Creating ORM DAG for load_csv_to_mysql
[2025-03-10T07:44:36.152+0000] {logging_mixin.py:149} INFO - [2025-03-10T07:44:36.151+0000] {dag.py:3490} INFO - Setting next_dagrun for load_csv_to_mysql to None, run_after=None
[2025-03-10T07:44:36.179+0000] {processor.py:178} INFO - Processing /opt/airflow/dags/2_load_data.py took 1.649 seconds
[2025-03-10T07:45:06.343+0000] {processor.py:156} INFO - Started process (PID=72) to work on /opt/airflow/dags/2_load_data.py
[2025-03-10T07:45:06.347+0000] {processor.py:799} INFO - Processing file /opt/airflow/dags/2_load_data.py for tasks to queue
[2025-03-10T07:45:06.348+0000] {logging_mixin.py:149} INFO - [2025-03-10T07:45:06.348+0000] {dagbag.py:541} INFO - Filling up the DagBag from /opt/airflow/dags/2_load_data.py
[2025-03-10T07:45:06.674+0000] {processor.py:809} INFO - DAG(s) dict_keys(['load_csv_to_mysql']) retrieved from /opt/airflow/dags/2_load_data.py
[2025-03-10T07:45:06.698+0000] {logging_mixin.py:149} INFO - [2025-03-10T07:45:06.698+0000] {dag.py:2726} INFO - Sync 1 DAGs
[2025-03-10T07:45:06.723+0000] {logging_mixin.py:149} INFO - [2025-03-10T07:45:06.723+0000] {dag.py:3490} INFO - Setting next_dagrun for load_csv_to_mysql to None, run_after=None
[2025-03-10T07:45:06.744+0000] {processor.py:178} INFO - Processing /opt/airflow/dags/2_load_data.py took 0.405 seconds
[2025-03-10T07:45:37.583+0000] {processor.py:156} INFO - Started process (PID=97) to work on /opt/airflow/dags/2_load_data.py
[2025-03-10T07:45:37.584+0000] {processor.py:799} INFO - Processing file /opt/airflow/dags/2_load_data.py for tasks to queue
[2025-03-10T07:45:37.585+0000] {logging_mixin.py:149} INFO - [2025-03-10T07:45:37.585+0000] {dagbag.py:541} INFO - Filling up the DagBag from /opt/airflow/dags/2_load_data.py
[2025-03-10T07:45:38.017+0000] {processor.py:809} INFO - DAG(s) dict_keys(['load_csv_to_mysql']) retrieved from /opt/airflow/dags/2_load_data.py
[2025-03-10T07:45:38.052+0000] {logging_mixin.py:149} INFO - [2025-03-10T07:45:38.051+0000] {dag.py:2726} INFO - Sync 1 DAGs
[2025-03-10T07:45:38.089+0000] {logging_mixin.py:149} INFO - [2025-03-10T07:45:38.088+0000] {dag.py:3490} INFO - Setting next_dagrun for load_csv_to_mysql to None, run_after=None
[2025-03-10T07:45:38.113+0000] {processor.py:178} INFO - Processing /opt/airflow/dags/2_load_data.py took 0.533 seconds
[2025-03-10T07:47:16.383+0000] {processor.py:156} INFO - Started process (PID=39) to work on /opt/airflow/dags/2_load_data.py
[2025-03-10T07:47:16.384+0000] {processor.py:799} INFO - Processing file /opt/airflow/dags/2_load_data.py for tasks to queue
[2025-03-10T07:47:16.385+0000] {logging_mixin.py:149} INFO - [2025-03-10T07:47:16.384+0000] {dagbag.py:541} INFO - Filling up the DagBag from /opt/airflow/dags/2_load_data.py
[2025-03-10T07:47:17.690+0000] {processor.py:809} INFO - DAG(s) dict_keys(['load_csv_to_mysql']) retrieved from /opt/airflow/dags/2_load_data.py
[2025-03-10T07:47:17.768+0000] {logging_mixin.py:149} INFO - [2025-03-10T07:47:17.767+0000] {dag.py:2726} INFO - Sync 1 DAGs
[2025-03-10T07:47:17.793+0000] {logging_mixin.py:149} INFO - [2025-03-10T07:47:17.793+0000] {dag.py:3490} INFO - Setting next_dagrun for load_csv_to_mysql to None, run_after=None
[2025-03-10T07:47:17.821+0000] {processor.py:178} INFO - Processing /opt/airflow/dags/2_load_data.py took 1.450 seconds
[2025-03-10T07:47:48.011+0000] {processor.py:156} INFO - Started process (PID=72) to work on /opt/airflow/dags/2_load_data.py
[2025-03-10T07:47:48.016+0000] {processor.py:799} INFO - Processing file /opt/airflow/dags/2_load_data.py for tasks to queue
[2025-03-10T07:47:48.017+0000] {logging_mixin.py:149} INFO - [2025-03-10T07:47:48.017+0000] {dagbag.py:541} INFO - Filling up the DagBag from /opt/airflow/dags/2_load_data.py
[2025-03-10T07:47:48.349+0000] {processor.py:809} INFO - DAG(s) dict_keys(['load_csv_to_mysql']) retrieved from /opt/airflow/dags/2_load_data.py
[2025-03-10T07:47:48.373+0000] {logging_mixin.py:149} INFO - [2025-03-10T07:47:48.372+0000] {dag.py:2726} INFO - Sync 1 DAGs
[2025-03-10T07:47:48.394+0000] {logging_mixin.py:149} INFO - [2025-03-10T07:47:48.394+0000] {dag.py:3490} INFO - Setting next_dagrun for load_csv_to_mysql to None, run_after=None
[2025-03-10T07:47:48.410+0000] {processor.py:178} INFO - Processing /opt/airflow/dags/2_load_data.py took 0.402 seconds
[2025-03-10T07:48:19.247+0000] {processor.py:156} INFO - Started process (PID=98) to work on /opt/airflow/dags/2_load_data.py
[2025-03-10T07:48:19.249+0000] {processor.py:799} INFO - Processing file /opt/airflow/dags/2_load_data.py for tasks to queue
[2025-03-10T07:48:19.249+0000] {logging_mixin.py:149} INFO - [2025-03-10T07:48:19.249+0000] {dagbag.py:541} INFO - Filling up the DagBag from /opt/airflow/dags/2_load_data.py
[2025-03-10T07:48:19.637+0000] {processor.py:809} INFO - DAG(s) dict_keys(['load_csv_to_mysql']) retrieved from /opt/airflow/dags/2_load_data.py
[2025-03-10T07:48:19.663+0000] {logging_mixin.py:149} INFO - [2025-03-10T07:48:19.663+0000] {dag.py:2726} INFO - Sync 1 DAGs
[2025-03-10T07:48:19.686+0000] {logging_mixin.py:149} INFO - [2025-03-10T07:48:19.685+0000] {dag.py:3490} INFO - Setting next_dagrun for load_csv_to_mysql to None, run_after=None
[2025-03-10T07:48:19.708+0000] {processor.py:178} INFO - Processing /opt/airflow/dags/2_load_data.py took 0.466 seconds
[2025-03-10T07:48:50.485+0000] {processor.py:156} INFO - Started process (PID=123) to work on /opt/airflow/dags/2_load_data.py
[2025-03-10T07:48:50.490+0000] {processor.py:799} INFO - Processing file /opt/airflow/dags/2_load_data.py for tasks to queue
[2025-03-10T07:48:50.491+0000] {logging_mixin.py:149} INFO - [2025-03-10T07:48:50.491+0000] {dagbag.py:541} INFO - Filling up the DagBag from /opt/airflow/dags/2_load_data.py
[2025-03-10T07:48:50.875+0000] {processor.py:809} INFO - DAG(s) dict_keys(['load_csv_to_mysql']) retrieved from /opt/airflow/dags/2_load_data.py
[2025-03-10T07:48:50.900+0000] {logging_mixin.py:149} INFO - [2025-03-10T07:48:50.900+0000] {dag.py:2726} INFO - Sync 1 DAGs
[2025-03-10T07:48:50.924+0000] {logging_mixin.py:149} INFO - [2025-03-10T07:48:50.924+0000] {dag.py:3490} INFO - Setting next_dagrun for load_csv_to_mysql to None, run_after=None
[2025-03-10T07:48:50.943+0000] {processor.py:178} INFO - Processing /opt/airflow/dags/2_load_data.py took 0.460 seconds
[2025-03-10T07:49:21.724+0000] {processor.py:156} INFO - Started process (PID=148) to work on /opt/airflow/dags/2_load_data.py
[2025-03-10T07:49:21.728+0000] {processor.py:799} INFO - Processing file /opt/airflow/dags/2_load_data.py for tasks to queue
[2025-03-10T07:49:21.729+0000] {logging_mixin.py:149} INFO - [2025-03-10T07:49:21.729+0000] {dagbag.py:541} INFO - Filling up the DagBag from /opt/airflow/dags/2_load_data.py
[2025-03-10T07:49:22.104+0000] {processor.py:809} INFO - DAG(s) dict_keys(['load_csv_to_mysql']) retrieved from /opt/airflow/dags/2_load_data.py
[2025-03-10T07:49:22.127+0000] {logging_mixin.py:149} INFO - [2025-03-10T07:49:22.127+0000] {dag.py:2726} INFO - Sync 1 DAGs
[2025-03-10T07:49:22.150+0000] {logging_mixin.py:149} INFO - [2025-03-10T07:49:22.150+0000] {dag.py:3490} INFO - Setting next_dagrun for load_csv_to_mysql to None, run_after=None
[2025-03-10T07:49:22.174+0000] {processor.py:178} INFO - Processing /opt/airflow/dags/2_load_data.py took 0.453 seconds
[2025-03-10T07:49:52.955+0000] {processor.py:156} INFO - Started process (PID=173) to work on /opt/airflow/dags/2_load_data.py
[2025-03-10T07:49:52.956+0000] {processor.py:799} INFO - Processing file /opt/airflow/dags/2_load_data.py for tasks to queue
[2025-03-10T07:49:52.957+0000] {logging_mixin.py:149} INFO - [2025-03-10T07:49:52.956+0000] {dagbag.py:541} INFO - Filling up the DagBag from /opt/airflow/dags/2_load_data.py
[2025-03-10T07:49:53.292+0000] {processor.py:809} INFO - DAG(s) dict_keys(['load_csv_to_mysql']) retrieved from /opt/airflow/dags/2_load_data.py
[2025-03-10T07:49:53.315+0000] {logging_mixin.py:149} INFO - [2025-03-10T07:49:53.315+0000] {dag.py:2726} INFO - Sync 1 DAGs
[2025-03-10T07:49:53.339+0000] {logging_mixin.py:149} INFO - [2025-03-10T07:49:53.339+0000] {dag.py:3490} INFO - Setting next_dagrun for load_csv_to_mysql to None, run_after=None
[2025-03-10T07:49:53.357+0000] {processor.py:178} INFO - Processing /opt/airflow/dags/2_load_data.py took 0.405 seconds
[2025-03-10T07:50:24.193+0000] {processor.py:156} INFO - Started process (PID=198) to work on /opt/airflow/dags/2_load_data.py
[2025-03-10T07:50:24.198+0000] {processor.py:799} INFO - Processing file /opt/airflow/dags/2_load_data.py for tasks to queue
[2025-03-10T07:50:24.198+0000] {logging_mixin.py:149} INFO - [2025-03-10T07:50:24.198+0000] {dagbag.py:541} INFO - Filling up the DagBag from /opt/airflow/dags/2_load_data.py
[2025-03-10T07:50:24.515+0000] {processor.py:809} INFO - DAG(s) dict_keys(['load_csv_to_mysql']) retrieved from /opt/airflow/dags/2_load_data.py
[2025-03-10T07:50:24.538+0000] {logging_mixin.py:149} INFO - [2025-03-10T07:50:24.538+0000] {dag.py:2726} INFO - Sync 1 DAGs
[2025-03-10T07:50:24.562+0000] {logging_mixin.py:149} INFO - [2025-03-10T07:50:24.562+0000] {dag.py:3490} INFO - Setting next_dagrun for load_csv_to_mysql to None, run_after=None
[2025-03-10T07:50:24.583+0000] {processor.py:178} INFO - Processing /opt/airflow/dags/2_load_data.py took 0.393 seconds
[2025-03-10T07:50:55.441+0000] {processor.py:156} INFO - Started process (PID=223) to work on /opt/airflow/dags/2_load_data.py
[2025-03-10T07:50:55.447+0000] {processor.py:799} INFO - Processing file /opt/airflow/dags/2_load_data.py for tasks to queue
[2025-03-10T07:50:55.448+0000] {logging_mixin.py:149} INFO - [2025-03-10T07:50:55.447+0000] {dagbag.py:541} INFO - Filling up the DagBag from /opt/airflow/dags/2_load_data.py
[2025-03-10T07:50:55.767+0000] {processor.py:809} INFO - DAG(s) dict_keys(['load_csv_to_mysql']) retrieved from /opt/airflow/dags/2_load_data.py
[2025-03-10T07:50:55.791+0000] {logging_mixin.py:149} INFO - [2025-03-10T07:50:55.791+0000] {dag.py:2726} INFO - Sync 1 DAGs
[2025-03-10T07:50:55.815+0000] {logging_mixin.py:149} INFO - [2025-03-10T07:50:55.815+0000] {dag.py:3490} INFO - Setting next_dagrun for load_csv_to_mysql to None, run_after=None
[2025-03-10T07:50:55.832+0000] {processor.py:178} INFO - Processing /opt/airflow/dags/2_load_data.py took 0.394 seconds
[2025-03-10T07:51:26.681+0000] {processor.py:156} INFO - Started process (PID=248) to work on /opt/airflow/dags/2_load_data.py
[2025-03-10T07:51:26.686+0000] {processor.py:799} INFO - Processing file /opt/airflow/dags/2_load_data.py for tasks to queue
[2025-03-10T07:51:26.687+0000] {logging_mixin.py:149} INFO - [2025-03-10T07:51:26.687+0000] {dagbag.py:541} INFO - Filling up the DagBag from /opt/airflow/dags/2_load_data.py
[2025-03-10T07:51:27.005+0000] {processor.py:809} INFO - DAG(s) dict_keys(['load_csv_to_mysql']) retrieved from /opt/airflow/dags/2_load_data.py
[2025-03-10T07:51:27.029+0000] {logging_mixin.py:149} INFO - [2025-03-10T07:51:27.029+0000] {dag.py:2726} INFO - Sync 1 DAGs
[2025-03-10T07:51:27.053+0000] {logging_mixin.py:149} INFO - [2025-03-10T07:51:27.053+0000] {dag.py:3490} INFO - Setting next_dagrun for load_csv_to_mysql to None, run_after=None
[2025-03-10T07:51:27.075+0000] {processor.py:178} INFO - Processing /opt/airflow/dags/2_load_data.py took 0.397 seconds
[2025-03-10T07:51:57.910+0000] {processor.py:156} INFO - Started process (PID=273) to work on /opt/airflow/dags/2_load_data.py
[2025-03-10T07:51:57.915+0000] {processor.py:799} INFO - Processing file /opt/airflow/dags/2_load_data.py for tasks to queue
[2025-03-10T07:51:57.916+0000] {logging_mixin.py:149} INFO - [2025-03-10T07:51:57.916+0000] {dagbag.py:541} INFO - Filling up the DagBag from /opt/airflow/dags/2_load_data.py
[2025-03-10T07:51:58.239+0000] {processor.py:809} INFO - DAG(s) dict_keys(['load_csv_to_mysql']) retrieved from /opt/airflow/dags/2_load_data.py
[2025-03-10T07:51:58.262+0000] {logging_mixin.py:149} INFO - [2025-03-10T07:51:58.262+0000] {dag.py:2726} INFO - Sync 1 DAGs
[2025-03-10T07:51:58.283+0000] {logging_mixin.py:149} INFO - [2025-03-10T07:51:58.283+0000] {dag.py:3490} INFO - Setting next_dagrun for load_csv_to_mysql to None, run_after=None
[2025-03-10T07:51:58.304+0000] {processor.py:178} INFO - Processing /opt/airflow/dags/2_load_data.py took 0.396 seconds
[2025-03-10T07:52:29.146+0000] {processor.py:156} INFO - Started process (PID=298) to work on /opt/airflow/dags/2_load_data.py
[2025-03-10T07:52:29.147+0000] {processor.py:799} INFO - Processing file /opt/airflow/dags/2_load_data.py for tasks to queue
[2025-03-10T07:52:29.147+0000] {logging_mixin.py:149} INFO - [2025-03-10T07:52:29.147+0000] {dagbag.py:541} INFO - Filling up the DagBag from /opt/airflow/dags/2_load_data.py
[2025-03-10T07:52:29.473+0000] {processor.py:809} INFO - DAG(s) dict_keys(['load_csv_to_mysql']) retrieved from /opt/airflow/dags/2_load_data.py
[2025-03-10T07:52:29.497+0000] {logging_mixin.py:149} INFO - [2025-03-10T07:52:29.497+0000] {dag.py:2726} INFO - Sync 1 DAGs
[2025-03-10T07:52:29.521+0000] {logging_mixin.py:149} INFO - [2025-03-10T07:52:29.521+0000] {dag.py:3490} INFO - Setting next_dagrun for load_csv_to_mysql to None, run_after=None
[2025-03-10T07:52:29.543+0000] {processor.py:178} INFO - Processing /opt/airflow/dags/2_load_data.py took 0.401 seconds
[2025-03-10T07:53:00.390+0000] {processor.py:156} INFO - Started process (PID=323) to work on /opt/airflow/dags/2_load_data.py
[2025-03-10T07:53:00.395+0000] {processor.py:799} INFO - Processing file /opt/airflow/dags/2_load_data.py for tasks to queue
[2025-03-10T07:53:00.396+0000] {logging_mixin.py:149} INFO - [2025-03-10T07:53:00.396+0000] {dagbag.py:541} INFO - Filling up the DagBag from /opt/airflow/dags/2_load_data.py
[2025-03-10T07:53:00.743+0000] {processor.py:809} INFO - DAG(s) dict_keys(['load_csv_to_mysql']) retrieved from /opt/airflow/dags/2_load_data.py
[2025-03-10T07:53:00.767+0000] {logging_mixin.py:149} INFO - [2025-03-10T07:53:00.766+0000] {dag.py:2726} INFO - Sync 1 DAGs
[2025-03-10T07:53:00.790+0000] {logging_mixin.py:149} INFO - [2025-03-10T07:53:00.790+0000] {dag.py:3490} INFO - Setting next_dagrun for load_csv_to_mysql to None, run_after=None
[2025-03-10T07:53:00.813+0000] {processor.py:178} INFO - Processing /opt/airflow/dags/2_load_data.py took 0.426 seconds
[2025-03-10T07:53:31.638+0000] {processor.py:156} INFO - Started process (PID=348) to work on /opt/airflow/dags/2_load_data.py
[2025-03-10T07:53:31.642+0000] {processor.py:799} INFO - Processing file /opt/airflow/dags/2_load_data.py for tasks to queue
[2025-03-10T07:53:31.644+0000] {logging_mixin.py:149} INFO - [2025-03-10T07:53:31.643+0000] {dagbag.py:541} INFO - Filling up the DagBag from /opt/airflow/dags/2_load_data.py
[2025-03-10T07:53:31.975+0000] {processor.py:809} INFO - DAG(s) dict_keys(['load_csv_to_mysql']) retrieved from /opt/airflow/dags/2_load_data.py
[2025-03-10T07:53:31.999+0000] {logging_mixin.py:149} INFO - [2025-03-10T07:53:31.998+0000] {dag.py:2726} INFO - Sync 1 DAGs
[2025-03-10T07:53:32.023+0000] {logging_mixin.py:149} INFO - [2025-03-10T07:53:32.023+0000] {dag.py:3490} INFO - Setting next_dagrun for load_csv_to_mysql to None, run_after=None
[2025-03-10T07:53:32.042+0000] {processor.py:178} INFO - Processing /opt/airflow/dags/2_load_data.py took 0.407 seconds
[2025-03-10T07:54:02.872+0000] {processor.py:156} INFO - Started process (PID=373) to work on /opt/airflow/dags/2_load_data.py
[2025-03-10T07:54:02.877+0000] {processor.py:799} INFO - Processing file /opt/airflow/dags/2_load_data.py for tasks to queue
[2025-03-10T07:54:02.878+0000] {logging_mixin.py:149} INFO - [2025-03-10T07:54:02.878+0000] {dagbag.py:541} INFO - Filling up the DagBag from /opt/airflow/dags/2_load_data.py
[2025-03-10T07:54:03.198+0000] {processor.py:809} INFO - DAG(s) dict_keys(['load_csv_to_mysql']) retrieved from /opt/airflow/dags/2_load_data.py
[2025-03-10T07:54:03.222+0000] {logging_mixin.py:149} INFO - [2025-03-10T07:54:03.222+0000] {dag.py:2726} INFO - Sync 1 DAGs
[2025-03-10T07:54:03.247+0000] {logging_mixin.py:149} INFO - [2025-03-10T07:54:03.247+0000] {dag.py:3490} INFO - Setting next_dagrun for load_csv_to_mysql to None, run_after=None
[2025-03-10T07:54:03.270+0000] {processor.py:178} INFO - Processing /opt/airflow/dags/2_load_data.py took 0.401 seconds
[2025-03-10T07:54:34.107+0000] {processor.py:156} INFO - Started process (PID=398) to work on /opt/airflow/dags/2_load_data.py
[2025-03-10T07:54:34.112+0000] {processor.py:799} INFO - Processing file /opt/airflow/dags/2_load_data.py for tasks to queue
[2025-03-10T07:54:34.113+0000] {logging_mixin.py:149} INFO - [2025-03-10T07:54:34.113+0000] {dagbag.py:541} INFO - Filling up the DagBag from /opt/airflow/dags/2_load_data.py
[2025-03-10T07:54:34.440+0000] {processor.py:809} INFO - DAG(s) dict_keys(['load_csv_to_mysql']) retrieved from /opt/airflow/dags/2_load_data.py
[2025-03-10T07:54:34.465+0000] {logging_mixin.py:149} INFO - [2025-03-10T07:54:34.465+0000] {dag.py:2726} INFO - Sync 1 DAGs
[2025-03-10T07:54:34.488+0000] {logging_mixin.py:149} INFO - [2025-03-10T07:54:34.488+0000] {dag.py:3490} INFO - Setting next_dagrun for load_csv_to_mysql to None, run_after=None
[2025-03-10T07:54:34.510+0000] {processor.py:178} INFO - Processing /opt/airflow/dags/2_load_data.py took 0.406 seconds
[2025-03-10T07:55:05.342+0000] {processor.py:156} INFO - Started process (PID=423) to work on /opt/airflow/dags/2_load_data.py
[2025-03-10T07:55:05.343+0000] {processor.py:799} INFO - Processing file /opt/airflow/dags/2_load_data.py for tasks to queue
[2025-03-10T07:55:05.344+0000] {logging_mixin.py:149} INFO - [2025-03-10T07:55:05.344+0000] {dagbag.py:541} INFO - Filling up the DagBag from /opt/airflow/dags/2_load_data.py
[2025-03-10T07:55:05.671+0000] {processor.py:809} INFO - DAG(s) dict_keys(['load_csv_to_mysql']) retrieved from /opt/airflow/dags/2_load_data.py
[2025-03-10T07:55:05.696+0000] {logging_mixin.py:149} INFO - [2025-03-10T07:55:05.695+0000] {dag.py:2726} INFO - Sync 1 DAGs
[2025-03-10T07:55:05.719+0000] {logging_mixin.py:149} INFO - [2025-03-10T07:55:05.719+0000] {dag.py:3490} INFO - Setting next_dagrun for load_csv_to_mysql to None, run_after=None
[2025-03-10T07:55:05.742+0000] {processor.py:178} INFO - Processing /opt/airflow/dags/2_load_data.py took 0.403 seconds
[2025-03-10T07:55:36.575+0000] {processor.py:156} INFO - Started process (PID=448) to work on /opt/airflow/dags/2_load_data.py
[2025-03-10T07:55:36.576+0000] {processor.py:799} INFO - Processing file /opt/airflow/dags/2_load_data.py for tasks to queue
[2025-03-10T07:55:36.577+0000] {logging_mixin.py:149} INFO - [2025-03-10T07:55:36.577+0000] {dagbag.py:541} INFO - Filling up the DagBag from /opt/airflow/dags/2_load_data.py
[2025-03-10T07:55:36.902+0000] {processor.py:809} INFO - DAG(s) dict_keys(['load_csv_to_mysql']) retrieved from /opt/airflow/dags/2_load_data.py
[2025-03-10T07:55:36.926+0000] {logging_mixin.py:149} INFO - [2025-03-10T07:55:36.926+0000] {dag.py:2726} INFO - Sync 1 DAGs
[2025-03-10T07:55:36.949+0000] {logging_mixin.py:149} INFO - [2025-03-10T07:55:36.949+0000] {dag.py:3490} INFO - Setting next_dagrun for load_csv_to_mysql to None, run_after=None
[2025-03-10T07:55:36.972+0000] {processor.py:178} INFO - Processing /opt/airflow/dags/2_load_data.py took 0.400 seconds
[2025-03-10T07:56:07.820+0000] {processor.py:156} INFO - Started process (PID=473) to work on /opt/airflow/dags/2_load_data.py
[2025-03-10T07:56:07.826+0000] {processor.py:799} INFO - Processing file /opt/airflow/dags/2_load_data.py for tasks to queue
[2025-03-10T07:56:07.827+0000] {logging_mixin.py:149} INFO - [2025-03-10T07:56:07.827+0000] {dagbag.py:541} INFO - Filling up the DagBag from /opt/airflow/dags/2_load_data.py
[2025-03-10T07:56:08.155+0000] {processor.py:809} INFO - DAG(s) dict_keys(['load_csv_to_mysql']) retrieved from /opt/airflow/dags/2_load_data.py
[2025-03-10T07:56:08.178+0000] {logging_mixin.py:149} INFO - [2025-03-10T07:56:08.178+0000] {dag.py:2726} INFO - Sync 1 DAGs
[2025-03-10T07:56:08.202+0000] {logging_mixin.py:149} INFO - [2025-03-10T07:56:08.202+0000] {dag.py:3490} INFO - Setting next_dagrun for load_csv_to_mysql to None, run_after=None
[2025-03-10T07:56:08.224+0000] {processor.py:178} INFO - Processing /opt/airflow/dags/2_load_data.py took 0.406 seconds
[2025-03-10T07:56:39.054+0000] {processor.py:156} INFO - Started process (PID=498) to work on /opt/airflow/dags/2_load_data.py
[2025-03-10T07:56:39.059+0000] {processor.py:799} INFO - Processing file /opt/airflow/dags/2_load_data.py for tasks to queue
[2025-03-10T07:56:39.059+0000] {logging_mixin.py:149} INFO - [2025-03-10T07:56:39.059+0000] {dagbag.py:541} INFO - Filling up the DagBag from /opt/airflow/dags/2_load_data.py
[2025-03-10T07:56:39.376+0000] {processor.py:809} INFO - DAG(s) dict_keys(['load_csv_to_mysql']) retrieved from /opt/airflow/dags/2_load_data.py
[2025-03-10T07:56:39.399+0000] {logging_mixin.py:149} INFO - [2025-03-10T07:56:39.398+0000] {dag.py:2726} INFO - Sync 1 DAGs
[2025-03-10T07:56:39.422+0000] {logging_mixin.py:149} INFO - [2025-03-10T07:56:39.422+0000] {dag.py:3490} INFO - Setting next_dagrun for load_csv_to_mysql to None, run_after=None
[2025-03-10T07:56:39.445+0000] {processor.py:178} INFO - Processing /opt/airflow/dags/2_load_data.py took 0.394 seconds
[2025-03-10T07:57:10.290+0000] {processor.py:156} INFO - Started process (PID=523) to work on /opt/airflow/dags/2_load_data.py
[2025-03-10T07:57:10.295+0000] {processor.py:799} INFO - Processing file /opt/airflow/dags/2_load_data.py for tasks to queue
[2025-03-10T07:57:10.296+0000] {logging_mixin.py:149} INFO - [2025-03-10T07:57:10.296+0000] {dagbag.py:541} INFO - Filling up the DagBag from /opt/airflow/dags/2_load_data.py
[2025-03-10T07:57:10.614+0000] {processor.py:809} INFO - DAG(s) dict_keys(['load_csv_to_mysql']) retrieved from /opt/airflow/dags/2_load_data.py
[2025-03-10T07:57:10.639+0000] {logging_mixin.py:149} INFO - [2025-03-10T07:57:10.639+0000] {dag.py:2726} INFO - Sync 1 DAGs
[2025-03-10T07:57:10.664+0000] {logging_mixin.py:149} INFO - [2025-03-10T07:57:10.664+0000] {dag.py:3490} INFO - Setting next_dagrun for load_csv_to_mysql to None, run_after=None
[2025-03-10T07:57:10.688+0000] {processor.py:178} INFO - Processing /opt/airflow/dags/2_load_data.py took 0.401 seconds
[2025-03-10T07:57:41.539+0000] {processor.py:156} INFO - Started process (PID=548) to work on /opt/airflow/dags/2_load_data.py
[2025-03-10T07:57:41.544+0000] {processor.py:799} INFO - Processing file /opt/airflow/dags/2_load_data.py for tasks to queue
[2025-03-10T07:57:41.545+0000] {logging_mixin.py:149} INFO - [2025-03-10T07:57:41.544+0000] {dagbag.py:541} INFO - Filling up the DagBag from /opt/airflow/dags/2_load_data.py
[2025-03-10T07:57:41.878+0000] {processor.py:809} INFO - DAG(s) dict_keys(['load_csv_to_mysql']) retrieved from /opt/airflow/dags/2_load_data.py
[2025-03-10T07:57:41.903+0000] {logging_mixin.py:149} INFO - [2025-03-10T07:57:41.903+0000] {dag.py:2726} INFO - Sync 1 DAGs
[2025-03-10T07:57:41.927+0000] {logging_mixin.py:149} INFO - [2025-03-10T07:57:41.926+0000] {dag.py:3490} INFO - Setting next_dagrun for load_csv_to_mysql to None, run_after=None
[2025-03-10T07:57:41.949+0000] {processor.py:178} INFO - Processing /opt/airflow/dags/2_load_data.py took 0.413 seconds
[2025-03-10T07:58:12.773+0000] {processor.py:156} INFO - Started process (PID=573) to work on /opt/airflow/dags/2_load_data.py
[2025-03-10T07:58:12.778+0000] {processor.py:799} INFO - Processing file /opt/airflow/dags/2_load_data.py for tasks to queue
[2025-03-10T07:58:12.778+0000] {logging_mixin.py:149} INFO - [2025-03-10T07:58:12.778+0000] {dagbag.py:541} INFO - Filling up the DagBag from /opt/airflow/dags/2_load_data.py
[2025-03-10T07:58:13.110+0000] {processor.py:809} INFO - DAG(s) dict_keys(['load_csv_to_mysql']) retrieved from /opt/airflow/dags/2_load_data.py
[2025-03-10T07:58:13.136+0000] {logging_mixin.py:149} INFO - [2025-03-10T07:58:13.135+0000] {dag.py:2726} INFO - Sync 1 DAGs
[2025-03-10T07:58:13.159+0000] {logging_mixin.py:149} INFO - [2025-03-10T07:58:13.158+0000] {dag.py:3490} INFO - Setting next_dagrun for load_csv_to_mysql to None, run_after=None
[2025-03-10T07:58:13.179+0000] {processor.py:178} INFO - Processing /opt/airflow/dags/2_load_data.py took 0.409 seconds
[2025-03-10T07:58:44.001+0000] {processor.py:156} INFO - Started process (PID=598) to work on /opt/airflow/dags/2_load_data.py
[2025-03-10T07:58:44.002+0000] {processor.py:799} INFO - Processing file /opt/airflow/dags/2_load_data.py for tasks to queue
[2025-03-10T07:58:44.002+0000] {logging_mixin.py:149} INFO - [2025-03-10T07:58:44.002+0000] {dagbag.py:541} INFO - Filling up the DagBag from /opt/airflow/dags/2_load_data.py
[2025-03-10T07:58:44.324+0000] {processor.py:809} INFO - DAG(s) dict_keys(['load_csv_to_mysql']) retrieved from /opt/airflow/dags/2_load_data.py
[2025-03-10T07:58:44.348+0000] {logging_mixin.py:149} INFO - [2025-03-10T07:58:44.347+0000] {dag.py:2726} INFO - Sync 1 DAGs
[2025-03-10T07:58:44.370+0000] {logging_mixin.py:149} INFO - [2025-03-10T07:58:44.370+0000] {dag.py:3490} INFO - Setting next_dagrun for load_csv_to_mysql to None, run_after=None
[2025-03-10T07:58:44.388+0000] {processor.py:178} INFO - Processing /opt/airflow/dags/2_load_data.py took 0.390 seconds
[2025-03-10T07:59:15.225+0000] {processor.py:156} INFO - Started process (PID=623) to work on /opt/airflow/dags/2_load_data.py
[2025-03-10T07:59:15.230+0000] {processor.py:799} INFO - Processing file /opt/airflow/dags/2_load_data.py for tasks to queue
[2025-03-10T07:59:15.231+0000] {logging_mixin.py:149} INFO - [2025-03-10T07:59:15.231+0000] {dagbag.py:541} INFO - Filling up the DagBag from /opt/airflow/dags/2_load_data.py
[2025-03-10T07:59:15.557+0000] {processor.py:809} INFO - DAG(s) dict_keys(['load_csv_to_mysql']) retrieved from /opt/airflow/dags/2_load_data.py
[2025-03-10T07:59:15.580+0000] {logging_mixin.py:149} INFO - [2025-03-10T07:59:15.580+0000] {dag.py:2726} INFO - Sync 1 DAGs
[2025-03-10T07:59:15.605+0000] {logging_mixin.py:149} INFO - [2025-03-10T07:59:15.605+0000] {dag.py:3490} INFO - Setting next_dagrun for load_csv_to_mysql to None, run_after=None
[2025-03-10T07:59:15.622+0000] {processor.py:178} INFO - Processing /opt/airflow/dags/2_load_data.py took 0.400 seconds
[2025-03-10T07:59:46.446+0000] {processor.py:156} INFO - Started process (PID=648) to work on /opt/airflow/dags/2_load_data.py
[2025-03-10T07:59:46.451+0000] {processor.py:799} INFO - Processing file /opt/airflow/dags/2_load_data.py for tasks to queue
[2025-03-10T07:59:46.451+0000] {logging_mixin.py:149} INFO - [2025-03-10T07:59:46.451+0000] {dagbag.py:541} INFO - Filling up the DagBag from /opt/airflow/dags/2_load_data.py
[2025-03-10T07:59:46.788+0000] {processor.py:809} INFO - DAG(s) dict_keys(['load_csv_to_mysql']) retrieved from /opt/airflow/dags/2_load_data.py
[2025-03-10T07:59:46.811+0000] {logging_mixin.py:149} INFO - [2025-03-10T07:59:46.811+0000] {dag.py:2726} INFO - Sync 1 DAGs
[2025-03-10T07:59:46.836+0000] {logging_mixin.py:149} INFO - [2025-03-10T07:59:46.836+0000] {dag.py:3490} INFO - Setting next_dagrun for load_csv_to_mysql to None, run_after=None
[2025-03-10T07:59:46.859+0000] {processor.py:178} INFO - Processing /opt/airflow/dags/2_load_data.py took 0.416 seconds
[2025-03-10T08:00:17.686+0000] {processor.py:156} INFO - Started process (PID=673) to work on /opt/airflow/dags/2_load_data.py
[2025-03-10T08:00:17.690+0000] {processor.py:799} INFO - Processing file /opt/airflow/dags/2_load_data.py for tasks to queue
[2025-03-10T08:00:17.691+0000] {logging_mixin.py:149} INFO - [2025-03-10T08:00:17.691+0000] {dagbag.py:541} INFO - Filling up the DagBag from /opt/airflow/dags/2_load_data.py
[2025-03-10T08:00:18.022+0000] {processor.py:809} INFO - DAG(s) dict_keys(['load_csv_to_mysql']) retrieved from /opt/airflow/dags/2_load_data.py
[2025-03-10T08:00:18.046+0000] {logging_mixin.py:149} INFO - [2025-03-10T08:00:18.046+0000] {dag.py:2726} INFO - Sync 1 DAGs
[2025-03-10T08:00:18.071+0000] {logging_mixin.py:149} INFO - [2025-03-10T08:00:18.071+0000] {dag.py:3490} INFO - Setting next_dagrun for load_csv_to_mysql to None, run_after=None
[2025-03-10T08:00:18.088+0000] {processor.py:178} INFO - Processing /opt/airflow/dags/2_load_data.py took 0.406 seconds
[2025-03-10T08:00:48.910+0000] {processor.py:156} INFO - Started process (PID=699) to work on /opt/airflow/dags/2_load_data.py
[2025-03-10T08:00:48.915+0000] {processor.py:799} INFO - Processing file /opt/airflow/dags/2_load_data.py for tasks to queue
[2025-03-10T08:00:48.917+0000] {logging_mixin.py:149} INFO - [2025-03-10T08:00:48.917+0000] {dagbag.py:541} INFO - Filling up the DagBag from /opt/airflow/dags/2_load_data.py
[2025-03-10T08:00:49.249+0000] {processor.py:809} INFO - DAG(s) dict_keys(['load_csv_to_mysql']) retrieved from /opt/airflow/dags/2_load_data.py
[2025-03-10T08:00:49.273+0000] {logging_mixin.py:149} INFO - [2025-03-10T08:00:49.273+0000] {dag.py:2726} INFO - Sync 1 DAGs
[2025-03-10T08:00:49.297+0000] {logging_mixin.py:149} INFO - [2025-03-10T08:00:49.297+0000] {dag.py:3490} INFO - Setting next_dagrun for load_csv_to_mysql to None, run_after=None
[2025-03-10T08:00:49.320+0000] {processor.py:178} INFO - Processing /opt/airflow/dags/2_load_data.py took 0.413 seconds
[2025-03-10T08:01:20.131+0000] {processor.py:156} INFO - Started process (PID=731) to work on /opt/airflow/dags/2_load_data.py
[2025-03-10T08:01:20.135+0000] {processor.py:799} INFO - Processing file /opt/airflow/dags/2_load_data.py for tasks to queue
[2025-03-10T08:01:20.136+0000] {logging_mixin.py:149} INFO - [2025-03-10T08:01:20.136+0000] {dagbag.py:541} INFO - Filling up the DagBag from /opt/airflow/dags/2_load_data.py
[2025-03-10T08:01:20.456+0000] {processor.py:809} INFO - DAG(s) dict_keys(['load_csv_to_mysql']) retrieved from /opt/airflow/dags/2_load_data.py
[2025-03-10T08:01:20.481+0000] {logging_mixin.py:149} INFO - [2025-03-10T08:01:20.481+0000] {dag.py:2726} INFO - Sync 1 DAGs
[2025-03-10T08:01:20.504+0000] {logging_mixin.py:149} INFO - [2025-03-10T08:01:20.504+0000] {dag.py:3490} INFO - Setting next_dagrun for load_csv_to_mysql to None, run_after=None
[2025-03-10T08:01:20.526+0000] {processor.py:178} INFO - Processing /opt/airflow/dags/2_load_data.py took 0.399 seconds
[2025-03-10T08:01:51.359+0000] {processor.py:156} INFO - Started process (PID=756) to work on /opt/airflow/dags/2_load_data.py
[2025-03-10T08:01:51.364+0000] {processor.py:799} INFO - Processing file /opt/airflow/dags/2_load_data.py for tasks to queue
[2025-03-10T08:01:51.364+0000] {logging_mixin.py:149} INFO - [2025-03-10T08:01:51.364+0000] {dagbag.py:541} INFO - Filling up the DagBag from /opt/airflow/dags/2_load_data.py
[2025-03-10T08:01:51.681+0000] {processor.py:809} INFO - DAG(s) dict_keys(['load_csv_to_mysql']) retrieved from /opt/airflow/dags/2_load_data.py
[2025-03-10T08:01:51.707+0000] {logging_mixin.py:149} INFO - [2025-03-10T08:01:51.706+0000] {dag.py:2726} INFO - Sync 1 DAGs
[2025-03-10T08:01:51.730+0000] {logging_mixin.py:149} INFO - [2025-03-10T08:01:51.730+0000] {dag.py:3490} INFO - Setting next_dagrun for load_csv_to_mysql to None, run_after=None
[2025-03-10T08:01:51.754+0000] {processor.py:178} INFO - Processing /opt/airflow/dags/2_load_data.py took 0.399 seconds
[2025-03-10T08:02:22.626+0000] {processor.py:156} INFO - Started process (PID=781) to work on /opt/airflow/dags/2_load_data.py
[2025-03-10T08:02:22.630+0000] {processor.py:799} INFO - Processing file /opt/airflow/dags/2_load_data.py for tasks to queue
[2025-03-10T08:02:22.630+0000] {logging_mixin.py:149} INFO - [2025-03-10T08:02:22.630+0000] {dagbag.py:541} INFO - Filling up the DagBag from /opt/airflow/dags/2_load_data.py
[2025-03-10T08:02:22.950+0000] {processor.py:809} INFO - DAG(s) dict_keys(['load_csv_to_mysql']) retrieved from /opt/airflow/dags/2_load_data.py
[2025-03-10T08:02:22.973+0000] {logging_mixin.py:149} INFO - [2025-03-10T08:02:22.973+0000] {dag.py:2726} INFO - Sync 1 DAGs
[2025-03-10T08:02:22.997+0000] {logging_mixin.py:149} INFO - [2025-03-10T08:02:22.997+0000] {dag.py:3490} INFO - Setting next_dagrun for load_csv_to_mysql to None, run_after=None
[2025-03-10T08:02:23.015+0000] {processor.py:178} INFO - Processing /opt/airflow/dags/2_load_data.py took 0.392 seconds
[2025-03-10T08:02:53.831+0000] {processor.py:156} INFO - Started process (PID=806) to work on /opt/airflow/dags/2_load_data.py
[2025-03-10T08:02:53.832+0000] {processor.py:799} INFO - Processing file /opt/airflow/dags/2_load_data.py for tasks to queue
[2025-03-10T08:02:53.833+0000] {logging_mixin.py:149} INFO - [2025-03-10T08:02:53.833+0000] {dagbag.py:541} INFO - Filling up the DagBag from /opt/airflow/dags/2_load_data.py
[2025-03-10T08:02:54.179+0000] {processor.py:809} INFO - DAG(s) dict_keys(['load_csv_to_mysql']) retrieved from /opt/airflow/dags/2_load_data.py
[2025-03-10T08:02:54.203+0000] {logging_mixin.py:149} INFO - [2025-03-10T08:02:54.203+0000] {dag.py:2726} INFO - Sync 1 DAGs
[2025-03-10T08:02:54.226+0000] {logging_mixin.py:149} INFO - [2025-03-10T08:02:54.226+0000] {dag.py:3490} INFO - Setting next_dagrun for load_csv_to_mysql to None, run_after=None
[2025-03-10T08:02:54.248+0000] {processor.py:178} INFO - Processing /opt/airflow/dags/2_load_data.py took 0.421 seconds
[2025-03-10T08:03:25.124+0000] {processor.py:156} INFO - Started process (PID=832) to work on /opt/airflow/dags/2_load_data.py
[2025-03-10T08:03:25.128+0000] {processor.py:799} INFO - Processing file /opt/airflow/dags/2_load_data.py for tasks to queue
[2025-03-10T08:03:25.129+0000] {logging_mixin.py:149} INFO - [2025-03-10T08:03:25.129+0000] {dagbag.py:541} INFO - Filling up the DagBag from /opt/airflow/dags/2_load_data.py
[2025-03-10T08:03:25.484+0000] {processor.py:809} INFO - DAG(s) dict_keys(['load_csv_to_mysql']) retrieved from /opt/airflow/dags/2_load_data.py
[2025-03-10T08:03:25.509+0000] {logging_mixin.py:149} INFO - [2025-03-10T08:03:25.508+0000] {dag.py:2726} INFO - Sync 1 DAGs
[2025-03-10T08:03:25.533+0000] {logging_mixin.py:149} INFO - [2025-03-10T08:03:25.532+0000] {dag.py:3490} INFO - Setting next_dagrun for load_csv_to_mysql to None, run_after=None
[2025-03-10T08:03:25.553+0000] {processor.py:178} INFO - Processing /opt/airflow/dags/2_load_data.py took 0.433 seconds
[2025-03-10T08:03:56.368+0000] {processor.py:156} INFO - Started process (PID=857) to work on /opt/airflow/dags/2_load_data.py
[2025-03-10T08:03:56.369+0000] {processor.py:799} INFO - Processing file /opt/airflow/dags/2_load_data.py for tasks to queue
[2025-03-10T08:03:56.369+0000] {logging_mixin.py:149} INFO - [2025-03-10T08:03:56.369+0000] {dagbag.py:541} INFO - Filling up the DagBag from /opt/airflow/dags/2_load_data.py
[2025-03-10T08:03:56.716+0000] {processor.py:809} INFO - DAG(s) dict_keys(['load_csv_to_mysql']) retrieved from /opt/airflow/dags/2_load_data.py
[2025-03-10T08:03:56.740+0000] {logging_mixin.py:149} INFO - [2025-03-10T08:03:56.740+0000] {dag.py:2726} INFO - Sync 1 DAGs
[2025-03-10T08:03:56.765+0000] {logging_mixin.py:149} INFO - [2025-03-10T08:03:56.764+0000] {dag.py:3490} INFO - Setting next_dagrun for load_csv_to_mysql to None, run_after=None
[2025-03-10T08:03:56.782+0000] {processor.py:178} INFO - Processing /opt/airflow/dags/2_load_data.py took 0.416 seconds
[2025-03-10T08:04:27.608+0000] {processor.py:156} INFO - Started process (PID=882) to work on /opt/airflow/dags/2_load_data.py
[2025-03-10T08:04:27.613+0000] {processor.py:799} INFO - Processing file /opt/airflow/dags/2_load_data.py for tasks to queue
[2025-03-10T08:04:27.614+0000] {logging_mixin.py:149} INFO - [2025-03-10T08:04:27.614+0000] {dagbag.py:541} INFO - Filling up the DagBag from /opt/airflow/dags/2_load_data.py
[2025-03-10T08:04:27.943+0000] {processor.py:809} INFO - DAG(s) dict_keys(['load_csv_to_mysql']) retrieved from /opt/airflow/dags/2_load_data.py
[2025-03-10T08:04:27.967+0000] {logging_mixin.py:149} INFO - [2025-03-10T08:04:27.966+0000] {dag.py:2726} INFO - Sync 1 DAGs
[2025-03-10T08:04:27.990+0000] {logging_mixin.py:149} INFO - [2025-03-10T08:04:27.990+0000] {dag.py:3490} INFO - Setting next_dagrun for load_csv_to_mysql to None, run_after=None
[2025-03-10T08:04:28.013+0000] {processor.py:178} INFO - Processing /opt/airflow/dags/2_load_data.py took 0.407 seconds
[2025-03-10T08:04:58.845+0000] {processor.py:156} INFO - Started process (PID=907) to work on /opt/airflow/dags/2_load_data.py
[2025-03-10T08:04:58.846+0000] {processor.py:799} INFO - Processing file /opt/airflow/dags/2_load_data.py for tasks to queue
[2025-03-10T08:04:58.848+0000] {logging_mixin.py:149} INFO - [2025-03-10T08:04:58.847+0000] {dagbag.py:541} INFO - Filling up the DagBag from /opt/airflow/dags/2_load_data.py
[2025-03-10T08:04:59.238+0000] {processor.py:809} INFO - DAG(s) dict_keys(['load_csv_to_mysql']) retrieved from /opt/airflow/dags/2_load_data.py
[2025-03-10T08:04:59.267+0000] {logging_mixin.py:149} INFO - [2025-03-10T08:04:59.266+0000] {dag.py:2726} INFO - Sync 1 DAGs
[2025-03-10T08:04:59.293+0000] {logging_mixin.py:149} INFO - [2025-03-10T08:04:59.293+0000] {dag.py:3490} INFO - Setting next_dagrun for load_csv_to_mysql to None, run_after=None
[2025-03-10T08:04:59.320+0000] {processor.py:178} INFO - Processing /opt/airflow/dags/2_load_data.py took 0.479 seconds
[2025-03-10T08:05:30.079+0000] {processor.py:156} INFO - Started process (PID=932) to work on /opt/airflow/dags/2_load_data.py
[2025-03-10T08:05:30.080+0000] {processor.py:799} INFO - Processing file /opt/airflow/dags/2_load_data.py for tasks to queue
[2025-03-10T08:05:30.081+0000] {logging_mixin.py:149} INFO - [2025-03-10T08:05:30.081+0000] {dagbag.py:541} INFO - Filling up the DagBag from /opt/airflow/dags/2_load_data.py
[2025-03-10T08:05:30.420+0000] {processor.py:809} INFO - DAG(s) dict_keys(['load_csv_to_mysql']) retrieved from /opt/airflow/dags/2_load_data.py
[2025-03-10T08:05:30.445+0000] {logging_mixin.py:149} INFO - [2025-03-10T08:05:30.445+0000] {dag.py:2726} INFO - Sync 1 DAGs
[2025-03-10T08:05:30.469+0000] {logging_mixin.py:149} INFO - [2025-03-10T08:05:30.469+0000] {dag.py:3490} INFO - Setting next_dagrun for load_csv_to_mysql to None, run_after=None
[2025-03-10T08:05:30.492+0000] {processor.py:178} INFO - Processing /opt/airflow/dags/2_load_data.py took 0.416 seconds
[2025-03-10T08:06:01.302+0000] {processor.py:156} INFO - Started process (PID=957) to work on /opt/airflow/dags/2_load_data.py
[2025-03-10T08:06:01.306+0000] {processor.py:799} INFO - Processing file /opt/airflow/dags/2_load_data.py for tasks to queue
[2025-03-10T08:06:01.307+0000] {logging_mixin.py:149} INFO - [2025-03-10T08:06:01.307+0000] {dagbag.py:541} INFO - Filling up the DagBag from /opt/airflow/dags/2_load_data.py
[2025-03-10T08:06:01.688+0000] {processor.py:809} INFO - DAG(s) dict_keys(['load_csv_to_mysql']) retrieved from /opt/airflow/dags/2_load_data.py
[2025-03-10T08:06:01.712+0000] {logging_mixin.py:149} INFO - [2025-03-10T08:06:01.712+0000] {dag.py:2726} INFO - Sync 1 DAGs
[2025-03-10T08:06:01.738+0000] {logging_mixin.py:149} INFO - [2025-03-10T08:06:01.738+0000] {dag.py:3490} INFO - Setting next_dagrun for load_csv_to_mysql to None, run_after=None
[2025-03-10T08:06:01.764+0000] {processor.py:178} INFO - Processing /opt/airflow/dags/2_load_data.py took 0.465 seconds
[2025-03-10T08:06:32.540+0000] {processor.py:156} INFO - Started process (PID=982) to work on /opt/airflow/dags/2_load_data.py
[2025-03-10T08:06:32.544+0000] {processor.py:799} INFO - Processing file /opt/airflow/dags/2_load_data.py for tasks to queue
[2025-03-10T08:06:32.545+0000] {logging_mixin.py:149} INFO - [2025-03-10T08:06:32.545+0000] {dagbag.py:541} INFO - Filling up the DagBag from /opt/airflow/dags/2_load_data.py
[2025-03-10T08:06:32.944+0000] {processor.py:809} INFO - DAG(s) dict_keys(['load_csv_to_mysql']) retrieved from /opt/airflow/dags/2_load_data.py
[2025-03-10T08:06:32.968+0000] {logging_mixin.py:149} INFO - [2025-03-10T08:06:32.968+0000] {dag.py:2726} INFO - Sync 1 DAGs
[2025-03-10T08:06:32.991+0000] {logging_mixin.py:149} INFO - [2025-03-10T08:06:32.991+0000] {dag.py:3490} INFO - Setting next_dagrun for load_csv_to_mysql to None, run_after=None
[2025-03-10T08:06:33.015+0000] {processor.py:178} INFO - Processing /opt/airflow/dags/2_load_data.py took 0.478 seconds
[2025-03-10T08:07:03.777+0000] {processor.py:156} INFO - Started process (PID=1007) to work on /opt/airflow/dags/2_load_data.py
[2025-03-10T08:07:03.782+0000] {processor.py:799} INFO - Processing file /opt/airflow/dags/2_load_data.py for tasks to queue
[2025-03-10T08:07:03.783+0000] {logging_mixin.py:149} INFO - [2025-03-10T08:07:03.782+0000] {dagbag.py:541} INFO - Filling up the DagBag from /opt/airflow/dags/2_load_data.py
[2025-03-10T08:07:04.106+0000] {processor.py:809} INFO - DAG(s) dict_keys(['load_csv_to_mysql']) retrieved from /opt/airflow/dags/2_load_data.py
[2025-03-10T08:07:04.133+0000] {logging_mixin.py:149} INFO - [2025-03-10T08:07:04.132+0000] {dag.py:2726} INFO - Sync 1 DAGs
[2025-03-10T08:07:04.157+0000] {logging_mixin.py:149} INFO - [2025-03-10T08:07:04.157+0000] {dag.py:3490} INFO - Setting next_dagrun for load_csv_to_mysql to None, run_after=None
[2025-03-10T08:07:04.179+0000] {processor.py:178} INFO - Processing /opt/airflow/dags/2_load_data.py took 0.405 seconds
[2025-03-10T08:07:35.015+0000] {processor.py:156} INFO - Started process (PID=1032) to work on /opt/airflow/dags/2_load_data.py
[2025-03-10T08:07:35.020+0000] {processor.py:799} INFO - Processing file /opt/airflow/dags/2_load_data.py for tasks to queue
[2025-03-10T08:07:35.021+0000] {logging_mixin.py:149} INFO - [2025-03-10T08:07:35.021+0000] {dagbag.py:541} INFO - Filling up the DagBag from /opt/airflow/dags/2_load_data.py
[2025-03-10T08:07:35.342+0000] {processor.py:809} INFO - DAG(s) dict_keys(['load_csv_to_mysql']) retrieved from /opt/airflow/dags/2_load_data.py
[2025-03-10T08:07:35.366+0000] {logging_mixin.py:149} INFO - [2025-03-10T08:07:35.366+0000] {dag.py:2726} INFO - Sync 1 DAGs
[2025-03-10T08:07:35.389+0000] {logging_mixin.py:149} INFO - [2025-03-10T08:07:35.389+0000] {dag.py:3490} INFO - Setting next_dagrun for load_csv_to_mysql to None, run_after=None
[2025-03-10T08:07:35.413+0000] {processor.py:178} INFO - Processing /opt/airflow/dags/2_load_data.py took 0.400 seconds
[2025-03-10T08:08:27.482+0000] {processor.py:156} INFO - Started process (PID=41) to work on /opt/airflow/dags/2_load_data.py
[2025-03-10T08:08:27.484+0000] {processor.py:799} INFO - Processing file /opt/airflow/dags/2_load_data.py for tasks to queue
[2025-03-10T08:08:27.485+0000] {logging_mixin.py:149} INFO - [2025-03-10T08:08:27.485+0000] {dagbag.py:541} INFO - Filling up the DagBag from /opt/airflow/dags/2_load_data.py
[2025-03-10T08:08:28.773+0000] {processor.py:809} INFO - DAG(s) dict_keys(['load_csv_to_mysql']) retrieved from /opt/airflow/dags/2_load_data.py
[2025-03-10T08:08:28.858+0000] {logging_mixin.py:149} INFO - [2025-03-10T08:08:28.857+0000] {dag.py:2726} INFO - Sync 1 DAGs
[2025-03-10T08:08:28.887+0000] {logging_mixin.py:149} INFO - [2025-03-10T08:08:28.886+0000] {dag.py:3490} INFO - Setting next_dagrun for load_csv_to_mysql to None, run_after=None
[2025-03-10T08:08:28.922+0000] {processor.py:178} INFO - Processing /opt/airflow/dags/2_load_data.py took 1.445 seconds
[2025-03-10T08:08:59.093+0000] {processor.py:156} INFO - Started process (PID=73) to work on /opt/airflow/dags/2_load_data.py
[2025-03-10T08:08:59.094+0000] {processor.py:799} INFO - Processing file /opt/airflow/dags/2_load_data.py for tasks to queue
[2025-03-10T08:08:59.095+0000] {logging_mixin.py:149} INFO - [2025-03-10T08:08:59.094+0000] {dagbag.py:541} INFO - Filling up the DagBag from /opt/airflow/dags/2_load_data.py
[2025-03-10T08:08:59.424+0000] {processor.py:809} INFO - DAG(s) dict_keys(['load_csv_to_mysql']) retrieved from /opt/airflow/dags/2_load_data.py
[2025-03-10T08:08:59.448+0000] {logging_mixin.py:149} INFO - [2025-03-10T08:08:59.448+0000] {dag.py:2726} INFO - Sync 1 DAGs
[2025-03-10T08:08:59.473+0000] {logging_mixin.py:149} INFO - [2025-03-10T08:08:59.472+0000] {dag.py:3490} INFO - Setting next_dagrun for load_csv_to_mysql to None, run_after=None
[2025-03-10T08:08:59.491+0000] {processor.py:178} INFO - Processing /opt/airflow/dags/2_load_data.py took 0.400 seconds
[2025-03-10T08:09:30.332+0000] {processor.py:156} INFO - Started process (PID=98) to work on /opt/airflow/dags/2_load_data.py
[2025-03-10T08:09:30.333+0000] {processor.py:799} INFO - Processing file /opt/airflow/dags/2_load_data.py for tasks to queue
[2025-03-10T08:09:30.333+0000] {logging_mixin.py:149} INFO - [2025-03-10T08:09:30.333+0000] {dagbag.py:541} INFO - Filling up the DagBag from /opt/airflow/dags/2_load_data.py
[2025-03-10T08:09:30.657+0000] {processor.py:809} INFO - DAG(s) dict_keys(['load_csv_to_mysql']) retrieved from /opt/airflow/dags/2_load_data.py
[2025-03-10T08:09:30.681+0000] {logging_mixin.py:149} INFO - [2025-03-10T08:09:30.681+0000] {dag.py:2726} INFO - Sync 1 DAGs
[2025-03-10T08:09:30.705+0000] {logging_mixin.py:149} INFO - [2025-03-10T08:09:30.705+0000] {dag.py:3490} INFO - Setting next_dagrun for load_csv_to_mysql to None, run_after=None
[2025-03-10T08:09:30.726+0000] {processor.py:178} INFO - Processing /opt/airflow/dags/2_load_data.py took 0.397 seconds
[2025-03-10T08:10:01.581+0000] {processor.py:156} INFO - Started process (PID=123) to work on /opt/airflow/dags/2_load_data.py
[2025-03-10T08:10:01.582+0000] {processor.py:799} INFO - Processing file /opt/airflow/dags/2_load_data.py for tasks to queue
[2025-03-10T08:10:01.583+0000] {logging_mixin.py:149} INFO - [2025-03-10T08:10:01.583+0000] {dagbag.py:541} INFO - Filling up the DagBag from /opt/airflow/dags/2_load_data.py
[2025-03-10T08:10:01.912+0000] {processor.py:809} INFO - DAG(s) dict_keys(['load_csv_to_mysql']) retrieved from /opt/airflow/dags/2_load_data.py
[2025-03-10T08:10:01.935+0000] {logging_mixin.py:149} INFO - [2025-03-10T08:10:01.935+0000] {dag.py:2726} INFO - Sync 1 DAGs
[2025-03-10T08:10:01.959+0000] {logging_mixin.py:149} INFO - [2025-03-10T08:10:01.959+0000] {dag.py:3490} INFO - Setting next_dagrun for load_csv_to_mysql to None, run_after=None
[2025-03-10T08:10:01.977+0000] {processor.py:178} INFO - Processing /opt/airflow/dags/2_load_data.py took 0.399 seconds
[2025-03-10T08:10:32.831+0000] {processor.py:156} INFO - Started process (PID=148) to work on /opt/airflow/dags/2_load_data.py
[2025-03-10T08:10:32.836+0000] {processor.py:799} INFO - Processing file /opt/airflow/dags/2_load_data.py for tasks to queue
[2025-03-10T08:10:32.836+0000] {logging_mixin.py:149} INFO - [2025-03-10T08:10:32.836+0000] {dagbag.py:541} INFO - Filling up the DagBag from /opt/airflow/dags/2_load_data.py
[2025-03-10T08:10:33.166+0000] {processor.py:809} INFO - DAG(s) dict_keys(['load_csv_to_mysql']) retrieved from /opt/airflow/dags/2_load_data.py
[2025-03-10T08:10:33.192+0000] {logging_mixin.py:149} INFO - [2025-03-10T08:10:33.191+0000] {dag.py:2726} INFO - Sync 1 DAGs
[2025-03-10T08:10:33.216+0000] {logging_mixin.py:149} INFO - [2025-03-10T08:10:33.216+0000] {dag.py:3490} INFO - Setting next_dagrun for load_csv_to_mysql to None, run_after=None
[2025-03-10T08:10:33.240+0000] {processor.py:178} INFO - Processing /opt/airflow/dags/2_load_data.py took 0.412 seconds
[2025-03-10T08:11:04.072+0000] {processor.py:156} INFO - Started process (PID=173) to work on /opt/airflow/dags/2_load_data.py
[2025-03-10T08:11:04.073+0000] {processor.py:799} INFO - Processing file /opt/airflow/dags/2_load_data.py for tasks to queue
[2025-03-10T08:11:04.073+0000] {logging_mixin.py:149} INFO - [2025-03-10T08:11:04.073+0000] {dagbag.py:541} INFO - Filling up the DagBag from /opt/airflow/dags/2_load_data.py
[2025-03-10T08:11:04.388+0000] {processor.py:809} INFO - DAG(s) dict_keys(['load_csv_to_mysql']) retrieved from /opt/airflow/dags/2_load_data.py
[2025-03-10T08:11:04.412+0000] {logging_mixin.py:149} INFO - [2025-03-10T08:11:04.411+0000] {dag.py:2726} INFO - Sync 1 DAGs
[2025-03-10T08:11:04.437+0000] {logging_mixin.py:149} INFO - [2025-03-10T08:11:04.436+0000] {dag.py:3490} INFO - Setting next_dagrun for load_csv_to_mysql to None, run_after=None
[2025-03-10T08:11:04.459+0000] {processor.py:178} INFO - Processing /opt/airflow/dags/2_load_data.py took 0.390 seconds
[2025-03-10T08:11:35.311+0000] {processor.py:156} INFO - Started process (PID=198) to work on /opt/airflow/dags/2_load_data.py
[2025-03-10T08:11:35.316+0000] {processor.py:799} INFO - Processing file /opt/airflow/dags/2_load_data.py for tasks to queue
[2025-03-10T08:11:35.317+0000] {logging_mixin.py:149} INFO - [2025-03-10T08:11:35.317+0000] {dagbag.py:541} INFO - Filling up the DagBag from /opt/airflow/dags/2_load_data.py
[2025-03-10T08:11:35.636+0000] {processor.py:809} INFO - DAG(s) dict_keys(['load_csv_to_mysql']) retrieved from /opt/airflow/dags/2_load_data.py
[2025-03-10T08:11:35.661+0000] {logging_mixin.py:149} INFO - [2025-03-10T08:11:35.660+0000] {dag.py:2726} INFO - Sync 1 DAGs
[2025-03-10T08:11:35.684+0000] {logging_mixin.py:149} INFO - [2025-03-10T08:11:35.684+0000] {dag.py:3490} INFO - Setting next_dagrun for load_csv_to_mysql to None, run_after=None
[2025-03-10T08:11:35.709+0000] {processor.py:178} INFO - Processing /opt/airflow/dags/2_load_data.py took 0.400 seconds
[2025-03-10T08:12:06.557+0000] {processor.py:156} INFO - Started process (PID=223) to work on /opt/airflow/dags/2_load_data.py
[2025-03-10T08:12:06.563+0000] {processor.py:799} INFO - Processing file /opt/airflow/dags/2_load_data.py for tasks to queue
[2025-03-10T08:12:06.564+0000] {logging_mixin.py:149} INFO - [2025-03-10T08:12:06.564+0000] {dagbag.py:541} INFO - Filling up the DagBag from /opt/airflow/dags/2_load_data.py
[2025-03-10T08:12:06.880+0000] {processor.py:809} INFO - DAG(s) dict_keys(['load_csv_to_mysql']) retrieved from /opt/airflow/dags/2_load_data.py
[2025-03-10T08:12:06.904+0000] {logging_mixin.py:149} INFO - [2025-03-10T08:12:06.903+0000] {dag.py:2726} INFO - Sync 1 DAGs
[2025-03-10T08:12:06.928+0000] {logging_mixin.py:149} INFO - [2025-03-10T08:12:06.928+0000] {dag.py:3490} INFO - Setting next_dagrun for load_csv_to_mysql to None, run_after=None
[2025-03-10T08:12:06.950+0000] {processor.py:178} INFO - Processing /opt/airflow/dags/2_load_data.py took 0.396 seconds
[2025-03-10T08:12:37.786+0000] {processor.py:156} INFO - Started process (PID=248) to work on /opt/airflow/dags/2_load_data.py
[2025-03-10T08:12:37.787+0000] {processor.py:799} INFO - Processing file /opt/airflow/dags/2_load_data.py for tasks to queue
[2025-03-10T08:12:37.788+0000] {logging_mixin.py:149} INFO - [2025-03-10T08:12:37.788+0000] {dagbag.py:541} INFO - Filling up the DagBag from /opt/airflow/dags/2_load_data.py
[2025-03-10T08:12:38.133+0000] {processor.py:809} INFO - DAG(s) dict_keys(['load_csv_to_mysql']) retrieved from /opt/airflow/dags/2_load_data.py
[2025-03-10T08:12:38.158+0000] {logging_mixin.py:149} INFO - [2025-03-10T08:12:38.157+0000] {dag.py:2726} INFO - Sync 1 DAGs
[2025-03-10T08:12:38.183+0000] {logging_mixin.py:149} INFO - [2025-03-10T08:12:38.183+0000] {dag.py:3490} INFO - Setting next_dagrun for load_csv_to_mysql to None, run_after=None
[2025-03-10T08:12:38.206+0000] {processor.py:178} INFO - Processing /opt/airflow/dags/2_load_data.py took 0.422 seconds
[2025-03-10T08:13:09.015+0000] {processor.py:156} INFO - Started process (PID=273) to work on /opt/airflow/dags/2_load_data.py
[2025-03-10T08:13:09.016+0000] {processor.py:799} INFO - Processing file /opt/airflow/dags/2_load_data.py for tasks to queue
[2025-03-10T08:13:09.016+0000] {logging_mixin.py:149} INFO - [2025-03-10T08:13:09.016+0000] {dagbag.py:541} INFO - Filling up the DagBag from /opt/airflow/dags/2_load_data.py
[2025-03-10T08:13:09.345+0000] {processor.py:809} INFO - DAG(s) dict_keys(['load_csv_to_mysql']) retrieved from /opt/airflow/dags/2_load_data.py
[2025-03-10T08:13:09.370+0000] {logging_mixin.py:149} INFO - [2025-03-10T08:13:09.369+0000] {dag.py:2726} INFO - Sync 1 DAGs
[2025-03-10T08:13:09.395+0000] {logging_mixin.py:149} INFO - [2025-03-10T08:13:09.395+0000] {dag.py:3490} INFO - Setting next_dagrun for load_csv_to_mysql to None, run_after=None
[2025-03-10T08:13:09.414+0000] {processor.py:178} INFO - Processing /opt/airflow/dags/2_load_data.py took 0.402 seconds
[2025-03-10T08:13:40.244+0000] {processor.py:156} INFO - Started process (PID=298) to work on /opt/airflow/dags/2_load_data.py
[2025-03-10T08:13:40.245+0000] {processor.py:799} INFO - Processing file /opt/airflow/dags/2_load_data.py for tasks to queue
[2025-03-10T08:13:40.245+0000] {logging_mixin.py:149} INFO - [2025-03-10T08:13:40.245+0000] {dagbag.py:541} INFO - Filling up the DagBag from /opt/airflow/dags/2_load_data.py
[2025-03-10T08:13:40.569+0000] {processor.py:809} INFO - DAG(s) dict_keys(['load_csv_to_mysql']) retrieved from /opt/airflow/dags/2_load_data.py
[2025-03-10T08:13:40.596+0000] {logging_mixin.py:149} INFO - [2025-03-10T08:13:40.595+0000] {dag.py:2726} INFO - Sync 1 DAGs
[2025-03-10T08:13:40.619+0000] {logging_mixin.py:149} INFO - [2025-03-10T08:13:40.619+0000] {dag.py:3490} INFO - Setting next_dagrun for load_csv_to_mysql to None, run_after=None
[2025-03-10T08:13:40.637+0000] {processor.py:178} INFO - Processing /opt/airflow/dags/2_load_data.py took 0.396 seconds
[2025-03-10T08:14:11.477+0000] {processor.py:156} INFO - Started process (PID=322) to work on /opt/airflow/dags/2_load_data.py
[2025-03-10T08:14:11.482+0000] {processor.py:799} INFO - Processing file /opt/airflow/dags/2_load_data.py for tasks to queue
[2025-03-10T08:14:11.483+0000] {logging_mixin.py:149} INFO - [2025-03-10T08:14:11.483+0000] {dagbag.py:541} INFO - Filling up the DagBag from /opt/airflow/dags/2_load_data.py
[2025-03-10T08:14:11.821+0000] {processor.py:809} INFO - DAG(s) dict_keys(['load_csv_to_mysql']) retrieved from /opt/airflow/dags/2_load_data.py
[2025-03-10T08:14:11.845+0000] {logging_mixin.py:149} INFO - [2025-03-10T08:14:11.845+0000] {dag.py:2726} INFO - Sync 1 DAGs
[2025-03-10T08:14:11.870+0000] {logging_mixin.py:149} INFO - [2025-03-10T08:14:11.870+0000] {dag.py:3490} INFO - Setting next_dagrun for load_csv_to_mysql to None, run_after=None
[2025-03-10T08:14:11.888+0000] {processor.py:178} INFO - Processing /opt/airflow/dags/2_load_data.py took 0.414 seconds
[2025-03-10T08:14:44.973+0000] {processor.py:156} INFO - Started process (PID=39) to work on /opt/airflow/dags/2_load_data.py
[2025-03-10T08:14:44.974+0000] {processor.py:799} INFO - Processing file /opt/airflow/dags/2_load_data.py for tasks to queue
[2025-03-10T08:14:44.975+0000] {logging_mixin.py:149} INFO - [2025-03-10T08:14:44.975+0000] {dagbag.py:541} INFO - Filling up the DagBag from /opt/airflow/dags/2_load_data.py
[2025-03-10T08:14:45.558+0000] {processor.py:809} INFO - DAG(s) dict_keys(['load_csv_to_mysql']) retrieved from /opt/airflow/dags/2_load_data.py
[2025-03-10T08:14:45.645+0000] {logging_mixin.py:149} INFO - [2025-03-10T08:14:45.645+0000] {dag.py:2726} INFO - Sync 1 DAGs
[2025-03-10T08:14:45.672+0000] {logging_mixin.py:149} INFO - [2025-03-10T08:14:45.672+0000] {dag.py:3490} INFO - Setting next_dagrun for load_csv_to_mysql to None, run_after=None
[2025-03-10T08:14:45.705+0000] {processor.py:178} INFO - Processing /opt/airflow/dags/2_load_data.py took 0.738 seconds
[2025-03-10T08:15:16.385+0000] {processor.py:156} INFO - Started process (PID=64) to work on /opt/airflow/dags/2_load_data.py
[2025-03-10T08:15:16.390+0000] {processor.py:799} INFO - Processing file /opt/airflow/dags/2_load_data.py for tasks to queue
[2025-03-10T08:15:16.391+0000] {logging_mixin.py:149} INFO - [2025-03-10T08:15:16.390+0000] {dagbag.py:541} INFO - Filling up the DagBag from /opt/airflow/dags/2_load_data.py
[2025-03-10T08:15:16.824+0000] {processor.py:809} INFO - DAG(s) dict_keys(['load_csv_to_mysql']) retrieved from /opt/airflow/dags/2_load_data.py
[2025-03-10T08:15:16.846+0000] {logging_mixin.py:149} INFO - [2025-03-10T08:15:16.845+0000] {dag.py:2726} INFO - Sync 1 DAGs
[2025-03-10T08:15:16.869+0000] {logging_mixin.py:149} INFO - [2025-03-10T08:15:16.869+0000] {dag.py:3490} INFO - Setting next_dagrun for load_csv_to_mysql to None, run_after=None
[2025-03-10T08:15:16.890+0000] {processor.py:178} INFO - Processing /opt/airflow/dags/2_load_data.py took 0.508 seconds
[2025-03-10T08:15:47.615+0000] {processor.py:156} INFO - Started process (PID=89) to work on /opt/airflow/dags/2_load_data.py
[2025-03-10T08:15:47.616+0000] {processor.py:799} INFO - Processing file /opt/airflow/dags/2_load_data.py for tasks to queue
[2025-03-10T08:15:47.617+0000] {logging_mixin.py:149} INFO - [2025-03-10T08:15:47.617+0000] {dagbag.py:541} INFO - Filling up the DagBag from /opt/airflow/dags/2_load_data.py
[2025-03-10T08:15:48.069+0000] {processor.py:809} INFO - DAG(s) dict_keys(['load_csv_to_mysql']) retrieved from /opt/airflow/dags/2_load_data.py
[2025-03-10T08:15:48.090+0000] {logging_mixin.py:149} INFO - [2025-03-10T08:15:48.090+0000] {dag.py:2726} INFO - Sync 1 DAGs
[2025-03-10T08:15:48.113+0000] {logging_mixin.py:149} INFO - [2025-03-10T08:15:48.113+0000] {dag.py:3490} INFO - Setting next_dagrun for load_csv_to_mysql to None, run_after=None
[2025-03-10T08:15:48.134+0000] {processor.py:178} INFO - Processing /opt/airflow/dags/2_load_data.py took 0.522 seconds
[2025-03-10T08:16:18.854+0000] {processor.py:156} INFO - Started process (PID=114) to work on /opt/airflow/dags/2_load_data.py
[2025-03-10T08:16:18.857+0000] {processor.py:799} INFO - Processing file /opt/airflow/dags/2_load_data.py for tasks to queue
[2025-03-10T08:16:18.859+0000] {logging_mixin.py:149} INFO - [2025-03-10T08:16:18.858+0000] {dagbag.py:541} INFO - Filling up the DagBag from /opt/airflow/dags/2_load_data.py
[2025-03-10T08:16:19.289+0000] {processor.py:809} INFO - DAG(s) dict_keys(['load_csv_to_mysql']) retrieved from /opt/airflow/dags/2_load_data.py
[2025-03-10T08:16:19.311+0000] {logging_mixin.py:149} INFO - [2025-03-10T08:16:19.311+0000] {dag.py:2726} INFO - Sync 1 DAGs
[2025-03-10T08:16:19.333+0000] {logging_mixin.py:149} INFO - [2025-03-10T08:16:19.333+0000] {dag.py:3490} INFO - Setting next_dagrun for load_csv_to_mysql to None, run_after=None
[2025-03-10T08:16:19.354+0000] {processor.py:178} INFO - Processing /opt/airflow/dags/2_load_data.py took 0.503 seconds
[2025-03-10T08:16:50.107+0000] {processor.py:156} INFO - Started process (PID=146) to work on /opt/airflow/dags/2_load_data.py
[2025-03-10T08:16:50.112+0000] {processor.py:799} INFO - Processing file /opt/airflow/dags/2_load_data.py for tasks to queue
[2025-03-10T08:16:50.113+0000] {logging_mixin.py:149} INFO - [2025-03-10T08:16:50.112+0000] {dagbag.py:541} INFO - Filling up the DagBag from /opt/airflow/dags/2_load_data.py
