[2025-03-28T05:40:00.607+0000] {taskinstance.py:1125} INFO - Dependencies all met for dep_context=non-requeueable deps ti=<TaskInstance: Pipeline-proyecto2.load_raw_data manual__2025-03-28T05:39:55.588400+00:00 [queued]>
[2025-03-28T05:40:00.619+0000] {taskinstance.py:1125} INFO - Dependencies all met for dep_context=requeueable deps ti=<TaskInstance: Pipeline-proyecto2.load_raw_data manual__2025-03-28T05:39:55.588400+00:00 [queued]>
[2025-03-28T05:40:00.619+0000] {taskinstance.py:1331} INFO - Starting attempt 1 of 1
[2025-03-28T05:40:00.633+0000] {taskinstance.py:1350} INFO - Executing <Task(PythonOperator): load_raw_data> on 2025-03-28 05:39:55.588400+00:00
[2025-03-28T05:40:00.645+0000] {standard_task_runner.py:57} INFO - Started process 105 to run task
[2025-03-28T05:40:00.649+0000] {standard_task_runner.py:84} INFO - Running: ['***', 'tasks', 'run', 'Pipeline-proyecto2', 'load_raw_data', 'manual__2025-03-28T05:39:55.588400+00:00', '--job-id', '60', '--raw', '--subdir', 'DAGS_FOLDER/dag-proyecto2.py', '--cfg-path', '/tmp/tmp8ntu1dsu']
[2025-03-28T05:40:00.653+0000] {standard_task_runner.py:85} INFO - Job 60: Subtask load_raw_data
[2025-03-28T05:40:00.704+0000] {task_command.py:410} INFO - Running <TaskInstance: Pipeline-proyecto2.load_raw_data manual__2025-03-28T05:39:55.588400+00:00 [running]> on host 25b10f5b196a
[2025-03-28T05:40:00.792+0000] {taskinstance.py:1568} INFO - Exporting env vars: AIRFLOW_CTX_DAG_OWNER='***' AIRFLOW_CTX_DAG_ID='Pipeline-proyecto2' AIRFLOW_CTX_TASK_ID='load_raw_data' AIRFLOW_CTX_EXECUTION_DATE='2025-03-28T05:39:55.588400+00:00' AIRFLOW_CTX_TRY_NUMBER='1' AIRFLOW_CTX_DAG_RUN_ID='manual__2025-03-28T05:39:55.588400+00:00'
[2025-03-28T05:40:00.964+0000] {logging_mixin.py:149} INFO - Añadiendo datos batch 1
[2025-03-28T05:40:04.128+0000] {logging_mixin.py:149} INFO - Batch repetido. No se añaden datos
[2025-03-28T05:40:07.280+0000] {logging_mixin.py:149} INFO - Añadiendo datos batch 2
[2025-03-28T05:40:10.672+0000] {logging_mixin.py:149} INFO - Batch repetido. No se añaden datos
[2025-03-28T05:40:13.827+0000] {logging_mixin.py:149} INFO - Añadiendo datos batch 3
[2025-03-28T05:40:17.004+0000] {logging_mixin.py:149} INFO - Batch repetido. No se añaden datos
[2025-03-28T05:40:20.166+0000] {logging_mixin.py:149} INFO - Añadiendo datos batch 4
[2025-03-28T05:40:23.335+0000] {logging_mixin.py:149} INFO - Batch repetido. No se añaden datos
[2025-03-28T05:40:26.502+0000] {logging_mixin.py:149} INFO - Añadiendo datos batch 5
[2025-03-28T05:40:29.684+0000] {logging_mixin.py:149} INFO - Batch repetido. No se añaden datos
[2025-03-28T05:40:32.848+0000] {logging_mixin.py:149} INFO - Añadiendo datos batch 6
[2025-03-28T05:40:36.026+0000] {logging_mixin.py:149} INFO - Batch repetido. No se añaden datos
[2025-03-28T05:40:39.187+0000] {logging_mixin.py:149} INFO - Añadiendo datos batch 7
[2025-03-28T05:40:42.374+0000] {logging_mixin.py:149} INFO - Batch repetido. No se añaden datos
[2025-03-28T05:40:45.533+0000] {logging_mixin.py:149} INFO - Añadiendo datos batch 8
[2025-03-28T05:40:48.725+0000] {logging_mixin.py:149} INFO - Batch repetido. No se añaden datos
[2025-03-28T05:40:51.886+0000] {logging_mixin.py:149} INFO - Añadiendo datos batch 9
[2025-03-28T05:40:55.080+0000] {logging_mixin.py:149} INFO - Batch repetido. No se añaden datos
[2025-03-28T05:40:58.238+0000] {logging_mixin.py:149} INFO - Añadiendo datos batch 10
[2025-03-28T05:40:58.279+0000] {logging_mixin.py:149} INFO - Todos los datos han sido guardados
[2025-03-28T05:41:01.402+0000] {python.py:183} INFO - Done. Returned value was: None
[2025-03-28T05:41:01.414+0000] {taskinstance.py:1368} INFO - Marking task as SUCCESS. dag_id=Pipeline-proyecto2, task_id=load_raw_data, execution_date=20250328T053955, start_date=20250328T054000, end_date=20250328T054101
[2025-03-28T05:41:01.465+0000] {local_task_job_runner.py:232} INFO - Task exited with return code 0
[2025-03-28T05:41:01.491+0000] {taskinstance.py:2674} INFO - 1 downstream tasks scheduled from follow-on schedule check
