[2025-03-28T08:12:47.987+0000] {taskinstance.py:1125} INFO - Dependencies all met for dep_context=non-requeueable deps ti=<TaskInstance: Pipeline-proyecto2.load_raw_data manual__2025-03-28T08:12:42.657933+00:00 [queued]>
[2025-03-28T08:12:47.995+0000] {taskinstance.py:1125} INFO - Dependencies all met for dep_context=requeueable deps ti=<TaskInstance: Pipeline-proyecto2.load_raw_data manual__2025-03-28T08:12:42.657933+00:00 [queued]>
[2025-03-28T08:12:47.995+0000] {taskinstance.py:1331} INFO - Starting attempt 1 of 1
[2025-03-28T08:12:48.005+0000] {taskinstance.py:1350} INFO - Executing <Task(PythonOperator): load_raw_data> on 2025-03-28 08:12:42.657933+00:00
[2025-03-28T08:12:48.015+0000] {standard_task_runner.py:57} INFO - Started process 134 to run task
[2025-03-28T08:12:48.018+0000] {standard_task_runner.py:84} INFO - Running: ['***', 'tasks', 'run', 'Pipeline-proyecto2', 'load_raw_data', 'manual__2025-03-28T08:12:42.657933+00:00', '--job-id', '84', '--raw', '--subdir', 'DAGS_FOLDER/dag-proyecto2.py', '--cfg-path', '/tmp/tmp2zuo2itd']
[2025-03-28T08:12:48.020+0000] {standard_task_runner.py:85} INFO - Job 84: Subtask load_raw_data
[2025-03-28T08:12:48.065+0000] {task_command.py:410} INFO - Running <TaskInstance: Pipeline-proyecto2.load_raw_data manual__2025-03-28T08:12:42.657933+00:00 [running]> on host b458a3543bd2
[2025-03-28T08:12:48.147+0000] {taskinstance.py:1568} INFO - Exporting env vars: AIRFLOW_CTX_DAG_OWNER='***' AIRFLOW_CTX_DAG_ID='Pipeline-proyecto2' AIRFLOW_CTX_TASK_ID='load_raw_data' AIRFLOW_CTX_EXECUTION_DATE='2025-03-28T08:12:42.657933+00:00' AIRFLOW_CTX_TRY_NUMBER='1' AIRFLOW_CTX_DAG_RUN_ID='manual__2025-03-28T08:12:42.657933+00:00'
[2025-03-28T08:12:48.296+0000] {logging_mixin.py:149} INFO - Añadiendo datos batch 1
[2025-03-28T08:12:51.452+0000] {logging_mixin.py:149} INFO - Batch repetido. No se añaden datos
[2025-03-28T08:12:54.596+0000] {logging_mixin.py:149} INFO - Añadiendo datos batch 2
[2025-03-28T08:12:57.932+0000] {logging_mixin.py:149} INFO - Batch repetido. No se añaden datos
[2025-03-28T08:13:01.180+0000] {logging_mixin.py:149} INFO - Añadiendo datos batch 3
[2025-03-28T08:13:04.339+0000] {logging_mixin.py:149} INFO - Batch repetido. No se añaden datos
[2025-03-28T08:13:07.486+0000] {logging_mixin.py:149} INFO - Añadiendo datos batch 4
[2025-03-28T08:13:10.644+0000] {logging_mixin.py:149} INFO - Batch repetido. No se añaden datos
[2025-03-28T08:13:13.787+0000] {logging_mixin.py:149} INFO - Añadiendo datos batch 5
[2025-03-28T08:13:16.949+0000] {logging_mixin.py:149} INFO - Batch repetido. No se añaden datos
[2025-03-28T08:13:20.104+0000] {logging_mixin.py:149} INFO - Añadiendo datos batch 6
[2025-03-28T08:13:23.265+0000] {logging_mixin.py:149} INFO - Batch repetido. No se añaden datos
[2025-03-28T08:13:26.409+0000] {logging_mixin.py:149} INFO - Añadiendo datos batch 7
[2025-03-28T08:13:29.576+0000] {logging_mixin.py:149} INFO - Batch repetido. No se añaden datos
[2025-03-28T08:13:32.723+0000] {logging_mixin.py:149} INFO - Añadiendo datos batch 8
[2025-03-28T08:13:35.904+0000] {logging_mixin.py:149} INFO - Batch repetido. No se añaden datos
[2025-03-28T08:13:39.053+0000] {logging_mixin.py:149} INFO - Añadiendo datos batch 9
[2025-03-28T08:13:42.220+0000] {logging_mixin.py:149} INFO - Batch repetido. No se añaden datos
[2025-03-28T08:13:45.367+0000] {logging_mixin.py:149} INFO - Añadiendo datos batch 10
[2025-03-28T08:13:45.394+0000] {logging_mixin.py:149} INFO - Todos los datos han sido guardados
[2025-03-28T08:13:48.122+0000] {python.py:183} INFO - Done. Returned value was: None
[2025-03-28T08:13:48.132+0000] {taskinstance.py:1368} INFO - Marking task as SUCCESS. dag_id=Pipeline-proyecto2, task_id=load_raw_data, execution_date=20250328T081242, start_date=20250328T081247, end_date=20250328T081348
[2025-03-28T08:13:48.179+0000] {local_task_job_runner.py:232} INFO - Task exited with return code 0
[2025-03-28T08:13:48.203+0000] {taskinstance.py:2674} INFO - 0 downstream tasks scheduled from follow-on schedule check
