[2025-03-28T08:54:51.641+0000] {taskinstance.py:1125} INFO - Dependencies all met for dep_context=non-requeueable deps ti=<TaskInstance: Pipeline-proyecto2.load_raw_data manual__2025-03-28T08:54:46.366382+00:00 [queued]>
[2025-03-28T08:54:51.650+0000] {taskinstance.py:1125} INFO - Dependencies all met for dep_context=requeueable deps ti=<TaskInstance: Pipeline-proyecto2.load_raw_data manual__2025-03-28T08:54:46.366382+00:00 [queued]>
[2025-03-28T08:54:51.650+0000] {taskinstance.py:1331} INFO - Starting attempt 1 of 1
[2025-03-28T08:54:51.662+0000] {taskinstance.py:1350} INFO - Executing <Task(PythonOperator): load_raw_data> on 2025-03-28 08:54:46.366382+00:00
[2025-03-28T08:54:51.673+0000] {standard_task_runner.py:57} INFO - Started process 84 to run task
[2025-03-28T08:54:51.677+0000] {standard_task_runner.py:84} INFO - Running: ['***', 'tasks', 'run', 'Pipeline-proyecto2', 'load_raw_data', 'manual__2025-03-28T08:54:46.366382+00:00', '--job-id', '108', '--raw', '--subdir', 'DAGS_FOLDER/dag-proyecto2.py', '--cfg-path', '/tmp/tmplwql2v5w']
[2025-03-28T08:54:51.679+0000] {standard_task_runner.py:85} INFO - Job 108: Subtask load_raw_data
[2025-03-28T08:54:51.727+0000] {task_command.py:410} INFO - Running <TaskInstance: Pipeline-proyecto2.load_raw_data manual__2025-03-28T08:54:46.366382+00:00 [running]> on host 43c9e353265c
[2025-03-28T08:54:51.807+0000] {taskinstance.py:1568} INFO - Exporting env vars: AIRFLOW_CTX_DAG_OWNER='***' AIRFLOW_CTX_DAG_ID='Pipeline-proyecto2' AIRFLOW_CTX_TASK_ID='load_raw_data' AIRFLOW_CTX_EXECUTION_DATE='2025-03-28T08:54:46.366382+00:00' AIRFLOW_CTX_TRY_NUMBER='1' AIRFLOW_CTX_DAG_RUN_ID='manual__2025-03-28T08:54:46.366382+00:00'
[2025-03-28T08:54:51.959+0000] {logging_mixin.py:149} INFO - Añadiendo datos batch 1
[2025-03-28T08:54:55.113+0000] {logging_mixin.py:149} INFO - Batch repetido. No se añaden datos
[2025-03-28T08:54:58.260+0000] {logging_mixin.py:149} INFO - Añadiendo datos batch 2
[2025-03-28T08:55:01.594+0000] {logging_mixin.py:149} INFO - Batch repetido. No se añaden datos
[2025-03-28T08:55:04.739+0000] {logging_mixin.py:149} INFO - Añadiendo datos batch 3
[2025-03-28T08:55:07.898+0000] {logging_mixin.py:149} INFO - Batch repetido. No se añaden datos
[2025-03-28T08:55:11.047+0000] {logging_mixin.py:149} INFO - Añadiendo datos batch 4
[2025-03-28T08:55:14.205+0000] {logging_mixin.py:149} INFO - Batch repetido. No se añaden datos
[2025-03-28T08:55:17.352+0000] {logging_mixin.py:149} INFO - Añadiendo datos batch 5
[2025-03-28T08:55:20.514+0000] {logging_mixin.py:149} INFO - Batch repetido. No se añaden datos
[2025-03-28T08:55:23.663+0000] {logging_mixin.py:149} INFO - Añadiendo datos batch 6
[2025-03-28T08:55:26.826+0000] {logging_mixin.py:149} INFO - Batch repetido. No se añaden datos
[2025-03-28T08:55:29.975+0000] {logging_mixin.py:149} INFO - Añadiendo datos batch 7
[2025-03-28T08:55:33.144+0000] {logging_mixin.py:149} INFO - Batch repetido. No se añaden datos
[2025-03-28T08:55:36.289+0000] {logging_mixin.py:149} INFO - Añadiendo datos batch 8
[2025-03-28T08:55:39.457+0000] {logging_mixin.py:149} INFO - Batch repetido. No se añaden datos
[2025-03-28T08:55:42.606+0000] {logging_mixin.py:149} INFO - Añadiendo datos batch 9
[2025-03-28T08:55:45.776+0000] {logging_mixin.py:149} INFO - Batch repetido. No se añaden datos
[2025-03-28T08:55:48.932+0000] {logging_mixin.py:149} INFO - Añadiendo datos batch 10
[2025-03-28T08:55:48.965+0000] {logging_mixin.py:149} INFO - Todos los datos han sido guardados
[2025-03-28T08:55:51.837+0000] {python.py:183} INFO - Done. Returned value was: None
[2025-03-28T08:55:51.847+0000] {taskinstance.py:1368} INFO - Marking task as SUCCESS. dag_id=Pipeline-proyecto2, task_id=load_raw_data, execution_date=20250328T085446, start_date=20250328T085451, end_date=20250328T085551
[2025-03-28T08:55:51.886+0000] {local_task_job_runner.py:232} INFO - Task exited with return code 0
[2025-03-28T08:55:51.912+0000] {taskinstance.py:2674} INFO - 1 downstream tasks scheduled from follow-on schedule check
