[2025-04-04T03:10:58.216+0000] {processor.py:156} INFO - Started process (PID=30) to work on /opt/airflow/dags/dag-proyecto2.py
[2025-04-04T03:10:58.217+0000] {processor.py:799} INFO - Processing file /opt/airflow/dags/dag-proyecto2.py for tasks to queue
[2025-04-04T03:10:58.217+0000] {logging_mixin.py:149} INFO - [2025-04-04T03:10:58.217+0000] {dagbag.py:541} INFO - Filling up the DagBag from /opt/airflow/dags/dag-proyecto2.py
[2025-04-04T03:11:00.153+0000] {processor.py:809} INFO - DAG(s) dict_keys(['Pipeline-proyecto2']) retrieved from /opt/airflow/dags/dag-proyecto2.py
[2025-04-04T03:11:00.191+0000] {logging_mixin.py:149} INFO - [2025-04-04T03:11:00.191+0000] {dag.py:2726} INFO - Sync 1 DAGs
[2025-04-04T03:11:00.215+0000] {logging_mixin.py:149} INFO - [2025-04-04T03:11:00.215+0000] {dag.py:3486} INFO - Setting next_dagrun for Pipeline-proyecto2 to None, run_after=None
[2025-04-04T03:11:00.239+0000] {processor.py:178} INFO - Processing /opt/airflow/dags/dag-proyecto2.py took 2.027 seconds
[2025-04-04T03:11:30.655+0000] {processor.py:156} INFO - Started process (PID=69) to work on /opt/airflow/dags/dag-proyecto2.py
[2025-04-04T03:11:30.659+0000] {processor.py:799} INFO - Processing file /opt/airflow/dags/dag-proyecto2.py for tasks to queue
[2025-04-04T03:11:30.660+0000] {logging_mixin.py:149} INFO - [2025-04-04T03:11:30.660+0000] {dagbag.py:541} INFO - Filling up the DagBag from /opt/airflow/dags/dag-proyecto2.py
[2025-04-04T03:11:31.985+0000] {processor.py:809} INFO - DAG(s) dict_keys(['Pipeline-proyecto2']) retrieved from /opt/airflow/dags/dag-proyecto2.py
[2025-04-04T03:11:32.007+0000] {logging_mixin.py:149} INFO - [2025-04-04T03:11:32.007+0000] {dag.py:2726} INFO - Sync 1 DAGs
[2025-04-04T03:11:32.026+0000] {logging_mixin.py:149} INFO - [2025-04-04T03:11:32.026+0000] {dag.py:3486} INFO - Setting next_dagrun for Pipeline-proyecto2 to None, run_after=None
[2025-04-04T03:11:32.042+0000] {processor.py:178} INFO - Processing /opt/airflow/dags/dag-proyecto2.py took 1.389 seconds
[2025-04-04T03:12:02.205+0000] {processor.py:156} INFO - Started process (PID=114) to work on /opt/airflow/dags/dag-proyecto2.py
[2025-04-04T03:12:02.210+0000] {processor.py:799} INFO - Processing file /opt/airflow/dags/dag-proyecto2.py for tasks to queue
[2025-04-04T03:12:02.211+0000] {logging_mixin.py:149} INFO - [2025-04-04T03:12:02.211+0000] {dagbag.py:541} INFO - Filling up the DagBag from /opt/airflow/dags/dag-proyecto2.py
[2025-04-04T03:12:03.619+0000] {processor.py:809} INFO - DAG(s) dict_keys(['Pipeline-proyecto2']) retrieved from /opt/airflow/dags/dag-proyecto2.py
[2025-04-04T03:12:03.642+0000] {logging_mixin.py:149} INFO - [2025-04-04T03:12:03.642+0000] {dag.py:2726} INFO - Sync 1 DAGs
[2025-04-04T03:12:03.661+0000] {logging_mixin.py:149} INFO - [2025-04-04T03:12:03.661+0000] {dag.py:3486} INFO - Setting next_dagrun for Pipeline-proyecto2 to None, run_after=None
[2025-04-04T03:12:03.677+0000] {processor.py:178} INFO - Processing /opt/airflow/dags/dag-proyecto2.py took 1.475 seconds
[2025-04-04T03:12:33.844+0000] {processor.py:156} INFO - Started process (PID=153) to work on /opt/airflow/dags/dag-proyecto2.py
[2025-04-04T03:12:33.849+0000] {processor.py:799} INFO - Processing file /opt/airflow/dags/dag-proyecto2.py for tasks to queue
[2025-04-04T03:12:33.849+0000] {logging_mixin.py:149} INFO - [2025-04-04T03:12:33.849+0000] {dagbag.py:541} INFO - Filling up the DagBag from /opt/airflow/dags/dag-proyecto2.py
[2025-04-04T03:12:35.281+0000] {processor.py:809} INFO - DAG(s) dict_keys(['Pipeline-proyecto2']) retrieved from /opt/airflow/dags/dag-proyecto2.py
[2025-04-04T03:12:35.306+0000] {logging_mixin.py:149} INFO - [2025-04-04T03:12:35.305+0000] {dag.py:2726} INFO - Sync 1 DAGs
[2025-04-04T03:12:35.328+0000] {logging_mixin.py:149} INFO - [2025-04-04T03:12:35.328+0000] {dag.py:3486} INFO - Setting next_dagrun for Pipeline-proyecto2 to None, run_after=None
[2025-04-04T03:12:35.353+0000] {processor.py:178} INFO - Processing /opt/airflow/dags/dag-proyecto2.py took 1.512 seconds
[2025-04-04T03:13:05.501+0000] {processor.py:156} INFO - Started process (PID=192) to work on /opt/airflow/dags/dag-proyecto2.py
[2025-04-04T03:13:05.503+0000] {processor.py:799} INFO - Processing file /opt/airflow/dags/dag-proyecto2.py for tasks to queue
[2025-04-04T03:13:05.503+0000] {logging_mixin.py:149} INFO - [2025-04-04T03:13:05.503+0000] {dagbag.py:541} INFO - Filling up the DagBag from /opt/airflow/dags/dag-proyecto2.py
[2025-04-04T03:13:06.918+0000] {processor.py:809} INFO - DAG(s) dict_keys(['Pipeline-proyecto2']) retrieved from /opt/airflow/dags/dag-proyecto2.py
[2025-04-04T03:13:06.944+0000] {logging_mixin.py:149} INFO - [2025-04-04T03:13:06.943+0000] {dag.py:2726} INFO - Sync 1 DAGs
[2025-04-04T03:13:06.969+0000] {logging_mixin.py:149} INFO - [2025-04-04T03:13:06.968+0000] {dag.py:3486} INFO - Setting next_dagrun for Pipeline-proyecto2 to None, run_after=None
[2025-04-04T03:13:06.987+0000] {processor.py:178} INFO - Processing /opt/airflow/dags/dag-proyecto2.py took 1.489 seconds
[2025-04-04T03:13:37.171+0000] {processor.py:156} INFO - Started process (PID=231) to work on /opt/airflow/dags/dag-proyecto2.py
[2025-04-04T03:13:37.172+0000] {processor.py:799} INFO - Processing file /opt/airflow/dags/dag-proyecto2.py for tasks to queue
[2025-04-04T03:13:37.173+0000] {logging_mixin.py:149} INFO - [2025-04-04T03:13:37.172+0000] {dagbag.py:541} INFO - Filling up the DagBag from /opt/airflow/dags/dag-proyecto2.py
[2025-04-04T03:13:38.589+0000] {processor.py:809} INFO - DAG(s) dict_keys(['Pipeline-proyecto2']) retrieved from /opt/airflow/dags/dag-proyecto2.py
[2025-04-04T03:13:38.619+0000] {logging_mixin.py:149} INFO - [2025-04-04T03:13:38.618+0000] {dag.py:2726} INFO - Sync 1 DAGs
[2025-04-04T03:13:38.642+0000] {logging_mixin.py:149} INFO - [2025-04-04T03:13:38.642+0000] {dag.py:3486} INFO - Setting next_dagrun for Pipeline-proyecto2 to None, run_after=None
[2025-04-04T03:13:38.661+0000] {processor.py:178} INFO - Processing /opt/airflow/dags/dag-proyecto2.py took 1.494 seconds
[2025-04-04T03:14:08.819+0000] {processor.py:156} INFO - Started process (PID=270) to work on /opt/airflow/dags/dag-proyecto2.py
[2025-04-04T03:14:08.820+0000] {processor.py:799} INFO - Processing file /opt/airflow/dags/dag-proyecto2.py for tasks to queue
[2025-04-04T03:14:08.820+0000] {logging_mixin.py:149} INFO - [2025-04-04T03:14:08.820+0000] {dagbag.py:541} INFO - Filling up the DagBag from /opt/airflow/dags/dag-proyecto2.py
[2025-04-04T03:14:10.230+0000] {processor.py:809} INFO - DAG(s) dict_keys(['Pipeline-proyecto2']) retrieved from /opt/airflow/dags/dag-proyecto2.py
[2025-04-04T03:14:10.255+0000] {logging_mixin.py:149} INFO - [2025-04-04T03:14:10.254+0000] {dag.py:2726} INFO - Sync 1 DAGs
[2025-04-04T03:14:10.279+0000] {logging_mixin.py:149} INFO - [2025-04-04T03:14:10.279+0000] {dag.py:3486} INFO - Setting next_dagrun for Pipeline-proyecto2 to None, run_after=None
[2025-04-04T03:14:10.299+0000] {processor.py:178} INFO - Processing /opt/airflow/dags/dag-proyecto2.py took 1.483 seconds
[2025-04-04T03:14:40.474+0000] {processor.py:156} INFO - Started process (PID=309) to work on /opt/airflow/dags/dag-proyecto2.py
[2025-04-04T03:14:40.479+0000] {processor.py:799} INFO - Processing file /opt/airflow/dags/dag-proyecto2.py for tasks to queue
[2025-04-04T03:14:40.481+0000] {logging_mixin.py:149} INFO - [2025-04-04T03:14:40.480+0000] {dagbag.py:541} INFO - Filling up the DagBag from /opt/airflow/dags/dag-proyecto2.py
[2025-04-04T03:14:41.912+0000] {processor.py:809} INFO - DAG(s) dict_keys(['Pipeline-proyecto2']) retrieved from /opt/airflow/dags/dag-proyecto2.py
[2025-04-04T03:14:41.937+0000] {logging_mixin.py:149} INFO - [2025-04-04T03:14:41.936+0000] {dag.py:2726} INFO - Sync 1 DAGs
[2025-04-04T03:14:41.959+0000] {logging_mixin.py:149} INFO - [2025-04-04T03:14:41.959+0000] {dag.py:3486} INFO - Setting next_dagrun for Pipeline-proyecto2 to None, run_after=None
[2025-04-04T03:14:41.978+0000] {processor.py:178} INFO - Processing /opt/airflow/dags/dag-proyecto2.py took 1.508 seconds
[2025-04-04T03:15:12.136+0000] {processor.py:156} INFO - Started process (PID=348) to work on /opt/airflow/dags/dag-proyecto2.py
[2025-04-04T03:15:12.141+0000] {processor.py:799} INFO - Processing file /opt/airflow/dags/dag-proyecto2.py for tasks to queue
[2025-04-04T03:15:12.142+0000] {logging_mixin.py:149} INFO - [2025-04-04T03:15:12.141+0000] {dagbag.py:541} INFO - Filling up the DagBag from /opt/airflow/dags/dag-proyecto2.py
[2025-04-04T03:15:13.509+0000] {processor.py:809} INFO - DAG(s) dict_keys(['Pipeline-proyecto2']) retrieved from /opt/airflow/dags/dag-proyecto2.py
[2025-04-04T03:15:13.536+0000] {logging_mixin.py:149} INFO - [2025-04-04T03:15:13.535+0000] {dag.py:2726} INFO - Sync 1 DAGs
[2025-04-04T03:15:13.557+0000] {logging_mixin.py:149} INFO - [2025-04-04T03:15:13.556+0000] {dag.py:3486} INFO - Setting next_dagrun for Pipeline-proyecto2 to None, run_after=None
[2025-04-04T03:15:13.575+0000] {processor.py:178} INFO - Processing /opt/airflow/dags/dag-proyecto2.py took 1.442 seconds
[2025-04-04T03:15:43.754+0000] {processor.py:156} INFO - Started process (PID=387) to work on /opt/airflow/dags/dag-proyecto2.py
[2025-04-04T03:15:43.759+0000] {processor.py:799} INFO - Processing file /opt/airflow/dags/dag-proyecto2.py for tasks to queue
[2025-04-04T03:15:43.761+0000] {logging_mixin.py:149} INFO - [2025-04-04T03:15:43.760+0000] {dagbag.py:541} INFO - Filling up the DagBag from /opt/airflow/dags/dag-proyecto2.py
[2025-04-04T03:15:45.167+0000] {processor.py:809} INFO - DAG(s) dict_keys(['Pipeline-proyecto2']) retrieved from /opt/airflow/dags/dag-proyecto2.py
[2025-04-04T03:15:45.193+0000] {logging_mixin.py:149} INFO - [2025-04-04T03:15:45.192+0000] {dag.py:2726} INFO - Sync 1 DAGs
[2025-04-04T03:15:45.214+0000] {logging_mixin.py:149} INFO - [2025-04-04T03:15:45.214+0000] {dag.py:3486} INFO - Setting next_dagrun for Pipeline-proyecto2 to None, run_after=None
[2025-04-04T03:15:45.234+0000] {processor.py:178} INFO - Processing /opt/airflow/dags/dag-proyecto2.py took 1.483 seconds
[2025-04-04T03:16:15.408+0000] {processor.py:156} INFO - Started process (PID=426) to work on /opt/airflow/dags/dag-proyecto2.py
[2025-04-04T03:16:15.409+0000] {processor.py:799} INFO - Processing file /opt/airflow/dags/dag-proyecto2.py for tasks to queue
[2025-04-04T03:16:15.409+0000] {logging_mixin.py:149} INFO - [2025-04-04T03:16:15.409+0000] {dagbag.py:541} INFO - Filling up the DagBag from /opt/airflow/dags/dag-proyecto2.py
[2025-04-04T03:16:16.595+0000] {processor.py:809} INFO - DAG(s) dict_keys(['Pipeline-proyecto2']) retrieved from /opt/airflow/dags/dag-proyecto2.py
[2025-04-04T03:16:16.618+0000] {logging_mixin.py:149} INFO - [2025-04-04T03:16:16.617+0000] {dag.py:2726} INFO - Sync 1 DAGs
[2025-04-04T03:16:16.637+0000] {logging_mixin.py:149} INFO - [2025-04-04T03:16:16.636+0000] {dag.py:3486} INFO - Setting next_dagrun for Pipeline-proyecto2 to None, run_after=None
[2025-04-04T03:16:16.653+0000] {processor.py:178} INFO - Processing /opt/airflow/dags/dag-proyecto2.py took 1.248 seconds
[2025-04-04T03:16:46.779+0000] {processor.py:156} INFO - Started process (PID=465) to work on /opt/airflow/dags/dag-proyecto2.py
[2025-04-04T03:16:46.780+0000] {processor.py:799} INFO - Processing file /opt/airflow/dags/dag-proyecto2.py for tasks to queue
[2025-04-04T03:16:46.780+0000] {logging_mixin.py:149} INFO - [2025-04-04T03:16:46.780+0000] {dagbag.py:541} INFO - Filling up the DagBag from /opt/airflow/dags/dag-proyecto2.py
[2025-04-04T03:16:47.883+0000] {processor.py:809} INFO - DAG(s) dict_keys(['Pipeline-proyecto2']) retrieved from /opt/airflow/dags/dag-proyecto2.py
[2025-04-04T03:16:47.904+0000] {logging_mixin.py:149} INFO - [2025-04-04T03:16:47.904+0000] {dag.py:2726} INFO - Sync 1 DAGs
[2025-04-04T03:16:47.922+0000] {logging_mixin.py:149} INFO - [2025-04-04T03:16:47.922+0000] {dag.py:3486} INFO - Setting next_dagrun for Pipeline-proyecto2 to None, run_after=None
[2025-04-04T03:16:47.937+0000] {processor.py:178} INFO - Processing /opt/airflow/dags/dag-proyecto2.py took 1.161 seconds
[2025-04-04T03:17:18.091+0000] {processor.py:156} INFO - Started process (PID=504) to work on /opt/airflow/dags/dag-proyecto2.py
[2025-04-04T03:17:18.092+0000] {processor.py:799} INFO - Processing file /opt/airflow/dags/dag-proyecto2.py for tasks to queue
[2025-04-04T03:17:18.092+0000] {logging_mixin.py:149} INFO - [2025-04-04T03:17:18.092+0000] {dagbag.py:541} INFO - Filling up the DagBag from /opt/airflow/dags/dag-proyecto2.py
[2025-04-04T03:17:19.550+0000] {processor.py:809} INFO - DAG(s) dict_keys(['Pipeline-proyecto2']) retrieved from /opt/airflow/dags/dag-proyecto2.py
[2025-04-04T03:17:19.578+0000] {logging_mixin.py:149} INFO - [2025-04-04T03:17:19.577+0000] {dag.py:2726} INFO - Sync 1 DAGs
[2025-04-04T03:17:19.603+0000] {logging_mixin.py:149} INFO - [2025-04-04T03:17:19.602+0000] {dag.py:3486} INFO - Setting next_dagrun for Pipeline-proyecto2 to None, run_after=None
[2025-04-04T03:17:19.620+0000] {processor.py:178} INFO - Processing /opt/airflow/dags/dag-proyecto2.py took 1.533 seconds
[2025-04-04T03:17:49.802+0000] {processor.py:156} INFO - Started process (PID=543) to work on /opt/airflow/dags/dag-proyecto2.py
[2025-04-04T03:17:49.803+0000] {processor.py:799} INFO - Processing file /opt/airflow/dags/dag-proyecto2.py for tasks to queue
[2025-04-04T03:17:49.804+0000] {logging_mixin.py:149} INFO - [2025-04-04T03:17:49.804+0000] {dagbag.py:541} INFO - Filling up the DagBag from /opt/airflow/dags/dag-proyecto2.py
[2025-04-04T03:17:51.177+0000] {processor.py:809} INFO - DAG(s) dict_keys(['Pipeline-proyecto2']) retrieved from /opt/airflow/dags/dag-proyecto2.py
[2025-04-04T03:17:51.199+0000] {logging_mixin.py:149} INFO - [2025-04-04T03:17:51.198+0000] {dag.py:2726} INFO - Sync 1 DAGs
[2025-04-04T03:17:51.217+0000] {logging_mixin.py:149} INFO - [2025-04-04T03:17:51.217+0000] {dag.py:3486} INFO - Setting next_dagrun for Pipeline-proyecto2 to None, run_after=None
[2025-04-04T03:17:51.232+0000] {processor.py:178} INFO - Processing /opt/airflow/dags/dag-proyecto2.py took 1.435 seconds
[2025-04-04T03:18:21.399+0000] {processor.py:156} INFO - Started process (PID=582) to work on /opt/airflow/dags/dag-proyecto2.py
[2025-04-04T03:18:21.403+0000] {processor.py:799} INFO - Processing file /opt/airflow/dags/dag-proyecto2.py for tasks to queue
[2025-04-04T03:18:21.405+0000] {logging_mixin.py:149} INFO - [2025-04-04T03:18:21.404+0000] {dagbag.py:541} INFO - Filling up the DagBag from /opt/airflow/dags/dag-proyecto2.py
[2025-04-04T03:18:22.865+0000] {processor.py:809} INFO - DAG(s) dict_keys(['Pipeline-proyecto2']) retrieved from /opt/airflow/dags/dag-proyecto2.py
[2025-04-04T03:18:22.893+0000] {logging_mixin.py:149} INFO - [2025-04-04T03:18:22.892+0000] {dag.py:2726} INFO - Sync 1 DAGs
[2025-04-04T03:18:22.915+0000] {logging_mixin.py:149} INFO - [2025-04-04T03:18:22.915+0000] {dag.py:3486} INFO - Setting next_dagrun for Pipeline-proyecto2 to None, run_after=None
[2025-04-04T03:18:22.935+0000] {processor.py:178} INFO - Processing /opt/airflow/dags/dag-proyecto2.py took 1.539 seconds
[2025-04-04T03:18:53.115+0000] {processor.py:156} INFO - Started process (PID=621) to work on /opt/airflow/dags/dag-proyecto2.py
[2025-04-04T03:18:53.120+0000] {processor.py:799} INFO - Processing file /opt/airflow/dags/dag-proyecto2.py for tasks to queue
[2025-04-04T03:18:53.122+0000] {logging_mixin.py:149} INFO - [2025-04-04T03:18:53.122+0000] {dagbag.py:541} INFO - Filling up the DagBag from /opt/airflow/dags/dag-proyecto2.py
[2025-04-04T03:18:54.535+0000] {processor.py:809} INFO - DAG(s) dict_keys(['Pipeline-proyecto2']) retrieved from /opt/airflow/dags/dag-proyecto2.py
[2025-04-04T03:18:54.561+0000] {logging_mixin.py:149} INFO - [2025-04-04T03:18:54.561+0000] {dag.py:2726} INFO - Sync 1 DAGs
[2025-04-04T03:18:54.584+0000] {logging_mixin.py:149} INFO - [2025-04-04T03:18:54.584+0000] {dag.py:3486} INFO - Setting next_dagrun for Pipeline-proyecto2 to None, run_after=None
[2025-04-04T03:18:54.604+0000] {processor.py:178} INFO - Processing /opt/airflow/dags/dag-proyecto2.py took 1.492 seconds
[2025-04-04T03:19:24.710+0000] {processor.py:156} INFO - Started process (PID=660) to work on /opt/airflow/dags/dag-proyecto2.py
[2025-04-04T03:19:24.715+0000] {processor.py:799} INFO - Processing file /opt/airflow/dags/dag-proyecto2.py for tasks to queue
[2025-04-04T03:19:24.716+0000] {logging_mixin.py:149} INFO - [2025-04-04T03:19:24.716+0000] {dagbag.py:541} INFO - Filling up the DagBag from /opt/airflow/dags/dag-proyecto2.py
[2025-04-04T03:19:26.056+0000] {processor.py:809} INFO - DAG(s) dict_keys(['Pipeline-proyecto2']) retrieved from /opt/airflow/dags/dag-proyecto2.py
[2025-04-04T03:19:26.081+0000] {logging_mixin.py:149} INFO - [2025-04-04T03:19:26.080+0000] {dag.py:2726} INFO - Sync 1 DAGs
[2025-04-04T03:19:26.106+0000] {logging_mixin.py:149} INFO - [2025-04-04T03:19:26.106+0000] {dag.py:3486} INFO - Setting next_dagrun for Pipeline-proyecto2 to None, run_after=None
[2025-04-04T03:19:26.125+0000] {processor.py:178} INFO - Processing /opt/airflow/dags/dag-proyecto2.py took 1.418 seconds
[2025-04-04T03:19:56.298+0000] {processor.py:156} INFO - Started process (PID=699) to work on /opt/airflow/dags/dag-proyecto2.py
[2025-04-04T03:19:56.303+0000] {processor.py:799} INFO - Processing file /opt/airflow/dags/dag-proyecto2.py for tasks to queue
[2025-04-04T03:19:56.304+0000] {logging_mixin.py:149} INFO - [2025-04-04T03:19:56.304+0000] {dagbag.py:541} INFO - Filling up the DagBag from /opt/airflow/dags/dag-proyecto2.py
[2025-04-04T03:19:57.599+0000] {processor.py:809} INFO - DAG(s) dict_keys(['Pipeline-proyecto2']) retrieved from /opt/airflow/dags/dag-proyecto2.py
[2025-04-04T03:19:57.625+0000] {logging_mixin.py:149} INFO - [2025-04-04T03:19:57.625+0000] {dag.py:2726} INFO - Sync 1 DAGs
[2025-04-04T03:19:57.646+0000] {logging_mixin.py:149} INFO - [2025-04-04T03:19:57.646+0000] {dag.py:3486} INFO - Setting next_dagrun for Pipeline-proyecto2 to None, run_after=None
[2025-04-04T03:19:57.666+0000] {processor.py:178} INFO - Processing /opt/airflow/dags/dag-proyecto2.py took 1.371 seconds
[2025-04-04T03:20:27.836+0000] {processor.py:156} INFO - Started process (PID=738) to work on /opt/airflow/dags/dag-proyecto2.py
[2025-04-04T03:20:27.840+0000] {processor.py:799} INFO - Processing file /opt/airflow/dags/dag-proyecto2.py for tasks to queue
[2025-04-04T03:20:27.842+0000] {logging_mixin.py:149} INFO - [2025-04-04T03:20:27.841+0000] {dagbag.py:541} INFO - Filling up the DagBag from /opt/airflow/dags/dag-proyecto2.py
[2025-04-04T03:20:29.201+0000] {processor.py:809} INFO - DAG(s) dict_keys(['Pipeline-proyecto2']) retrieved from /opt/airflow/dags/dag-proyecto2.py
[2025-04-04T03:20:29.228+0000] {logging_mixin.py:149} INFO - [2025-04-04T03:20:29.228+0000] {dag.py:2726} INFO - Sync 1 DAGs
[2025-04-04T03:20:29.251+0000] {logging_mixin.py:149} INFO - [2025-04-04T03:20:29.250+0000] {dag.py:3486} INFO - Setting next_dagrun for Pipeline-proyecto2 to None, run_after=None
[2025-04-04T03:20:29.273+0000] {processor.py:178} INFO - Processing /opt/airflow/dags/dag-proyecto2.py took 1.441 seconds
[2025-04-04T03:20:59.464+0000] {processor.py:156} INFO - Started process (PID=777) to work on /opt/airflow/dags/dag-proyecto2.py
[2025-04-04T03:20:59.468+0000] {processor.py:799} INFO - Processing file /opt/airflow/dags/dag-proyecto2.py for tasks to queue
[2025-04-04T03:20:59.469+0000] {logging_mixin.py:149} INFO - [2025-04-04T03:20:59.469+0000] {dagbag.py:541} INFO - Filling up the DagBag from /opt/airflow/dags/dag-proyecto2.py
[2025-04-04T03:21:00.820+0000] {processor.py:809} INFO - DAG(s) dict_keys(['Pipeline-proyecto2']) retrieved from /opt/airflow/dags/dag-proyecto2.py
[2025-04-04T03:21:00.850+0000] {logging_mixin.py:149} INFO - [2025-04-04T03:21:00.849+0000] {dag.py:2726} INFO - Sync 1 DAGs
[2025-04-04T03:21:00.871+0000] {logging_mixin.py:149} INFO - [2025-04-04T03:21:00.871+0000] {dag.py:3486} INFO - Setting next_dagrun for Pipeline-proyecto2 to None, run_after=None
[2025-04-04T03:21:00.890+0000] {processor.py:178} INFO - Processing /opt/airflow/dags/dag-proyecto2.py took 1.430 seconds
[2025-04-04T03:21:31.069+0000] {processor.py:156} INFO - Started process (PID=816) to work on /opt/airflow/dags/dag-proyecto2.py
[2025-04-04T03:21:31.071+0000] {processor.py:799} INFO - Processing file /opt/airflow/dags/dag-proyecto2.py for tasks to queue
[2025-04-04T03:21:31.071+0000] {logging_mixin.py:149} INFO - [2025-04-04T03:21:31.071+0000] {dagbag.py:541} INFO - Filling up the DagBag from /opt/airflow/dags/dag-proyecto2.py
[2025-04-04T03:21:32.473+0000] {processor.py:809} INFO - DAG(s) dict_keys(['Pipeline-proyecto2']) retrieved from /opt/airflow/dags/dag-proyecto2.py
[2025-04-04T03:21:32.500+0000] {logging_mixin.py:149} INFO - [2025-04-04T03:21:32.499+0000] {dag.py:2726} INFO - Sync 1 DAGs
[2025-04-04T03:21:32.521+0000] {logging_mixin.py:149} INFO - [2025-04-04T03:21:32.521+0000] {dag.py:3486} INFO - Setting next_dagrun for Pipeline-proyecto2 to None, run_after=None
[2025-04-04T03:21:32.540+0000] {processor.py:178} INFO - Processing /opt/airflow/dags/dag-proyecto2.py took 1.474 seconds
[2025-04-04T03:22:02.715+0000] {processor.py:156} INFO - Started process (PID=855) to work on /opt/airflow/dags/dag-proyecto2.py
[2025-04-04T03:22:02.720+0000] {processor.py:799} INFO - Processing file /opt/airflow/dags/dag-proyecto2.py for tasks to queue
[2025-04-04T03:22:02.721+0000] {logging_mixin.py:149} INFO - [2025-04-04T03:22:02.721+0000] {dagbag.py:541} INFO - Filling up the DagBag from /opt/airflow/dags/dag-proyecto2.py
[2025-04-04T03:22:04.069+0000] {processor.py:809} INFO - DAG(s) dict_keys(['Pipeline-proyecto2']) retrieved from /opt/airflow/dags/dag-proyecto2.py
[2025-04-04T03:22:04.094+0000] {logging_mixin.py:149} INFO - [2025-04-04T03:22:04.094+0000] {dag.py:2726} INFO - Sync 1 DAGs
[2025-04-04T03:22:04.115+0000] {logging_mixin.py:149} INFO - [2025-04-04T03:22:04.115+0000] {dag.py:3486} INFO - Setting next_dagrun for Pipeline-proyecto2 to None, run_after=None
[2025-04-04T03:22:04.135+0000] {processor.py:178} INFO - Processing /opt/airflow/dags/dag-proyecto2.py took 1.423 seconds
[2025-04-04T03:22:34.310+0000] {processor.py:156} INFO - Started process (PID=901) to work on /opt/airflow/dags/dag-proyecto2.py
[2025-04-04T03:22:34.315+0000] {processor.py:799} INFO - Processing file /opt/airflow/dags/dag-proyecto2.py for tasks to queue
[2025-04-04T03:22:34.316+0000] {logging_mixin.py:149} INFO - [2025-04-04T03:22:34.316+0000] {dagbag.py:541} INFO - Filling up the DagBag from /opt/airflow/dags/dag-proyecto2.py
[2025-04-04T03:22:35.718+0000] {processor.py:809} INFO - DAG(s) dict_keys(['Pipeline-proyecto2']) retrieved from /opt/airflow/dags/dag-proyecto2.py
[2025-04-04T03:22:35.743+0000] {logging_mixin.py:149} INFO - [2025-04-04T03:22:35.743+0000] {dag.py:2726} INFO - Sync 1 DAGs
[2025-04-04T03:22:35.763+0000] {logging_mixin.py:149} INFO - [2025-04-04T03:22:35.763+0000] {dag.py:3486} INFO - Setting next_dagrun for Pipeline-proyecto2 to None, run_after=None
[2025-04-04T03:22:35.784+0000] {processor.py:178} INFO - Processing /opt/airflow/dags/dag-proyecto2.py took 1.477 seconds
[2025-04-04T03:23:05.967+0000] {processor.py:156} INFO - Started process (PID=940) to work on /opt/airflow/dags/dag-proyecto2.py
[2025-04-04T03:23:05.972+0000] {processor.py:799} INFO - Processing file /opt/airflow/dags/dag-proyecto2.py for tasks to queue
[2025-04-04T03:23:05.974+0000] {logging_mixin.py:149} INFO - [2025-04-04T03:23:05.973+0000] {dagbag.py:541} INFO - Filling up the DagBag from /opt/airflow/dags/dag-proyecto2.py
[2025-04-04T03:23:07.369+0000] {processor.py:809} INFO - DAG(s) dict_keys(['Pipeline-proyecto2']) retrieved from /opt/airflow/dags/dag-proyecto2.py
[2025-04-04T03:23:07.396+0000] {logging_mixin.py:149} INFO - [2025-04-04T03:23:07.395+0000] {dag.py:2726} INFO - Sync 1 DAGs
[2025-04-04T03:23:07.415+0000] {logging_mixin.py:149} INFO - [2025-04-04T03:23:07.415+0000] {dag.py:3486} INFO - Setting next_dagrun for Pipeline-proyecto2 to None, run_after=None
[2025-04-04T03:23:07.433+0000] {processor.py:178} INFO - Processing /opt/airflow/dags/dag-proyecto2.py took 1.469 seconds
[2025-04-04T03:23:37.610+0000] {processor.py:156} INFO - Started process (PID=979) to work on /opt/airflow/dags/dag-proyecto2.py
[2025-04-04T03:23:37.615+0000] {processor.py:799} INFO - Processing file /opt/airflow/dags/dag-proyecto2.py for tasks to queue
[2025-04-04T03:23:37.616+0000] {logging_mixin.py:149} INFO - [2025-04-04T03:23:37.616+0000] {dagbag.py:541} INFO - Filling up the DagBag from /opt/airflow/dags/dag-proyecto2.py
[2025-04-04T03:23:39.016+0000] {processor.py:809} INFO - DAG(s) dict_keys(['Pipeline-proyecto2']) retrieved from /opt/airflow/dags/dag-proyecto2.py
[2025-04-04T03:23:39.041+0000] {logging_mixin.py:149} INFO - [2025-04-04T03:23:39.040+0000] {dag.py:2726} INFO - Sync 1 DAGs
[2025-04-04T03:23:39.061+0000] {logging_mixin.py:149} INFO - [2025-04-04T03:23:39.061+0000] {dag.py:3486} INFO - Setting next_dagrun for Pipeline-proyecto2 to None, run_after=None
[2025-04-04T03:23:39.084+0000] {processor.py:178} INFO - Processing /opt/airflow/dags/dag-proyecto2.py took 1.478 seconds
[2025-04-04T03:24:09.261+0000] {processor.py:156} INFO - Started process (PID=1018) to work on /opt/airflow/dags/dag-proyecto2.py
[2025-04-04T03:24:09.266+0000] {processor.py:799} INFO - Processing file /opt/airflow/dags/dag-proyecto2.py for tasks to queue
[2025-04-04T03:24:09.268+0000] {logging_mixin.py:149} INFO - [2025-04-04T03:24:09.268+0000] {dagbag.py:541} INFO - Filling up the DagBag from /opt/airflow/dags/dag-proyecto2.py
[2025-04-04T03:24:10.528+0000] {processor.py:809} INFO - DAG(s) dict_keys(['Pipeline-proyecto2']) retrieved from /opt/airflow/dags/dag-proyecto2.py
[2025-04-04T03:24:10.553+0000] {logging_mixin.py:149} INFO - [2025-04-04T03:24:10.553+0000] {dag.py:2726} INFO - Sync 1 DAGs
[2025-04-04T03:24:10.576+0000] {logging_mixin.py:149} INFO - [2025-04-04T03:24:10.575+0000] {dag.py:3486} INFO - Setting next_dagrun for Pipeline-proyecto2 to None, run_after=None
[2025-04-04T03:24:10.595+0000] {processor.py:178} INFO - Processing /opt/airflow/dags/dag-proyecto2.py took 1.337 seconds
[2025-04-04T03:24:40.765+0000] {processor.py:156} INFO - Started process (PID=1057) to work on /opt/airflow/dags/dag-proyecto2.py
[2025-04-04T03:24:40.766+0000] {processor.py:799} INFO - Processing file /opt/airflow/dags/dag-proyecto2.py for tasks to queue
[2025-04-04T03:24:40.766+0000] {logging_mixin.py:149} INFO - [2025-04-04T03:24:40.766+0000] {dagbag.py:541} INFO - Filling up the DagBag from /opt/airflow/dags/dag-proyecto2.py
[2025-04-04T03:24:42.099+0000] {processor.py:809} INFO - DAG(s) dict_keys(['Pipeline-proyecto2']) retrieved from /opt/airflow/dags/dag-proyecto2.py
[2025-04-04T03:24:42.129+0000] {logging_mixin.py:149} INFO - [2025-04-04T03:24:42.128+0000] {dag.py:2726} INFO - Sync 1 DAGs
[2025-04-04T03:24:42.150+0000] {logging_mixin.py:149} INFO - [2025-04-04T03:24:42.150+0000] {dag.py:3486} INFO - Setting next_dagrun for Pipeline-proyecto2 to None, run_after=None
[2025-04-04T03:24:42.171+0000] {processor.py:178} INFO - Processing /opt/airflow/dags/dag-proyecto2.py took 1.409 seconds
[2025-04-04T03:25:12.342+0000] {processor.py:156} INFO - Started process (PID=1096) to work on /opt/airflow/dags/dag-proyecto2.py
[2025-04-04T03:25:12.347+0000] {processor.py:799} INFO - Processing file /opt/airflow/dags/dag-proyecto2.py for tasks to queue
[2025-04-04T03:25:12.348+0000] {logging_mixin.py:149} INFO - [2025-04-04T03:25:12.348+0000] {dagbag.py:541} INFO - Filling up the DagBag from /opt/airflow/dags/dag-proyecto2.py
[2025-04-04T03:25:13.727+0000] {processor.py:809} INFO - DAG(s) dict_keys(['Pipeline-proyecto2']) retrieved from /opt/airflow/dags/dag-proyecto2.py
[2025-04-04T03:25:13.752+0000] {logging_mixin.py:149} INFO - [2025-04-04T03:25:13.752+0000] {dag.py:2726} INFO - Sync 1 DAGs
[2025-04-04T03:25:13.774+0000] {logging_mixin.py:149} INFO - [2025-04-04T03:25:13.774+0000] {dag.py:3486} INFO - Setting next_dagrun for Pipeline-proyecto2 to None, run_after=None
[2025-04-04T03:25:13.794+0000] {processor.py:178} INFO - Processing /opt/airflow/dags/dag-proyecto2.py took 1.455 seconds
[2025-04-04T03:25:43.961+0000] {processor.py:156} INFO - Started process (PID=1135) to work on /opt/airflow/dags/dag-proyecto2.py
[2025-04-04T03:25:43.962+0000] {processor.py:799} INFO - Processing file /opt/airflow/dags/dag-proyecto2.py for tasks to queue
[2025-04-04T03:25:43.963+0000] {logging_mixin.py:149} INFO - [2025-04-04T03:25:43.963+0000] {dagbag.py:541} INFO - Filling up the DagBag from /opt/airflow/dags/dag-proyecto2.py
[2025-04-04T03:25:45.057+0000] {processor.py:809} INFO - DAG(s) dict_keys(['Pipeline-proyecto2']) retrieved from /opt/airflow/dags/dag-proyecto2.py
[2025-04-04T03:25:45.077+0000] {logging_mixin.py:149} INFO - [2025-04-04T03:25:45.077+0000] {dag.py:2726} INFO - Sync 1 DAGs
[2025-04-04T03:25:45.095+0000] {logging_mixin.py:149} INFO - [2025-04-04T03:25:45.094+0000] {dag.py:3486} INFO - Setting next_dagrun for Pipeline-proyecto2 to None, run_after=None
[2025-04-04T03:25:45.112+0000] {processor.py:178} INFO - Processing /opt/airflow/dags/dag-proyecto2.py took 1.153 seconds
[2025-04-04T03:26:15.267+0000] {processor.py:156} INFO - Started process (PID=1174) to work on /opt/airflow/dags/dag-proyecto2.py
[2025-04-04T03:26:15.268+0000] {processor.py:799} INFO - Processing file /opt/airflow/dags/dag-proyecto2.py for tasks to queue
[2025-04-04T03:26:15.269+0000] {logging_mixin.py:149} INFO - [2025-04-04T03:26:15.268+0000] {dagbag.py:541} INFO - Filling up the DagBag from /opt/airflow/dags/dag-proyecto2.py
[2025-04-04T03:26:16.593+0000] {processor.py:809} INFO - DAG(s) dict_keys(['Pipeline-proyecto2']) retrieved from /opt/airflow/dags/dag-proyecto2.py
[2025-04-04T03:26:16.620+0000] {logging_mixin.py:149} INFO - [2025-04-04T03:26:16.619+0000] {dag.py:2726} INFO - Sync 1 DAGs
[2025-04-04T03:26:16.640+0000] {logging_mixin.py:149} INFO - [2025-04-04T03:26:16.640+0000] {dag.py:3486} INFO - Setting next_dagrun for Pipeline-proyecto2 to None, run_after=None
[2025-04-04T03:26:16.660+0000] {processor.py:178} INFO - Processing /opt/airflow/dags/dag-proyecto2.py took 1.396 seconds
[2025-04-04T03:26:46.825+0000] {processor.py:156} INFO - Started process (PID=1213) to work on /opt/airflow/dags/dag-proyecto2.py
[2025-04-04T03:26:46.829+0000] {processor.py:799} INFO - Processing file /opt/airflow/dags/dag-proyecto2.py for tasks to queue
[2025-04-04T03:26:46.830+0000] {logging_mixin.py:149} INFO - [2025-04-04T03:26:46.830+0000] {dagbag.py:541} INFO - Filling up the DagBag from /opt/airflow/dags/dag-proyecto2.py
[2025-04-04T03:26:48.293+0000] {processor.py:809} INFO - DAG(s) dict_keys(['Pipeline-proyecto2']) retrieved from /opt/airflow/dags/dag-proyecto2.py
[2025-04-04T03:26:48.314+0000] {logging_mixin.py:149} INFO - [2025-04-04T03:26:48.314+0000] {dag.py:2726} INFO - Sync 1 DAGs
[2025-04-04T03:26:48.333+0000] {logging_mixin.py:149} INFO - [2025-04-04T03:26:48.333+0000] {dag.py:3486} INFO - Setting next_dagrun for Pipeline-proyecto2 to None, run_after=None
[2025-04-04T03:26:48.350+0000] {processor.py:178} INFO - Processing /opt/airflow/dags/dag-proyecto2.py took 1.528 seconds
[2025-04-04T03:27:18.532+0000] {processor.py:156} INFO - Started process (PID=1252) to work on /opt/airflow/dags/dag-proyecto2.py
[2025-04-04T03:27:18.537+0000] {processor.py:799} INFO - Processing file /opt/airflow/dags/dag-proyecto2.py for tasks to queue
[2025-04-04T03:27:18.538+0000] {logging_mixin.py:149} INFO - [2025-04-04T03:27:18.538+0000] {dagbag.py:541} INFO - Filling up the DagBag from /opt/airflow/dags/dag-proyecto2.py
[2025-04-04T03:27:19.915+0000] {processor.py:809} INFO - DAG(s) dict_keys(['Pipeline-proyecto2']) retrieved from /opt/airflow/dags/dag-proyecto2.py
[2025-04-04T03:27:19.944+0000] {logging_mixin.py:149} INFO - [2025-04-04T03:27:19.943+0000] {dag.py:2726} INFO - Sync 1 DAGs
[2025-04-04T03:27:19.963+0000] {logging_mixin.py:149} INFO - [2025-04-04T03:27:19.963+0000] {dag.py:3486} INFO - Setting next_dagrun for Pipeline-proyecto2 to None, run_after=None
[2025-04-04T03:27:19.981+0000] {processor.py:178} INFO - Processing /opt/airflow/dags/dag-proyecto2.py took 1.453 seconds
[2025-04-04T03:27:50.147+0000] {processor.py:156} INFO - Started process (PID=1291) to work on /opt/airflow/dags/dag-proyecto2.py
[2025-04-04T03:27:50.152+0000] {processor.py:799} INFO - Processing file /opt/airflow/dags/dag-proyecto2.py for tasks to queue
[2025-04-04T03:27:50.153+0000] {logging_mixin.py:149} INFO - [2025-04-04T03:27:50.153+0000] {dagbag.py:541} INFO - Filling up the DagBag from /opt/airflow/dags/dag-proyecto2.py
[2025-04-04T03:27:51.437+0000] {processor.py:809} INFO - DAG(s) dict_keys(['Pipeline-proyecto2']) retrieved from /opt/airflow/dags/dag-proyecto2.py
[2025-04-04T03:27:51.463+0000] {logging_mixin.py:149} INFO - [2025-04-04T03:27:51.463+0000] {dag.py:2726} INFO - Sync 1 DAGs
[2025-04-04T03:27:51.483+0000] {logging_mixin.py:149} INFO - [2025-04-04T03:27:51.483+0000] {dag.py:3486} INFO - Setting next_dagrun for Pipeline-proyecto2 to None, run_after=None
[2025-04-04T03:27:51.507+0000] {processor.py:178} INFO - Processing /opt/airflow/dags/dag-proyecto2.py took 1.362 seconds
[2025-04-04T03:28:21.675+0000] {processor.py:156} INFO - Started process (PID=1330) to work on /opt/airflow/dags/dag-proyecto2.py
[2025-04-04T03:28:21.680+0000] {processor.py:799} INFO - Processing file /opt/airflow/dags/dag-proyecto2.py for tasks to queue
[2025-04-04T03:28:21.681+0000] {logging_mixin.py:149} INFO - [2025-04-04T03:28:21.681+0000] {dagbag.py:541} INFO - Filling up the DagBag from /opt/airflow/dags/dag-proyecto2.py
[2025-04-04T03:28:22.768+0000] {processor.py:809} INFO - DAG(s) dict_keys(['Pipeline-proyecto2']) retrieved from /opt/airflow/dags/dag-proyecto2.py
[2025-04-04T03:28:22.789+0000] {logging_mixin.py:149} INFO - [2025-04-04T03:28:22.789+0000] {dag.py:2726} INFO - Sync 1 DAGs
[2025-04-04T03:28:22.807+0000] {logging_mixin.py:149} INFO - [2025-04-04T03:28:22.807+0000] {dag.py:3486} INFO - Setting next_dagrun for Pipeline-proyecto2 to None, run_after=None
[2025-04-04T03:28:22.825+0000] {processor.py:178} INFO - Processing /opt/airflow/dags/dag-proyecto2.py took 1.153 seconds
[2025-04-04T03:28:52.989+0000] {processor.py:156} INFO - Started process (PID=1369) to work on /opt/airflow/dags/dag-proyecto2.py
[2025-04-04T03:28:52.994+0000] {processor.py:799} INFO - Processing file /opt/airflow/dags/dag-proyecto2.py for tasks to queue
[2025-04-04T03:28:52.995+0000] {logging_mixin.py:149} INFO - [2025-04-04T03:28:52.995+0000] {dagbag.py:541} INFO - Filling up the DagBag from /opt/airflow/dags/dag-proyecto2.py
[2025-04-04T03:28:54.307+0000] {processor.py:809} INFO - DAG(s) dict_keys(['Pipeline-proyecto2']) retrieved from /opt/airflow/dags/dag-proyecto2.py
[2025-04-04T03:28:54.332+0000] {logging_mixin.py:149} INFO - [2025-04-04T03:28:54.331+0000] {dag.py:2726} INFO - Sync 1 DAGs
[2025-04-04T03:28:54.354+0000] {logging_mixin.py:149} INFO - [2025-04-04T03:28:54.353+0000] {dag.py:3486} INFO - Setting next_dagrun for Pipeline-proyecto2 to None, run_after=None
[2025-04-04T03:28:54.373+0000] {processor.py:178} INFO - Processing /opt/airflow/dags/dag-proyecto2.py took 1.387 seconds
[2025-04-04T03:29:24.554+0000] {processor.py:156} INFO - Started process (PID=1408) to work on /opt/airflow/dags/dag-proyecto2.py
[2025-04-04T03:29:24.559+0000] {processor.py:799} INFO - Processing file /opt/airflow/dags/dag-proyecto2.py for tasks to queue
[2025-04-04T03:29:24.560+0000] {logging_mixin.py:149} INFO - [2025-04-04T03:29:24.560+0000] {dagbag.py:541} INFO - Filling up the DagBag from /opt/airflow/dags/dag-proyecto2.py
[2025-04-04T03:29:25.940+0000] {processor.py:809} INFO - DAG(s) dict_keys(['Pipeline-proyecto2']) retrieved from /opt/airflow/dags/dag-proyecto2.py
[2025-04-04T03:29:25.963+0000] {logging_mixin.py:149} INFO - [2025-04-04T03:29:25.963+0000] {dag.py:2726} INFO - Sync 1 DAGs
[2025-04-04T03:29:25.980+0000] {logging_mixin.py:149} INFO - [2025-04-04T03:29:25.980+0000] {dag.py:3486} INFO - Setting next_dagrun for Pipeline-proyecto2 to None, run_after=None
[2025-04-04T03:29:25.997+0000] {processor.py:178} INFO - Processing /opt/airflow/dags/dag-proyecto2.py took 1.446 seconds
[2025-04-04T03:29:56.169+0000] {processor.py:156} INFO - Started process (PID=1447) to work on /opt/airflow/dags/dag-proyecto2.py
[2025-04-04T03:29:56.174+0000] {processor.py:799} INFO - Processing file /opt/airflow/dags/dag-proyecto2.py for tasks to queue
[2025-04-04T03:29:56.176+0000] {logging_mixin.py:149} INFO - [2025-04-04T03:29:56.175+0000] {dagbag.py:541} INFO - Filling up the DagBag from /opt/airflow/dags/dag-proyecto2.py
[2025-04-04T03:29:57.466+0000] {processor.py:809} INFO - DAG(s) dict_keys(['Pipeline-proyecto2']) retrieved from /opt/airflow/dags/dag-proyecto2.py
[2025-04-04T03:29:57.491+0000] {logging_mixin.py:149} INFO - [2025-04-04T03:29:57.490+0000] {dag.py:2726} INFO - Sync 1 DAGs
[2025-04-04T03:29:57.512+0000] {logging_mixin.py:149} INFO - [2025-04-04T03:29:57.512+0000] {dag.py:3486} INFO - Setting next_dagrun for Pipeline-proyecto2 to None, run_after=None
[2025-04-04T03:29:57.531+0000] {processor.py:178} INFO - Processing /opt/airflow/dags/dag-proyecto2.py took 1.365 seconds
[2025-04-04T03:30:27.702+0000] {processor.py:156} INFO - Started process (PID=1486) to work on /opt/airflow/dags/dag-proyecto2.py
[2025-04-04T03:30:27.707+0000] {processor.py:799} INFO - Processing file /opt/airflow/dags/dag-proyecto2.py for tasks to queue
[2025-04-04T03:30:27.708+0000] {logging_mixin.py:149} INFO - [2025-04-04T03:30:27.708+0000] {dagbag.py:541} INFO - Filling up the DagBag from /opt/airflow/dags/dag-proyecto2.py
[2025-04-04T03:30:28.963+0000] {processor.py:809} INFO - DAG(s) dict_keys(['Pipeline-proyecto2']) retrieved from /opt/airflow/dags/dag-proyecto2.py
[2025-04-04T03:30:28.987+0000] {logging_mixin.py:149} INFO - [2025-04-04T03:30:28.987+0000] {dag.py:2726} INFO - Sync 1 DAGs
[2025-04-04T03:30:29.009+0000] {logging_mixin.py:149} INFO - [2025-04-04T03:30:29.009+0000] {dag.py:3486} INFO - Setting next_dagrun for Pipeline-proyecto2 to None, run_after=None
[2025-04-04T03:30:29.029+0000] {processor.py:178} INFO - Processing /opt/airflow/dags/dag-proyecto2.py took 1.330 seconds
[2025-04-04T03:30:59.201+0000] {processor.py:156} INFO - Started process (PID=1525) to work on /opt/airflow/dags/dag-proyecto2.py
[2025-04-04T03:30:59.206+0000] {processor.py:799} INFO - Processing file /opt/airflow/dags/dag-proyecto2.py for tasks to queue
[2025-04-04T03:30:59.207+0000] {logging_mixin.py:149} INFO - [2025-04-04T03:30:59.207+0000] {dagbag.py:541} INFO - Filling up the DagBag from /opt/airflow/dags/dag-proyecto2.py
[2025-04-04T03:31:00.599+0000] {processor.py:809} INFO - DAG(s) dict_keys(['Pipeline-proyecto2']) retrieved from /opt/airflow/dags/dag-proyecto2.py
[2025-04-04T03:31:00.626+0000] {logging_mixin.py:149} INFO - [2025-04-04T03:31:00.625+0000] {dag.py:2726} INFO - Sync 1 DAGs
[2025-04-04T03:31:00.647+0000] {logging_mixin.py:149} INFO - [2025-04-04T03:31:00.646+0000] {dag.py:3486} INFO - Setting next_dagrun for Pipeline-proyecto2 to None, run_after=None
[2025-04-04T03:31:00.666+0000] {processor.py:178} INFO - Processing /opt/airflow/dags/dag-proyecto2.py took 1.469 seconds
[2025-04-04T03:31:30.841+0000] {processor.py:156} INFO - Started process (PID=1564) to work on /opt/airflow/dags/dag-proyecto2.py
[2025-04-04T03:31:30.842+0000] {processor.py:799} INFO - Processing file /opt/airflow/dags/dag-proyecto2.py for tasks to queue
[2025-04-04T03:31:30.842+0000] {logging_mixin.py:149} INFO - [2025-04-04T03:31:30.842+0000] {dagbag.py:541} INFO - Filling up the DagBag from /opt/airflow/dags/dag-proyecto2.py
[2025-04-04T03:31:32.210+0000] {processor.py:809} INFO - DAG(s) dict_keys(['Pipeline-proyecto2']) retrieved from /opt/airflow/dags/dag-proyecto2.py
[2025-04-04T03:31:32.236+0000] {logging_mixin.py:149} INFO - [2025-04-04T03:31:32.236+0000] {dag.py:2726} INFO - Sync 1 DAGs
[2025-04-04T03:31:32.259+0000] {logging_mixin.py:149} INFO - [2025-04-04T03:31:32.259+0000] {dag.py:3486} INFO - Setting next_dagrun for Pipeline-proyecto2 to None, run_after=None
[2025-04-04T03:31:32.278+0000] {processor.py:178} INFO - Processing /opt/airflow/dags/dag-proyecto2.py took 1.441 seconds
[2025-04-04T03:32:02.459+0000] {processor.py:156} INFO - Started process (PID=1603) to work on /opt/airflow/dags/dag-proyecto2.py
[2025-04-04T03:32:02.464+0000] {processor.py:799} INFO - Processing file /opt/airflow/dags/dag-proyecto2.py for tasks to queue
[2025-04-04T03:32:02.464+0000] {logging_mixin.py:149} INFO - [2025-04-04T03:32:02.464+0000] {dagbag.py:541} INFO - Filling up the DagBag from /opt/airflow/dags/dag-proyecto2.py
[2025-04-04T03:32:03.941+0000] {processor.py:809} INFO - DAG(s) dict_keys(['Pipeline-proyecto2']) retrieved from /opt/airflow/dags/dag-proyecto2.py
[2025-04-04T03:32:03.967+0000] {logging_mixin.py:149} INFO - [2025-04-04T03:32:03.966+0000] {dag.py:2726} INFO - Sync 1 DAGs
[2025-04-04T03:32:03.989+0000] {logging_mixin.py:149} INFO - [2025-04-04T03:32:03.989+0000] {dag.py:3486} INFO - Setting next_dagrun for Pipeline-proyecto2 to None, run_after=None
[2025-04-04T03:32:04.008+0000] {processor.py:178} INFO - Processing /opt/airflow/dags/dag-proyecto2.py took 1.552 seconds
[2025-04-04T03:32:34.158+0000] {processor.py:156} INFO - Started process (PID=1642) to work on /opt/airflow/dags/dag-proyecto2.py
[2025-04-04T03:32:34.163+0000] {processor.py:799} INFO - Processing file /opt/airflow/dags/dag-proyecto2.py for tasks to queue
[2025-04-04T03:32:34.164+0000] {logging_mixin.py:149} INFO - [2025-04-04T03:32:34.164+0000] {dagbag.py:541} INFO - Filling up the DagBag from /opt/airflow/dags/dag-proyecto2.py
[2025-04-04T03:32:35.551+0000] {processor.py:809} INFO - DAG(s) dict_keys(['Pipeline-proyecto2']) retrieved from /opt/airflow/dags/dag-proyecto2.py
[2025-04-04T03:32:35.580+0000] {logging_mixin.py:149} INFO - [2025-04-04T03:32:35.579+0000] {dag.py:2726} INFO - Sync 1 DAGs
[2025-04-04T03:32:35.601+0000] {logging_mixin.py:149} INFO - [2025-04-04T03:32:35.601+0000] {dag.py:3486} INFO - Setting next_dagrun for Pipeline-proyecto2 to None, run_after=None
[2025-04-04T03:32:35.622+0000] {processor.py:178} INFO - Processing /opt/airflow/dags/dag-proyecto2.py took 1.468 seconds
[2025-04-04T03:33:05.797+0000] {processor.py:156} INFO - Started process (PID=1688) to work on /opt/airflow/dags/dag-proyecto2.py
[2025-04-04T03:33:05.802+0000] {processor.py:799} INFO - Processing file /opt/airflow/dags/dag-proyecto2.py for tasks to queue
[2025-04-04T03:33:05.803+0000] {logging_mixin.py:149} INFO - [2025-04-04T03:33:05.803+0000] {dagbag.py:541} INFO - Filling up the DagBag from /opt/airflow/dags/dag-proyecto2.py
[2025-04-04T03:33:07.191+0000] {processor.py:809} INFO - DAG(s) dict_keys(['Pipeline-proyecto2']) retrieved from /opt/airflow/dags/dag-proyecto2.py
[2025-04-04T03:33:07.217+0000] {logging_mixin.py:149} INFO - [2025-04-04T03:33:07.216+0000] {dag.py:2726} INFO - Sync 1 DAGs
[2025-04-04T03:33:07.239+0000] {logging_mixin.py:149} INFO - [2025-04-04T03:33:07.239+0000] {dag.py:3486} INFO - Setting next_dagrun for Pipeline-proyecto2 to None, run_after=None
[2025-04-04T03:33:07.258+0000] {processor.py:178} INFO - Processing /opt/airflow/dags/dag-proyecto2.py took 1.465 seconds
[2025-04-04T03:33:37.438+0000] {processor.py:156} INFO - Started process (PID=1727) to work on /opt/airflow/dags/dag-proyecto2.py
[2025-04-04T03:33:37.443+0000] {processor.py:799} INFO - Processing file /opt/airflow/dags/dag-proyecto2.py for tasks to queue
[2025-04-04T03:33:37.444+0000] {logging_mixin.py:149} INFO - [2025-04-04T03:33:37.444+0000] {dagbag.py:541} INFO - Filling up the DagBag from /opt/airflow/dags/dag-proyecto2.py
[2025-04-04T03:33:38.833+0000] {processor.py:809} INFO - DAG(s) dict_keys(['Pipeline-proyecto2']) retrieved from /opt/airflow/dags/dag-proyecto2.py
[2025-04-04T03:33:38.857+0000] {logging_mixin.py:149} INFO - [2025-04-04T03:33:38.857+0000] {dag.py:2726} INFO - Sync 1 DAGs
[2025-04-04T03:33:38.879+0000] {logging_mixin.py:149} INFO - [2025-04-04T03:33:38.879+0000] {dag.py:3486} INFO - Setting next_dagrun for Pipeline-proyecto2 to None, run_after=None
[2025-04-04T03:33:38.899+0000] {processor.py:178} INFO - Processing /opt/airflow/dags/dag-proyecto2.py took 1.465 seconds
[2025-04-04T03:34:09.082+0000] {processor.py:156} INFO - Started process (PID=1766) to work on /opt/airflow/dags/dag-proyecto2.py
[2025-04-04T03:34:09.084+0000] {processor.py:799} INFO - Processing file /opt/airflow/dags/dag-proyecto2.py for tasks to queue
[2025-04-04T03:34:09.084+0000] {logging_mixin.py:149} INFO - [2025-04-04T03:34:09.084+0000] {dagbag.py:541} INFO - Filling up the DagBag from /opt/airflow/dags/dag-proyecto2.py
[2025-04-04T03:34:10.348+0000] {processor.py:809} INFO - DAG(s) dict_keys(['Pipeline-proyecto2']) retrieved from /opt/airflow/dags/dag-proyecto2.py
[2025-04-04T03:34:10.370+0000] {logging_mixin.py:149} INFO - [2025-04-04T03:34:10.369+0000] {dag.py:2726} INFO - Sync 1 DAGs
[2025-04-04T03:34:10.387+0000] {logging_mixin.py:149} INFO - [2025-04-04T03:34:10.387+0000] {dag.py:3486} INFO - Setting next_dagrun for Pipeline-proyecto2 to None, run_after=None
[2025-04-04T03:34:10.402+0000] {processor.py:178} INFO - Processing /opt/airflow/dags/dag-proyecto2.py took 1.323 seconds
[2025-04-04T03:34:40.583+0000] {processor.py:156} INFO - Started process (PID=1805) to work on /opt/airflow/dags/dag-proyecto2.py
[2025-04-04T03:34:40.588+0000] {processor.py:799} INFO - Processing file /opt/airflow/dags/dag-proyecto2.py for tasks to queue
[2025-04-04T03:34:40.589+0000] {logging_mixin.py:149} INFO - [2025-04-04T03:34:40.589+0000] {dagbag.py:541} INFO - Filling up the DagBag from /opt/airflow/dags/dag-proyecto2.py
[2025-04-04T03:34:41.718+0000] {processor.py:809} INFO - DAG(s) dict_keys(['Pipeline-proyecto2']) retrieved from /opt/airflow/dags/dag-proyecto2.py
[2025-04-04T03:34:41.740+0000] {logging_mixin.py:149} INFO - [2025-04-04T03:34:41.739+0000] {dag.py:2726} INFO - Sync 1 DAGs
[2025-04-04T03:34:41.759+0000] {logging_mixin.py:149} INFO - [2025-04-04T03:34:41.758+0000] {dag.py:3486} INFO - Setting next_dagrun for Pipeline-proyecto2 to None, run_after=None
[2025-04-04T03:34:41.774+0000] {processor.py:178} INFO - Processing /opt/airflow/dags/dag-proyecto2.py took 1.194 seconds
[2025-04-04T03:35:11.943+0000] {processor.py:156} INFO - Started process (PID=1844) to work on /opt/airflow/dags/dag-proyecto2.py
[2025-04-04T03:35:11.948+0000] {processor.py:799} INFO - Processing file /opt/airflow/dags/dag-proyecto2.py for tasks to queue
[2025-04-04T03:35:11.949+0000] {logging_mixin.py:149} INFO - [2025-04-04T03:35:11.949+0000] {dagbag.py:541} INFO - Filling up the DagBag from /opt/airflow/dags/dag-proyecto2.py
[2025-04-04T03:35:13.166+0000] {processor.py:809} INFO - DAG(s) dict_keys(['Pipeline-proyecto2']) retrieved from /opt/airflow/dags/dag-proyecto2.py
[2025-04-04T03:35:13.187+0000] {logging_mixin.py:149} INFO - [2025-04-04T03:35:13.186+0000] {dag.py:2726} INFO - Sync 1 DAGs
[2025-04-04T03:35:13.208+0000] {logging_mixin.py:149} INFO - [2025-04-04T03:35:13.208+0000] {dag.py:3486} INFO - Setting next_dagrun for Pipeline-proyecto2 to None, run_after=None
[2025-04-04T03:35:13.225+0000] {processor.py:178} INFO - Processing /opt/airflow/dags/dag-proyecto2.py took 1.285 seconds
[2025-04-04T03:35:43.401+0000] {processor.py:156} INFO - Started process (PID=1883) to work on /opt/airflow/dags/dag-proyecto2.py
[2025-04-04T03:35:43.406+0000] {processor.py:799} INFO - Processing file /opt/airflow/dags/dag-proyecto2.py for tasks to queue
[2025-04-04T03:35:43.406+0000] {logging_mixin.py:149} INFO - [2025-04-04T03:35:43.406+0000] {dagbag.py:541} INFO - Filling up the DagBag from /opt/airflow/dags/dag-proyecto2.py
[2025-04-04T03:35:44.752+0000] {processor.py:809} INFO - DAG(s) dict_keys(['Pipeline-proyecto2']) retrieved from /opt/airflow/dags/dag-proyecto2.py
[2025-04-04T03:35:44.773+0000] {logging_mixin.py:149} INFO - [2025-04-04T03:35:44.773+0000] {dag.py:2726} INFO - Sync 1 DAGs
[2025-04-04T03:35:44.792+0000] {logging_mixin.py:149} INFO - [2025-04-04T03:35:44.791+0000] {dag.py:3486} INFO - Setting next_dagrun for Pipeline-proyecto2 to None, run_after=None
[2025-04-04T03:35:44.808+0000] {processor.py:178} INFO - Processing /opt/airflow/dags/dag-proyecto2.py took 1.411 seconds
[2025-04-04T21:41:22.034+0000] {processor.py:156} INFO - Started process (PID=38) to work on /opt/airflow/dags/dag-proyecto2.py
[2025-04-04T21:41:22.035+0000] {processor.py:799} INFO - Processing file /opt/airflow/dags/dag-proyecto2.py for tasks to queue
[2025-04-04T21:41:22.036+0000] {logging_mixin.py:149} INFO - [2025-04-04T21:41:22.036+0000] {dagbag.py:541} INFO - Filling up the DagBag from /opt/airflow/dags/dag-proyecto2.py
[2025-04-04T21:41:25.568+0000] {processor.py:809} INFO - DAG(s) dict_keys(['Pipeline-proyecto2']) retrieved from /opt/airflow/dags/dag-proyecto2.py
[2025-04-04T21:41:25.647+0000] {logging_mixin.py:149} INFO - [2025-04-04T21:41:25.646+0000] {dag.py:2726} INFO - Sync 1 DAGs
[2025-04-04T21:41:25.668+0000] {logging_mixin.py:149} INFO - [2025-04-04T21:41:25.668+0000] {dag.py:3486} INFO - Setting next_dagrun for Pipeline-proyecto2 to None, run_after=None
[2025-04-04T21:41:25.689+0000] {processor.py:178} INFO - Processing /opt/airflow/dags/dag-proyecto2.py took 3.659 seconds
[2025-04-04T21:41:55.861+0000] {processor.py:156} INFO - Started process (PID=84) to work on /opt/airflow/dags/dag-proyecto2.py
[2025-04-04T21:41:55.865+0000] {processor.py:799} INFO - Processing file /opt/airflow/dags/dag-proyecto2.py for tasks to queue
[2025-04-04T21:41:55.866+0000] {logging_mixin.py:149} INFO - [2025-04-04T21:41:55.866+0000] {dagbag.py:541} INFO - Filling up the DagBag from /opt/airflow/dags/dag-proyecto2.py
[2025-04-04T21:41:57.276+0000] {processor.py:809} INFO - DAG(s) dict_keys(['Pipeline-proyecto2']) retrieved from /opt/airflow/dags/dag-proyecto2.py
[2025-04-04T21:41:57.305+0000] {logging_mixin.py:149} INFO - [2025-04-04T21:41:57.304+0000] {dag.py:2726} INFO - Sync 1 DAGs
[2025-04-04T21:41:57.328+0000] {logging_mixin.py:149} INFO - [2025-04-04T21:41:57.328+0000] {dag.py:3486} INFO - Setting next_dagrun for Pipeline-proyecto2 to None, run_after=None
[2025-04-04T21:41:57.350+0000] {processor.py:178} INFO - Processing /opt/airflow/dags/dag-proyecto2.py took 1.493 seconds
[2025-04-04T21:42:27.520+0000] {processor.py:156} INFO - Started process (PID=123) to work on /opt/airflow/dags/dag-proyecto2.py
[2025-04-04T21:42:27.521+0000] {processor.py:799} INFO - Processing file /opt/airflow/dags/dag-proyecto2.py for tasks to queue
[2025-04-04T21:42:27.522+0000] {logging_mixin.py:149} INFO - [2025-04-04T21:42:27.522+0000] {dagbag.py:541} INFO - Filling up the DagBag from /opt/airflow/dags/dag-proyecto2.py
[2025-04-04T21:42:28.952+0000] {processor.py:809} INFO - DAG(s) dict_keys(['Pipeline-proyecto2']) retrieved from /opt/airflow/dags/dag-proyecto2.py
[2025-04-04T21:42:28.976+0000] {logging_mixin.py:149} INFO - [2025-04-04T21:42:28.976+0000] {dag.py:2726} INFO - Sync 1 DAGs
[2025-04-04T21:42:28.998+0000] {logging_mixin.py:149} INFO - [2025-04-04T21:42:28.997+0000] {dag.py:3486} INFO - Setting next_dagrun for Pipeline-proyecto2 to None, run_after=None
[2025-04-04T21:42:29.017+0000] {processor.py:178} INFO - Processing /opt/airflow/dags/dag-proyecto2.py took 1.500 seconds
[2025-04-04T21:42:59.194+0000] {processor.py:156} INFO - Started process (PID=162) to work on /opt/airflow/dags/dag-proyecto2.py
[2025-04-04T21:42:59.199+0000] {processor.py:799} INFO - Processing file /opt/airflow/dags/dag-proyecto2.py for tasks to queue
[2025-04-04T21:42:59.200+0000] {logging_mixin.py:149} INFO - [2025-04-04T21:42:59.200+0000] {dagbag.py:541} INFO - Filling up the DagBag from /opt/airflow/dags/dag-proyecto2.py
[2025-04-04T21:43:00.625+0000] {processor.py:809} INFO - DAG(s) dict_keys(['Pipeline-proyecto2']) retrieved from /opt/airflow/dags/dag-proyecto2.py
[2025-04-04T21:43:00.650+0000] {logging_mixin.py:149} INFO - [2025-04-04T21:43:00.649+0000] {dag.py:2726} INFO - Sync 1 DAGs
[2025-04-04T21:43:00.673+0000] {logging_mixin.py:149} INFO - [2025-04-04T21:43:00.673+0000] {dag.py:3486} INFO - Setting next_dagrun for Pipeline-proyecto2 to None, run_after=None
[2025-04-04T21:43:00.694+0000] {processor.py:178} INFO - Processing /opt/airflow/dags/dag-proyecto2.py took 1.502 seconds
[2025-04-04T21:43:30.838+0000] {processor.py:156} INFO - Started process (PID=200) to work on /opt/airflow/dags/dag-proyecto2.py
[2025-04-04T21:43:30.842+0000] {processor.py:799} INFO - Processing file /opt/airflow/dags/dag-proyecto2.py for tasks to queue
[2025-04-04T21:43:30.844+0000] {logging_mixin.py:149} INFO - [2025-04-04T21:43:30.843+0000] {dagbag.py:541} INFO - Filling up the DagBag from /opt/airflow/dags/dag-proyecto2.py
[2025-04-04T21:43:32.190+0000] {processor.py:809} INFO - DAG(s) dict_keys(['Pipeline-proyecto2']) retrieved from /opt/airflow/dags/dag-proyecto2.py
[2025-04-04T21:43:32.210+0000] {logging_mixin.py:149} INFO - [2025-04-04T21:43:32.210+0000] {dag.py:2726} INFO - Sync 1 DAGs
[2025-04-04T21:43:32.229+0000] {logging_mixin.py:149} INFO - [2025-04-04T21:43:32.229+0000] {dag.py:3486} INFO - Setting next_dagrun for Pipeline-proyecto2 to None, run_after=None
[2025-04-04T21:43:32.244+0000] {processor.py:178} INFO - Processing /opt/airflow/dags/dag-proyecto2.py took 1.409 seconds
[2025-04-04T21:44:02.410+0000] {processor.py:156} INFO - Started process (PID=239) to work on /opt/airflow/dags/dag-proyecto2.py
[2025-04-04T21:44:02.411+0000] {processor.py:799} INFO - Processing file /opt/airflow/dags/dag-proyecto2.py for tasks to queue
[2025-04-04T21:44:02.411+0000] {logging_mixin.py:149} INFO - [2025-04-04T21:44:02.411+0000] {dagbag.py:541} INFO - Filling up the DagBag from /opt/airflow/dags/dag-proyecto2.py
[2025-04-04T21:44:03.718+0000] {processor.py:809} INFO - DAG(s) dict_keys(['Pipeline-proyecto2']) retrieved from /opt/airflow/dags/dag-proyecto2.py
[2025-04-04T21:44:03.739+0000] {logging_mixin.py:149} INFO - [2025-04-04T21:44:03.739+0000] {dag.py:2726} INFO - Sync 1 DAGs
[2025-04-04T21:44:03.757+0000] {logging_mixin.py:149} INFO - [2025-04-04T21:44:03.757+0000] {dag.py:3486} INFO - Setting next_dagrun for Pipeline-proyecto2 to None, run_after=None
[2025-04-04T21:44:03.774+0000] {processor.py:178} INFO - Processing /opt/airflow/dags/dag-proyecto2.py took 1.367 seconds
[2025-04-04T21:44:33.943+0000] {processor.py:156} INFO - Started process (PID=278) to work on /opt/airflow/dags/dag-proyecto2.py
[2025-04-04T21:44:33.943+0000] {processor.py:799} INFO - Processing file /opt/airflow/dags/dag-proyecto2.py for tasks to queue
[2025-04-04T21:44:33.944+0000] {logging_mixin.py:149} INFO - [2025-04-04T21:44:33.944+0000] {dagbag.py:541} INFO - Filling up the DagBag from /opt/airflow/dags/dag-proyecto2.py
[2025-04-04T21:44:35.371+0000] {processor.py:809} INFO - DAG(s) dict_keys(['Pipeline-proyecto2']) retrieved from /opt/airflow/dags/dag-proyecto2.py
[2025-04-04T21:44:35.396+0000] {logging_mixin.py:149} INFO - [2025-04-04T21:44:35.395+0000] {dag.py:2726} INFO - Sync 1 DAGs
[2025-04-04T21:44:35.418+0000] {logging_mixin.py:149} INFO - [2025-04-04T21:44:35.418+0000] {dag.py:3486} INFO - Setting next_dagrun for Pipeline-proyecto2 to None, run_after=None
[2025-04-04T21:44:35.437+0000] {processor.py:178} INFO - Processing /opt/airflow/dags/dag-proyecto2.py took 1.498 seconds
[2025-04-04T21:45:05.622+0000] {processor.py:156} INFO - Started process (PID=317) to work on /opt/airflow/dags/dag-proyecto2.py
[2025-04-04T21:45:05.622+0000] {processor.py:799} INFO - Processing file /opt/airflow/dags/dag-proyecto2.py for tasks to queue
[2025-04-04T21:45:05.623+0000] {logging_mixin.py:149} INFO - [2025-04-04T21:45:05.623+0000] {dagbag.py:541} INFO - Filling up the DagBag from /opt/airflow/dags/dag-proyecto2.py
[2025-04-04T21:45:07.152+0000] {processor.py:809} INFO - DAG(s) dict_keys(['Pipeline-proyecto2']) retrieved from /opt/airflow/dags/dag-proyecto2.py
[2025-04-04T21:45:07.181+0000] {logging_mixin.py:149} INFO - [2025-04-04T21:45:07.180+0000] {dag.py:2726} INFO - Sync 1 DAGs
[2025-04-04T21:45:07.204+0000] {logging_mixin.py:149} INFO - [2025-04-04T21:45:07.204+0000] {dag.py:3486} INFO - Setting next_dagrun for Pipeline-proyecto2 to None, run_after=None
[2025-04-04T21:45:07.223+0000] {processor.py:178} INFO - Processing /opt/airflow/dags/dag-proyecto2.py took 1.605 seconds
[2025-04-04T21:45:37.387+0000] {processor.py:156} INFO - Started process (PID=356) to work on /opt/airflow/dags/dag-proyecto2.py
[2025-04-04T21:45:37.388+0000] {processor.py:799} INFO - Processing file /opt/airflow/dags/dag-proyecto2.py for tasks to queue
[2025-04-04T21:45:37.389+0000] {logging_mixin.py:149} INFO - [2025-04-04T21:45:37.388+0000] {dagbag.py:541} INFO - Filling up the DagBag from /opt/airflow/dags/dag-proyecto2.py
[2025-04-04T21:45:38.792+0000] {processor.py:809} INFO - DAG(s) dict_keys(['Pipeline-proyecto2']) retrieved from /opt/airflow/dags/dag-proyecto2.py
[2025-04-04T21:45:38.814+0000] {logging_mixin.py:149} INFO - [2025-04-04T21:45:38.813+0000] {dag.py:2726} INFO - Sync 1 DAGs
[2025-04-04T21:45:38.832+0000] {logging_mixin.py:149} INFO - [2025-04-04T21:45:38.832+0000] {dag.py:3486} INFO - Setting next_dagrun for Pipeline-proyecto2 to None, run_after=None
[2025-04-04T21:45:38.847+0000] {processor.py:178} INFO - Processing /opt/airflow/dags/dag-proyecto2.py took 1.464 seconds
[2025-04-04T21:46:09.033+0000] {processor.py:156} INFO - Started process (PID=396) to work on /opt/airflow/dags/dag-proyecto2.py
[2025-04-04T21:46:09.035+0000] {processor.py:799} INFO - Processing file /opt/airflow/dags/dag-proyecto2.py for tasks to queue
[2025-04-04T21:46:09.037+0000] {logging_mixin.py:149} INFO - [2025-04-04T21:46:09.036+0000] {dagbag.py:541} INFO - Filling up the DagBag from /opt/airflow/dags/dag-proyecto2.py
[2025-04-04T21:46:10.523+0000] {processor.py:809} INFO - DAG(s) dict_keys(['Pipeline-proyecto2']) retrieved from /opt/airflow/dags/dag-proyecto2.py
[2025-04-04T21:46:10.552+0000] {logging_mixin.py:149} INFO - [2025-04-04T21:46:10.551+0000] {dag.py:2726} INFO - Sync 1 DAGs
[2025-04-04T21:46:10.574+0000] {logging_mixin.py:149} INFO - [2025-04-04T21:46:10.574+0000] {dag.py:3486} INFO - Setting next_dagrun for Pipeline-proyecto2 to None, run_after=None
[2025-04-04T21:46:10.596+0000] {processor.py:178} INFO - Processing /opt/airflow/dags/dag-proyecto2.py took 1.567 seconds
[2025-04-04T21:46:40.714+0000] {processor.py:156} INFO - Started process (PID=435) to work on /opt/airflow/dags/dag-proyecto2.py
[2025-04-04T21:46:40.715+0000] {processor.py:799} INFO - Processing file /opt/airflow/dags/dag-proyecto2.py for tasks to queue
[2025-04-04T21:46:40.715+0000] {logging_mixin.py:149} INFO - [2025-04-04T21:46:40.715+0000] {dagbag.py:541} INFO - Filling up the DagBag from /opt/airflow/dags/dag-proyecto2.py
[2025-04-04T21:46:42.060+0000] {processor.py:809} INFO - DAG(s) dict_keys(['Pipeline-proyecto2']) retrieved from /opt/airflow/dags/dag-proyecto2.py
[2025-04-04T21:46:42.088+0000] {logging_mixin.py:149} INFO - [2025-04-04T21:46:42.088+0000] {dag.py:2726} INFO - Sync 1 DAGs
[2025-04-04T21:46:42.107+0000] {logging_mixin.py:149} INFO - [2025-04-04T21:46:42.106+0000] {dag.py:3486} INFO - Setting next_dagrun for Pipeline-proyecto2 to None, run_after=None
[2025-04-04T21:46:42.123+0000] {processor.py:178} INFO - Processing /opt/airflow/dags/dag-proyecto2.py took 1.413 seconds
[2025-04-04T21:47:12.294+0000] {processor.py:156} INFO - Started process (PID=474) to work on /opt/airflow/dags/dag-proyecto2.py
[2025-04-04T21:47:12.299+0000] {processor.py:799} INFO - Processing file /opt/airflow/dags/dag-proyecto2.py for tasks to queue
[2025-04-04T21:47:12.300+0000] {logging_mixin.py:149} INFO - [2025-04-04T21:47:12.299+0000] {dagbag.py:541} INFO - Filling up the DagBag from /opt/airflow/dags/dag-proyecto2.py
[2025-04-04T21:47:13.544+0000] {processor.py:809} INFO - DAG(s) dict_keys(['Pipeline-proyecto2']) retrieved from /opt/airflow/dags/dag-proyecto2.py
[2025-04-04T21:47:13.567+0000] {logging_mixin.py:149} INFO - [2025-04-04T21:47:13.567+0000] {dag.py:2726} INFO - Sync 1 DAGs
[2025-04-04T21:47:13.586+0000] {logging_mixin.py:149} INFO - [2025-04-04T21:47:13.586+0000] {dag.py:3486} INFO - Setting next_dagrun for Pipeline-proyecto2 to None, run_after=None
[2025-04-04T21:47:13.602+0000] {processor.py:178} INFO - Processing /opt/airflow/dags/dag-proyecto2.py took 1.311 seconds
[2025-04-04T21:47:43.774+0000] {processor.py:156} INFO - Started process (PID=513) to work on /opt/airflow/dags/dag-proyecto2.py
[2025-04-04T21:47:43.780+0000] {processor.py:799} INFO - Processing file /opt/airflow/dags/dag-proyecto2.py for tasks to queue
[2025-04-04T21:47:43.781+0000] {logging_mixin.py:149} INFO - [2025-04-04T21:47:43.781+0000] {dagbag.py:541} INFO - Filling up the DagBag from /opt/airflow/dags/dag-proyecto2.py
[2025-04-04T21:47:45.210+0000] {processor.py:809} INFO - DAG(s) dict_keys(['Pipeline-proyecto2']) retrieved from /opt/airflow/dags/dag-proyecto2.py
[2025-04-04T21:47:45.235+0000] {logging_mixin.py:149} INFO - [2025-04-04T21:47:45.235+0000] {dag.py:2726} INFO - Sync 1 DAGs
[2025-04-04T21:47:45.258+0000] {logging_mixin.py:149} INFO - [2025-04-04T21:47:45.258+0000] {dag.py:3486} INFO - Setting next_dagrun for Pipeline-proyecto2 to None, run_after=None
[2025-04-04T21:47:45.280+0000] {processor.py:178} INFO - Processing /opt/airflow/dags/dag-proyecto2.py took 1.509 seconds
[2025-04-04T21:48:59.837+0000] {processor.py:156} INFO - Started process (PID=31) to work on /opt/airflow/dags/dag-proyecto2.py
[2025-04-04T21:48:59.838+0000] {processor.py:799} INFO - Processing file /opt/airflow/dags/dag-proyecto2.py for tasks to queue
[2025-04-04T21:48:59.839+0000] {logging_mixin.py:149} INFO - [2025-04-04T21:48:59.839+0000] {dagbag.py:541} INFO - Filling up the DagBag from /opt/airflow/dags/dag-proyecto2.py
[2025-04-04T21:49:01.268+0000] {processor.py:809} INFO - DAG(s) dict_keys(['Pipeline-proyecto2']) retrieved from /opt/airflow/dags/dag-proyecto2.py
[2025-04-04T21:49:01.337+0000] {logging_mixin.py:149} INFO - [2025-04-04T21:49:01.336+0000] {dag.py:2726} INFO - Sync 1 DAGs
[2025-04-04T21:49:01.366+0000] {logging_mixin.py:149} INFO - [2025-04-04T21:49:01.366+0000] {dag.py:3486} INFO - Setting next_dagrun for Pipeline-proyecto2 to None, run_after=None
[2025-04-04T21:49:01.389+0000] {processor.py:178} INFO - Processing /opt/airflow/dags/dag-proyecto2.py took 1.555 seconds
[2025-04-04T21:49:31.572+0000] {processor.py:156} INFO - Started process (PID=70) to work on /opt/airflow/dags/dag-proyecto2.py
[2025-04-04T21:49:31.576+0000] {processor.py:799} INFO - Processing file /opt/airflow/dags/dag-proyecto2.py for tasks to queue
[2025-04-04T21:49:31.577+0000] {logging_mixin.py:149} INFO - [2025-04-04T21:49:31.577+0000] {dagbag.py:541} INFO - Filling up the DagBag from /opt/airflow/dags/dag-proyecto2.py
[2025-04-04T21:49:32.932+0000] {processor.py:809} INFO - DAG(s) dict_keys(['Pipeline-proyecto2']) retrieved from /opt/airflow/dags/dag-proyecto2.py
[2025-04-04T21:49:32.958+0000] {logging_mixin.py:149} INFO - [2025-04-04T21:49:32.957+0000] {dag.py:2726} INFO - Sync 1 DAGs
[2025-04-04T21:49:32.978+0000] {logging_mixin.py:149} INFO - [2025-04-04T21:49:32.978+0000] {dag.py:3486} INFO - Setting next_dagrun for Pipeline-proyecto2 to None, run_after=None
[2025-04-04T21:49:32.997+0000] {processor.py:178} INFO - Processing /opt/airflow/dags/dag-proyecto2.py took 1.429 seconds
[2025-04-04T21:50:03.173+0000] {processor.py:156} INFO - Started process (PID=109) to work on /opt/airflow/dags/dag-proyecto2.py
[2025-04-04T21:50:03.177+0000] {processor.py:799} INFO - Processing file /opt/airflow/dags/dag-proyecto2.py for tasks to queue
[2025-04-04T21:50:03.178+0000] {logging_mixin.py:149} INFO - [2025-04-04T21:50:03.178+0000] {dagbag.py:541} INFO - Filling up the DagBag from /opt/airflow/dags/dag-proyecto2.py
[2025-04-04T21:50:04.595+0000] {processor.py:809} INFO - DAG(s) dict_keys(['Pipeline-proyecto2']) retrieved from /opt/airflow/dags/dag-proyecto2.py
[2025-04-04T21:50:04.617+0000] {logging_mixin.py:149} INFO - [2025-04-04T21:50:04.617+0000] {dag.py:2726} INFO - Sync 1 DAGs
[2025-04-04T21:50:04.637+0000] {logging_mixin.py:149} INFO - [2025-04-04T21:50:04.637+0000] {dag.py:3486} INFO - Setting next_dagrun for Pipeline-proyecto2 to None, run_after=None
[2025-04-04T21:50:04.656+0000] {processor.py:178} INFO - Processing /opt/airflow/dags/dag-proyecto2.py took 1.486 seconds
[2025-04-04T21:50:34.831+0000] {processor.py:156} INFO - Started process (PID=155) to work on /opt/airflow/dags/dag-proyecto2.py
[2025-04-04T21:50:34.832+0000] {processor.py:799} INFO - Processing file /opt/airflow/dags/dag-proyecto2.py for tasks to queue
[2025-04-04T21:50:34.833+0000] {logging_mixin.py:149} INFO - [2025-04-04T21:50:34.833+0000] {dagbag.py:541} INFO - Filling up the DagBag from /opt/airflow/dags/dag-proyecto2.py
[2025-04-04T21:50:35.970+0000] {processor.py:809} INFO - DAG(s) dict_keys(['Pipeline-proyecto2']) retrieved from /opt/airflow/dags/dag-proyecto2.py
[2025-04-04T21:50:35.996+0000] {logging_mixin.py:149} INFO - [2025-04-04T21:50:35.995+0000] {dag.py:2726} INFO - Sync 1 DAGs
[2025-04-04T21:50:36.015+0000] {logging_mixin.py:149} INFO - [2025-04-04T21:50:36.015+0000] {dag.py:3486} INFO - Setting next_dagrun for Pipeline-proyecto2 to None, run_after=None
[2025-04-04T21:50:36.031+0000] {processor.py:178} INFO - Processing /opt/airflow/dags/dag-proyecto2.py took 1.202 seconds
[2025-04-04T21:51:06.208+0000] {processor.py:156} INFO - Started process (PID=194) to work on /opt/airflow/dags/dag-proyecto2.py
[2025-04-04T21:51:06.213+0000] {processor.py:799} INFO - Processing file /opt/airflow/dags/dag-proyecto2.py for tasks to queue
[2025-04-04T21:51:06.213+0000] {logging_mixin.py:149} INFO - [2025-04-04T21:51:06.213+0000] {dagbag.py:541} INFO - Filling up the DagBag from /opt/airflow/dags/dag-proyecto2.py
[2025-04-04T21:51:07.512+0000] {processor.py:809} INFO - DAG(s) dict_keys(['Pipeline-proyecto2']) retrieved from /opt/airflow/dags/dag-proyecto2.py
[2025-04-04T21:51:07.537+0000] {logging_mixin.py:149} INFO - [2025-04-04T21:51:07.536+0000] {dag.py:2726} INFO - Sync 1 DAGs
[2025-04-04T21:51:07.559+0000] {logging_mixin.py:149} INFO - [2025-04-04T21:51:07.559+0000] {dag.py:3486} INFO - Setting next_dagrun for Pipeline-proyecto2 to None, run_after=None
[2025-04-04T21:51:07.578+0000] {processor.py:178} INFO - Processing /opt/airflow/dags/dag-proyecto2.py took 1.374 seconds
[2025-04-04T21:51:37.751+0000] {processor.py:156} INFO - Started process (PID=233) to work on /opt/airflow/dags/dag-proyecto2.py
[2025-04-04T21:51:37.756+0000] {processor.py:799} INFO - Processing file /opt/airflow/dags/dag-proyecto2.py for tasks to queue
[2025-04-04T21:51:37.757+0000] {logging_mixin.py:149} INFO - [2025-04-04T21:51:37.757+0000] {dagbag.py:541} INFO - Filling up the DagBag from /opt/airflow/dags/dag-proyecto2.py
[2025-04-04T21:51:39.184+0000] {processor.py:809} INFO - DAG(s) dict_keys(['Pipeline-proyecto2']) retrieved from /opt/airflow/dags/dag-proyecto2.py
[2025-04-04T21:51:39.211+0000] {logging_mixin.py:149} INFO - [2025-04-04T21:51:39.210+0000] {dag.py:2726} INFO - Sync 1 DAGs
[2025-04-04T21:51:39.231+0000] {logging_mixin.py:149} INFO - [2025-04-04T21:51:39.231+0000] {dag.py:3486} INFO - Setting next_dagrun for Pipeline-proyecto2 to None, run_after=None
[2025-04-04T21:51:39.251+0000] {processor.py:178} INFO - Processing /opt/airflow/dags/dag-proyecto2.py took 1.504 seconds
[2025-04-04T21:52:09.436+0000] {processor.py:156} INFO - Started process (PID=272) to work on /opt/airflow/dags/dag-proyecto2.py
[2025-04-04T21:52:09.441+0000] {processor.py:799} INFO - Processing file /opt/airflow/dags/dag-proyecto2.py for tasks to queue
[2025-04-04T21:52:09.441+0000] {logging_mixin.py:149} INFO - [2025-04-04T21:52:09.441+0000] {dagbag.py:541} INFO - Filling up the DagBag from /opt/airflow/dags/dag-proyecto2.py
[2025-04-04T21:52:10.882+0000] {processor.py:809} INFO - DAG(s) dict_keys(['Pipeline-proyecto2']) retrieved from /opt/airflow/dags/dag-proyecto2.py
[2025-04-04T21:52:10.907+0000] {logging_mixin.py:149} INFO - [2025-04-04T21:52:10.907+0000] {dag.py:2726} INFO - Sync 1 DAGs
[2025-04-04T21:52:10.929+0000] {logging_mixin.py:149} INFO - [2025-04-04T21:52:10.929+0000] {dag.py:3486} INFO - Setting next_dagrun for Pipeline-proyecto2 to None, run_after=None
[2025-04-04T21:52:10.948+0000] {processor.py:178} INFO - Processing /opt/airflow/dags/dag-proyecto2.py took 1.515 seconds
[2025-04-04T21:52:41.072+0000] {processor.py:156} INFO - Started process (PID=311) to work on /opt/airflow/dags/dag-proyecto2.py
[2025-04-04T21:52:41.077+0000] {processor.py:799} INFO - Processing file /opt/airflow/dags/dag-proyecto2.py for tasks to queue
[2025-04-04T21:52:41.078+0000] {logging_mixin.py:149} INFO - [2025-04-04T21:52:41.078+0000] {dagbag.py:541} INFO - Filling up the DagBag from /opt/airflow/dags/dag-proyecto2.py
[2025-04-04T21:52:42.603+0000] {processor.py:809} INFO - DAG(s) dict_keys(['Pipeline-proyecto2']) retrieved from /opt/airflow/dags/dag-proyecto2.py
[2025-04-04T21:52:42.628+0000] {logging_mixin.py:149} INFO - [2025-04-04T21:52:42.628+0000] {dag.py:2726} INFO - Sync 1 DAGs
[2025-04-04T21:52:42.650+0000] {logging_mixin.py:149} INFO - [2025-04-04T21:52:42.650+0000] {dag.py:3486} INFO - Setting next_dagrun for Pipeline-proyecto2 to None, run_after=None
[2025-04-04T21:52:42.671+0000] {processor.py:178} INFO - Processing /opt/airflow/dags/dag-proyecto2.py took 1.602 seconds
[2025-04-04T21:53:12.864+0000] {processor.py:156} INFO - Started process (PID=350) to work on /opt/airflow/dags/dag-proyecto2.py
[2025-04-04T21:53:12.869+0000] {processor.py:799} INFO - Processing file /opt/airflow/dags/dag-proyecto2.py for tasks to queue
[2025-04-04T21:53:12.871+0000] {logging_mixin.py:149} INFO - [2025-04-04T21:53:12.870+0000] {dagbag.py:541} INFO - Filling up the DagBag from /opt/airflow/dags/dag-proyecto2.py
[2025-04-04T21:53:14.304+0000] {processor.py:809} INFO - DAG(s) dict_keys(['Pipeline-proyecto2']) retrieved from /opt/airflow/dags/dag-proyecto2.py
[2025-04-04T21:53:14.331+0000] {logging_mixin.py:149} INFO - [2025-04-04T21:53:14.330+0000] {dag.py:2726} INFO - Sync 1 DAGs
[2025-04-04T21:53:14.351+0000] {logging_mixin.py:149} INFO - [2025-04-04T21:53:14.351+0000] {dag.py:3486} INFO - Setting next_dagrun for Pipeline-proyecto2 to None, run_after=None
[2025-04-04T21:53:14.370+0000] {processor.py:178} INFO - Processing /opt/airflow/dags/dag-proyecto2.py took 1.510 seconds
[2025-04-04T21:53:44.417+0000] {processor.py:156} INFO - Started process (PID=389) to work on /opt/airflow/dags/dag-proyecto2.py
[2025-04-04T21:53:44.422+0000] {processor.py:799} INFO - Processing file /opt/airflow/dags/dag-proyecto2.py for tasks to queue
[2025-04-04T21:53:44.423+0000] {logging_mixin.py:149} INFO - [2025-04-04T21:53:44.423+0000] {dagbag.py:541} INFO - Filling up the DagBag from /opt/airflow/dags/dag-proyecto2.py
[2025-04-04T21:53:45.916+0000] {processor.py:809} INFO - DAG(s) dict_keys(['Pipeline-proyecto2']) retrieved from /opt/airflow/dags/dag-proyecto2.py
[2025-04-04T21:53:45.943+0000] {logging_mixin.py:149} INFO - [2025-04-04T21:53:45.943+0000] {dag.py:2726} INFO - Sync 1 DAGs
[2025-04-04T21:53:45.965+0000] {logging_mixin.py:149} INFO - [2025-04-04T21:53:45.964+0000] {dag.py:3486} INFO - Setting next_dagrun for Pipeline-proyecto2 to None, run_after=None
[2025-04-04T21:53:45.984+0000] {processor.py:178} INFO - Processing /opt/airflow/dags/dag-proyecto2.py took 1.570 seconds
[2025-04-04T21:54:16.170+0000] {processor.py:156} INFO - Started process (PID=428) to work on /opt/airflow/dags/dag-proyecto2.py
[2025-04-04T21:54:16.174+0000] {processor.py:799} INFO - Processing file /opt/airflow/dags/dag-proyecto2.py for tasks to queue
[2025-04-04T21:54:16.176+0000] {logging_mixin.py:149} INFO - [2025-04-04T21:54:16.176+0000] {dagbag.py:541} INFO - Filling up the DagBag from /opt/airflow/dags/dag-proyecto2.py
[2025-04-04T21:54:17.544+0000] {processor.py:809} INFO - DAG(s) dict_keys(['Pipeline-proyecto2']) retrieved from /opt/airflow/dags/dag-proyecto2.py
[2025-04-04T21:54:17.570+0000] {logging_mixin.py:149} INFO - [2025-04-04T21:54:17.569+0000] {dag.py:2726} INFO - Sync 1 DAGs
[2025-04-04T21:54:17.592+0000] {logging_mixin.py:149} INFO - [2025-04-04T21:54:17.591+0000] {dag.py:3486} INFO - Setting next_dagrun for Pipeline-proyecto2 to None, run_after=None
[2025-04-04T21:54:17.611+0000] {processor.py:178} INFO - Processing /opt/airflow/dags/dag-proyecto2.py took 1.444 seconds
[2025-04-04T21:54:47.795+0000] {processor.py:156} INFO - Started process (PID=467) to work on /opt/airflow/dags/dag-proyecto2.py
[2025-04-04T21:54:47.800+0000] {processor.py:799} INFO - Processing file /opt/airflow/dags/dag-proyecto2.py for tasks to queue
[2025-04-04T21:54:47.801+0000] {logging_mixin.py:149} INFO - [2025-04-04T21:54:47.801+0000] {dagbag.py:541} INFO - Filling up the DagBag from /opt/airflow/dags/dag-proyecto2.py
[2025-04-04T21:54:49.248+0000] {processor.py:809} INFO - DAG(s) dict_keys(['Pipeline-proyecto2']) retrieved from /opt/airflow/dags/dag-proyecto2.py
[2025-04-04T21:54:49.274+0000] {logging_mixin.py:149} INFO - [2025-04-04T21:54:49.273+0000] {dag.py:2726} INFO - Sync 1 DAGs
[2025-04-04T21:54:49.294+0000] {logging_mixin.py:149} INFO - [2025-04-04T21:54:49.293+0000] {dag.py:3486} INFO - Setting next_dagrun for Pipeline-proyecto2 to None, run_after=None
[2025-04-04T21:54:49.312+0000] {processor.py:178} INFO - Processing /opt/airflow/dags/dag-proyecto2.py took 1.520 seconds
[2025-04-04T21:55:19.496+0000] {processor.py:156} INFO - Started process (PID=506) to work on /opt/airflow/dags/dag-proyecto2.py
[2025-04-04T21:55:19.501+0000] {processor.py:799} INFO - Processing file /opt/airflow/dags/dag-proyecto2.py for tasks to queue
[2025-04-04T21:55:19.502+0000] {logging_mixin.py:149} INFO - [2025-04-04T21:55:19.502+0000] {dagbag.py:541} INFO - Filling up the DagBag from /opt/airflow/dags/dag-proyecto2.py
[2025-04-04T21:55:20.909+0000] {processor.py:809} INFO - DAG(s) dict_keys(['Pipeline-proyecto2']) retrieved from /opt/airflow/dags/dag-proyecto2.py
[2025-04-04T21:55:20.936+0000] {logging_mixin.py:149} INFO - [2025-04-04T21:55:20.936+0000] {dag.py:2726} INFO - Sync 1 DAGs
[2025-04-04T21:55:20.958+0000] {logging_mixin.py:149} INFO - [2025-04-04T21:55:20.958+0000] {dag.py:3486} INFO - Setting next_dagrun for Pipeline-proyecto2 to None, run_after=None
[2025-04-04T21:55:20.979+0000] {processor.py:178} INFO - Processing /opt/airflow/dags/dag-proyecto2.py took 1.486 seconds
[2025-04-04T21:55:51.164+0000] {processor.py:156} INFO - Started process (PID=545) to work on /opt/airflow/dags/dag-proyecto2.py
[2025-04-04T21:55:51.169+0000] {processor.py:799} INFO - Processing file /opt/airflow/dags/dag-proyecto2.py for tasks to queue
[2025-04-04T21:55:51.170+0000] {logging_mixin.py:149} INFO - [2025-04-04T21:55:51.170+0000] {dagbag.py:541} INFO - Filling up the DagBag from /opt/airflow/dags/dag-proyecto2.py
[2025-04-04T21:55:52.560+0000] {processor.py:809} INFO - DAG(s) dict_keys(['Pipeline-proyecto2']) retrieved from /opt/airflow/dags/dag-proyecto2.py
[2025-04-04T21:55:52.589+0000] {logging_mixin.py:149} INFO - [2025-04-04T21:55:52.589+0000] {dag.py:2726} INFO - Sync 1 DAGs
[2025-04-04T21:55:52.611+0000] {logging_mixin.py:149} INFO - [2025-04-04T21:55:52.611+0000] {dag.py:3486} INFO - Setting next_dagrun for Pipeline-proyecto2 to None, run_after=None
[2025-04-04T21:55:52.631+0000] {processor.py:178} INFO - Processing /opt/airflow/dags/dag-proyecto2.py took 1.470 seconds
[2025-04-04T21:56:22.826+0000] {processor.py:156} INFO - Started process (PID=584) to work on /opt/airflow/dags/dag-proyecto2.py
[2025-04-04T21:56:22.828+0000] {processor.py:799} INFO - Processing file /opt/airflow/dags/dag-proyecto2.py for tasks to queue
[2025-04-04T21:56:22.828+0000] {logging_mixin.py:149} INFO - [2025-04-04T21:56:22.828+0000] {dagbag.py:541} INFO - Filling up the DagBag from /opt/airflow/dags/dag-proyecto2.py
[2025-04-04T21:56:24.301+0000] {processor.py:809} INFO - DAG(s) dict_keys(['Pipeline-proyecto2']) retrieved from /opt/airflow/dags/dag-proyecto2.py
[2025-04-04T21:56:24.328+0000] {logging_mixin.py:149} INFO - [2025-04-04T21:56:24.328+0000] {dag.py:2726} INFO - Sync 1 DAGs
[2025-04-04T21:56:24.347+0000] {logging_mixin.py:149} INFO - [2025-04-04T21:56:24.347+0000] {dag.py:3486} INFO - Setting next_dagrun for Pipeline-proyecto2 to None, run_after=None
[2025-04-04T21:56:24.367+0000] {processor.py:178} INFO - Processing /opt/airflow/dags/dag-proyecto2.py took 1.544 seconds
[2025-04-04T21:56:54.496+0000] {processor.py:156} INFO - Started process (PID=623) to work on /opt/airflow/dags/dag-proyecto2.py
[2025-04-04T21:56:54.501+0000] {processor.py:799} INFO - Processing file /opt/airflow/dags/dag-proyecto2.py for tasks to queue
[2025-04-04T21:56:54.502+0000] {logging_mixin.py:149} INFO - [2025-04-04T21:56:54.502+0000] {dagbag.py:541} INFO - Filling up the DagBag from /opt/airflow/dags/dag-proyecto2.py
[2025-04-04T21:56:55.821+0000] {processor.py:809} INFO - DAG(s) dict_keys(['Pipeline-proyecto2']) retrieved from /opt/airflow/dags/dag-proyecto2.py
[2025-04-04T21:56:55.848+0000] {logging_mixin.py:149} INFO - [2025-04-04T21:56:55.847+0000] {dag.py:2726} INFO - Sync 1 DAGs
[2025-04-04T21:56:55.872+0000] {logging_mixin.py:149} INFO - [2025-04-04T21:56:55.871+0000] {dag.py:3486} INFO - Setting next_dagrun for Pipeline-proyecto2 to None, run_after=None
[2025-04-04T21:56:55.913+0000] {processor.py:178} INFO - Processing /opt/airflow/dags/dag-proyecto2.py took 1.421 seconds
[2025-04-04T21:57:26.120+0000] {processor.py:156} INFO - Started process (PID=662) to work on /opt/airflow/dags/dag-proyecto2.py
[2025-04-04T21:57:26.121+0000] {processor.py:799} INFO - Processing file /opt/airflow/dags/dag-proyecto2.py for tasks to queue
[2025-04-04T21:57:26.121+0000] {logging_mixin.py:149} INFO - [2025-04-04T21:57:26.121+0000] {dagbag.py:541} INFO - Filling up the DagBag from /opt/airflow/dags/dag-proyecto2.py
[2025-04-04T21:57:27.475+0000] {processor.py:809} INFO - DAG(s) dict_keys(['Pipeline-proyecto2']) retrieved from /opt/airflow/dags/dag-proyecto2.py
[2025-04-04T21:57:27.502+0000] {logging_mixin.py:149} INFO - [2025-04-04T21:57:27.501+0000] {dag.py:2726} INFO - Sync 1 DAGs
[2025-04-04T21:57:27.525+0000] {logging_mixin.py:149} INFO - [2025-04-04T21:57:27.525+0000] {dag.py:3486} INFO - Setting next_dagrun for Pipeline-proyecto2 to None, run_after=None
[2025-04-04T21:57:27.548+0000] {processor.py:178} INFO - Processing /opt/airflow/dags/dag-proyecto2.py took 1.431 seconds
[2025-04-04T21:57:57.725+0000] {processor.py:156} INFO - Started process (PID=701) to work on /opt/airflow/dags/dag-proyecto2.py
[2025-04-04T21:57:57.730+0000] {processor.py:799} INFO - Processing file /opt/airflow/dags/dag-proyecto2.py for tasks to queue
[2025-04-04T21:57:57.731+0000] {logging_mixin.py:149} INFO - [2025-04-04T21:57:57.731+0000] {dagbag.py:541} INFO - Filling up the DagBag from /opt/airflow/dags/dag-proyecto2.py
[2025-04-04T21:57:59.071+0000] {processor.py:809} INFO - DAG(s) dict_keys(['Pipeline-proyecto2']) retrieved from /opt/airflow/dags/dag-proyecto2.py
[2025-04-04T21:57:59.097+0000] {logging_mixin.py:149} INFO - [2025-04-04T21:57:59.096+0000] {dag.py:2726} INFO - Sync 1 DAGs
[2025-04-04T21:57:59.117+0000] {logging_mixin.py:149} INFO - [2025-04-04T21:57:59.117+0000] {dag.py:3486} INFO - Setting next_dagrun for Pipeline-proyecto2 to None, run_after=None
[2025-04-04T21:57:59.137+0000] {processor.py:178} INFO - Processing /opt/airflow/dags/dag-proyecto2.py took 1.416 seconds
