[2025-03-28T08:56:00.848+0000] {taskinstance.py:1125} INFO - Dependencies all met for dep_context=non-requeueable deps ti=<TaskInstance: Pipeline-proyecto2.training_with_gradient_boosting_model manual__2025-03-28T08:54:46.366382+00:00 [queued]>
[2025-03-28T08:56:00.858+0000] {taskinstance.py:1125} INFO - Dependencies all met for dep_context=requeueable deps ti=<TaskInstance: Pipeline-proyecto2.training_with_gradient_boosting_model manual__2025-03-28T08:54:46.366382+00:00 [queued]>
[2025-03-28T08:56:00.858+0000] {taskinstance.py:1331} INFO - Starting attempt 1 of 1
[2025-03-28T08:56:00.870+0000] {taskinstance.py:1350} INFO - Executing <Task(PythonOperator): training_with_gradient_boosting_model> on 2025-03-28 08:54:46.366382+00:00
[2025-03-28T08:56:00.882+0000] {standard_task_runner.py:57} INFO - Started process 122 to run task
[2025-03-28T08:56:00.886+0000] {standard_task_runner.py:84} INFO - Running: ['***', 'tasks', 'run', 'Pipeline-proyecto2', 'training_with_gradient_boosting_model', 'manual__2025-03-28T08:54:46.366382+00:00', '--job-id', '112', '--raw', '--subdir', 'DAGS_FOLDER/dag-proyecto2.py', '--cfg-path', '/tmp/tmpxdo7bt95']
[2025-03-28T08:56:00.889+0000] {standard_task_runner.py:85} INFO - Job 112: Subtask training_with_gradient_boosting_model
[2025-03-28T08:56:00.935+0000] {task_command.py:410} INFO - Running <TaskInstance: Pipeline-proyecto2.training_with_gradient_boosting_model manual__2025-03-28T08:54:46.366382+00:00 [running]> on host 43c9e353265c
[2025-03-28T08:56:01.008+0000] {taskinstance.py:1568} INFO - Exporting env vars: AIRFLOW_CTX_DAG_OWNER='***' AIRFLOW_CTX_DAG_ID='Pipeline-proyecto2' AIRFLOW_CTX_TASK_ID='training_with_gradient_boosting_model' AIRFLOW_CTX_EXECUTION_DATE='2025-03-28T08:54:46.366382+00:00' AIRFLOW_CTX_TRY_NUMBER='1' AIRFLOW_CTX_DAG_RUN_ID='manual__2025-03-28T08:54:46.366382+00:00'
[2025-03-28T08:56:04.027+0000] {logging_mixin.py:149} WARNING - 2025/03/28 08:56:04 INFO mlflow.tracking.fluent: Autologging successfully enabled for sklearn.
[2025-03-28T08:56:04.090+0000] {logging_mixin.py:149} WARNING - 2025/03/28 08:56:04 WARNING mlflow.utils.git_utils: Failed to import Git (the Git executable is probably not on your PATH), so Git SHA is not available. Error: Failed to initialize: Bad git executable.
The git executable must be specified in one of the following ways:
    - be included in your $PATH
    - be set via $GIT_PYTHON_GIT_EXECUTABLE
    - explicitly set via git.refresh(<full-path-to-git-executable>)

All git commands will error until this is rectified.

This initial message can be silenced or aggravated in the future by setting the
$GIT_PYTHON_REFRESH environment variable. Use one of the following values:
    - quiet|q|silence|s|silent|none|n|0: for no message or exception
    - warn|w|warning|log|l|1: for a warning message (logging level CRITICAL, displayed by default)
    - error|e|exception|raise|r|2: for a raised exception

Example:
    export GIT_PYTHON_REFRESH=quiet
[2025-03-28T08:56:04.813+0000] {logging_and_warnings.py:72} WARNING - /home/***/.local/lib/python3.9/site-packages/joblib/parallel.py:1359: UserWarning: Loky-backed parallel loops cannot be called in a multiprocessing, setting n_jobs=1
  n_jobs = self._backend.configure(n_jobs=self.n_jobs, parallel=self,

[2025-03-28T08:56:04.831+0000] {logging_and_warnings.py:72} WARNING - /home/***/.local/lib/python3.9/site-packages/sklearn/ensemble/_gb.py:437: DataConversionWarning: A column-vector y was passed when a 1d array was expected. Please change the shape of y to (n_samples, ), for example using ravel().
  y = column_or_1d(y, warn=True)

[2025-03-28T08:56:20.422+0000] {logging_and_warnings.py:72} WARNING - /home/***/.local/lib/python3.9/site-packages/sklearn/ensemble/_gb.py:437: DataConversionWarning: A column-vector y was passed when a 1d array was expected. Please change the shape of y to (n_samples, ), for example using ravel().
  y = column_or_1d(y, warn=True)

[2025-03-28T08:56:36.387+0000] {logging_and_warnings.py:72} WARNING - /home/***/.local/lib/python3.9/site-packages/sklearn/ensemble/_gb.py:437: DataConversionWarning: A column-vector y was passed when a 1d array was expected. Please change the shape of y to (n_samples, ), for example using ravel().
  y = column_or_1d(y, warn=True)

[2025-03-28T08:56:51.676+0000] {logging_and_warnings.py:72} WARNING - /home/***/.local/lib/python3.9/site-packages/sklearn/ensemble/_gb.py:437: DataConversionWarning: A column-vector y was passed when a 1d array was expected. Please change the shape of y to (n_samples, ), for example using ravel().
  y = column_or_1d(y, warn=True)

[2025-03-28T08:57:06.673+0000] {logging_and_warnings.py:72} WARNING - /home/***/.local/lib/python3.9/site-packages/sklearn/ensemble/_gb.py:437: DataConversionWarning: A column-vector y was passed when a 1d array was expected. Please change the shape of y to (n_samples, ), for example using ravel().
  y = column_or_1d(y, warn=True)

[2025-03-28T08:57:21.439+0000] {logging_and_warnings.py:72} WARNING - /home/***/.local/lib/python3.9/site-packages/sklearn/ensemble/_gb.py:437: DataConversionWarning: A column-vector y was passed when a 1d array was expected. Please change the shape of y to (n_samples, ), for example using ravel().
  y = column_or_1d(y, warn=True)

[2025-03-28T08:57:39.203+0000] {logging_and_warnings.py:72} WARNING - /home/***/.local/lib/python3.9/site-packages/sklearn/ensemble/_gb.py:437: DataConversionWarning: A column-vector y was passed when a 1d array was expected. Please change the shape of y to (n_samples, ), for example using ravel().
  y = column_or_1d(y, warn=True)

[2025-03-28T08:57:56.485+0000] {logging_and_warnings.py:72} WARNING - /home/***/.local/lib/python3.9/site-packages/sklearn/ensemble/_gb.py:437: DataConversionWarning: A column-vector y was passed when a 1d array was expected. Please change the shape of y to (n_samples, ), for example using ravel().
  y = column_or_1d(y, warn=True)

[2025-03-28T08:58:13.773+0000] {logging_and_warnings.py:72} WARNING - /home/***/.local/lib/python3.9/site-packages/sklearn/ensemble/_gb.py:437: DataConversionWarning: A column-vector y was passed when a 1d array was expected. Please change the shape of y to (n_samples, ), for example using ravel().
  y = column_or_1d(y, warn=True)

[2025-03-28T08:58:30.677+0000] {logging_and_warnings.py:72} WARNING - /home/***/.local/lib/python3.9/site-packages/sklearn/ensemble/_gb.py:437: DataConversionWarning: A column-vector y was passed when a 1d array was expected. Please change the shape of y to (n_samples, ), for example using ravel().
  y = column_or_1d(y, warn=True)

[2025-03-28T08:58:48.028+0000] {logging_and_warnings.py:72} WARNING - /home/***/.local/lib/python3.9/site-packages/sklearn/ensemble/_gb.py:437: DataConversionWarning: A column-vector y was passed when a 1d array was expected. Please change the shape of y to (n_samples, ), for example using ravel().
  y = column_or_1d(y, warn=True)

[2025-03-28T08:59:17.520+0000] {logging_and_warnings.py:72} WARNING - /home/***/.local/lib/python3.9/site-packages/sklearn/ensemble/_gb.py:437: DataConversionWarning: A column-vector y was passed when a 1d array was expected. Please change the shape of y to (n_samples, ), for example using ravel().
  y = column_or_1d(y, warn=True)

[2025-03-28T08:59:47.349+0000] {logging_and_warnings.py:72} WARNING - /home/***/.local/lib/python3.9/site-packages/sklearn/ensemble/_gb.py:437: DataConversionWarning: A column-vector y was passed when a 1d array was expected. Please change the shape of y to (n_samples, ), for example using ravel().
  y = column_or_1d(y, warn=True)

[2025-03-28T09:00:16.950+0000] {logging_and_warnings.py:72} WARNING - /home/***/.local/lib/python3.9/site-packages/sklearn/ensemble/_gb.py:437: DataConversionWarning: A column-vector y was passed when a 1d array was expected. Please change the shape of y to (n_samples, ), for example using ravel().
  y = column_or_1d(y, warn=True)

[2025-03-28T09:00:46.859+0000] {logging_and_warnings.py:72} WARNING - /home/***/.local/lib/python3.9/site-packages/sklearn/ensemble/_gb.py:437: DataConversionWarning: A column-vector y was passed when a 1d array was expected. Please change the shape of y to (n_samples, ), for example using ravel().
  y = column_or_1d(y, warn=True)

[2025-03-28T09:01:15.889+0000] {logging_and_warnings.py:72} WARNING - /home/***/.local/lib/python3.9/site-packages/sklearn/ensemble/_gb.py:437: DataConversionWarning: A column-vector y was passed when a 1d array was expected. Please change the shape of y to (n_samples, ), for example using ravel().
  y = column_or_1d(y, warn=True)

[2025-03-28T09:01:49.961+0000] {logging_and_warnings.py:72} WARNING - /home/***/.local/lib/python3.9/site-packages/sklearn/ensemble/_gb.py:437: DataConversionWarning: A column-vector y was passed when a 1d array was expected. Please change the shape of y to (n_samples, ), for example using ravel().
  y = column_or_1d(y, warn=True)

[2025-03-28T09:02:23.759+0000] {logging_and_warnings.py:72} WARNING - /home/***/.local/lib/python3.9/site-packages/sklearn/ensemble/_gb.py:437: DataConversionWarning: A column-vector y was passed when a 1d array was expected. Please change the shape of y to (n_samples, ), for example using ravel().
  y = column_or_1d(y, warn=True)

[2025-03-28T09:02:57.719+0000] {logging_and_warnings.py:72} WARNING - /home/***/.local/lib/python3.9/site-packages/sklearn/ensemble/_gb.py:437: DataConversionWarning: A column-vector y was passed when a 1d array was expected. Please change the shape of y to (n_samples, ), for example using ravel().
  y = column_or_1d(y, warn=True)

[2025-03-28T09:03:31.135+0000] {logging_and_warnings.py:72} WARNING - /home/***/.local/lib/python3.9/site-packages/sklearn/ensemble/_gb.py:437: DataConversionWarning: A column-vector y was passed when a 1d array was expected. Please change the shape of y to (n_samples, ), for example using ravel().
  y = column_or_1d(y, warn=True)

[2025-03-28T09:04:04.680+0000] {logging_and_warnings.py:72} WARNING - /home/***/.local/lib/python3.9/site-packages/sklearn/ensemble/_gb.py:437: DataConversionWarning: A column-vector y was passed when a 1d array was expected. Please change the shape of y to (n_samples, ), for example using ravel().
  y = column_or_1d(y, warn=True)

[2025-03-28T09:04:22.892+0000] {logging_and_warnings.py:72} WARNING - /home/***/.local/lib/python3.9/site-packages/sklearn/ensemble/_gb.py:437: DataConversionWarning: A column-vector y was passed when a 1d array was expected. Please change the shape of y to (n_samples, ), for example using ravel().
  y = column_or_1d(y, warn=True)

[2025-03-28T09:04:41.089+0000] {logging_and_warnings.py:72} WARNING - /home/***/.local/lib/python3.9/site-packages/sklearn/ensemble/_gb.py:437: DataConversionWarning: A column-vector y was passed when a 1d array was expected. Please change the shape of y to (n_samples, ), for example using ravel().
  y = column_or_1d(y, warn=True)

[2025-03-28T09:04:59.642+0000] {logging_and_warnings.py:72} WARNING - /home/***/.local/lib/python3.9/site-packages/sklearn/ensemble/_gb.py:437: DataConversionWarning: A column-vector y was passed when a 1d array was expected. Please change the shape of y to (n_samples, ), for example using ravel().
  y = column_or_1d(y, warn=True)

[2025-03-28T09:05:17.863+0000] {logging_and_warnings.py:72} WARNING - /home/***/.local/lib/python3.9/site-packages/sklearn/ensemble/_gb.py:437: DataConversionWarning: A column-vector y was passed when a 1d array was expected. Please change the shape of y to (n_samples, ), for example using ravel().
  y = column_or_1d(y, warn=True)

[2025-03-28T09:05:36.221+0000] {logging_and_warnings.py:72} WARNING - /home/***/.local/lib/python3.9/site-packages/sklearn/ensemble/_gb.py:437: DataConversionWarning: A column-vector y was passed when a 1d array was expected. Please change the shape of y to (n_samples, ), for example using ravel().
  y = column_or_1d(y, warn=True)

[2025-03-28T09:05:58.019+0000] {logging_and_warnings.py:72} WARNING - /home/***/.local/lib/python3.9/site-packages/sklearn/ensemble/_gb.py:437: DataConversionWarning: A column-vector y was passed when a 1d array was expected. Please change the shape of y to (n_samples, ), for example using ravel().
  y = column_or_1d(y, warn=True)

[2025-03-28T09:06:19.649+0000] {logging_and_warnings.py:72} WARNING - /home/***/.local/lib/python3.9/site-packages/sklearn/ensemble/_gb.py:437: DataConversionWarning: A column-vector y was passed when a 1d array was expected. Please change the shape of y to (n_samples, ), for example using ravel().
  y = column_or_1d(y, warn=True)

[2025-03-28T09:06:41.658+0000] {logging_and_warnings.py:72} WARNING - /home/***/.local/lib/python3.9/site-packages/sklearn/ensemble/_gb.py:437: DataConversionWarning: A column-vector y was passed when a 1d array was expected. Please change the shape of y to (n_samples, ), for example using ravel().
  y = column_or_1d(y, warn=True)

[2025-03-28T09:07:03.461+0000] {logging_and_warnings.py:72} WARNING - /home/***/.local/lib/python3.9/site-packages/sklearn/ensemble/_gb.py:437: DataConversionWarning: A column-vector y was passed when a 1d array was expected. Please change the shape of y to (n_samples, ), for example using ravel().
  y = column_or_1d(y, warn=True)

[2025-03-28T09:07:25.230+0000] {logging_and_warnings.py:72} WARNING - /home/***/.local/lib/python3.9/site-packages/sklearn/ensemble/_gb.py:437: DataConversionWarning: A column-vector y was passed when a 1d array was expected. Please change the shape of y to (n_samples, ), for example using ravel().
  y = column_or_1d(y, warn=True)

[2025-03-28T09:08:01.888+0000] {logging_and_warnings.py:72} WARNING - /home/***/.local/lib/python3.9/site-packages/sklearn/ensemble/_gb.py:437: DataConversionWarning: A column-vector y was passed when a 1d array was expected. Please change the shape of y to (n_samples, ), for example using ravel().
  y = column_or_1d(y, warn=True)

[2025-03-28T09:08:38.843+0000] {logging_and_warnings.py:72} WARNING - /home/***/.local/lib/python3.9/site-packages/sklearn/ensemble/_gb.py:437: DataConversionWarning: A column-vector y was passed when a 1d array was expected. Please change the shape of y to (n_samples, ), for example using ravel().
  y = column_or_1d(y, warn=True)

[2025-03-28T09:09:15.357+0000] {logging_and_warnings.py:72} WARNING - /home/***/.local/lib/python3.9/site-packages/sklearn/ensemble/_gb.py:437: DataConversionWarning: A column-vector y was passed when a 1d array was expected. Please change the shape of y to (n_samples, ), for example using ravel().
  y = column_or_1d(y, warn=True)

[2025-03-28T09:09:52.032+0000] {logging_and_warnings.py:72} WARNING - /home/***/.local/lib/python3.9/site-packages/sklearn/ensemble/_gb.py:437: DataConversionWarning: A column-vector y was passed when a 1d array was expected. Please change the shape of y to (n_samples, ), for example using ravel().
  y = column_or_1d(y, warn=True)

[2025-03-28T09:10:28.685+0000] {logging_and_warnings.py:72} WARNING - /home/***/.local/lib/python3.9/site-packages/sklearn/ensemble/_gb.py:437: DataConversionWarning: A column-vector y was passed when a 1d array was expected. Please change the shape of y to (n_samples, ), for example using ravel().
  y = column_or_1d(y, warn=True)

[2025-03-28T09:11:12.017+0000] {logging_and_warnings.py:72} WARNING - /home/***/.local/lib/python3.9/site-packages/sklearn/ensemble/_gb.py:437: DataConversionWarning: A column-vector y was passed when a 1d array was expected. Please change the shape of y to (n_samples, ), for example using ravel().
  y = column_or_1d(y, warn=True)

[2025-03-28T09:11:54.935+0000] {logging_and_warnings.py:72} WARNING - /home/***/.local/lib/python3.9/site-packages/sklearn/ensemble/_gb.py:437: DataConversionWarning: A column-vector y was passed when a 1d array was expected. Please change the shape of y to (n_samples, ), for example using ravel().
  y = column_or_1d(y, warn=True)

[2025-03-28T09:12:37.403+0000] {logging_and_warnings.py:72} WARNING - /home/***/.local/lib/python3.9/site-packages/sklearn/ensemble/_gb.py:437: DataConversionWarning: A column-vector y was passed when a 1d array was expected. Please change the shape of y to (n_samples, ), for example using ravel().
  y = column_or_1d(y, warn=True)

[2025-03-28T09:13:19.982+0000] {logging_and_warnings.py:72} WARNING - /home/***/.local/lib/python3.9/site-packages/sklearn/ensemble/_gb.py:437: DataConversionWarning: A column-vector y was passed when a 1d array was expected. Please change the shape of y to (n_samples, ), for example using ravel().
  y = column_or_1d(y, warn=True)

[2025-03-28T09:14:02.529+0000] {logging_and_warnings.py:72} WARNING - /home/***/.local/lib/python3.9/site-packages/sklearn/ensemble/_gb.py:437: DataConversionWarning: A column-vector y was passed when a 1d array was expected. Please change the shape of y to (n_samples, ), for example using ravel().
  y = column_or_1d(y, warn=True)

[2025-03-28T09:14:24.450+0000] {logging_and_warnings.py:72} WARNING - /home/***/.local/lib/python3.9/site-packages/sklearn/ensemble/_gb.py:437: DataConversionWarning: A column-vector y was passed when a 1d array was expected. Please change the shape of y to (n_samples, ), for example using ravel().
  y = column_or_1d(y, warn=True)

[2025-03-28T09:14:46.310+0000] {logging_and_warnings.py:72} WARNING - /home/***/.local/lib/python3.9/site-packages/sklearn/ensemble/_gb.py:437: DataConversionWarning: A column-vector y was passed when a 1d array was expected. Please change the shape of y to (n_samples, ), for example using ravel().
  y = column_or_1d(y, warn=True)

[2025-03-28T09:15:08.102+0000] {logging_and_warnings.py:72} WARNING - /home/***/.local/lib/python3.9/site-packages/sklearn/ensemble/_gb.py:437: DataConversionWarning: A column-vector y was passed when a 1d array was expected. Please change the shape of y to (n_samples, ), for example using ravel().
  y = column_or_1d(y, warn=True)

[2025-03-28T09:15:30.160+0000] {logging_and_warnings.py:72} WARNING - /home/***/.local/lib/python3.9/site-packages/sklearn/ensemble/_gb.py:437: DataConversionWarning: A column-vector y was passed when a 1d array was expected. Please change the shape of y to (n_samples, ), for example using ravel().
  y = column_or_1d(y, warn=True)

[2025-03-28T09:15:52.061+0000] {logging_and_warnings.py:72} WARNING - /home/***/.local/lib/python3.9/site-packages/sklearn/ensemble/_gb.py:437: DataConversionWarning: A column-vector y was passed when a 1d array was expected. Please change the shape of y to (n_samples, ), for example using ravel().
  y = column_or_1d(y, warn=True)

[2025-03-28T09:16:18.119+0000] {logging_and_warnings.py:72} WARNING - /home/***/.local/lib/python3.9/site-packages/sklearn/ensemble/_gb.py:437: DataConversionWarning: A column-vector y was passed when a 1d array was expected. Please change the shape of y to (n_samples, ), for example using ravel().
  y = column_or_1d(y, warn=True)

[2025-03-28T09:16:44.203+0000] {logging_and_warnings.py:72} WARNING - /home/***/.local/lib/python3.9/site-packages/sklearn/ensemble/_gb.py:437: DataConversionWarning: A column-vector y was passed when a 1d array was expected. Please change the shape of y to (n_samples, ), for example using ravel().
  y = column_or_1d(y, warn=True)

[2025-03-28T09:17:10.365+0000] {logging_and_warnings.py:72} WARNING - /home/***/.local/lib/python3.9/site-packages/sklearn/ensemble/_gb.py:437: DataConversionWarning: A column-vector y was passed when a 1d array was expected. Please change the shape of y to (n_samples, ), for example using ravel().
  y = column_or_1d(y, warn=True)

[2025-03-28T09:17:36.615+0000] {logging_and_warnings.py:72} WARNING - /home/***/.local/lib/python3.9/site-packages/sklearn/ensemble/_gb.py:437: DataConversionWarning: A column-vector y was passed when a 1d array was expected. Please change the shape of y to (n_samples, ), for example using ravel().
  y = column_or_1d(y, warn=True)

[2025-03-28T09:18:02.698+0000] {logging_and_warnings.py:72} WARNING - /home/***/.local/lib/python3.9/site-packages/sklearn/ensemble/_gb.py:437: DataConversionWarning: A column-vector y was passed when a 1d array was expected. Please change the shape of y to (n_samples, ), for example using ravel().
  y = column_or_1d(y, warn=True)

[2025-03-28T09:18:46.402+0000] {logging_and_warnings.py:72} WARNING - /home/***/.local/lib/python3.9/site-packages/sklearn/ensemble/_gb.py:437: DataConversionWarning: A column-vector y was passed when a 1d array was expected. Please change the shape of y to (n_samples, ), for example using ravel().
  y = column_or_1d(y, warn=True)

[2025-03-28T09:19:30.349+0000] {logging_and_warnings.py:72} WARNING - /home/***/.local/lib/python3.9/site-packages/sklearn/ensemble/_gb.py:437: DataConversionWarning: A column-vector y was passed when a 1d array was expected. Please change the shape of y to (n_samples, ), for example using ravel().
  y = column_or_1d(y, warn=True)

[2025-03-28T09:20:14.060+0000] {logging_and_warnings.py:72} WARNING - /home/***/.local/lib/python3.9/site-packages/sklearn/ensemble/_gb.py:437: DataConversionWarning: A column-vector y was passed when a 1d array was expected. Please change the shape of y to (n_samples, ), for example using ravel().
  y = column_or_1d(y, warn=True)

[2025-03-28T09:20:57.876+0000] {logging_and_warnings.py:72} WARNING - /home/***/.local/lib/python3.9/site-packages/sklearn/ensemble/_gb.py:437: DataConversionWarning: A column-vector y was passed when a 1d array was expected. Please change the shape of y to (n_samples, ), for example using ravel().
  y = column_or_1d(y, warn=True)

[2025-03-28T09:21:41.810+0000] {logging_and_warnings.py:72} WARNING - /home/***/.local/lib/python3.9/site-packages/sklearn/ensemble/_gb.py:437: DataConversionWarning: A column-vector y was passed when a 1d array was expected. Please change the shape of y to (n_samples, ), for example using ravel().
  y = column_or_1d(y, warn=True)

[2025-03-28T09:22:34.194+0000] {logging_and_warnings.py:72} WARNING - /home/***/.local/lib/python3.9/site-packages/sklearn/ensemble/_gb.py:437: DataConversionWarning: A column-vector y was passed when a 1d array was expected. Please change the shape of y to (n_samples, ), for example using ravel().
  y = column_or_1d(y, warn=True)

[2025-03-28T17:17:35.327+0000] {logging_and_warnings.py:72} WARNING - /home/***/.local/lib/python3.9/site-packages/sklearn/ensemble/_gb.py:437: DataConversionWarning: A column-vector y was passed when a 1d array was expected. Please change the shape of y to (n_samples, ), for example using ravel().
  y = column_or_1d(y, warn=True)

[2025-03-28T17:17:59.588+0000] {local_task_job_runner.py:298} WARNING - State of this instance has been externally set to failed. Terminating instance.
[2025-03-28T17:17:59.590+0000] {process_utils.py:131} INFO - Sending Signals.SIGTERM to group 122. PIDs of all processes in the group: [122]
[2025-03-28T17:17:59.590+0000] {process_utils.py:86} INFO - Sending the signal Signals.SIGTERM to group 122
[2025-03-28T17:17:59.625+0000] {taskinstance.py:1540} ERROR - Received SIGTERM. Terminating subprocesses.
[2025-03-28T17:17:59.636+0000] {logging_and_warnings.py:72} WARNING - /home/***/.local/lib/python3.9/site-packages/sklearn/ensemble/_gb.py:437: DataConversionWarning: A column-vector y was passed when a 1d array was expected. Please change the shape of y to (n_samples, ), for example using ravel().
  y = column_or_1d(y, warn=True)

[2025-03-28T17:18:51.924+0000] {logging_and_warnings.py:72} WARNING - /home/***/.local/lib/python3.9/site-packages/sklearn/ensemble/_gb.py:437: DataConversionWarning: A column-vector y was passed when a 1d array was expected. Please change the shape of y to (n_samples, ), for example using ravel().
  y = column_or_1d(y, warn=True)

[2025-03-28T17:18:59.598+0000] {process_utils.py:149} WARNING - process psutil.Process(pid=122, name='airflow task ru', status='running', started='08:56:00') did not respond to SIGTERM. Trying SIGKILL
[2025-03-28T17:18:59.599+0000] {process_utils.py:86} INFO - Sending the signal Signals.SIGKILL to group 122
[2025-03-28T17:18:59.653+0000] {process_utils.py:79} INFO - Process psutil.Process(pid=122, name='airflow task ru', status='terminated', exitcode=<Negsignal.SIGKILL: -9>, started='08:56:00') (122) terminated with exit code Negsignal.SIGKILL
[2025-03-28T17:18:59.653+0000] {standard_task_runner.py:172} ERROR - Job 112 was killed before it finished (likely due to running out of memory)
