[2025-04-03T03:29:05.193+0000] {taskinstance.py:1125} INFO - Dependencies all met for dep_context=non-requeueable deps ti=<TaskInstance: Pipeline-proyecto2.load_raw_data manual__2025-04-03T03:28:58.771002+00:00 [queued]>
[2025-04-03T03:29:05.202+0000] {taskinstance.py:1125} INFO - Dependencies all met for dep_context=requeueable deps ti=<TaskInstance: Pipeline-proyecto2.load_raw_data manual__2025-04-03T03:28:58.771002+00:00 [queued]>
[2025-04-03T03:29:05.202+0000] {taskinstance.py:1331} INFO - Starting attempt 1 of 1
[2025-04-03T03:29:05.216+0000] {taskinstance.py:1350} INFO - Executing <Task(PythonOperator): load_raw_data> on 2025-04-03 03:28:58.771002+00:00
[2025-04-03T03:29:05.226+0000] {standard_task_runner.py:57} INFO - Started process 119 to run task
[2025-04-03T03:29:05.229+0000] {standard_task_runner.py:84} INFO - Running: ['***', 'tasks', 'run', 'Pipeline-proyecto2', 'load_raw_data', 'manual__2025-04-03T03:28:58.771002+00:00', '--job-id', '16', '--raw', '--subdir', 'DAGS_FOLDER/dag-proyecto2.py', '--cfg-path', '/tmp/tmpe4kawhhk']
[2025-04-03T03:29:05.231+0000] {standard_task_runner.py:85} INFO - Job 16: Subtask load_raw_data
[2025-04-03T03:29:05.283+0000] {task_command.py:410} INFO - Running <TaskInstance: Pipeline-proyecto2.load_raw_data manual__2025-04-03T03:28:58.771002+00:00 [running]> on host 6de03e52d633
[2025-04-03T03:29:05.360+0000] {taskinstance.py:1568} INFO - Exporting env vars: AIRFLOW_CTX_DAG_OWNER='***' AIRFLOW_CTX_DAG_ID='Pipeline-proyecto2' AIRFLOW_CTX_TASK_ID='load_raw_data' AIRFLOW_CTX_EXECUTION_DATE='2025-04-03T03:28:58.771002+00:00' AIRFLOW_CTX_TRY_NUMBER='1' AIRFLOW_CTX_DAG_RUN_ID='manual__2025-04-03T03:28:58.771002+00:00'
[2025-04-03T03:29:05.541+0000] {logging_mixin.py:149} INFO - Añadiendo datos batch 1
[2025-04-03T03:29:08.711+0000] {logging_mixin.py:149} INFO - Batch repetido. No se añaden datos
[2025-04-03T03:29:11.862+0000] {logging_mixin.py:149} INFO - Añadiendo datos batch 2
[2025-04-03T03:29:15.243+0000] {logging_mixin.py:149} INFO - Batch repetido. No se añaden datos
[2025-04-03T03:29:18.401+0000] {logging_mixin.py:149} INFO - Añadiendo datos batch 3
[2025-04-03T03:29:21.569+0000] {logging_mixin.py:149} INFO - Batch repetido. No se añaden datos
[2025-04-03T03:29:24.720+0000] {logging_mixin.py:149} INFO - Añadiendo datos batch 4
[2025-04-03T03:29:27.895+0000] {logging_mixin.py:149} INFO - Batch repetido. No se añaden datos
[2025-04-03T03:29:31.052+0000] {logging_mixin.py:149} INFO - Añadiendo datos batch 5
[2025-04-03T03:29:34.712+0000] {logging_mixin.py:149} INFO - Batch repetido. No se añaden datos
[2025-04-03T03:29:37.862+0000] {logging_mixin.py:149} INFO - Añadiendo datos batch 6
[2025-04-03T03:29:41.032+0000] {logging_mixin.py:149} INFO - Batch repetido. No se añaden datos
[2025-04-03T03:29:44.193+0000] {logging_mixin.py:149} INFO - Añadiendo datos batch 7
[2025-04-03T03:29:47.368+0000] {logging_mixin.py:149} INFO - Batch repetido. No se añaden datos
[2025-04-03T03:29:50.521+0000] {logging_mixin.py:149} INFO - Añadiendo datos batch 8
[2025-04-03T03:29:53.717+0000] {logging_mixin.py:149} INFO - Batch repetido. No se añaden datos
[2025-04-03T03:29:56.873+0000] {logging_mixin.py:149} INFO - Añadiendo datos batch 9
[2025-04-03T03:30:00.135+0000] {logging_mixin.py:149} INFO - Batch repetido. No se añaden datos
[2025-04-03T03:30:03.301+0000] {logging_mixin.py:149} INFO - Añadiendo datos batch 10
[2025-04-03T03:30:03.342+0000] {logging_mixin.py:149} INFO - Todos los datos han sido guardados
[2025-04-03T03:30:06.439+0000] {python.py:183} INFO - Done. Returned value was: None
[2025-04-03T03:30:06.450+0000] {taskinstance.py:1368} INFO - Marking task as SUCCESS. dag_id=Pipeline-proyecto2, task_id=load_raw_data, execution_date=20250403T032858, start_date=20250403T032905, end_date=20250403T033006
[2025-04-03T03:30:06.536+0000] {local_task_job_runner.py:232} INFO - Task exited with return code 0
[2025-04-03T03:30:06.563+0000] {taskinstance.py:2674} INFO - 1 downstream tasks scheduled from follow-on schedule check
