[2025-03-28T17:41:30.643+0000] {taskinstance.py:1125} INFO - Dependencies all met for dep_context=non-requeueable deps ti=<TaskInstance: Pipeline-proyecto2.load_raw_data manual__2025-03-28T17:41:24.726209+00:00 [queued]>
[2025-03-28T17:41:30.654+0000] {taskinstance.py:1125} INFO - Dependencies all met for dep_context=requeueable deps ti=<TaskInstance: Pipeline-proyecto2.load_raw_data manual__2025-03-28T17:41:24.726209+00:00 [queued]>
[2025-03-28T17:41:30.654+0000] {taskinstance.py:1331} INFO - Starting attempt 1 of 1
[2025-03-28T17:41:30.668+0000] {taskinstance.py:1350} INFO - Executing <Task(PythonOperator): load_raw_data> on 2025-03-28 17:41:24.726209+00:00
[2025-03-28T17:41:30.682+0000] {standard_task_runner.py:57} INFO - Started process 84 to run task
[2025-03-28T17:41:30.686+0000] {standard_task_runner.py:84} INFO - Running: ['***', 'tasks', 'run', 'Pipeline-proyecto2', 'load_raw_data', 'manual__2025-03-28T17:41:24.726209+00:00', '--job-id', '117', '--raw', '--subdir', 'DAGS_FOLDER/dag-proyecto2.py', '--cfg-path', '/tmp/tmp59phwn1x']
[2025-03-28T17:41:30.690+0000] {standard_task_runner.py:85} INFO - Job 117: Subtask load_raw_data
[2025-03-28T17:41:30.749+0000] {task_command.py:410} INFO - Running <TaskInstance: Pipeline-proyecto2.load_raw_data manual__2025-03-28T17:41:24.726209+00:00 [running]> on host 0873b231ce57
[2025-03-28T17:41:30.846+0000] {taskinstance.py:1568} INFO - Exporting env vars: AIRFLOW_CTX_DAG_OWNER='***' AIRFLOW_CTX_DAG_ID='Pipeline-proyecto2' AIRFLOW_CTX_TASK_ID='load_raw_data' AIRFLOW_CTX_EXECUTION_DATE='2025-03-28T17:41:24.726209+00:00' AIRFLOW_CTX_TRY_NUMBER='1' AIRFLOW_CTX_DAG_RUN_ID='manual__2025-03-28T17:41:24.726209+00:00'
[2025-03-28T17:41:31.065+0000] {logging_mixin.py:149} INFO - Añadiendo datos batch 1
[2025-03-28T17:41:34.309+0000] {logging_mixin.py:149} INFO - Batch repetido. No se añaden datos
[2025-03-28T17:41:37.538+0000] {logging_mixin.py:149} INFO - Añadiendo datos batch 2
[2025-03-28T17:41:41.011+0000] {logging_mixin.py:149} INFO - Batch repetido. No se añaden datos
[2025-03-28T17:41:44.230+0000] {logging_mixin.py:149} INFO - Añadiendo datos batch 3
[2025-03-28T17:41:47.447+0000] {logging_mixin.py:149} INFO - Batch repetido. No se añaden datos
[2025-03-28T17:41:50.656+0000] {logging_mixin.py:149} INFO - Añadiendo datos batch 4
[2025-03-28T17:41:53.878+0000] {logging_mixin.py:149} INFO - Batch repetido. No se añaden datos
[2025-03-28T17:41:57.088+0000] {logging_mixin.py:149} INFO - Añadiendo datos batch 5
[2025-03-28T17:42:00.341+0000] {logging_mixin.py:149} INFO - Batch repetido. No se añaden datos
[2025-03-28T17:42:03.553+0000] {logging_mixin.py:149} INFO - Añadiendo datos batch 6
[2025-03-28T17:42:06.787+0000] {logging_mixin.py:149} INFO - Batch repetido. No se añaden datos
[2025-03-28T17:42:10.009+0000] {logging_mixin.py:149} INFO - Añadiendo datos batch 7
[2025-03-28T17:42:13.250+0000] {logging_mixin.py:149} INFO - Batch repetido. No se añaden datos
[2025-03-28T17:42:16.455+0000] {logging_mixin.py:149} INFO - Añadiendo datos batch 8
[2025-03-28T17:42:19.687+0000] {logging_mixin.py:149} INFO - Batch repetido. No se añaden datos
[2025-03-28T17:42:22.898+0000] {logging_mixin.py:149} INFO - Añadiendo datos batch 9
[2025-03-28T17:42:26.129+0000] {logging_mixin.py:149} INFO - Batch repetido. No se añaden datos
[2025-03-28T17:42:29.340+0000] {logging_mixin.py:149} INFO - Añadiendo datos batch 10
[2025-03-28T17:42:29.374+0000] {logging_mixin.py:149} INFO - Todos los datos han sido guardados
[2025-03-28T17:42:33.057+0000] {python.py:183} INFO - Done. Returned value was: None
[2025-03-28T17:42:33.070+0000] {taskinstance.py:1368} INFO - Marking task as SUCCESS. dag_id=Pipeline-proyecto2, task_id=load_raw_data, execution_date=20250328T174124, start_date=20250328T174130, end_date=20250328T174233
[2025-03-28T17:42:33.147+0000] {local_task_job_runner.py:232} INFO - Task exited with return code 0
[2025-03-28T17:42:33.181+0000] {taskinstance.py:2674} INFO - 1 downstream tasks scheduled from follow-on schedule check
