[2025-05-02T02:03:05.565+0000] {processor.py:156} INFO - Started process (PID=58) to work on /opt/airflow/dags/dag-proyecto2.py
[2025-05-02T02:03:05.570+0000] {processor.py:799} INFO - Processing file /opt/airflow/dags/dag-proyecto2.py for tasks to queue
[2025-05-02T02:03:05.574+0000] {logging_mixin.py:149} INFO - [2025-05-02T02:03:05.574+0000] {dagbag.py:541} INFO - Filling up the DagBag from /opt/airflow/dags/dag-proyecto2.py
[2025-05-02T02:03:17.389+0000] {logging_mixin.py:149} INFO - [2025-05-02T02:03:17.387+0000] {dagbag.py:350} ERROR - Failed to import: /opt/airflow/dags/dag-proyecto2.py
Traceback (most recent call last):
  File "/home/airflow/.local/lib/python3.9/site-packages/airflow/models/dagbag.py", line 346, in parse
    loader.exec_module(new_module)
  File "<frozen importlib._bootstrap_external>", line 850, in exec_module
  File "<frozen importlib._bootstrap>", line 228, in _call_with_frames_removed
  File "/opt/airflow/dags/dag-proyecto2.py", line 227, in <module>
    python_callable=truncate_all_tables
NameError: name 'truncate_all_tables' is not defined
[2025-05-02T02:03:17.393+0000] {processor.py:811} WARNING - No viable dags retrieved from /opt/airflow/dags/dag-proyecto2.py
[2025-05-02T02:03:17.439+0000] {processor.py:178} INFO - Processing /opt/airflow/dags/dag-proyecto2.py took 11.890 seconds
[2025-05-02T02:03:47.832+0000] {processor.py:156} INFO - Started process (PID=81) to work on /opt/airflow/dags/dag-proyecto2.py
[2025-05-02T02:03:47.834+0000] {processor.py:799} INFO - Processing file /opt/airflow/dags/dag-proyecto2.py for tasks to queue
[2025-05-02T02:03:47.836+0000] {logging_mixin.py:149} INFO - [2025-05-02T02:03:47.836+0000] {dagbag.py:541} INFO - Filling up the DagBag from /opt/airflow/dags/dag-proyecto2.py
[2025-05-02T02:03:50.051+0000] {logging_mixin.py:149} INFO - [2025-05-02T02:03:50.049+0000] {dagbag.py:350} ERROR - Failed to import: /opt/airflow/dags/dag-proyecto2.py
Traceback (most recent call last):
  File "/home/airflow/.local/lib/python3.9/site-packages/airflow/models/dagbag.py", line 346, in parse
    loader.exec_module(new_module)
  File "<frozen importlib._bootstrap_external>", line 850, in exec_module
  File "<frozen importlib._bootstrap>", line 228, in _call_with_frames_removed
  File "/opt/airflow/dags/dag-proyecto2.py", line 227, in <module>
    python_callable=truncate_all_tables
NameError: name 'truncate_all_tables' is not defined
[2025-05-02T02:03:50.052+0000] {processor.py:811} WARNING - No viable dags retrieved from /opt/airflow/dags/dag-proyecto2.py
[2025-05-02T02:03:50.080+0000] {processor.py:178} INFO - Processing /opt/airflow/dags/dag-proyecto2.py took 2.256 seconds
[2025-05-02T02:04:20.420+0000] {processor.py:156} INFO - Started process (PID=96) to work on /opt/airflow/dags/dag-proyecto2.py
[2025-05-02T02:04:20.422+0000] {processor.py:799} INFO - Processing file /opt/airflow/dags/dag-proyecto2.py for tasks to queue
[2025-05-02T02:04:20.423+0000] {logging_mixin.py:149} INFO - [2025-05-02T02:04:20.423+0000] {dagbag.py:541} INFO - Filling up the DagBag from /opt/airflow/dags/dag-proyecto2.py
[2025-05-02T02:04:22.542+0000] {logging_mixin.py:149} INFO - [2025-05-02T02:04:22.541+0000] {dagbag.py:350} ERROR - Failed to import: /opt/airflow/dags/dag-proyecto2.py
Traceback (most recent call last):
  File "/home/airflow/.local/lib/python3.9/site-packages/airflow/models/dagbag.py", line 346, in parse
    loader.exec_module(new_module)
  File "<frozen importlib._bootstrap_external>", line 850, in exec_module
  File "<frozen importlib._bootstrap>", line 228, in _call_with_frames_removed
  File "/opt/airflow/dags/dag-proyecto2.py", line 227, in <module>
    python_callable=truncate_all_tables
NameError: name 'truncate_all_tables' is not defined
[2025-05-02T02:04:22.543+0000] {processor.py:811} WARNING - No viable dags retrieved from /opt/airflow/dags/dag-proyecto2.py
[2025-05-02T02:04:22.570+0000] {processor.py:178} INFO - Processing /opt/airflow/dags/dag-proyecto2.py took 2.159 seconds
[2025-05-02T02:04:52.694+0000] {processor.py:156} INFO - Started process (PID=111) to work on /opt/airflow/dags/dag-proyecto2.py
[2025-05-02T02:04:52.696+0000] {processor.py:799} INFO - Processing file /opt/airflow/dags/dag-proyecto2.py for tasks to queue
[2025-05-02T02:04:52.698+0000] {logging_mixin.py:149} INFO - [2025-05-02T02:04:52.697+0000] {dagbag.py:541} INFO - Filling up the DagBag from /opt/airflow/dags/dag-proyecto2.py
[2025-05-02T02:04:54.647+0000] {logging_mixin.py:149} INFO - [2025-05-02T02:04:54.644+0000] {dagbag.py:350} ERROR - Failed to import: /opt/airflow/dags/dag-proyecto2.py
Traceback (most recent call last):
  File "/home/airflow/.local/lib/python3.9/site-packages/airflow/models/dagbag.py", line 346, in parse
    loader.exec_module(new_module)
  File "<frozen importlib._bootstrap_external>", line 850, in exec_module
  File "<frozen importlib._bootstrap>", line 228, in _call_with_frames_removed
  File "/opt/airflow/dags/dag-proyecto2.py", line 227, in <module>
    python_callable=truncate_all_tables
NameError: name 'truncate_all_tables' is not defined
[2025-05-02T02:04:54.647+0000] {processor.py:811} WARNING - No viable dags retrieved from /opt/airflow/dags/dag-proyecto2.py
[2025-05-02T02:04:54.675+0000] {processor.py:178} INFO - Processing /opt/airflow/dags/dag-proyecto2.py took 1.989 seconds
[2025-05-02T02:05:24.957+0000] {processor.py:156} INFO - Started process (PID=126) to work on /opt/airflow/dags/dag-proyecto2.py
[2025-05-02T02:05:24.959+0000] {processor.py:799} INFO - Processing file /opt/airflow/dags/dag-proyecto2.py for tasks to queue
[2025-05-02T02:05:24.960+0000] {logging_mixin.py:149} INFO - [2025-05-02T02:05:24.960+0000] {dagbag.py:541} INFO - Filling up the DagBag from /opt/airflow/dags/dag-proyecto2.py
[2025-05-02T02:05:26.979+0000] {logging_mixin.py:149} INFO - [2025-05-02T02:05:26.977+0000] {dagbag.py:350} ERROR - Failed to import: /opt/airflow/dags/dag-proyecto2.py
Traceback (most recent call last):
  File "/home/airflow/.local/lib/python3.9/site-packages/airflow/models/dagbag.py", line 346, in parse
    loader.exec_module(new_module)
  File "<frozen importlib._bootstrap_external>", line 850, in exec_module
  File "<frozen importlib._bootstrap>", line 228, in _call_with_frames_removed
  File "/opt/airflow/dags/dag-proyecto2.py", line 227, in <module>
    python_callable=truncate_all_tables
NameError: name 'truncate_all_tables' is not defined
[2025-05-02T02:05:26.980+0000] {processor.py:811} WARNING - No viable dags retrieved from /opt/airflow/dags/dag-proyecto2.py
[2025-05-02T02:05:27.020+0000] {processor.py:178} INFO - Processing /opt/airflow/dags/dag-proyecto2.py took 2.069 seconds
[2025-05-02T02:05:57.226+0000] {processor.py:156} INFO - Started process (PID=142) to work on /opt/airflow/dags/dag-proyecto2.py
[2025-05-02T02:05:57.228+0000] {processor.py:799} INFO - Processing file /opt/airflow/dags/dag-proyecto2.py for tasks to queue
[2025-05-02T02:05:57.229+0000] {logging_mixin.py:149} INFO - [2025-05-02T02:05:57.229+0000] {dagbag.py:541} INFO - Filling up the DagBag from /opt/airflow/dags/dag-proyecto2.py
[2025-05-02T02:05:59.290+0000] {logging_mixin.py:149} INFO - [2025-05-02T02:05:59.289+0000] {dagbag.py:350} ERROR - Failed to import: /opt/airflow/dags/dag-proyecto2.py
Traceback (most recent call last):
  File "/home/airflow/.local/lib/python3.9/site-packages/airflow/models/dagbag.py", line 346, in parse
    loader.exec_module(new_module)
  File "<frozen importlib._bootstrap_external>", line 850, in exec_module
  File "<frozen importlib._bootstrap>", line 228, in _call_with_frames_removed
  File "/opt/airflow/dags/dag-proyecto2.py", line 227, in <module>
    python_callable=truncate_all_tables
NameError: name 'truncate_all_tables' is not defined
[2025-05-02T02:05:59.291+0000] {processor.py:811} WARNING - No viable dags retrieved from /opt/airflow/dags/dag-proyecto2.py
[2025-05-02T02:05:59.317+0000] {processor.py:178} INFO - Processing /opt/airflow/dags/dag-proyecto2.py took 2.097 seconds
[2025-05-02T02:06:29.516+0000] {processor.py:156} INFO - Started process (PID=157) to work on /opt/airflow/dags/dag-proyecto2.py
[2025-05-02T02:06:29.519+0000] {processor.py:799} INFO - Processing file /opt/airflow/dags/dag-proyecto2.py for tasks to queue
[2025-05-02T02:06:29.521+0000] {logging_mixin.py:149} INFO - [2025-05-02T02:06:29.520+0000] {dagbag.py:541} INFO - Filling up the DagBag from /opt/airflow/dags/dag-proyecto2.py
[2025-05-02T02:06:31.534+0000] {logging_mixin.py:149} INFO - [2025-05-02T02:06:31.532+0000] {dagbag.py:350} ERROR - Failed to import: /opt/airflow/dags/dag-proyecto2.py
Traceback (most recent call last):
  File "/home/airflow/.local/lib/python3.9/site-packages/airflow/models/dagbag.py", line 346, in parse
    loader.exec_module(new_module)
  File "<frozen importlib._bootstrap_external>", line 850, in exec_module
  File "<frozen importlib._bootstrap>", line 228, in _call_with_frames_removed
  File "/opt/airflow/dags/dag-proyecto2.py", line 227, in <module>
    python_callable=truncate_all_tables
NameError: name 'truncate_all_tables' is not defined
[2025-05-02T02:06:31.535+0000] {processor.py:811} WARNING - No viable dags retrieved from /opt/airflow/dags/dag-proyecto2.py
[2025-05-02T02:06:31.569+0000] {processor.py:178} INFO - Processing /opt/airflow/dags/dag-proyecto2.py took 2.060 seconds
[2025-05-02T02:07:01.847+0000] {processor.py:156} INFO - Started process (PID=172) to work on /opt/airflow/dags/dag-proyecto2.py
[2025-05-02T02:07:01.849+0000] {processor.py:799} INFO - Processing file /opt/airflow/dags/dag-proyecto2.py for tasks to queue
[2025-05-02T02:07:01.851+0000] {logging_mixin.py:149} INFO - [2025-05-02T02:07:01.851+0000] {dagbag.py:541} INFO - Filling up the DagBag from /opt/airflow/dags/dag-proyecto2.py
[2025-05-02T02:07:04.086+0000] {logging_mixin.py:149} INFO - [2025-05-02T02:07:04.084+0000] {dagbag.py:350} ERROR - Failed to import: /opt/airflow/dags/dag-proyecto2.py
Traceback (most recent call last):
  File "/home/airflow/.local/lib/python3.9/site-packages/airflow/models/dagbag.py", line 346, in parse
    loader.exec_module(new_module)
  File "<frozen importlib._bootstrap_external>", line 850, in exec_module
  File "<frozen importlib._bootstrap>", line 228, in _call_with_frames_removed
  File "/opt/airflow/dags/dag-proyecto2.py", line 227, in <module>
    python_callable=truncate_all_tables
NameError: name 'truncate_all_tables' is not defined
[2025-05-02T02:07:04.087+0000] {processor.py:811} WARNING - No viable dags retrieved from /opt/airflow/dags/dag-proyecto2.py
[2025-05-02T02:07:04.111+0000] {processor.py:178} INFO - Processing /opt/airflow/dags/dag-proyecto2.py took 2.271 seconds
[2025-05-02T02:07:34.361+0000] {processor.py:156} INFO - Started process (PID=187) to work on /opt/airflow/dags/dag-proyecto2.py
[2025-05-02T02:07:34.363+0000] {processor.py:799} INFO - Processing file /opt/airflow/dags/dag-proyecto2.py for tasks to queue
[2025-05-02T02:07:34.364+0000] {logging_mixin.py:149} INFO - [2025-05-02T02:07:34.364+0000] {dagbag.py:541} INFO - Filling up the DagBag from /opt/airflow/dags/dag-proyecto2.py
[2025-05-02T02:07:36.536+0000] {logging_mixin.py:149} INFO - [2025-05-02T02:07:36.535+0000] {dagbag.py:350} ERROR - Failed to import: /opt/airflow/dags/dag-proyecto2.py
Traceback (most recent call last):
  File "/home/airflow/.local/lib/python3.9/site-packages/airflow/models/dagbag.py", line 346, in parse
    loader.exec_module(new_module)
  File "<frozen importlib._bootstrap_external>", line 850, in exec_module
  File "<frozen importlib._bootstrap>", line 228, in _call_with_frames_removed
  File "/opt/airflow/dags/dag-proyecto2.py", line 227, in <module>
    python_callable=truncate_all_tables
NameError: name 'truncate_all_tables' is not defined
[2025-05-02T02:07:36.537+0000] {processor.py:811} WARNING - No viable dags retrieved from /opt/airflow/dags/dag-proyecto2.py
[2025-05-02T02:07:36.562+0000] {processor.py:178} INFO - Processing /opt/airflow/dags/dag-proyecto2.py took 2.210 seconds
[2025-05-02T02:08:06.812+0000] {processor.py:156} INFO - Started process (PID=202) to work on /opt/airflow/dags/dag-proyecto2.py
[2025-05-02T02:08:06.814+0000] {processor.py:799} INFO - Processing file /opt/airflow/dags/dag-proyecto2.py for tasks to queue
[2025-05-02T02:08:06.816+0000] {logging_mixin.py:149} INFO - [2025-05-02T02:08:06.816+0000] {dagbag.py:541} INFO - Filling up the DagBag from /opt/airflow/dags/dag-proyecto2.py
[2025-05-02T02:08:08.860+0000] {logging_mixin.py:149} INFO - [2025-05-02T02:08:08.858+0000] {dagbag.py:350} ERROR - Failed to import: /opt/airflow/dags/dag-proyecto2.py
Traceback (most recent call last):
  File "/home/airflow/.local/lib/python3.9/site-packages/airflow/models/dagbag.py", line 346, in parse
    loader.exec_module(new_module)
  File "<frozen importlib._bootstrap_external>", line 850, in exec_module
  File "<frozen importlib._bootstrap>", line 228, in _call_with_frames_removed
  File "/opt/airflow/dags/dag-proyecto2.py", line 227, in <module>
    python_callable=truncate_all_tables
NameError: name 'truncate_all_tables' is not defined
[2025-05-02T02:08:08.861+0000] {processor.py:811} WARNING - No viable dags retrieved from /opt/airflow/dags/dag-proyecto2.py
[2025-05-02T02:08:08.893+0000] {processor.py:178} INFO - Processing /opt/airflow/dags/dag-proyecto2.py took 2.089 seconds
[2025-05-02T02:08:39.032+0000] {processor.py:156} INFO - Started process (PID=224) to work on /opt/airflow/dags/dag-proyecto2.py
[2025-05-02T02:08:39.034+0000] {processor.py:799} INFO - Processing file /opt/airflow/dags/dag-proyecto2.py for tasks to queue
[2025-05-02T02:08:39.035+0000] {logging_mixin.py:149} INFO - [2025-05-02T02:08:39.035+0000] {dagbag.py:541} INFO - Filling up the DagBag from /opt/airflow/dags/dag-proyecto2.py
[2025-05-02T02:08:40.975+0000] {logging_mixin.py:149} INFO - [2025-05-02T02:08:40.974+0000] {dagbag.py:350} ERROR - Failed to import: /opt/airflow/dags/dag-proyecto2.py
Traceback (most recent call last):
  File "/home/airflow/.local/lib/python3.9/site-packages/airflow/models/dagbag.py", line 346, in parse
    loader.exec_module(new_module)
  File "<frozen importlib._bootstrap_external>", line 850, in exec_module
  File "<frozen importlib._bootstrap>", line 228, in _call_with_frames_removed
  File "/opt/airflow/dags/dag-proyecto2.py", line 227, in <module>
    python_callable=truncate_all_tables
NameError: name 'truncate_all_tables' is not defined
[2025-05-02T02:08:40.976+0000] {processor.py:811} WARNING - No viable dags retrieved from /opt/airflow/dags/dag-proyecto2.py
[2025-05-02T02:08:41.000+0000] {processor.py:178} INFO - Processing /opt/airflow/dags/dag-proyecto2.py took 1.974 seconds
[2025-05-02T02:09:11.292+0000] {processor.py:156} INFO - Started process (PID=239) to work on /opt/airflow/dags/dag-proyecto2.py
[2025-05-02T02:09:11.294+0000] {processor.py:799} INFO - Processing file /opt/airflow/dags/dag-proyecto2.py for tasks to queue
[2025-05-02T02:09:11.295+0000] {logging_mixin.py:149} INFO - [2025-05-02T02:09:11.294+0000] {dagbag.py:541} INFO - Filling up the DagBag from /opt/airflow/dags/dag-proyecto2.py
[2025-05-02T02:09:13.329+0000] {logging_mixin.py:149} INFO - [2025-05-02T02:09:13.327+0000] {dagbag.py:350} ERROR - Failed to import: /opt/airflow/dags/dag-proyecto2.py
Traceback (most recent call last):
  File "/home/airflow/.local/lib/python3.9/site-packages/airflow/models/dagbag.py", line 346, in parse
    loader.exec_module(new_module)
  File "<frozen importlib._bootstrap_external>", line 850, in exec_module
  File "<frozen importlib._bootstrap>", line 228, in _call_with_frames_removed
  File "/opt/airflow/dags/dag-proyecto2.py", line 227, in <module>
    python_callable=truncate_all_tables
NameError: name 'truncate_all_tables' is not defined
[2025-05-02T02:09:13.330+0000] {processor.py:811} WARNING - No viable dags retrieved from /opt/airflow/dags/dag-proyecto2.py
[2025-05-02T02:09:13.369+0000] {processor.py:178} INFO - Processing /opt/airflow/dags/dag-proyecto2.py took 2.085 seconds
[2025-05-02T02:26:37.409+0000] {processor.py:156} INFO - Started process (PID=44) to work on /opt/airflow/dags/dag-proyecto2.py
[2025-05-02T02:26:37.413+0000] {processor.py:799} INFO - Processing file /opt/airflow/dags/dag-proyecto2.py for tasks to queue
[2025-05-02T02:26:37.416+0000] {logging_mixin.py:149} INFO - [2025-05-02T02:26:37.416+0000] {dagbag.py:541} INFO - Filling up the DagBag from /opt/airflow/dags/dag-proyecto2.py
[2025-05-02T02:26:40.964+0000] {processor.py:809} INFO - DAG(s) dict_keys(['Pipeline-proyecto2']) retrieved from /opt/airflow/dags/dag-proyecto2.py
[2025-05-02T02:26:41.470+0000] {logging_mixin.py:149} INFO - [2025-05-02T02:26:41.469+0000] {manager.py:504} INFO - Created Permission View: can edit on DAG:Pipeline-proyecto2
[2025-05-02T02:26:41.491+0000] {logging_mixin.py:149} INFO - [2025-05-02T02:26:41.491+0000] {manager.py:504} INFO - Created Permission View: can delete on DAG:Pipeline-proyecto2
[2025-05-02T02:26:41.506+0000] {logging_mixin.py:149} INFO - [2025-05-02T02:26:41.506+0000] {manager.py:504} INFO - Created Permission View: can read on DAG:Pipeline-proyecto2
[2025-05-02T02:26:41.507+0000] {logging_mixin.py:149} INFO - [2025-05-02T02:26:41.506+0000] {dag.py:2726} INFO - Sync 1 DAGs
[2025-05-02T02:26:41.533+0000] {logging_mixin.py:149} INFO - [2025-05-02T02:26:41.531+0000] {dag.py:2747} INFO - Creating ORM DAG for Pipeline-proyecto2
[2025-05-02T02:26:41.558+0000] {logging_mixin.py:149} INFO - [2025-05-02T02:26:41.558+0000] {dag.py:3486} INFO - Setting next_dagrun for Pipeline-proyecto2 to None, run_after=None
[2025-05-02T02:26:41.603+0000] {processor.py:178} INFO - Processing /opt/airflow/dags/dag-proyecto2.py took 4.204 seconds
[2025-05-02T02:27:11.861+0000] {processor.py:156} INFO - Started process (PID=66) to work on /opt/airflow/dags/dag-proyecto2.py
[2025-05-02T02:27:11.862+0000] {processor.py:799} INFO - Processing file /opt/airflow/dags/dag-proyecto2.py for tasks to queue
[2025-05-02T02:27:11.864+0000] {logging_mixin.py:149} INFO - [2025-05-02T02:27:11.863+0000] {dagbag.py:541} INFO - Filling up the DagBag from /opt/airflow/dags/dag-proyecto2.py
[2025-05-02T02:27:15.728+0000] {processor.py:809} INFO - DAG(s) dict_keys(['Pipeline-proyecto2']) retrieved from /opt/airflow/dags/dag-proyecto2.py
[2025-05-02T02:27:15.807+0000] {logging_mixin.py:149} INFO - [2025-05-02T02:27:15.806+0000] {dag.py:2726} INFO - Sync 1 DAGs
[2025-05-02T02:27:15.841+0000] {logging_mixin.py:149} INFO - [2025-05-02T02:27:15.841+0000] {dag.py:3486} INFO - Setting next_dagrun for Pipeline-proyecto2 to None, run_after=None
[2025-05-02T02:27:15.876+0000] {processor.py:178} INFO - Processing /opt/airflow/dags/dag-proyecto2.py took 4.021 seconds
[2025-05-02T02:27:46.107+0000] {processor.py:156} INFO - Started process (PID=81) to work on /opt/airflow/dags/dag-proyecto2.py
[2025-05-02T02:27:46.109+0000] {processor.py:799} INFO - Processing file /opt/airflow/dags/dag-proyecto2.py for tasks to queue
[2025-05-02T02:27:46.110+0000] {logging_mixin.py:149} INFO - [2025-05-02T02:27:46.110+0000] {dagbag.py:541} INFO - Filling up the DagBag from /opt/airflow/dags/dag-proyecto2.py
[2025-05-02T02:27:47.920+0000] {processor.py:809} INFO - DAG(s) dict_keys(['Pipeline-proyecto2']) retrieved from /opt/airflow/dags/dag-proyecto2.py
[2025-05-02T02:27:47.957+0000] {logging_mixin.py:149} INFO - [2025-05-02T02:27:47.956+0000] {dag.py:2726} INFO - Sync 1 DAGs
[2025-05-02T02:27:47.986+0000] {logging_mixin.py:149} INFO - [2025-05-02T02:27:47.986+0000] {dag.py:3486} INFO - Setting next_dagrun for Pipeline-proyecto2 to None, run_after=None
[2025-05-02T02:27:48.011+0000] {processor.py:178} INFO - Processing /opt/airflow/dags/dag-proyecto2.py took 1.909 seconds
[2025-05-02T02:28:18.290+0000] {processor.py:156} INFO - Started process (PID=96) to work on /opt/airflow/dags/dag-proyecto2.py
[2025-05-02T02:28:18.292+0000] {processor.py:799} INFO - Processing file /opt/airflow/dags/dag-proyecto2.py for tasks to queue
[2025-05-02T02:28:18.293+0000] {logging_mixin.py:149} INFO - [2025-05-02T02:28:18.293+0000] {dagbag.py:541} INFO - Filling up the DagBag from /opt/airflow/dags/dag-proyecto2.py
[2025-05-02T02:28:20.515+0000] {processor.py:809} INFO - DAG(s) dict_keys(['Pipeline-proyecto2']) retrieved from /opt/airflow/dags/dag-proyecto2.py
[2025-05-02T02:28:20.553+0000] {logging_mixin.py:149} INFO - [2025-05-02T02:28:20.552+0000] {dag.py:2726} INFO - Sync 1 DAGs
[2025-05-02T02:28:20.581+0000] {logging_mixin.py:149} INFO - [2025-05-02T02:28:20.581+0000] {dag.py:3486} INFO - Setting next_dagrun for Pipeline-proyecto2 to None, run_after=None
[2025-05-02T02:28:20.617+0000] {processor.py:178} INFO - Processing /opt/airflow/dags/dag-proyecto2.py took 2.335 seconds
[2025-05-02T02:28:50.867+0000] {processor.py:156} INFO - Started process (PID=111) to work on /opt/airflow/dags/dag-proyecto2.py
[2025-05-02T02:28:50.869+0000] {processor.py:799} INFO - Processing file /opt/airflow/dags/dag-proyecto2.py for tasks to queue
[2025-05-02T02:28:50.870+0000] {logging_mixin.py:149} INFO - [2025-05-02T02:28:50.869+0000] {dagbag.py:541} INFO - Filling up the DagBag from /opt/airflow/dags/dag-proyecto2.py
[2025-05-02T02:28:52.877+0000] {processor.py:809} INFO - DAG(s) dict_keys(['Pipeline-proyecto2']) retrieved from /opt/airflow/dags/dag-proyecto2.py
[2025-05-02T02:28:52.942+0000] {logging_mixin.py:149} INFO - [2025-05-02T02:28:52.941+0000] {dag.py:2726} INFO - Sync 1 DAGs
[2025-05-02T02:28:52.982+0000] {logging_mixin.py:149} INFO - [2025-05-02T02:28:52.981+0000] {dag.py:3486} INFO - Setting next_dagrun for Pipeline-proyecto2 to None, run_after=None
[2025-05-02T02:28:53.006+0000] {processor.py:178} INFO - Processing /opt/airflow/dags/dag-proyecto2.py took 2.145 seconds
[2025-05-02T02:29:23.109+0000] {processor.py:156} INFO - Started process (PID=126) to work on /opt/airflow/dags/dag-proyecto2.py
[2025-05-02T02:29:23.111+0000] {processor.py:799} INFO - Processing file /opt/airflow/dags/dag-proyecto2.py for tasks to queue
[2025-05-02T02:29:23.112+0000] {logging_mixin.py:149} INFO - [2025-05-02T02:29:23.112+0000] {dagbag.py:541} INFO - Filling up the DagBag from /opt/airflow/dags/dag-proyecto2.py
[2025-05-02T02:29:24.894+0000] {processor.py:809} INFO - DAG(s) dict_keys(['Pipeline-proyecto2']) retrieved from /opt/airflow/dags/dag-proyecto2.py
[2025-05-02T02:29:24.932+0000] {logging_mixin.py:149} INFO - [2025-05-02T02:29:24.932+0000] {dag.py:2726} INFO - Sync 1 DAGs
[2025-05-02T02:29:24.960+0000] {logging_mixin.py:149} INFO - [2025-05-02T02:29:24.960+0000] {dag.py:3486} INFO - Setting next_dagrun for Pipeline-proyecto2 to None, run_after=None
[2025-05-02T02:29:24.981+0000] {processor.py:178} INFO - Processing /opt/airflow/dags/dag-proyecto2.py took 1.881 seconds
[2025-05-02T02:32:40.152+0000] {processor.py:156} INFO - Started process (PID=43) to work on /opt/airflow/dags/dag-proyecto2.py
[2025-05-02T02:32:40.157+0000] {processor.py:799} INFO - Processing file /opt/airflow/dags/dag-proyecto2.py for tasks to queue
[2025-05-02T02:32:40.161+0000] {logging_mixin.py:149} INFO - [2025-05-02T02:32:40.161+0000] {dagbag.py:541} INFO - Filling up the DagBag from /opt/airflow/dags/dag-proyecto2.py
[2025-05-02T02:32:43.723+0000] {processor.py:809} INFO - DAG(s) dict_keys(['Pipeline-proyecto2']) retrieved from /opt/airflow/dags/dag-proyecto2.py
[2025-05-02T02:32:43.848+0000] {logging_mixin.py:149} INFO - [2025-05-02T02:32:43.847+0000] {dag.py:2726} INFO - Sync 1 DAGs
[2025-05-02T02:32:43.892+0000] {logging_mixin.py:149} INFO - [2025-05-02T02:32:43.891+0000] {dag.py:3486} INFO - Setting next_dagrun for Pipeline-proyecto2 to None, run_after=None
[2025-05-02T02:32:43.966+0000] {processor.py:178} INFO - Processing /opt/airflow/dags/dag-proyecto2.py took 3.830 seconds
[2025-05-02T02:33:14.332+0000] {processor.py:156} INFO - Started process (PID=65) to work on /opt/airflow/dags/dag-proyecto2.py
[2025-05-02T02:33:14.334+0000] {processor.py:799} INFO - Processing file /opt/airflow/dags/dag-proyecto2.py for tasks to queue
[2025-05-02T02:33:14.335+0000] {logging_mixin.py:149} INFO - [2025-05-02T02:33:14.335+0000] {dagbag.py:541} INFO - Filling up the DagBag from /opt/airflow/dags/dag-proyecto2.py
[2025-05-02T02:33:16.251+0000] {processor.py:809} INFO - DAG(s) dict_keys(['Pipeline-proyecto2']) retrieved from /opt/airflow/dags/dag-proyecto2.py
[2025-05-02T02:33:16.287+0000] {logging_mixin.py:149} INFO - [2025-05-02T02:33:16.287+0000] {dag.py:2726} INFO - Sync 1 DAGs
[2025-05-02T02:33:16.317+0000] {logging_mixin.py:149} INFO - [2025-05-02T02:33:16.317+0000] {dag.py:3486} INFO - Setting next_dagrun for Pipeline-proyecto2 to None, run_after=None
[2025-05-02T02:33:16.353+0000] {processor.py:178} INFO - Processing /opt/airflow/dags/dag-proyecto2.py took 2.026 seconds
[2025-05-02T02:33:46.566+0000] {processor.py:156} INFO - Started process (PID=80) to work on /opt/airflow/dags/dag-proyecto2.py
[2025-05-02T02:33:46.568+0000] {processor.py:799} INFO - Processing file /opt/airflow/dags/dag-proyecto2.py for tasks to queue
[2025-05-02T02:33:46.569+0000] {logging_mixin.py:149} INFO - [2025-05-02T02:33:46.569+0000] {dagbag.py:541} INFO - Filling up the DagBag from /opt/airflow/dags/dag-proyecto2.py
[2025-05-02T02:33:50.136+0000] {processor.py:809} INFO - DAG(s) dict_keys(['Pipeline-proyecto2']) retrieved from /opt/airflow/dags/dag-proyecto2.py
[2025-05-02T02:33:50.208+0000] {logging_mixin.py:149} INFO - [2025-05-02T02:33:50.208+0000] {dag.py:2726} INFO - Sync 1 DAGs
[2025-05-02T02:33:50.241+0000] {logging_mixin.py:149} INFO - [2025-05-02T02:33:50.241+0000] {dag.py:3486} INFO - Setting next_dagrun for Pipeline-proyecto2 to None, run_after=None
[2025-05-02T02:33:50.267+0000] {processor.py:178} INFO - Processing /opt/airflow/dags/dag-proyecto2.py took 3.706 seconds
[2025-05-02T02:34:20.551+0000] {processor.py:156} INFO - Started process (PID=94) to work on /opt/airflow/dags/dag-proyecto2.py
[2025-05-02T02:34:20.552+0000] {processor.py:799} INFO - Processing file /opt/airflow/dags/dag-proyecto2.py for tasks to queue
[2025-05-02T02:34:20.554+0000] {logging_mixin.py:149} INFO - [2025-05-02T02:34:20.554+0000] {dagbag.py:541} INFO - Filling up the DagBag from /opt/airflow/dags/dag-proyecto2.py
[2025-05-02T02:34:22.785+0000] {processor.py:809} INFO - DAG(s) dict_keys(['Pipeline-proyecto2']) retrieved from /opt/airflow/dags/dag-proyecto2.py
[2025-05-02T02:34:22.835+0000] {logging_mixin.py:149} INFO - [2025-05-02T02:34:22.834+0000] {dag.py:2726} INFO - Sync 1 DAGs
[2025-05-02T02:34:22.876+0000] {logging_mixin.py:149} INFO - [2025-05-02T02:34:22.876+0000] {dag.py:3486} INFO - Setting next_dagrun for Pipeline-proyecto2 to None, run_after=None
[2025-05-02T02:34:22.923+0000] {processor.py:178} INFO - Processing /opt/airflow/dags/dag-proyecto2.py took 2.382 seconds
[2025-05-02T02:34:53.170+0000] {processor.py:156} INFO - Started process (PID=114) to work on /opt/airflow/dags/dag-proyecto2.py
[2025-05-02T02:34:53.173+0000] {processor.py:799} INFO - Processing file /opt/airflow/dags/dag-proyecto2.py for tasks to queue
[2025-05-02T02:34:53.176+0000] {logging_mixin.py:149} INFO - [2025-05-02T02:34:53.175+0000] {dagbag.py:541} INFO - Filling up the DagBag from /opt/airflow/dags/dag-proyecto2.py
[2025-05-02T02:34:55.846+0000] {processor.py:809} INFO - DAG(s) dict_keys(['Pipeline-proyecto2']) retrieved from /opt/airflow/dags/dag-proyecto2.py
[2025-05-02T02:34:55.888+0000] {logging_mixin.py:149} INFO - [2025-05-02T02:34:55.887+0000] {dag.py:2726} INFO - Sync 1 DAGs
[2025-05-02T02:34:55.920+0000] {logging_mixin.py:149} INFO - [2025-05-02T02:34:55.919+0000] {dag.py:3486} INFO - Setting next_dagrun for Pipeline-proyecto2 to None, run_after=None
[2025-05-02T02:34:55.944+0000] {processor.py:178} INFO - Processing /opt/airflow/dags/dag-proyecto2.py took 2.781 seconds
[2025-05-02T02:35:26.274+0000] {processor.py:156} INFO - Started process (PID=128) to work on /opt/airflow/dags/dag-proyecto2.py
[2025-05-02T02:35:26.278+0000] {processor.py:799} INFO - Processing file /opt/airflow/dags/dag-proyecto2.py for tasks to queue
[2025-05-02T02:35:26.281+0000] {logging_mixin.py:149} INFO - [2025-05-02T02:35:26.278+0000] {dagbag.py:541} INFO - Filling up the DagBag from /opt/airflow/dags/dag-proyecto2.py
[2025-05-02T02:35:28.534+0000] {processor.py:809} INFO - DAG(s) dict_keys(['Pipeline-proyecto2']) retrieved from /opt/airflow/dags/dag-proyecto2.py
[2025-05-02T02:35:28.594+0000] {logging_mixin.py:149} INFO - [2025-05-02T02:35:28.593+0000] {dag.py:2726} INFO - Sync 1 DAGs
[2025-05-02T02:35:28.649+0000] {logging_mixin.py:149} INFO - [2025-05-02T02:35:28.649+0000] {dag.py:3486} INFO - Setting next_dagrun for Pipeline-proyecto2 to None, run_after=None
[2025-05-02T02:35:28.690+0000] {processor.py:178} INFO - Processing /opt/airflow/dags/dag-proyecto2.py took 2.425 seconds
[2025-05-02T02:35:58.837+0000] {processor.py:156} INFO - Started process (PID=143) to work on /opt/airflow/dags/dag-proyecto2.py
[2025-05-02T02:35:58.839+0000] {processor.py:799} INFO - Processing file /opt/airflow/dags/dag-proyecto2.py for tasks to queue
[2025-05-02T02:35:58.846+0000] {logging_mixin.py:149} INFO - [2025-05-02T02:35:58.844+0000] {dagbag.py:541} INFO - Filling up the DagBag from /opt/airflow/dags/dag-proyecto2.py
[2025-05-02T02:36:02.411+0000] {processor.py:809} INFO - DAG(s) dict_keys(['Pipeline-proyecto2']) retrieved from /opt/airflow/dags/dag-proyecto2.py
[2025-05-02T02:36:02.457+0000] {logging_mixin.py:149} INFO - [2025-05-02T02:36:02.456+0000] {dag.py:2726} INFO - Sync 1 DAGs
[2025-05-02T02:36:02.494+0000] {logging_mixin.py:149} INFO - [2025-05-02T02:36:02.494+0000] {dag.py:3486} INFO - Setting next_dagrun for Pipeline-proyecto2 to None, run_after=None
[2025-05-02T02:36:02.524+0000] {processor.py:178} INFO - Processing /opt/airflow/dags/dag-proyecto2.py took 3.705 seconds
[2025-05-02T02:36:32.848+0000] {processor.py:156} INFO - Started process (PID=158) to work on /opt/airflow/dags/dag-proyecto2.py
[2025-05-02T02:36:32.854+0000] {processor.py:799} INFO - Processing file /opt/airflow/dags/dag-proyecto2.py for tasks to queue
[2025-05-02T02:36:32.855+0000] {logging_mixin.py:149} INFO - [2025-05-02T02:36:32.855+0000] {dagbag.py:541} INFO - Filling up the DagBag from /opt/airflow/dags/dag-proyecto2.py
[2025-05-02T02:36:35.453+0000] {processor.py:809} INFO - DAG(s) dict_keys(['Pipeline-proyecto2']) retrieved from /opt/airflow/dags/dag-proyecto2.py
[2025-05-02T02:36:35.499+0000] {logging_mixin.py:149} INFO - [2025-05-02T02:36:35.498+0000] {dag.py:2726} INFO - Sync 1 DAGs
[2025-05-02T02:36:35.548+0000] {logging_mixin.py:149} INFO - [2025-05-02T02:36:35.548+0000] {dag.py:3486} INFO - Setting next_dagrun for Pipeline-proyecto2 to None, run_after=None
[2025-05-02T02:36:35.597+0000] {processor.py:178} INFO - Processing /opt/airflow/dags/dag-proyecto2.py took 2.759 seconds
[2025-05-02T02:37:05.906+0000] {processor.py:156} INFO - Started process (PID=172) to work on /opt/airflow/dags/dag-proyecto2.py
[2025-05-02T02:37:05.908+0000] {processor.py:799} INFO - Processing file /opt/airflow/dags/dag-proyecto2.py for tasks to queue
[2025-05-02T02:37:05.909+0000] {logging_mixin.py:149} INFO - [2025-05-02T02:37:05.909+0000] {dagbag.py:541} INFO - Filling up the DagBag from /opt/airflow/dags/dag-proyecto2.py
[2025-05-02T02:37:08.169+0000] {processor.py:809} INFO - DAG(s) dict_keys(['Pipeline-proyecto2']) retrieved from /opt/airflow/dags/dag-proyecto2.py
[2025-05-02T02:37:08.227+0000] {logging_mixin.py:149} INFO - [2025-05-02T02:37:08.226+0000] {dag.py:2726} INFO - Sync 1 DAGs
[2025-05-02T02:37:08.259+0000] {logging_mixin.py:149} INFO - [2025-05-02T02:37:08.259+0000] {dag.py:3486} INFO - Setting next_dagrun for Pipeline-proyecto2 to None, run_after=None
[2025-05-02T02:37:08.291+0000] {processor.py:178} INFO - Processing /opt/airflow/dags/dag-proyecto2.py took 2.392 seconds
[2025-05-02T02:37:38.591+0000] {processor.py:156} INFO - Started process (PID=187) to work on /opt/airflow/dags/dag-proyecto2.py
[2025-05-02T02:37:38.596+0000] {processor.py:799} INFO - Processing file /opt/airflow/dags/dag-proyecto2.py for tasks to queue
[2025-05-02T02:37:38.597+0000] {logging_mixin.py:149} INFO - [2025-05-02T02:37:38.597+0000] {dagbag.py:541} INFO - Filling up the DagBag from /opt/airflow/dags/dag-proyecto2.py
[2025-05-02T02:37:41.000+0000] {processor.py:809} INFO - DAG(s) dict_keys(['Pipeline-proyecto2']) retrieved from /opt/airflow/dags/dag-proyecto2.py
[2025-05-02T02:37:41.034+0000] {logging_mixin.py:149} INFO - [2025-05-02T02:37:41.033+0000] {dag.py:2726} INFO - Sync 1 DAGs
[2025-05-02T02:37:41.065+0000] {logging_mixin.py:149} INFO - [2025-05-02T02:37:41.064+0000] {dag.py:3486} INFO - Setting next_dagrun for Pipeline-proyecto2 to None, run_after=None
[2025-05-02T02:37:41.099+0000] {processor.py:178} INFO - Processing /opt/airflow/dags/dag-proyecto2.py took 2.516 seconds
[2025-05-02T02:38:11.368+0000] {processor.py:156} INFO - Started process (PID=201) to work on /opt/airflow/dags/dag-proyecto2.py
[2025-05-02T02:38:11.369+0000] {processor.py:799} INFO - Processing file /opt/airflow/dags/dag-proyecto2.py for tasks to queue
[2025-05-02T02:38:11.372+0000] {logging_mixin.py:149} INFO - [2025-05-02T02:38:11.370+0000] {dagbag.py:541} INFO - Filling up the DagBag from /opt/airflow/dags/dag-proyecto2.py
[2025-05-02T02:38:13.719+0000] {processor.py:809} INFO - DAG(s) dict_keys(['Pipeline-proyecto2']) retrieved from /opt/airflow/dags/dag-proyecto2.py
[2025-05-02T02:38:13.758+0000] {logging_mixin.py:149} INFO - [2025-05-02T02:38:13.757+0000] {dag.py:2726} INFO - Sync 1 DAGs
[2025-05-02T02:38:13.809+0000] {logging_mixin.py:149} INFO - [2025-05-02T02:38:13.808+0000] {dag.py:3486} INFO - Setting next_dagrun for Pipeline-proyecto2 to None, run_after=None
[2025-05-02T02:38:13.859+0000] {processor.py:178} INFO - Processing /opt/airflow/dags/dag-proyecto2.py took 2.499 seconds
[2025-05-02T02:38:44.159+0000] {processor.py:156} INFO - Started process (PID=216) to work on /opt/airflow/dags/dag-proyecto2.py
[2025-05-02T02:38:44.164+0000] {processor.py:799} INFO - Processing file /opt/airflow/dags/dag-proyecto2.py for tasks to queue
[2025-05-02T02:38:44.165+0000] {logging_mixin.py:149} INFO - [2025-05-02T02:38:44.164+0000] {dagbag.py:541} INFO - Filling up the DagBag from /opt/airflow/dags/dag-proyecto2.py
[2025-05-02T02:38:46.357+0000] {processor.py:809} INFO - DAG(s) dict_keys(['Pipeline-proyecto2']) retrieved from /opt/airflow/dags/dag-proyecto2.py
[2025-05-02T02:38:46.402+0000] {logging_mixin.py:149} INFO - [2025-05-02T02:38:46.401+0000] {dag.py:2726} INFO - Sync 1 DAGs
[2025-05-02T02:38:46.444+0000] {logging_mixin.py:149} INFO - [2025-05-02T02:38:46.443+0000] {dag.py:3486} INFO - Setting next_dagrun for Pipeline-proyecto2 to None, run_after=None
[2025-05-02T02:38:46.499+0000] {processor.py:178} INFO - Processing /opt/airflow/dags/dag-proyecto2.py took 2.348 seconds
[2025-05-02T02:39:16.840+0000] {processor.py:156} INFO - Started process (PID=238) to work on /opt/airflow/dags/dag-proyecto2.py
[2025-05-02T02:39:16.848+0000] {processor.py:799} INFO - Processing file /opt/airflow/dags/dag-proyecto2.py for tasks to queue
[2025-05-02T02:39:16.849+0000] {logging_mixin.py:149} INFO - [2025-05-02T02:39:16.849+0000] {dagbag.py:541} INFO - Filling up the DagBag from /opt/airflow/dags/dag-proyecto2.py
[2025-05-02T02:39:19.403+0000] {processor.py:809} INFO - DAG(s) dict_keys(['Pipeline-proyecto2']) retrieved from /opt/airflow/dags/dag-proyecto2.py
[2025-05-02T02:39:19.443+0000] {logging_mixin.py:149} INFO - [2025-05-02T02:39:19.442+0000] {dag.py:2726} INFO - Sync 1 DAGs
[2025-05-02T02:39:19.478+0000] {logging_mixin.py:149} INFO - [2025-05-02T02:39:19.478+0000] {dag.py:3486} INFO - Setting next_dagrun for Pipeline-proyecto2 to None, run_after=None
[2025-05-02T02:39:19.518+0000] {processor.py:178} INFO - Processing /opt/airflow/dags/dag-proyecto2.py took 2.689 seconds
[2025-05-02T02:39:49.702+0000] {processor.py:156} INFO - Started process (PID=253) to work on /opt/airflow/dags/dag-proyecto2.py
[2025-05-02T02:39:49.707+0000] {processor.py:799} INFO - Processing file /opt/airflow/dags/dag-proyecto2.py for tasks to queue
[2025-05-02T02:39:49.708+0000] {logging_mixin.py:149} INFO - [2025-05-02T02:39:49.708+0000] {dagbag.py:541} INFO - Filling up the DagBag from /opt/airflow/dags/dag-proyecto2.py
[2025-05-02T02:39:52.537+0000] {processor.py:809} INFO - DAG(s) dict_keys(['Pipeline-proyecto2']) retrieved from /opt/airflow/dags/dag-proyecto2.py
[2025-05-02T02:39:52.592+0000] {logging_mixin.py:149} INFO - [2025-05-02T02:39:52.589+0000] {dag.py:2726} INFO - Sync 1 DAGs
[2025-05-02T02:39:52.627+0000] {logging_mixin.py:149} INFO - [2025-05-02T02:39:52.626+0000] {dag.py:3486} INFO - Setting next_dagrun for Pipeline-proyecto2 to None, run_after=None
[2025-05-02T02:39:52.661+0000] {processor.py:178} INFO - Processing /opt/airflow/dags/dag-proyecto2.py took 2.974 seconds
[2025-05-02T02:40:22.985+0000] {processor.py:156} INFO - Started process (PID=268) to work on /opt/airflow/dags/dag-proyecto2.py
[2025-05-02T02:40:22.989+0000] {processor.py:799} INFO - Processing file /opt/airflow/dags/dag-proyecto2.py for tasks to queue
[2025-05-02T02:40:22.993+0000] {logging_mixin.py:149} INFO - [2025-05-02T02:40:22.993+0000] {dagbag.py:541} INFO - Filling up the DagBag from /opt/airflow/dags/dag-proyecto2.py
[2025-05-02T02:40:25.779+0000] {processor.py:809} INFO - DAG(s) dict_keys(['Pipeline-proyecto2']) retrieved from /opt/airflow/dags/dag-proyecto2.py
[2025-05-02T02:40:25.861+0000] {logging_mixin.py:149} INFO - [2025-05-02T02:40:25.859+0000] {dag.py:2726} INFO - Sync 1 DAGs
[2025-05-02T02:40:25.914+0000] {logging_mixin.py:149} INFO - [2025-05-02T02:40:25.914+0000] {dag.py:3486} INFO - Setting next_dagrun for Pipeline-proyecto2 to None, run_after=None
[2025-05-02T02:40:25.975+0000] {processor.py:178} INFO - Processing /opt/airflow/dags/dag-proyecto2.py took 3.001 seconds
[2025-05-02T02:40:56.226+0000] {processor.py:156} INFO - Started process (PID=283) to work on /opt/airflow/dags/dag-proyecto2.py
[2025-05-02T02:40:56.231+0000] {processor.py:799} INFO - Processing file /opt/airflow/dags/dag-proyecto2.py for tasks to queue
[2025-05-02T02:40:56.233+0000] {logging_mixin.py:149} INFO - [2025-05-02T02:40:56.232+0000] {dagbag.py:541} INFO - Filling up the DagBag from /opt/airflow/dags/dag-proyecto2.py
[2025-05-02T02:40:59.370+0000] {processor.py:809} INFO - DAG(s) dict_keys(['Pipeline-proyecto2']) retrieved from /opt/airflow/dags/dag-proyecto2.py
[2025-05-02T02:40:59.416+0000] {logging_mixin.py:149} INFO - [2025-05-02T02:40:59.416+0000] {dag.py:2726} INFO - Sync 1 DAGs
[2025-05-02T02:40:59.443+0000] {logging_mixin.py:149} INFO - [2025-05-02T02:40:59.443+0000] {dag.py:3486} INFO - Setting next_dagrun for Pipeline-proyecto2 to None, run_after=None
[2025-05-02T02:40:59.467+0000] {processor.py:178} INFO - Processing /opt/airflow/dags/dag-proyecto2.py took 3.247 seconds
[2025-05-02T02:41:29.731+0000] {processor.py:156} INFO - Started process (PID=298) to work on /opt/airflow/dags/dag-proyecto2.py
[2025-05-02T02:41:29.734+0000] {processor.py:799} INFO - Processing file /opt/airflow/dags/dag-proyecto2.py for tasks to queue
[2025-05-02T02:41:29.735+0000] {logging_mixin.py:149} INFO - [2025-05-02T02:41:29.734+0000] {dagbag.py:541} INFO - Filling up the DagBag from /opt/airflow/dags/dag-proyecto2.py
[2025-05-02T02:41:32.280+0000] {processor.py:809} INFO - DAG(s) dict_keys(['Pipeline-proyecto2']) retrieved from /opt/airflow/dags/dag-proyecto2.py
[2025-05-02T02:41:32.326+0000] {logging_mixin.py:149} INFO - [2025-05-02T02:41:32.325+0000] {dag.py:2726} INFO - Sync 1 DAGs
[2025-05-02T02:41:32.362+0000] {logging_mixin.py:149} INFO - [2025-05-02T02:41:32.362+0000] {dag.py:3486} INFO - Setting next_dagrun for Pipeline-proyecto2 to None, run_after=None
[2025-05-02T02:41:32.417+0000] {processor.py:178} INFO - Processing /opt/airflow/dags/dag-proyecto2.py took 2.696 seconds
[2025-05-02T02:42:02.732+0000] {processor.py:156} INFO - Started process (PID=313) to work on /opt/airflow/dags/dag-proyecto2.py
[2025-05-02T02:42:02.735+0000] {processor.py:799} INFO - Processing file /opt/airflow/dags/dag-proyecto2.py for tasks to queue
[2025-05-02T02:42:02.736+0000] {logging_mixin.py:149} INFO - [2025-05-02T02:42:02.736+0000] {dagbag.py:541} INFO - Filling up the DagBag from /opt/airflow/dags/dag-proyecto2.py
[2025-05-02T02:42:05.032+0000] {processor.py:809} INFO - DAG(s) dict_keys(['Pipeline-proyecto2']) retrieved from /opt/airflow/dags/dag-proyecto2.py
[2025-05-02T02:42:05.073+0000] {logging_mixin.py:149} INFO - [2025-05-02T02:42:05.072+0000] {dag.py:2726} INFO - Sync 1 DAGs
[2025-05-02T02:42:05.103+0000] {logging_mixin.py:149} INFO - [2025-05-02T02:42:05.103+0000] {dag.py:3486} INFO - Setting next_dagrun for Pipeline-proyecto2 to None, run_after=None
[2025-05-02T02:42:05.134+0000] {processor.py:178} INFO - Processing /opt/airflow/dags/dag-proyecto2.py took 2.410 seconds
[2025-05-02T02:42:35.221+0000] {processor.py:156} INFO - Started process (PID=328) to work on /opt/airflow/dags/dag-proyecto2.py
[2025-05-02T02:42:35.223+0000] {processor.py:799} INFO - Processing file /opt/airflow/dags/dag-proyecto2.py for tasks to queue
[2025-05-02T02:42:35.224+0000] {logging_mixin.py:149} INFO - [2025-05-02T02:42:35.224+0000] {dagbag.py:541} INFO - Filling up the DagBag from /opt/airflow/dags/dag-proyecto2.py
[2025-05-02T02:42:37.720+0000] {processor.py:809} INFO - DAG(s) dict_keys(['Pipeline-proyecto2']) retrieved from /opt/airflow/dags/dag-proyecto2.py
[2025-05-02T02:42:37.766+0000] {logging_mixin.py:149} INFO - [2025-05-02T02:42:37.765+0000] {dag.py:2726} INFO - Sync 1 DAGs
[2025-05-02T02:42:37.796+0000] {logging_mixin.py:149} INFO - [2025-05-02T02:42:37.796+0000] {dag.py:3486} INFO - Setting next_dagrun for Pipeline-proyecto2 to None, run_after=None
[2025-05-02T02:42:37.838+0000] {processor.py:178} INFO - Processing /opt/airflow/dags/dag-proyecto2.py took 2.623 seconds
[2025-05-02T02:43:08.113+0000] {processor.py:156} INFO - Started process (PID=343) to work on /opt/airflow/dags/dag-proyecto2.py
[2025-05-02T02:43:08.115+0000] {processor.py:799} INFO - Processing file /opt/airflow/dags/dag-proyecto2.py for tasks to queue
[2025-05-02T02:43:08.116+0000] {logging_mixin.py:149} INFO - [2025-05-02T02:43:08.116+0000] {dagbag.py:541} INFO - Filling up the DagBag from /opt/airflow/dags/dag-proyecto2.py
[2025-05-02T02:43:10.532+0000] {processor.py:809} INFO - DAG(s) dict_keys(['Pipeline-proyecto2']) retrieved from /opt/airflow/dags/dag-proyecto2.py
[2025-05-02T02:43:10.567+0000] {logging_mixin.py:149} INFO - [2025-05-02T02:43:10.567+0000] {dag.py:2726} INFO - Sync 1 DAGs
[2025-05-02T02:43:10.598+0000] {logging_mixin.py:149} INFO - [2025-05-02T02:43:10.598+0000] {dag.py:3486} INFO - Setting next_dagrun for Pipeline-proyecto2 to None, run_after=None
[2025-05-02T02:43:10.624+0000] {processor.py:178} INFO - Processing /opt/airflow/dags/dag-proyecto2.py took 2.518 seconds
[2025-05-02T02:43:40.932+0000] {processor.py:156} INFO - Started process (PID=357) to work on /opt/airflow/dags/dag-proyecto2.py
[2025-05-02T02:43:40.937+0000] {processor.py:799} INFO - Processing file /opt/airflow/dags/dag-proyecto2.py for tasks to queue
[2025-05-02T02:43:40.940+0000] {logging_mixin.py:149} INFO - [2025-05-02T02:43:40.940+0000] {dagbag.py:541} INFO - Filling up the DagBag from /opt/airflow/dags/dag-proyecto2.py
[2025-05-02T02:43:43.109+0000] {processor.py:809} INFO - DAG(s) dict_keys(['Pipeline-proyecto2']) retrieved from /opt/airflow/dags/dag-proyecto2.py
[2025-05-02T02:43:43.145+0000] {logging_mixin.py:149} INFO - [2025-05-02T02:43:43.144+0000] {dag.py:2726} INFO - Sync 1 DAGs
[2025-05-02T02:43:43.176+0000] {logging_mixin.py:149} INFO - [2025-05-02T02:43:43.176+0000] {dag.py:3486} INFO - Setting next_dagrun for Pipeline-proyecto2 to None, run_after=None
[2025-05-02T02:43:43.202+0000] {processor.py:178} INFO - Processing /opt/airflow/dags/dag-proyecto2.py took 2.284 seconds
[2025-05-02T02:44:13.471+0000] {processor.py:156} INFO - Started process (PID=372) to work on /opt/airflow/dags/dag-proyecto2.py
[2025-05-02T02:44:13.473+0000] {processor.py:799} INFO - Processing file /opt/airflow/dags/dag-proyecto2.py for tasks to queue
[2025-05-02T02:44:13.475+0000] {logging_mixin.py:149} INFO - [2025-05-02T02:44:13.474+0000] {dagbag.py:541} INFO - Filling up the DagBag from /opt/airflow/dags/dag-proyecto2.py
[2025-05-02T02:44:15.572+0000] {processor.py:809} INFO - DAG(s) dict_keys(['Pipeline-proyecto2']) retrieved from /opt/airflow/dags/dag-proyecto2.py
[2025-05-02T02:44:15.609+0000] {logging_mixin.py:149} INFO - [2025-05-02T02:44:15.609+0000] {dag.py:2726} INFO - Sync 1 DAGs
[2025-05-02T02:44:15.636+0000] {logging_mixin.py:149} INFO - [2025-05-02T02:44:15.636+0000] {dag.py:3486} INFO - Setting next_dagrun for Pipeline-proyecto2 to None, run_after=None
[2025-05-02T02:44:15.660+0000] {processor.py:178} INFO - Processing /opt/airflow/dags/dag-proyecto2.py took 2.197 seconds
[2025-05-02T02:44:45.916+0000] {processor.py:156} INFO - Started process (PID=387) to work on /opt/airflow/dags/dag-proyecto2.py
[2025-05-02T02:44:45.918+0000] {processor.py:799} INFO - Processing file /opt/airflow/dags/dag-proyecto2.py for tasks to queue
[2025-05-02T02:44:45.919+0000] {logging_mixin.py:149} INFO - [2025-05-02T02:44:45.919+0000] {dagbag.py:541} INFO - Filling up the DagBag from /opt/airflow/dags/dag-proyecto2.py
[2025-05-02T02:44:48.103+0000] {processor.py:809} INFO - DAG(s) dict_keys(['Pipeline-proyecto2']) retrieved from /opt/airflow/dags/dag-proyecto2.py
[2025-05-02T02:44:48.157+0000] {logging_mixin.py:149} INFO - [2025-05-02T02:44:48.156+0000] {dag.py:2726} INFO - Sync 1 DAGs
[2025-05-02T02:44:48.193+0000] {logging_mixin.py:149} INFO - [2025-05-02T02:44:48.193+0000] {dag.py:3486} INFO - Setting next_dagrun for Pipeline-proyecto2 to None, run_after=None
[2025-05-02T02:44:48.225+0000] {processor.py:178} INFO - Processing /opt/airflow/dags/dag-proyecto2.py took 2.316 seconds
[2025-05-02T02:45:18.509+0000] {processor.py:156} INFO - Started process (PID=409) to work on /opt/airflow/dags/dag-proyecto2.py
[2025-05-02T02:45:18.511+0000] {processor.py:799} INFO - Processing file /opt/airflow/dags/dag-proyecto2.py for tasks to queue
[2025-05-02T02:45:18.512+0000] {logging_mixin.py:149} INFO - [2025-05-02T02:45:18.512+0000] {dagbag.py:541} INFO - Filling up the DagBag from /opt/airflow/dags/dag-proyecto2.py
[2025-05-02T02:45:20.492+0000] {processor.py:809} INFO - DAG(s) dict_keys(['Pipeline-proyecto2']) retrieved from /opt/airflow/dags/dag-proyecto2.py
[2025-05-02T02:45:20.530+0000] {logging_mixin.py:149} INFO - [2025-05-02T02:45:20.529+0000] {dag.py:2726} INFO - Sync 1 DAGs
[2025-05-02T02:45:20.557+0000] {logging_mixin.py:149} INFO - [2025-05-02T02:45:20.557+0000] {dag.py:3486} INFO - Setting next_dagrun for Pipeline-proyecto2 to None, run_after=None
[2025-05-02T02:45:20.579+0000] {processor.py:178} INFO - Processing /opt/airflow/dags/dag-proyecto2.py took 2.076 seconds
[2025-05-02T02:45:50.759+0000] {processor.py:156} INFO - Started process (PID=424) to work on /opt/airflow/dags/dag-proyecto2.py
[2025-05-02T02:45:50.761+0000] {processor.py:799} INFO - Processing file /opt/airflow/dags/dag-proyecto2.py for tasks to queue
[2025-05-02T02:45:50.762+0000] {logging_mixin.py:149} INFO - [2025-05-02T02:45:50.762+0000] {dagbag.py:541} INFO - Filling up the DagBag from /opt/airflow/dags/dag-proyecto2.py
[2025-05-02T02:45:52.659+0000] {processor.py:809} INFO - DAG(s) dict_keys(['Pipeline-proyecto2']) retrieved from /opt/airflow/dags/dag-proyecto2.py
[2025-05-02T02:45:52.699+0000] {logging_mixin.py:149} INFO - [2025-05-02T02:45:52.698+0000] {dag.py:2726} INFO - Sync 1 DAGs
[2025-05-02T02:45:52.729+0000] {logging_mixin.py:149} INFO - [2025-05-02T02:45:52.728+0000] {dag.py:3486} INFO - Setting next_dagrun for Pipeline-proyecto2 to None, run_after=None
[2025-05-02T02:45:52.761+0000] {processor.py:178} INFO - Processing /opt/airflow/dags/dag-proyecto2.py took 2.009 seconds
[2025-05-02T02:46:23.009+0000] {processor.py:156} INFO - Started process (PID=439) to work on /opt/airflow/dags/dag-proyecto2.py
[2025-05-02T02:46:23.011+0000] {processor.py:799} INFO - Processing file /opt/airflow/dags/dag-proyecto2.py for tasks to queue
[2025-05-02T02:46:23.012+0000] {logging_mixin.py:149} INFO - [2025-05-02T02:46:23.011+0000] {dagbag.py:541} INFO - Filling up the DagBag from /opt/airflow/dags/dag-proyecto2.py
[2025-05-02T02:46:24.959+0000] {processor.py:809} INFO - DAG(s) dict_keys(['Pipeline-proyecto2']) retrieved from /opt/airflow/dags/dag-proyecto2.py
[2025-05-02T02:46:25.009+0000] {logging_mixin.py:149} INFO - [2025-05-02T02:46:25.008+0000] {dag.py:2726} INFO - Sync 1 DAGs
[2025-05-02T02:46:25.036+0000] {logging_mixin.py:149} INFO - [2025-05-02T02:46:25.036+0000] {dag.py:3486} INFO - Setting next_dagrun for Pipeline-proyecto2 to None, run_after=None
[2025-05-02T02:46:25.060+0000] {processor.py:178} INFO - Processing /opt/airflow/dags/dag-proyecto2.py took 2.058 seconds
[2025-05-02T02:46:55.253+0000] {processor.py:156} INFO - Started process (PID=454) to work on /opt/airflow/dags/dag-proyecto2.py
[2025-05-02T02:46:55.255+0000] {processor.py:799} INFO - Processing file /opt/airflow/dags/dag-proyecto2.py for tasks to queue
[2025-05-02T02:46:55.257+0000] {logging_mixin.py:149} INFO - [2025-05-02T02:46:55.256+0000] {dagbag.py:541} INFO - Filling up the DagBag from /opt/airflow/dags/dag-proyecto2.py
[2025-05-02T02:46:57.219+0000] {processor.py:809} INFO - DAG(s) dict_keys(['Pipeline-proyecto2']) retrieved from /opt/airflow/dags/dag-proyecto2.py
[2025-05-02T02:46:57.253+0000] {logging_mixin.py:149} INFO - [2025-05-02T02:46:57.253+0000] {dag.py:2726} INFO - Sync 1 DAGs
[2025-05-02T02:46:57.279+0000] {logging_mixin.py:149} INFO - [2025-05-02T02:46:57.279+0000] {dag.py:3486} INFO - Setting next_dagrun for Pipeline-proyecto2 to None, run_after=None
[2025-05-02T02:46:57.300+0000] {processor.py:178} INFO - Processing /opt/airflow/dags/dag-proyecto2.py took 2.052 seconds
[2025-05-02T02:47:27.578+0000] {processor.py:156} INFO - Started process (PID=469) to work on /opt/airflow/dags/dag-proyecto2.py
[2025-05-02T02:47:27.580+0000] {processor.py:799} INFO - Processing file /opt/airflow/dags/dag-proyecto2.py for tasks to queue
[2025-05-02T02:47:27.581+0000] {logging_mixin.py:149} INFO - [2025-05-02T02:47:27.580+0000] {dagbag.py:541} INFO - Filling up the DagBag from /opt/airflow/dags/dag-proyecto2.py
[2025-05-02T02:47:29.547+0000] {processor.py:809} INFO - DAG(s) dict_keys(['Pipeline-proyecto2']) retrieved from /opt/airflow/dags/dag-proyecto2.py
[2025-05-02T02:47:29.582+0000] {logging_mixin.py:149} INFO - [2025-05-02T02:47:29.581+0000] {dag.py:2726} INFO - Sync 1 DAGs
[2025-05-02T02:47:29.607+0000] {logging_mixin.py:149} INFO - [2025-05-02T02:47:29.607+0000] {dag.py:3486} INFO - Setting next_dagrun for Pipeline-proyecto2 to None, run_after=None
[2025-05-02T02:47:29.629+0000] {processor.py:178} INFO - Processing /opt/airflow/dags/dag-proyecto2.py took 2.061 seconds
[2025-05-02T02:47:59.873+0000] {processor.py:156} INFO - Started process (PID=484) to work on /opt/airflow/dags/dag-proyecto2.py
[2025-05-02T02:47:59.874+0000] {processor.py:799} INFO - Processing file /opt/airflow/dags/dag-proyecto2.py for tasks to queue
[2025-05-02T02:47:59.876+0000] {logging_mixin.py:149} INFO - [2025-05-02T02:47:59.875+0000] {dagbag.py:541} INFO - Filling up the DagBag from /opt/airflow/dags/dag-proyecto2.py
[2025-05-02T02:48:01.844+0000] {processor.py:809} INFO - DAG(s) dict_keys(['Pipeline-proyecto2']) retrieved from /opt/airflow/dags/dag-proyecto2.py
[2025-05-02T02:48:01.886+0000] {logging_mixin.py:149} INFO - [2025-05-02T02:48:01.885+0000] {dag.py:2726} INFO - Sync 1 DAGs
[2025-05-02T02:48:01.916+0000] {logging_mixin.py:149} INFO - [2025-05-02T02:48:01.916+0000] {dag.py:3486} INFO - Setting next_dagrun for Pipeline-proyecto2 to None, run_after=None
[2025-05-02T02:48:01.945+0000] {processor.py:178} INFO - Processing /opt/airflow/dags/dag-proyecto2.py took 2.079 seconds
[2025-05-02T02:48:32.142+0000] {processor.py:156} INFO - Started process (PID=499) to work on /opt/airflow/dags/dag-proyecto2.py
[2025-05-02T02:48:32.144+0000] {processor.py:799} INFO - Processing file /opt/airflow/dags/dag-proyecto2.py for tasks to queue
[2025-05-02T02:48:32.145+0000] {logging_mixin.py:149} INFO - [2025-05-02T02:48:32.145+0000] {dagbag.py:541} INFO - Filling up the DagBag from /opt/airflow/dags/dag-proyecto2.py
[2025-05-02T02:48:34.168+0000] {processor.py:809} INFO - DAG(s) dict_keys(['Pipeline-proyecto2']) retrieved from /opt/airflow/dags/dag-proyecto2.py
[2025-05-02T02:48:34.217+0000] {logging_mixin.py:149} INFO - [2025-05-02T02:48:34.217+0000] {dag.py:2726} INFO - Sync 1 DAGs
[2025-05-02T02:48:34.246+0000] {logging_mixin.py:149} INFO - [2025-05-02T02:48:34.246+0000] {dag.py:3486} INFO - Setting next_dagrun for Pipeline-proyecto2 to None, run_after=None
[2025-05-02T02:48:34.271+0000] {processor.py:178} INFO - Processing /opt/airflow/dags/dag-proyecto2.py took 2.137 seconds
[2025-05-02T02:49:04.446+0000] {processor.py:156} INFO - Started process (PID=514) to work on /opt/airflow/dags/dag-proyecto2.py
[2025-05-02T02:49:04.449+0000] {processor.py:799} INFO - Processing file /opt/airflow/dags/dag-proyecto2.py for tasks to queue
[2025-05-02T02:49:04.450+0000] {logging_mixin.py:149} INFO - [2025-05-02T02:49:04.450+0000] {dagbag.py:541} INFO - Filling up the DagBag from /opt/airflow/dags/dag-proyecto2.py
[2025-05-02T02:49:06.440+0000] {processor.py:809} INFO - DAG(s) dict_keys(['Pipeline-proyecto2']) retrieved from /opt/airflow/dags/dag-proyecto2.py
[2025-05-02T02:49:06.483+0000] {logging_mixin.py:149} INFO - [2025-05-02T02:49:06.482+0000] {dag.py:2726} INFO - Sync 1 DAGs
[2025-05-02T02:49:06.512+0000] {logging_mixin.py:149} INFO - [2025-05-02T02:49:06.512+0000] {dag.py:3486} INFO - Setting next_dagrun for Pipeline-proyecto2 to None, run_after=None
[2025-05-02T02:49:06.536+0000] {processor.py:178} INFO - Processing /opt/airflow/dags/dag-proyecto2.py took 2.095 seconds
[2025-05-02T02:49:36.774+0000] {processor.py:156} INFO - Started process (PID=529) to work on /opt/airflow/dags/dag-proyecto2.py
[2025-05-02T02:49:36.775+0000] {processor.py:799} INFO - Processing file /opt/airflow/dags/dag-proyecto2.py for tasks to queue
[2025-05-02T02:49:36.776+0000] {logging_mixin.py:149} INFO - [2025-05-02T02:49:36.776+0000] {dagbag.py:541} INFO - Filling up the DagBag from /opt/airflow/dags/dag-proyecto2.py
[2025-05-02T02:49:38.713+0000] {processor.py:809} INFO - DAG(s) dict_keys(['Pipeline-proyecto2']) retrieved from /opt/airflow/dags/dag-proyecto2.py
[2025-05-02T02:49:38.750+0000] {logging_mixin.py:149} INFO - [2025-05-02T02:49:38.750+0000] {dag.py:2726} INFO - Sync 1 DAGs
[2025-05-02T02:49:38.782+0000] {logging_mixin.py:149} INFO - [2025-05-02T02:49:38.782+0000] {dag.py:3486} INFO - Setting next_dagrun for Pipeline-proyecto2 to None, run_after=None
[2025-05-02T02:49:38.806+0000] {processor.py:178} INFO - Processing /opt/airflow/dags/dag-proyecto2.py took 2.037 seconds
[2025-05-02T02:50:09.063+0000] {processor.py:156} INFO - Started process (PID=544) to work on /opt/airflow/dags/dag-proyecto2.py
[2025-05-02T02:50:09.068+0000] {processor.py:799} INFO - Processing file /opt/airflow/dags/dag-proyecto2.py for tasks to queue
[2025-05-02T02:50:09.069+0000] {logging_mixin.py:149} INFO - [2025-05-02T02:50:09.069+0000] {dagbag.py:541} INFO - Filling up the DagBag from /opt/airflow/dags/dag-proyecto2.py
[2025-05-02T02:50:10.988+0000] {processor.py:809} INFO - DAG(s) dict_keys(['Pipeline-proyecto2']) retrieved from /opt/airflow/dags/dag-proyecto2.py
[2025-05-02T02:50:11.024+0000] {logging_mixin.py:149} INFO - [2025-05-02T02:50:11.024+0000] {dag.py:2726} INFO - Sync 1 DAGs
[2025-05-02T02:50:11.052+0000] {logging_mixin.py:149} INFO - [2025-05-02T02:50:11.052+0000] {dag.py:3486} INFO - Setting next_dagrun for Pipeline-proyecto2 to None, run_after=None
[2025-05-02T02:50:11.084+0000] {processor.py:178} INFO - Processing /opt/airflow/dags/dag-proyecto2.py took 2.032 seconds
[2025-05-02T02:50:41.345+0000] {processor.py:156} INFO - Started process (PID=559) to work on /opt/airflow/dags/dag-proyecto2.py
[2025-05-02T02:50:41.347+0000] {processor.py:799} INFO - Processing file /opt/airflow/dags/dag-proyecto2.py for tasks to queue
[2025-05-02T02:50:41.348+0000] {logging_mixin.py:149} INFO - [2025-05-02T02:50:41.348+0000] {dagbag.py:541} INFO - Filling up the DagBag from /opt/airflow/dags/dag-proyecto2.py
[2025-05-02T02:50:43.307+0000] {processor.py:809} INFO - DAG(s) dict_keys(['Pipeline-proyecto2']) retrieved from /opt/airflow/dags/dag-proyecto2.py
[2025-05-02T02:50:43.346+0000] {logging_mixin.py:149} INFO - [2025-05-02T02:50:43.345+0000] {dag.py:2726} INFO - Sync 1 DAGs
[2025-05-02T02:50:43.375+0000] {logging_mixin.py:149} INFO - [2025-05-02T02:50:43.375+0000] {dag.py:3486} INFO - Setting next_dagrun for Pipeline-proyecto2 to None, run_after=None
[2025-05-02T02:50:43.404+0000] {processor.py:178} INFO - Processing /opt/airflow/dags/dag-proyecto2.py took 2.064 seconds
[2025-05-02T02:51:13.615+0000] {processor.py:156} INFO - Started process (PID=574) to work on /opt/airflow/dags/dag-proyecto2.py
[2025-05-02T02:51:13.617+0000] {processor.py:799} INFO - Processing file /opt/airflow/dags/dag-proyecto2.py for tasks to queue
[2025-05-02T02:51:13.618+0000] {logging_mixin.py:149} INFO - [2025-05-02T02:51:13.618+0000] {dagbag.py:541} INFO - Filling up the DagBag from /opt/airflow/dags/dag-proyecto2.py
[2025-05-02T02:51:15.599+0000] {processor.py:809} INFO - DAG(s) dict_keys(['Pipeline-proyecto2']) retrieved from /opt/airflow/dags/dag-proyecto2.py
[2025-05-02T02:51:15.635+0000] {logging_mixin.py:149} INFO - [2025-05-02T02:51:15.634+0000] {dag.py:2726} INFO - Sync 1 DAGs
[2025-05-02T02:51:15.663+0000] {logging_mixin.py:149} INFO - [2025-05-02T02:51:15.662+0000] {dag.py:3486} INFO - Setting next_dagrun for Pipeline-proyecto2 to None, run_after=None
[2025-05-02T02:51:15.690+0000] {processor.py:178} INFO - Processing /opt/airflow/dags/dag-proyecto2.py took 2.082 seconds
[2025-05-02T02:51:45.918+0000] {processor.py:156} INFO - Started process (PID=589) to work on /opt/airflow/dags/dag-proyecto2.py
[2025-05-02T02:51:45.919+0000] {processor.py:799} INFO - Processing file /opt/airflow/dags/dag-proyecto2.py for tasks to queue
[2025-05-02T02:51:45.921+0000] {logging_mixin.py:149} INFO - [2025-05-02T02:51:45.920+0000] {dagbag.py:541} INFO - Filling up the DagBag from /opt/airflow/dags/dag-proyecto2.py
[2025-05-02T02:51:47.905+0000] {processor.py:809} INFO - DAG(s) dict_keys(['Pipeline-proyecto2']) retrieved from /opt/airflow/dags/dag-proyecto2.py
[2025-05-02T02:51:47.960+0000] {logging_mixin.py:149} INFO - [2025-05-02T02:51:47.959+0000] {dag.py:2726} INFO - Sync 1 DAGs
[2025-05-02T02:51:47.994+0000] {logging_mixin.py:149} INFO - [2025-05-02T02:51:47.994+0000] {dag.py:3486} INFO - Setting next_dagrun for Pipeline-proyecto2 to None, run_after=None
[2025-05-02T02:51:48.019+0000] {processor.py:178} INFO - Processing /opt/airflow/dags/dag-proyecto2.py took 2.107 seconds
[2025-05-02T02:52:18.189+0000] {processor.py:156} INFO - Started process (PID=610) to work on /opt/airflow/dags/dag-proyecto2.py
[2025-05-02T02:52:18.191+0000] {processor.py:799} INFO - Processing file /opt/airflow/dags/dag-proyecto2.py for tasks to queue
[2025-05-02T02:52:18.192+0000] {logging_mixin.py:149} INFO - [2025-05-02T02:52:18.192+0000] {dagbag.py:541} INFO - Filling up the DagBag from /opt/airflow/dags/dag-proyecto2.py
[2025-05-02T02:52:20.013+0000] {processor.py:809} INFO - DAG(s) dict_keys(['Pipeline-proyecto2']) retrieved from /opt/airflow/dags/dag-proyecto2.py
[2025-05-02T02:52:20.058+0000] {logging_mixin.py:149} INFO - [2025-05-02T02:52:20.057+0000] {dag.py:2726} INFO - Sync 1 DAGs
[2025-05-02T02:52:20.090+0000] {logging_mixin.py:149} INFO - [2025-05-02T02:52:20.090+0000] {dag.py:3486} INFO - Setting next_dagrun for Pipeline-proyecto2 to None, run_after=None
[2025-05-02T02:52:20.118+0000] {processor.py:178} INFO - Processing /opt/airflow/dags/dag-proyecto2.py took 1.935 seconds
[2025-05-02T02:52:50.410+0000] {processor.py:156} INFO - Started process (PID=625) to work on /opt/airflow/dags/dag-proyecto2.py
[2025-05-02T02:52:50.412+0000] {processor.py:799} INFO - Processing file /opt/airflow/dags/dag-proyecto2.py for tasks to queue
[2025-05-02T02:52:50.413+0000] {logging_mixin.py:149} INFO - [2025-05-02T02:52:50.413+0000] {dagbag.py:541} INFO - Filling up the DagBag from /opt/airflow/dags/dag-proyecto2.py
[2025-05-02T02:52:52.225+0000] {processor.py:809} INFO - DAG(s) dict_keys(['Pipeline-proyecto2']) retrieved from /opt/airflow/dags/dag-proyecto2.py
[2025-05-02T02:52:52.273+0000] {logging_mixin.py:149} INFO - [2025-05-02T02:52:52.272+0000] {dag.py:2726} INFO - Sync 1 DAGs
[2025-05-02T02:52:52.311+0000] {logging_mixin.py:149} INFO - [2025-05-02T02:52:52.310+0000] {dag.py:3486} INFO - Setting next_dagrun for Pipeline-proyecto2 to None, run_after=None
[2025-05-02T02:52:52.335+0000] {processor.py:178} INFO - Processing /opt/airflow/dags/dag-proyecto2.py took 1.931 seconds
[2025-05-02T02:53:22.624+0000] {processor.py:156} INFO - Started process (PID=640) to work on /opt/airflow/dags/dag-proyecto2.py
[2025-05-02T02:53:22.625+0000] {processor.py:799} INFO - Processing file /opt/airflow/dags/dag-proyecto2.py for tasks to queue
[2025-05-02T02:53:22.626+0000] {logging_mixin.py:149} INFO - [2025-05-02T02:53:22.626+0000] {dagbag.py:541} INFO - Filling up the DagBag from /opt/airflow/dags/dag-proyecto2.py
[2025-05-02T02:53:24.593+0000] {processor.py:809} INFO - DAG(s) dict_keys(['Pipeline-proyecto2']) retrieved from /opt/airflow/dags/dag-proyecto2.py
[2025-05-02T02:53:24.630+0000] {logging_mixin.py:149} INFO - [2025-05-02T02:53:24.630+0000] {dag.py:2726} INFO - Sync 1 DAGs
[2025-05-02T02:53:24.661+0000] {logging_mixin.py:149} INFO - [2025-05-02T02:53:24.660+0000] {dag.py:3486} INFO - Setting next_dagrun for Pipeline-proyecto2 to None, run_after=None
[2025-05-02T02:53:24.688+0000] {processor.py:178} INFO - Processing /opt/airflow/dags/dag-proyecto2.py took 2.071 seconds
[2025-05-02T02:53:54.971+0000] {processor.py:156} INFO - Started process (PID=655) to work on /opt/airflow/dags/dag-proyecto2.py
[2025-05-02T02:53:54.974+0000] {processor.py:799} INFO - Processing file /opt/airflow/dags/dag-proyecto2.py for tasks to queue
[2025-05-02T02:53:54.975+0000] {logging_mixin.py:149} INFO - [2025-05-02T02:53:54.975+0000] {dagbag.py:541} INFO - Filling up the DagBag from /opt/airflow/dags/dag-proyecto2.py
[2025-05-02T02:53:57.022+0000] {processor.py:809} INFO - DAG(s) dict_keys(['Pipeline-proyecto2']) retrieved from /opt/airflow/dags/dag-proyecto2.py
[2025-05-02T02:53:57.058+0000] {logging_mixin.py:149} INFO - [2025-05-02T02:53:57.057+0000] {dag.py:2726} INFO - Sync 1 DAGs
[2025-05-02T02:53:57.087+0000] {logging_mixin.py:149} INFO - [2025-05-02T02:53:57.086+0000] {dag.py:3486} INFO - Setting next_dagrun for Pipeline-proyecto2 to None, run_after=None
[2025-05-02T02:53:57.110+0000] {processor.py:178} INFO - Processing /opt/airflow/dags/dag-proyecto2.py took 2.145 seconds
[2025-05-02T02:54:27.238+0000] {processor.py:156} INFO - Started process (PID=670) to work on /opt/airflow/dags/dag-proyecto2.py
[2025-05-02T02:54:27.240+0000] {processor.py:799} INFO - Processing file /opt/airflow/dags/dag-proyecto2.py for tasks to queue
[2025-05-02T02:54:27.241+0000] {logging_mixin.py:149} INFO - [2025-05-02T02:54:27.241+0000] {dagbag.py:541} INFO - Filling up the DagBag from /opt/airflow/dags/dag-proyecto2.py
[2025-05-02T02:54:29.201+0000] {processor.py:809} INFO - DAG(s) dict_keys(['Pipeline-proyecto2']) retrieved from /opt/airflow/dags/dag-proyecto2.py
[2025-05-02T02:54:29.234+0000] {logging_mixin.py:149} INFO - [2025-05-02T02:54:29.233+0000] {dag.py:2726} INFO - Sync 1 DAGs
[2025-05-02T02:54:29.262+0000] {logging_mixin.py:149} INFO - [2025-05-02T02:54:29.262+0000] {dag.py:3486} INFO - Setting next_dagrun for Pipeline-proyecto2 to None, run_after=None
[2025-05-02T02:54:29.286+0000] {processor.py:178} INFO - Processing /opt/airflow/dags/dag-proyecto2.py took 2.056 seconds
[2025-05-02T02:54:59.490+0000] {processor.py:156} INFO - Started process (PID=685) to work on /opt/airflow/dags/dag-proyecto2.py
[2025-05-02T02:54:59.492+0000] {processor.py:799} INFO - Processing file /opt/airflow/dags/dag-proyecto2.py for tasks to queue
[2025-05-02T02:54:59.493+0000] {logging_mixin.py:149} INFO - [2025-05-02T02:54:59.493+0000] {dagbag.py:541} INFO - Filling up the DagBag from /opt/airflow/dags/dag-proyecto2.py
[2025-05-02T02:55:01.318+0000] {processor.py:809} INFO - DAG(s) dict_keys(['Pipeline-proyecto2']) retrieved from /opt/airflow/dags/dag-proyecto2.py
[2025-05-02T02:55:01.354+0000] {logging_mixin.py:149} INFO - [2025-05-02T02:55:01.353+0000] {dag.py:2726} INFO - Sync 1 DAGs
[2025-05-02T02:55:01.382+0000] {logging_mixin.py:149} INFO - [2025-05-02T02:55:01.382+0000] {dag.py:3486} INFO - Setting next_dagrun for Pipeline-proyecto2 to None, run_after=None
[2025-05-02T02:55:01.408+0000] {processor.py:178} INFO - Processing /opt/airflow/dags/dag-proyecto2.py took 1.926 seconds
[2025-05-02T02:55:31.690+0000] {processor.py:156} INFO - Started process (PID=700) to work on /opt/airflow/dags/dag-proyecto2.py
[2025-05-02T02:55:31.693+0000] {processor.py:799} INFO - Processing file /opt/airflow/dags/dag-proyecto2.py for tasks to queue
[2025-05-02T02:55:31.694+0000] {logging_mixin.py:149} INFO - [2025-05-02T02:55:31.694+0000] {dagbag.py:541} INFO - Filling up the DagBag from /opt/airflow/dags/dag-proyecto2.py
[2025-05-02T02:55:33.516+0000] {processor.py:809} INFO - DAG(s) dict_keys(['Pipeline-proyecto2']) retrieved from /opt/airflow/dags/dag-proyecto2.py
[2025-05-02T02:55:33.556+0000] {logging_mixin.py:149} INFO - [2025-05-02T02:55:33.555+0000] {dag.py:2726} INFO - Sync 1 DAGs
[2025-05-02T02:55:33.589+0000] {logging_mixin.py:149} INFO - [2025-05-02T02:55:33.588+0000] {dag.py:3486} INFO - Setting next_dagrun for Pipeline-proyecto2 to None, run_after=None
[2025-05-02T02:55:33.612+0000] {processor.py:178} INFO - Processing /opt/airflow/dags/dag-proyecto2.py took 1.929 seconds
[2025-05-02T02:56:03.896+0000] {processor.py:156} INFO - Started process (PID=715) to work on /opt/airflow/dags/dag-proyecto2.py
[2025-05-02T02:56:03.899+0000] {processor.py:799} INFO - Processing file /opt/airflow/dags/dag-proyecto2.py for tasks to queue
[2025-05-02T02:56:03.900+0000] {logging_mixin.py:149} INFO - [2025-05-02T02:56:03.900+0000] {dagbag.py:541} INFO - Filling up the DagBag from /opt/airflow/dags/dag-proyecto2.py
[2025-05-02T02:56:05.708+0000] {processor.py:809} INFO - DAG(s) dict_keys(['Pipeline-proyecto2']) retrieved from /opt/airflow/dags/dag-proyecto2.py
[2025-05-02T02:56:05.750+0000] {logging_mixin.py:149} INFO - [2025-05-02T02:56:05.749+0000] {dag.py:2726} INFO - Sync 1 DAGs
[2025-05-02T02:56:05.779+0000] {logging_mixin.py:149} INFO - [2025-05-02T02:56:05.778+0000] {dag.py:3486} INFO - Setting next_dagrun for Pipeline-proyecto2 to None, run_after=None
[2025-05-02T02:56:05.803+0000] {processor.py:178} INFO - Processing /opt/airflow/dags/dag-proyecto2.py took 1.914 seconds
[2025-05-02T02:56:36.091+0000] {processor.py:156} INFO - Started process (PID=730) to work on /opt/airflow/dags/dag-proyecto2.py
[2025-05-02T02:56:36.093+0000] {processor.py:799} INFO - Processing file /opt/airflow/dags/dag-proyecto2.py for tasks to queue
[2025-05-02T02:56:36.094+0000] {logging_mixin.py:149} INFO - [2025-05-02T02:56:36.094+0000] {dagbag.py:541} INFO - Filling up the DagBag from /opt/airflow/dags/dag-proyecto2.py
[2025-05-02T02:56:38.003+0000] {processor.py:809} INFO - DAG(s) dict_keys(['Pipeline-proyecto2']) retrieved from /opt/airflow/dags/dag-proyecto2.py
[2025-05-02T02:56:38.046+0000] {logging_mixin.py:149} INFO - [2025-05-02T02:56:38.045+0000] {dag.py:2726} INFO - Sync 1 DAGs
[2025-05-02T02:56:38.076+0000] {logging_mixin.py:149} INFO - [2025-05-02T02:56:38.076+0000] {dag.py:3486} INFO - Setting next_dagrun for Pipeline-proyecto2 to None, run_after=None
[2025-05-02T02:56:38.100+0000] {processor.py:178} INFO - Processing /opt/airflow/dags/dag-proyecto2.py took 2.018 seconds
[2025-05-02T02:57:08.359+0000] {processor.py:156} INFO - Started process (PID=745) to work on /opt/airflow/dags/dag-proyecto2.py
[2025-05-02T02:57:08.361+0000] {processor.py:799} INFO - Processing file /opt/airflow/dags/dag-proyecto2.py for tasks to queue
[2025-05-02T02:57:08.362+0000] {logging_mixin.py:149} INFO - [2025-05-02T02:57:08.362+0000] {dagbag.py:541} INFO - Filling up the DagBag from /opt/airflow/dags/dag-proyecto2.py
[2025-05-02T02:57:10.146+0000] {processor.py:809} INFO - DAG(s) dict_keys(['Pipeline-proyecto2']) retrieved from /opt/airflow/dags/dag-proyecto2.py
[2025-05-02T02:57:10.203+0000] {logging_mixin.py:149} INFO - [2025-05-02T02:57:10.202+0000] {dag.py:2726} INFO - Sync 1 DAGs
[2025-05-02T02:57:10.244+0000] {logging_mixin.py:149} INFO - [2025-05-02T02:57:10.244+0000] {dag.py:3486} INFO - Setting next_dagrun for Pipeline-proyecto2 to None, run_after=None
[2025-05-02T02:57:10.276+0000] {processor.py:178} INFO - Processing /opt/airflow/dags/dag-proyecto2.py took 1.925 seconds
[2025-05-02T02:57:40.562+0000] {processor.py:156} INFO - Started process (PID=760) to work on /opt/airflow/dags/dag-proyecto2.py
[2025-05-02T02:57:40.564+0000] {processor.py:799} INFO - Processing file /opt/airflow/dags/dag-proyecto2.py for tasks to queue
[2025-05-02T02:57:40.566+0000] {logging_mixin.py:149} INFO - [2025-05-02T02:57:40.565+0000] {dagbag.py:541} INFO - Filling up the DagBag from /opt/airflow/dags/dag-proyecto2.py
[2025-05-02T02:57:42.439+0000] {processor.py:809} INFO - DAG(s) dict_keys(['Pipeline-proyecto2']) retrieved from /opt/airflow/dags/dag-proyecto2.py
[2025-05-02T02:57:42.473+0000] {logging_mixin.py:149} INFO - [2025-05-02T02:57:42.472+0000] {dag.py:2726} INFO - Sync 1 DAGs
[2025-05-02T02:57:42.507+0000] {logging_mixin.py:149} INFO - [2025-05-02T02:57:42.506+0000] {dag.py:3486} INFO - Setting next_dagrun for Pipeline-proyecto2 to None, run_after=None
[2025-05-02T02:57:42.531+0000] {processor.py:178} INFO - Processing /opt/airflow/dags/dag-proyecto2.py took 1.980 seconds
[2025-05-02T02:58:12.827+0000] {processor.py:156} INFO - Started process (PID=775) to work on /opt/airflow/dags/dag-proyecto2.py
[2025-05-02T02:58:12.829+0000] {processor.py:799} INFO - Processing file /opt/airflow/dags/dag-proyecto2.py for tasks to queue
[2025-05-02T02:58:12.830+0000] {logging_mixin.py:149} INFO - [2025-05-02T02:58:12.830+0000] {dagbag.py:541} INFO - Filling up the DagBag from /opt/airflow/dags/dag-proyecto2.py
[2025-05-02T02:58:14.610+0000] {processor.py:809} INFO - DAG(s) dict_keys(['Pipeline-proyecto2']) retrieved from /opt/airflow/dags/dag-proyecto2.py
[2025-05-02T02:58:14.655+0000] {logging_mixin.py:149} INFO - [2025-05-02T02:58:14.654+0000] {dag.py:2726} INFO - Sync 1 DAGs
[2025-05-02T02:58:14.683+0000] {logging_mixin.py:149} INFO - [2025-05-02T02:58:14.683+0000] {dag.py:3486} INFO - Setting next_dagrun for Pipeline-proyecto2 to None, run_after=None
[2025-05-02T02:58:14.709+0000] {processor.py:178} INFO - Processing /opt/airflow/dags/dag-proyecto2.py took 1.889 seconds
[2025-05-02T02:58:44.996+0000] {processor.py:156} INFO - Started process (PID=790) to work on /opt/airflow/dags/dag-proyecto2.py
[2025-05-02T02:58:44.998+0000] {processor.py:799} INFO - Processing file /opt/airflow/dags/dag-proyecto2.py for tasks to queue
[2025-05-02T02:58:44.999+0000] {logging_mixin.py:149} INFO - [2025-05-02T02:58:44.999+0000] {dagbag.py:541} INFO - Filling up the DagBag from /opt/airflow/dags/dag-proyecto2.py
[2025-05-02T02:58:46.775+0000] {processor.py:809} INFO - DAG(s) dict_keys(['Pipeline-proyecto2']) retrieved from /opt/airflow/dags/dag-proyecto2.py
[2025-05-02T02:58:46.813+0000] {logging_mixin.py:149} INFO - [2025-05-02T02:58:46.812+0000] {dag.py:2726} INFO - Sync 1 DAGs
[2025-05-02T02:58:46.843+0000] {logging_mixin.py:149} INFO - [2025-05-02T02:58:46.843+0000] {dag.py:3486} INFO - Setting next_dagrun for Pipeline-proyecto2 to None, run_after=None
[2025-05-02T02:58:46.869+0000] {processor.py:178} INFO - Processing /opt/airflow/dags/dag-proyecto2.py took 1.880 seconds
[2025-05-02T02:59:17.136+0000] {processor.py:156} INFO - Started process (PID=805) to work on /opt/airflow/dags/dag-proyecto2.py
[2025-05-02T02:59:17.138+0000] {processor.py:799} INFO - Processing file /opt/airflow/dags/dag-proyecto2.py for tasks to queue
[2025-05-02T02:59:17.140+0000] {logging_mixin.py:149} INFO - [2025-05-02T02:59:17.139+0000] {dagbag.py:541} INFO - Filling up the DagBag from /opt/airflow/dags/dag-proyecto2.py
[2025-05-02T02:59:18.908+0000] {processor.py:809} INFO - DAG(s) dict_keys(['Pipeline-proyecto2']) retrieved from /opt/airflow/dags/dag-proyecto2.py
[2025-05-02T02:59:18.943+0000] {logging_mixin.py:149} INFO - [2025-05-02T02:59:18.942+0000] {dag.py:2726} INFO - Sync 1 DAGs
[2025-05-02T02:59:18.969+0000] {logging_mixin.py:149} INFO - [2025-05-02T02:59:18.969+0000] {dag.py:3486} INFO - Setting next_dagrun for Pipeline-proyecto2 to None, run_after=None
[2025-05-02T02:59:18.996+0000] {processor.py:178} INFO - Processing /opt/airflow/dags/dag-proyecto2.py took 1.868 seconds
[2025-05-02T02:59:49.272+0000] {processor.py:156} INFO - Started process (PID=820) to work on /opt/airflow/dags/dag-proyecto2.py
[2025-05-02T02:59:49.277+0000] {processor.py:799} INFO - Processing file /opt/airflow/dags/dag-proyecto2.py for tasks to queue
[2025-05-02T02:59:49.280+0000] {logging_mixin.py:149} INFO - [2025-05-02T02:59:49.280+0000] {dagbag.py:541} INFO - Filling up the DagBag from /opt/airflow/dags/dag-proyecto2.py
[2025-05-02T02:59:51.104+0000] {processor.py:809} INFO - DAG(s) dict_keys(['Pipeline-proyecto2']) retrieved from /opt/airflow/dags/dag-proyecto2.py
[2025-05-02T02:59:51.144+0000] {logging_mixin.py:149} INFO - [2025-05-02T02:59:51.143+0000] {dag.py:2726} INFO - Sync 1 DAGs
[2025-05-02T02:59:51.171+0000] {logging_mixin.py:149} INFO - [2025-05-02T02:59:51.171+0000] {dag.py:3486} INFO - Setting next_dagrun for Pipeline-proyecto2 to None, run_after=None
[2025-05-02T02:59:51.193+0000] {processor.py:178} INFO - Processing /opt/airflow/dags/dag-proyecto2.py took 1.930 seconds
