[2025-03-28T03:52:46.850+0000] {processor.py:156} INFO - Started process (PID=39) to work on /opt/airflow/dags/1_erase_db.py
[2025-03-28T03:52:46.851+0000] {processor.py:799} INFO - Processing file /opt/airflow/dags/1_erase_db.py for tasks to queue
[2025-03-28T03:52:46.851+0000] {logging_mixin.py:149} INFO - [2025-03-28T03:52:46.851+0000] {dagbag.py:541} INFO - Filling up the DagBag from /opt/airflow/dags/1_erase_db.py
[2025-03-28T03:52:46.870+0000] {processor.py:809} INFO - DAG(s) dict_keys(['clear_mysql_database_direct']) retrieved from /opt/airflow/dags/1_erase_db.py
[2025-03-28T03:52:47.024+0000] {logging_mixin.py:149} INFO - [2025-03-28T03:52:47.024+0000] {dag.py:2726} INFO - Sync 1 DAGs
[2025-03-28T03:52:47.053+0000] {logging_mixin.py:149} INFO - [2025-03-28T03:52:47.053+0000] {dag.py:3486} INFO - Setting next_dagrun for clear_mysql_database_direct to None, run_after=None
[2025-03-28T03:52:47.078+0000] {processor.py:178} INFO - Processing /opt/airflow/dags/1_erase_db.py took 0.232 seconds
[2025-03-28T03:53:17.237+0000] {processor.py:156} INFO - Started process (PID=94) to work on /opt/airflow/dags/1_erase_db.py
[2025-03-28T03:53:17.242+0000] {processor.py:799} INFO - Processing file /opt/airflow/dags/1_erase_db.py for tasks to queue
[2025-03-28T03:53:17.242+0000] {logging_mixin.py:149} INFO - [2025-03-28T03:53:17.242+0000] {dagbag.py:541} INFO - Filling up the DagBag from /opt/airflow/dags/1_erase_db.py
[2025-03-28T03:53:17.251+0000] {processor.py:809} INFO - DAG(s) dict_keys(['clear_mysql_database_direct']) retrieved from /opt/airflow/dags/1_erase_db.py
[2025-03-28T03:53:17.277+0000] {logging_mixin.py:149} INFO - [2025-03-28T03:53:17.277+0000] {dag.py:2726} INFO - Sync 1 DAGs
[2025-03-28T03:53:17.298+0000] {logging_mixin.py:149} INFO - [2025-03-28T03:53:17.297+0000] {dag.py:3486} INFO - Setting next_dagrun for clear_mysql_database_direct to None, run_after=None
[2025-03-28T03:53:17.319+0000] {processor.py:178} INFO - Processing /opt/airflow/dags/1_erase_db.py took 0.084 seconds
[2025-03-28T03:53:48.028+0000] {processor.py:156} INFO - Started process (PID=151) to work on /opt/airflow/dags/1_erase_db.py
[2025-03-28T03:53:48.029+0000] {processor.py:799} INFO - Processing file /opt/airflow/dags/1_erase_db.py for tasks to queue
[2025-03-28T03:53:48.030+0000] {logging_mixin.py:149} INFO - [2025-03-28T03:53:48.030+0000] {dagbag.py:541} INFO - Filling up the DagBag from /opt/airflow/dags/1_erase_db.py
[2025-03-28T03:53:48.040+0000] {processor.py:809} INFO - DAG(s) dict_keys(['clear_mysql_database_direct']) retrieved from /opt/airflow/dags/1_erase_db.py
[2025-03-28T03:53:48.077+0000] {logging_mixin.py:149} INFO - [2025-03-28T03:53:48.077+0000] {dag.py:2726} INFO - Sync 1 DAGs
[2025-03-28T03:53:48.099+0000] {logging_mixin.py:149} INFO - [2025-03-28T03:53:48.099+0000] {dag.py:3486} INFO - Setting next_dagrun for clear_mysql_database_direct to None, run_after=None
[2025-03-28T03:53:48.124+0000] {processor.py:178} INFO - Processing /opt/airflow/dags/1_erase_db.py took 0.099 seconds
[2025-03-28T03:54:18.281+0000] {processor.py:156} INFO - Started process (PID=207) to work on /opt/airflow/dags/1_erase_db.py
[2025-03-28T03:54:18.285+0000] {processor.py:799} INFO - Processing file /opt/airflow/dags/1_erase_db.py for tasks to queue
[2025-03-28T03:54:18.286+0000] {logging_mixin.py:149} INFO - [2025-03-28T03:54:18.286+0000] {dagbag.py:541} INFO - Filling up the DagBag from /opt/airflow/dags/1_erase_db.py
[2025-03-28T03:54:18.297+0000] {processor.py:809} INFO - DAG(s) dict_keys(['clear_mysql_database_direct']) retrieved from /opt/airflow/dags/1_erase_db.py
[2025-03-28T03:54:18.328+0000] {logging_mixin.py:149} INFO - [2025-03-28T03:54:18.328+0000] {dag.py:2726} INFO - Sync 1 DAGs
[2025-03-28T03:54:18.352+0000] {logging_mixin.py:149} INFO - [2025-03-28T03:54:18.351+0000] {dag.py:3486} INFO - Setting next_dagrun for clear_mysql_database_direct to None, run_after=None
[2025-03-28T03:54:18.373+0000] {processor.py:178} INFO - Processing /opt/airflow/dags/1_erase_db.py took 0.095 seconds
[2025-03-28T03:54:48.536+0000] {processor.py:156} INFO - Started process (PID=264) to work on /opt/airflow/dags/1_erase_db.py
[2025-03-28T03:54:48.540+0000] {processor.py:799} INFO - Processing file /opt/airflow/dags/1_erase_db.py for tasks to queue
[2025-03-28T03:54:48.541+0000] {logging_mixin.py:149} INFO - [2025-03-28T03:54:48.541+0000] {dagbag.py:541} INFO - Filling up the DagBag from /opt/airflow/dags/1_erase_db.py
[2025-03-28T03:54:48.549+0000] {processor.py:809} INFO - DAG(s) dict_keys(['clear_mysql_database_direct']) retrieved from /opt/airflow/dags/1_erase_db.py
[2025-03-28T03:54:48.582+0000] {logging_mixin.py:149} INFO - [2025-03-28T03:54:48.582+0000] {dag.py:2726} INFO - Sync 1 DAGs
[2025-03-28T03:54:48.601+0000] {logging_mixin.py:149} INFO - [2025-03-28T03:54:48.600+0000] {dag.py:3486} INFO - Setting next_dagrun for clear_mysql_database_direct to None, run_after=None
[2025-03-28T03:54:48.619+0000] {processor.py:178} INFO - Processing /opt/airflow/dags/1_erase_db.py took 0.085 seconds
[2025-03-28T03:55:18.644+0000] {processor.py:156} INFO - Started process (PID=321) to work on /opt/airflow/dags/1_erase_db.py
[2025-03-28T03:55:18.649+0000] {processor.py:799} INFO - Processing file /opt/airflow/dags/1_erase_db.py for tasks to queue
[2025-03-28T03:55:18.650+0000] {logging_mixin.py:149} INFO - [2025-03-28T03:55:18.649+0000] {dagbag.py:541} INFO - Filling up the DagBag from /opt/airflow/dags/1_erase_db.py
[2025-03-28T03:55:18.659+0000] {processor.py:809} INFO - DAG(s) dict_keys(['clear_mysql_database_direct']) retrieved from /opt/airflow/dags/1_erase_db.py
[2025-03-28T03:55:18.687+0000] {logging_mixin.py:149} INFO - [2025-03-28T03:55:18.686+0000] {dag.py:2726} INFO - Sync 1 DAGs
[2025-03-28T03:55:18.710+0000] {logging_mixin.py:149} INFO - [2025-03-28T03:55:18.710+0000] {dag.py:3486} INFO - Setting next_dagrun for clear_mysql_database_direct to None, run_after=None
[2025-03-28T03:55:18.728+0000] {processor.py:178} INFO - Processing /opt/airflow/dags/1_erase_db.py took 0.086 seconds
[2025-03-28T03:55:48.877+0000] {processor.py:156} INFO - Started process (PID=378) to work on /opt/airflow/dags/1_erase_db.py
[2025-03-28T03:55:48.882+0000] {processor.py:799} INFO - Processing file /opt/airflow/dags/1_erase_db.py for tasks to queue
[2025-03-28T03:55:48.882+0000] {logging_mixin.py:149} INFO - [2025-03-28T03:55:48.882+0000] {dagbag.py:541} INFO - Filling up the DagBag from /opt/airflow/dags/1_erase_db.py
[2025-03-28T03:55:48.892+0000] {processor.py:809} INFO - DAG(s) dict_keys(['clear_mysql_database_direct']) retrieved from /opt/airflow/dags/1_erase_db.py
[2025-03-28T03:55:48.923+0000] {logging_mixin.py:149} INFO - [2025-03-28T03:55:48.923+0000] {dag.py:2726} INFO - Sync 1 DAGs
[2025-03-28T03:55:48.945+0000] {logging_mixin.py:149} INFO - [2025-03-28T03:55:48.945+0000] {dag.py:3486} INFO - Setting next_dagrun for clear_mysql_database_direct to None, run_after=None
[2025-03-28T03:55:48.964+0000] {processor.py:178} INFO - Processing /opt/airflow/dags/1_erase_db.py took 0.089 seconds
[2025-03-28T03:56:19.631+0000] {processor.py:156} INFO - Started process (PID=435) to work on /opt/airflow/dags/1_erase_db.py
[2025-03-28T03:56:19.632+0000] {processor.py:799} INFO - Processing file /opt/airflow/dags/1_erase_db.py for tasks to queue
[2025-03-28T03:56:19.632+0000] {logging_mixin.py:149} INFO - [2025-03-28T03:56:19.632+0000] {dagbag.py:541} INFO - Filling up the DagBag from /opt/airflow/dags/1_erase_db.py
[2025-03-28T03:56:19.640+0000] {processor.py:809} INFO - DAG(s) dict_keys(['clear_mysql_database_direct']) retrieved from /opt/airflow/dags/1_erase_db.py
[2025-03-28T03:56:19.674+0000] {logging_mixin.py:149} INFO - [2025-03-28T03:56:19.674+0000] {dag.py:2726} INFO - Sync 1 DAGs
[2025-03-28T03:56:19.695+0000] {logging_mixin.py:149} INFO - [2025-03-28T03:56:19.695+0000] {dag.py:3486} INFO - Setting next_dagrun for clear_mysql_database_direct to None, run_after=None
[2025-03-28T03:56:19.712+0000] {processor.py:178} INFO - Processing /opt/airflow/dags/1_erase_db.py took 0.084 seconds
[2025-03-28T03:56:49.766+0000] {processor.py:156} INFO - Started process (PID=492) to work on /opt/airflow/dags/1_erase_db.py
[2025-03-28T03:56:49.771+0000] {processor.py:799} INFO - Processing file /opt/airflow/dags/1_erase_db.py for tasks to queue
[2025-03-28T03:56:49.772+0000] {logging_mixin.py:149} INFO - [2025-03-28T03:56:49.772+0000] {dagbag.py:541} INFO - Filling up the DagBag from /opt/airflow/dags/1_erase_db.py
[2025-03-28T03:56:49.781+0000] {processor.py:809} INFO - DAG(s) dict_keys(['clear_mysql_database_direct']) retrieved from /opt/airflow/dags/1_erase_db.py
[2025-03-28T03:56:49.811+0000] {logging_mixin.py:149} INFO - [2025-03-28T03:56:49.811+0000] {dag.py:2726} INFO - Sync 1 DAGs
[2025-03-28T03:56:49.834+0000] {logging_mixin.py:149} INFO - [2025-03-28T03:56:49.834+0000] {dag.py:3486} INFO - Setting next_dagrun for clear_mysql_database_direct to None, run_after=None
[2025-03-28T03:56:49.854+0000] {processor.py:178} INFO - Processing /opt/airflow/dags/1_erase_db.py took 0.091 seconds
[2025-03-28T03:57:20.018+0000] {processor.py:156} INFO - Started process (PID=549) to work on /opt/airflow/dags/1_erase_db.py
[2025-03-28T03:57:20.023+0000] {processor.py:799} INFO - Processing file /opt/airflow/dags/1_erase_db.py for tasks to queue
[2025-03-28T03:57:20.024+0000] {logging_mixin.py:149} INFO - [2025-03-28T03:57:20.024+0000] {dagbag.py:541} INFO - Filling up the DagBag from /opt/airflow/dags/1_erase_db.py
[2025-03-28T03:57:20.032+0000] {processor.py:809} INFO - DAG(s) dict_keys(['clear_mysql_database_direct']) retrieved from /opt/airflow/dags/1_erase_db.py
[2025-03-28T03:57:20.061+0000] {logging_mixin.py:149} INFO - [2025-03-28T03:57:20.061+0000] {dag.py:2726} INFO - Sync 1 DAGs
[2025-03-28T03:57:20.087+0000] {logging_mixin.py:149} INFO - [2025-03-28T03:57:20.087+0000] {dag.py:3486} INFO - Setting next_dagrun for clear_mysql_database_direct to None, run_after=None
[2025-03-28T03:57:20.105+0000] {processor.py:178} INFO - Processing /opt/airflow/dags/1_erase_db.py took 0.091 seconds
[2025-03-28T03:57:50.761+0000] {processor.py:156} INFO - Started process (PID=606) to work on /opt/airflow/dags/1_erase_db.py
[2025-03-28T03:57:50.765+0000] {processor.py:799} INFO - Processing file /opt/airflow/dags/1_erase_db.py for tasks to queue
[2025-03-28T03:57:50.766+0000] {logging_mixin.py:149} INFO - [2025-03-28T03:57:50.766+0000] {dagbag.py:541} INFO - Filling up the DagBag from /opt/airflow/dags/1_erase_db.py
[2025-03-28T03:57:50.775+0000] {processor.py:809} INFO - DAG(s) dict_keys(['clear_mysql_database_direct']) retrieved from /opt/airflow/dags/1_erase_db.py
[2025-03-28T03:57:50.809+0000] {logging_mixin.py:149} INFO - [2025-03-28T03:57:50.809+0000] {dag.py:2726} INFO - Sync 1 DAGs
[2025-03-28T03:57:50.834+0000] {logging_mixin.py:149} INFO - [2025-03-28T03:57:50.834+0000] {dag.py:3486} INFO - Setting next_dagrun for clear_mysql_database_direct to None, run_after=None
[2025-03-28T03:57:50.856+0000] {processor.py:178} INFO - Processing /opt/airflow/dags/1_erase_db.py took 0.098 seconds
[2025-03-28T03:58:21.016+0000] {processor.py:156} INFO - Started process (PID=663) to work on /opt/airflow/dags/1_erase_db.py
[2025-03-28T03:58:21.020+0000] {processor.py:799} INFO - Processing file /opt/airflow/dags/1_erase_db.py for tasks to queue
[2025-03-28T03:58:21.021+0000] {logging_mixin.py:149} INFO - [2025-03-28T03:58:21.021+0000] {dagbag.py:541} INFO - Filling up the DagBag from /opt/airflow/dags/1_erase_db.py
[2025-03-28T03:58:21.032+0000] {processor.py:809} INFO - DAG(s) dict_keys(['clear_mysql_database_direct']) retrieved from /opt/airflow/dags/1_erase_db.py
[2025-03-28T03:58:21.060+0000] {logging_mixin.py:149} INFO - [2025-03-28T03:58:21.060+0000] {dag.py:2726} INFO - Sync 1 DAGs
[2025-03-28T03:58:21.084+0000] {logging_mixin.py:149} INFO - [2025-03-28T03:58:21.084+0000] {dag.py:3486} INFO - Setting next_dagrun for clear_mysql_database_direct to None, run_after=None
[2025-03-28T03:58:21.106+0000] {processor.py:178} INFO - Processing /opt/airflow/dags/1_erase_db.py took 0.093 seconds
[2025-03-28T03:58:51.259+0000] {processor.py:156} INFO - Started process (PID=720) to work on /opt/airflow/dags/1_erase_db.py
[2025-03-28T03:58:51.264+0000] {processor.py:799} INFO - Processing file /opt/airflow/dags/1_erase_db.py for tasks to queue
[2025-03-28T03:58:51.265+0000] {logging_mixin.py:149} INFO - [2025-03-28T03:58:51.265+0000] {dagbag.py:541} INFO - Filling up the DagBag from /opt/airflow/dags/1_erase_db.py
[2025-03-28T03:58:51.274+0000] {processor.py:809} INFO - DAG(s) dict_keys(['clear_mysql_database_direct']) retrieved from /opt/airflow/dags/1_erase_db.py
[2025-03-28T03:58:51.305+0000] {logging_mixin.py:149} INFO - [2025-03-28T03:58:51.305+0000] {dag.py:2726} INFO - Sync 1 DAGs
[2025-03-28T03:58:51.327+0000] {logging_mixin.py:149} INFO - [2025-03-28T03:58:51.326+0000] {dag.py:3486} INFO - Setting next_dagrun for clear_mysql_database_direct to None, run_after=None
[2025-03-28T03:58:51.347+0000] {processor.py:178} INFO - Processing /opt/airflow/dags/1_erase_db.py took 0.092 seconds
[2025-03-28T03:59:21.499+0000] {processor.py:156} INFO - Started process (PID=777) to work on /opt/airflow/dags/1_erase_db.py
[2025-03-28T03:59:21.503+0000] {processor.py:799} INFO - Processing file /opt/airflow/dags/1_erase_db.py for tasks to queue
[2025-03-28T03:59:21.504+0000] {logging_mixin.py:149} INFO - [2025-03-28T03:59:21.504+0000] {dagbag.py:541} INFO - Filling up the DagBag from /opt/airflow/dags/1_erase_db.py
[2025-03-28T03:59:21.515+0000] {processor.py:809} INFO - DAG(s) dict_keys(['clear_mysql_database_direct']) retrieved from /opt/airflow/dags/1_erase_db.py
[2025-03-28T03:59:21.550+0000] {logging_mixin.py:149} INFO - [2025-03-28T03:59:21.550+0000] {dag.py:2726} INFO - Sync 1 DAGs
[2025-03-28T03:59:21.573+0000] {logging_mixin.py:149} INFO - [2025-03-28T03:59:21.573+0000] {dag.py:3486} INFO - Setting next_dagrun for clear_mysql_database_direct to None, run_after=None
[2025-03-28T03:59:21.595+0000] {processor.py:178} INFO - Processing /opt/airflow/dags/1_erase_db.py took 0.100 seconds
[2025-03-28T03:59:52.287+0000] {processor.py:156} INFO - Started process (PID=834) to work on /opt/airflow/dags/1_erase_db.py
[2025-03-28T03:59:52.292+0000] {processor.py:799} INFO - Processing file /opt/airflow/dags/1_erase_db.py for tasks to queue
[2025-03-28T03:59:52.293+0000] {logging_mixin.py:149} INFO - [2025-03-28T03:59:52.293+0000] {dagbag.py:541} INFO - Filling up the DagBag from /opt/airflow/dags/1_erase_db.py
[2025-03-28T03:59:52.302+0000] {processor.py:809} INFO - DAG(s) dict_keys(['clear_mysql_database_direct']) retrieved from /opt/airflow/dags/1_erase_db.py
[2025-03-28T03:59:52.335+0000] {logging_mixin.py:149} INFO - [2025-03-28T03:59:52.334+0000] {dag.py:2726} INFO - Sync 1 DAGs
[2025-03-28T03:59:52.358+0000] {logging_mixin.py:149} INFO - [2025-03-28T03:59:52.358+0000] {dag.py:3486} INFO - Setting next_dagrun for clear_mysql_database_direct to None, run_after=None
[2025-03-28T03:59:52.380+0000] {processor.py:178} INFO - Processing /opt/airflow/dags/1_erase_db.py took 0.096 seconds
[2025-03-28T04:00:23.144+0000] {processor.py:156} INFO - Started process (PID=898) to work on /opt/airflow/dags/1_erase_db.py
[2025-03-28T04:00:23.149+0000] {processor.py:799} INFO - Processing file /opt/airflow/dags/1_erase_db.py for tasks to queue
[2025-03-28T04:00:23.150+0000] {logging_mixin.py:149} INFO - [2025-03-28T04:00:23.150+0000] {dagbag.py:541} INFO - Filling up the DagBag from /opt/airflow/dags/1_erase_db.py
[2025-03-28T04:00:23.160+0000] {processor.py:809} INFO - DAG(s) dict_keys(['clear_mysql_database_direct']) retrieved from /opt/airflow/dags/1_erase_db.py
[2025-03-28T04:00:23.190+0000] {logging_mixin.py:149} INFO - [2025-03-28T04:00:23.190+0000] {dag.py:2726} INFO - Sync 1 DAGs
[2025-03-28T04:00:23.214+0000] {logging_mixin.py:149} INFO - [2025-03-28T04:00:23.214+0000] {dag.py:3486} INFO - Setting next_dagrun for clear_mysql_database_direct to None, run_after=None
[2025-03-28T04:00:23.233+0000] {processor.py:178} INFO - Processing /opt/airflow/dags/1_erase_db.py took 0.092 seconds
[2025-03-28T04:00:53.394+0000] {processor.py:156} INFO - Started process (PID=955) to work on /opt/airflow/dags/1_erase_db.py
[2025-03-28T04:00:53.398+0000] {processor.py:799} INFO - Processing file /opt/airflow/dags/1_erase_db.py for tasks to queue
[2025-03-28T04:00:53.399+0000] {logging_mixin.py:149} INFO - [2025-03-28T04:00:53.399+0000] {dagbag.py:541} INFO - Filling up the DagBag from /opt/airflow/dags/1_erase_db.py
[2025-03-28T04:00:53.408+0000] {processor.py:809} INFO - DAG(s) dict_keys(['clear_mysql_database_direct']) retrieved from /opt/airflow/dags/1_erase_db.py
[2025-03-28T04:00:53.438+0000] {logging_mixin.py:149} INFO - [2025-03-28T04:00:53.438+0000] {dag.py:2726} INFO - Sync 1 DAGs
[2025-03-28T04:00:53.459+0000] {logging_mixin.py:149} INFO - [2025-03-28T04:00:53.459+0000] {dag.py:3486} INFO - Setting next_dagrun for clear_mysql_database_direct to None, run_after=None
[2025-03-28T04:00:53.476+0000] {processor.py:178} INFO - Processing /opt/airflow/dags/1_erase_db.py took 0.086 seconds
[2025-03-28T04:01:23.586+0000] {processor.py:156} INFO - Started process (PID=1012) to work on /opt/airflow/dags/1_erase_db.py
[2025-03-28T04:01:23.592+0000] {processor.py:799} INFO - Processing file /opt/airflow/dags/1_erase_db.py for tasks to queue
[2025-03-28T04:01:23.593+0000] {logging_mixin.py:149} INFO - [2025-03-28T04:01:23.593+0000] {dagbag.py:541} INFO - Filling up the DagBag from /opt/airflow/dags/1_erase_db.py
[2025-03-28T04:01:23.603+0000] {processor.py:809} INFO - DAG(s) dict_keys(['clear_mysql_database_direct']) retrieved from /opt/airflow/dags/1_erase_db.py
[2025-03-28T04:01:23.633+0000] {logging_mixin.py:149} INFO - [2025-03-28T04:01:23.633+0000] {dag.py:2726} INFO - Sync 1 DAGs
[2025-03-28T04:01:23.656+0000] {logging_mixin.py:149} INFO - [2025-03-28T04:01:23.656+0000] {dag.py:3486} INFO - Setting next_dagrun for clear_mysql_database_direct to None, run_after=None
[2025-03-28T04:01:23.674+0000] {processor.py:178} INFO - Processing /opt/airflow/dags/1_erase_db.py took 0.090 seconds
[2025-03-28T04:01:53.825+0000] {processor.py:156} INFO - Started process (PID=1069) to work on /opt/airflow/dags/1_erase_db.py
[2025-03-28T04:01:53.826+0000] {processor.py:799} INFO - Processing file /opt/airflow/dags/1_erase_db.py for tasks to queue
[2025-03-28T04:01:53.827+0000] {logging_mixin.py:149} INFO - [2025-03-28T04:01:53.827+0000] {dagbag.py:541} INFO - Filling up the DagBag from /opt/airflow/dags/1_erase_db.py
[2025-03-28T04:01:53.839+0000] {processor.py:809} INFO - DAG(s) dict_keys(['clear_mysql_database_direct']) retrieved from /opt/airflow/dags/1_erase_db.py
[2025-03-28T04:01:53.868+0000] {logging_mixin.py:149} INFO - [2025-03-28T04:01:53.867+0000] {dag.py:2726} INFO - Sync 1 DAGs
[2025-03-28T04:01:53.888+0000] {logging_mixin.py:149} INFO - [2025-03-28T04:01:53.888+0000] {dag.py:3486} INFO - Setting next_dagrun for clear_mysql_database_direct to None, run_after=None
[2025-03-28T04:01:53.909+0000] {processor.py:178} INFO - Processing /opt/airflow/dags/1_erase_db.py took 0.087 seconds
[2025-03-28T04:02:24.071+0000] {processor.py:156} INFO - Started process (PID=1126) to work on /opt/airflow/dags/1_erase_db.py
[2025-03-28T04:02:24.072+0000] {processor.py:799} INFO - Processing file /opt/airflow/dags/1_erase_db.py for tasks to queue
[2025-03-28T04:02:24.073+0000] {logging_mixin.py:149} INFO - [2025-03-28T04:02:24.073+0000] {dagbag.py:541} INFO - Filling up the DagBag from /opt/airflow/dags/1_erase_db.py
[2025-03-28T04:02:24.083+0000] {processor.py:809} INFO - DAG(s) dict_keys(['clear_mysql_database_direct']) retrieved from /opt/airflow/dags/1_erase_db.py
[2025-03-28T04:02:24.111+0000] {logging_mixin.py:149} INFO - [2025-03-28T04:02:24.111+0000] {dag.py:2726} INFO - Sync 1 DAGs
[2025-03-28T04:02:24.135+0000] {logging_mixin.py:149} INFO - [2025-03-28T04:02:24.135+0000] {dag.py:3486} INFO - Setting next_dagrun for clear_mysql_database_direct to None, run_after=None
[2025-03-28T04:02:24.152+0000] {processor.py:178} INFO - Processing /opt/airflow/dags/1_erase_db.py took 0.084 seconds
[2025-03-28T04:02:54.316+0000] {processor.py:156} INFO - Started process (PID=1183) to work on /opt/airflow/dags/1_erase_db.py
[2025-03-28T04:02:54.320+0000] {processor.py:799} INFO - Processing file /opt/airflow/dags/1_erase_db.py for tasks to queue
[2025-03-28T04:02:54.321+0000] {logging_mixin.py:149} INFO - [2025-03-28T04:02:54.321+0000] {dagbag.py:541} INFO - Filling up the DagBag from /opt/airflow/dags/1_erase_db.py
[2025-03-28T04:02:54.331+0000] {processor.py:809} INFO - DAG(s) dict_keys(['clear_mysql_database_direct']) retrieved from /opt/airflow/dags/1_erase_db.py
[2025-03-28T04:02:54.359+0000] {logging_mixin.py:149} INFO - [2025-03-28T04:02:54.359+0000] {dag.py:2726} INFO - Sync 1 DAGs
[2025-03-28T04:02:54.381+0000] {logging_mixin.py:149} INFO - [2025-03-28T04:02:54.381+0000] {dag.py:3486} INFO - Setting next_dagrun for clear_mysql_database_direct to None, run_after=None
[2025-03-28T04:02:54.398+0000] {processor.py:178} INFO - Processing /opt/airflow/dags/1_erase_db.py took 0.085 seconds
[2025-03-28T04:03:25.166+0000] {processor.py:156} INFO - Started process (PID=1240) to work on /opt/airflow/dags/1_erase_db.py
[2025-03-28T04:03:25.171+0000] {processor.py:799} INFO - Processing file /opt/airflow/dags/1_erase_db.py for tasks to queue
[2025-03-28T04:03:25.172+0000] {logging_mixin.py:149} INFO - [2025-03-28T04:03:25.172+0000] {dagbag.py:541} INFO - Filling up the DagBag from /opt/airflow/dags/1_erase_db.py
[2025-03-28T04:03:25.183+0000] {processor.py:809} INFO - DAG(s) dict_keys(['clear_mysql_database_direct']) retrieved from /opt/airflow/dags/1_erase_db.py
[2025-03-28T04:03:25.210+0000] {logging_mixin.py:149} INFO - [2025-03-28T04:03:25.210+0000] {dag.py:2726} INFO - Sync 1 DAGs
[2025-03-28T04:03:25.231+0000] {logging_mixin.py:149} INFO - [2025-03-28T04:03:25.231+0000] {dag.py:3486} INFO - Setting next_dagrun for clear_mysql_database_direct to None, run_after=None
[2025-03-28T04:03:25.248+0000] {processor.py:178} INFO - Processing /opt/airflow/dags/1_erase_db.py took 0.085 seconds
[2025-03-28T04:03:55.398+0000] {processor.py:156} INFO - Started process (PID=1297) to work on /opt/airflow/dags/1_erase_db.py
[2025-03-28T04:03:55.402+0000] {processor.py:799} INFO - Processing file /opt/airflow/dags/1_erase_db.py for tasks to queue
[2025-03-28T04:03:55.403+0000] {logging_mixin.py:149} INFO - [2025-03-28T04:03:55.403+0000] {dagbag.py:541} INFO - Filling up the DagBag from /opt/airflow/dags/1_erase_db.py
[2025-03-28T04:03:55.411+0000] {processor.py:809} INFO - DAG(s) dict_keys(['clear_mysql_database_direct']) retrieved from /opt/airflow/dags/1_erase_db.py
[2025-03-28T04:03:55.441+0000] {logging_mixin.py:149} INFO - [2025-03-28T04:03:55.441+0000] {dag.py:2726} INFO - Sync 1 DAGs
[2025-03-28T04:03:55.462+0000] {logging_mixin.py:149} INFO - [2025-03-28T04:03:55.462+0000] {dag.py:3486} INFO - Setting next_dagrun for clear_mysql_database_direct to None, run_after=None
[2025-03-28T04:03:55.480+0000] {processor.py:178} INFO - Processing /opt/airflow/dags/1_erase_db.py took 0.084 seconds
[2025-03-28T04:04:25.622+0000] {processor.py:156} INFO - Started process (PID=1354) to work on /opt/airflow/dags/1_erase_db.py
[2025-03-28T04:04:25.626+0000] {processor.py:799} INFO - Processing file /opt/airflow/dags/1_erase_db.py for tasks to queue
[2025-03-28T04:04:25.628+0000] {logging_mixin.py:149} INFO - [2025-03-28T04:04:25.627+0000] {dagbag.py:541} INFO - Filling up the DagBag from /opt/airflow/dags/1_erase_db.py
[2025-03-28T04:04:25.641+0000] {processor.py:809} INFO - DAG(s) dict_keys(['clear_mysql_database_direct']) retrieved from /opt/airflow/dags/1_erase_db.py
[2025-03-28T04:04:25.670+0000] {logging_mixin.py:149} INFO - [2025-03-28T04:04:25.670+0000] {dag.py:2726} INFO - Sync 1 DAGs
[2025-03-28T04:04:25.692+0000] {logging_mixin.py:149} INFO - [2025-03-28T04:04:25.692+0000] {dag.py:3486} INFO - Setting next_dagrun for clear_mysql_database_direct to None, run_after=None
[2025-03-28T04:04:25.716+0000] {processor.py:178} INFO - Processing /opt/airflow/dags/1_erase_db.py took 0.097 seconds
[2025-03-28T04:04:55.865+0000] {processor.py:156} INFO - Started process (PID=1411) to work on /opt/airflow/dags/1_erase_db.py
[2025-03-28T04:04:55.870+0000] {processor.py:799} INFO - Processing file /opt/airflow/dags/1_erase_db.py for tasks to queue
[2025-03-28T04:04:55.871+0000] {logging_mixin.py:149} INFO - [2025-03-28T04:04:55.871+0000] {dagbag.py:541} INFO - Filling up the DagBag from /opt/airflow/dags/1_erase_db.py
[2025-03-28T04:04:55.881+0000] {processor.py:809} INFO - DAG(s) dict_keys(['clear_mysql_database_direct']) retrieved from /opt/airflow/dags/1_erase_db.py
[2025-03-28T04:04:55.909+0000] {logging_mixin.py:149} INFO - [2025-03-28T04:04:55.909+0000] {dag.py:2726} INFO - Sync 1 DAGs
[2025-03-28T04:04:55.934+0000] {logging_mixin.py:149} INFO - [2025-03-28T04:04:55.934+0000] {dag.py:3486} INFO - Setting next_dagrun for clear_mysql_database_direct to None, run_after=None
[2025-03-28T04:04:55.954+0000] {processor.py:178} INFO - Processing /opt/airflow/dags/1_erase_db.py took 0.092 seconds
[2025-03-28T04:05:26.099+0000] {processor.py:156} INFO - Started process (PID=1468) to work on /opt/airflow/dags/1_erase_db.py
[2025-03-28T04:05:26.104+0000] {processor.py:799} INFO - Processing file /opt/airflow/dags/1_erase_db.py for tasks to queue
[2025-03-28T04:05:26.105+0000] {logging_mixin.py:149} INFO - [2025-03-28T04:05:26.104+0000] {dagbag.py:541} INFO - Filling up the DagBag from /opt/airflow/dags/1_erase_db.py
[2025-03-28T04:05:26.115+0000] {processor.py:809} INFO - DAG(s) dict_keys(['clear_mysql_database_direct']) retrieved from /opt/airflow/dags/1_erase_db.py
[2025-03-28T04:05:26.146+0000] {logging_mixin.py:149} INFO - [2025-03-28T04:05:26.145+0000] {dag.py:2726} INFO - Sync 1 DAGs
[2025-03-28T04:05:26.169+0000] {logging_mixin.py:149} INFO - [2025-03-28T04:05:26.169+0000] {dag.py:3486} INFO - Setting next_dagrun for clear_mysql_database_direct to None, run_after=None
[2025-03-28T04:05:26.196+0000] {processor.py:178} INFO - Processing /opt/airflow/dags/1_erase_db.py took 0.100 seconds
[2025-03-28T04:05:56.352+0000] {processor.py:156} INFO - Started process (PID=1525) to work on /opt/airflow/dags/1_erase_db.py
[2025-03-28T04:05:56.356+0000] {processor.py:799} INFO - Processing file /opt/airflow/dags/1_erase_db.py for tasks to queue
[2025-03-28T04:05:56.357+0000] {logging_mixin.py:149} INFO - [2025-03-28T04:05:56.356+0000] {dagbag.py:541} INFO - Filling up the DagBag from /opt/airflow/dags/1_erase_db.py
[2025-03-28T04:05:56.366+0000] {processor.py:809} INFO - DAG(s) dict_keys(['clear_mysql_database_direct']) retrieved from /opt/airflow/dags/1_erase_db.py
[2025-03-28T04:05:56.398+0000] {logging_mixin.py:149} INFO - [2025-03-28T04:05:56.398+0000] {dag.py:2726} INFO - Sync 1 DAGs
[2025-03-28T04:05:56.419+0000] {logging_mixin.py:149} INFO - [2025-03-28T04:05:56.419+0000] {dag.py:3486} INFO - Setting next_dagrun for clear_mysql_database_direct to None, run_after=None
[2025-03-28T04:05:56.437+0000] {processor.py:178} INFO - Processing /opt/airflow/dags/1_erase_db.py took 0.088 seconds
[2025-03-28T04:06:26.717+0000] {processor.py:156} INFO - Started process (PID=1551) to work on /opt/airflow/dags/1_erase_db.py
[2025-03-28T04:06:26.718+0000] {processor.py:799} INFO - Processing file /opt/airflow/dags/1_erase_db.py for tasks to queue
[2025-03-28T04:06:26.719+0000] {logging_mixin.py:149} INFO - [2025-03-28T04:06:26.719+0000] {dagbag.py:541} INFO - Filling up the DagBag from /opt/airflow/dags/1_erase_db.py
[2025-03-28T04:06:26.730+0000] {processor.py:809} INFO - DAG(s) dict_keys(['clear_mysql_database_direct']) retrieved from /opt/airflow/dags/1_erase_db.py
[2025-03-28T04:06:26.768+0000] {logging_mixin.py:149} INFO - [2025-03-28T04:06:26.768+0000] {dag.py:2726} INFO - Sync 1 DAGs
[2025-03-28T04:06:26.799+0000] {logging_mixin.py:149} INFO - [2025-03-28T04:06:26.799+0000] {dag.py:3486} INFO - Setting next_dagrun for clear_mysql_database_direct to None, run_after=None
[2025-03-28T04:06:26.825+0000] {processor.py:178} INFO - Processing /opt/airflow/dags/1_erase_db.py took 0.110 seconds
[2025-03-28T04:06:57.068+0000] {processor.py:156} INFO - Started process (PID=1607) to work on /opt/airflow/dags/1_erase_db.py
[2025-03-28T04:06:57.073+0000] {processor.py:799} INFO - Processing file /opt/airflow/dags/1_erase_db.py for tasks to queue
[2025-03-28T04:06:57.073+0000] {logging_mixin.py:149} INFO - [2025-03-28T04:06:57.073+0000] {dagbag.py:541} INFO - Filling up the DagBag from /opt/airflow/dags/1_erase_db.py
[2025-03-28T04:06:57.083+0000] {processor.py:809} INFO - DAG(s) dict_keys(['clear_mysql_database_direct']) retrieved from /opt/airflow/dags/1_erase_db.py
[2025-03-28T04:06:57.116+0000] {logging_mixin.py:149} INFO - [2025-03-28T04:06:57.116+0000] {dag.py:2726} INFO - Sync 1 DAGs
[2025-03-28T04:06:57.138+0000] {logging_mixin.py:149} INFO - [2025-03-28T04:06:57.138+0000] {dag.py:3486} INFO - Setting next_dagrun for clear_mysql_database_direct to None, run_after=None
[2025-03-28T04:06:57.162+0000] {processor.py:178} INFO - Processing /opt/airflow/dags/1_erase_db.py took 0.097 seconds
[2025-03-28T04:07:27.438+0000] {processor.py:156} INFO - Started process (PID=1664) to work on /opt/airflow/dags/1_erase_db.py
[2025-03-28T04:07:27.439+0000] {processor.py:799} INFO - Processing file /opt/airflow/dags/1_erase_db.py for tasks to queue
[2025-03-28T04:07:27.440+0000] {logging_mixin.py:149} INFO - [2025-03-28T04:07:27.439+0000] {dagbag.py:541} INFO - Filling up the DagBag from /opt/airflow/dags/1_erase_db.py
[2025-03-28T04:07:27.449+0000] {processor.py:809} INFO - DAG(s) dict_keys(['clear_mysql_database_direct']) retrieved from /opt/airflow/dags/1_erase_db.py
[2025-03-28T04:07:27.479+0000] {logging_mixin.py:149} INFO - [2025-03-28T04:07:27.479+0000] {dag.py:2726} INFO - Sync 1 DAGs
[2025-03-28T04:07:27.503+0000] {logging_mixin.py:149} INFO - [2025-03-28T04:07:27.503+0000] {dag.py:3486} INFO - Setting next_dagrun for clear_mysql_database_direct to None, run_after=None
[2025-03-28T04:07:27.521+0000] {processor.py:178} INFO - Processing /opt/airflow/dags/1_erase_db.py took 0.086 seconds
[2025-03-28T04:07:57.871+0000] {processor.py:156} INFO - Started process (PID=1721) to work on /opt/airflow/dags/1_erase_db.py
[2025-03-28T04:07:57.872+0000] {processor.py:799} INFO - Processing file /opt/airflow/dags/1_erase_db.py for tasks to queue
[2025-03-28T04:07:57.873+0000] {logging_mixin.py:149} INFO - [2025-03-28T04:07:57.873+0000] {dagbag.py:541} INFO - Filling up the DagBag from /opt/airflow/dags/1_erase_db.py
[2025-03-28T04:07:57.881+0000] {processor.py:809} INFO - DAG(s) dict_keys(['clear_mysql_database_direct']) retrieved from /opt/airflow/dags/1_erase_db.py
[2025-03-28T04:07:57.908+0000] {logging_mixin.py:149} INFO - [2025-03-28T04:07:57.908+0000] {dag.py:2726} INFO - Sync 1 DAGs
[2025-03-28T04:07:57.932+0000] {logging_mixin.py:149} INFO - [2025-03-28T04:07:57.932+0000] {dag.py:3486} INFO - Setting next_dagrun for clear_mysql_database_direct to None, run_after=None
[2025-03-28T04:07:57.948+0000] {processor.py:178} INFO - Processing /opt/airflow/dags/1_erase_db.py took 0.080 seconds
[2025-03-28T04:08:28.071+0000] {processor.py:156} INFO - Started process (PID=1778) to work on /opt/airflow/dags/1_erase_db.py
[2025-03-28T04:08:28.076+0000] {processor.py:799} INFO - Processing file /opt/airflow/dags/1_erase_db.py for tasks to queue
[2025-03-28T04:08:28.077+0000] {logging_mixin.py:149} INFO - [2025-03-28T04:08:28.077+0000] {dagbag.py:541} INFO - Filling up the DagBag from /opt/airflow/dags/1_erase_db.py
[2025-03-28T04:08:28.088+0000] {processor.py:809} INFO - DAG(s) dict_keys(['clear_mysql_database_direct']) retrieved from /opt/airflow/dags/1_erase_db.py
[2025-03-28T04:08:28.116+0000] {logging_mixin.py:149} INFO - [2025-03-28T04:08:28.116+0000] {dag.py:2726} INFO - Sync 1 DAGs
[2025-03-28T04:08:28.136+0000] {logging_mixin.py:149} INFO - [2025-03-28T04:08:28.136+0000] {dag.py:3486} INFO - Setting next_dagrun for clear_mysql_database_direct to None, run_after=None
[2025-03-28T04:08:28.155+0000] {processor.py:178} INFO - Processing /opt/airflow/dags/1_erase_db.py took 0.086 seconds
[2025-03-28T04:08:58.613+0000] {processor.py:156} INFO - Started process (PID=1835) to work on /opt/airflow/dags/1_erase_db.py
[2025-03-28T04:08:58.617+0000] {processor.py:799} INFO - Processing file /opt/airflow/dags/1_erase_db.py for tasks to queue
[2025-03-28T04:08:58.618+0000] {logging_mixin.py:149} INFO - [2025-03-28T04:08:58.618+0000] {dagbag.py:541} INFO - Filling up the DagBag from /opt/airflow/dags/1_erase_db.py
[2025-03-28T04:08:58.628+0000] {processor.py:809} INFO - DAG(s) dict_keys(['clear_mysql_database_direct']) retrieved from /opt/airflow/dags/1_erase_db.py
[2025-03-28T04:08:58.657+0000] {logging_mixin.py:149} INFO - [2025-03-28T04:08:58.656+0000] {dag.py:2726} INFO - Sync 1 DAGs
[2025-03-28T04:08:58.681+0000] {logging_mixin.py:149} INFO - [2025-03-28T04:08:58.681+0000] {dag.py:3486} INFO - Setting next_dagrun for clear_mysql_database_direct to None, run_after=None
[2025-03-28T04:08:58.699+0000] {processor.py:178} INFO - Processing /opt/airflow/dags/1_erase_db.py took 0.091 seconds
[2025-03-28T04:09:28.978+0000] {processor.py:156} INFO - Started process (PID=1892) to work on /opt/airflow/dags/1_erase_db.py
[2025-03-28T04:09:28.979+0000] {processor.py:799} INFO - Processing file /opt/airflow/dags/1_erase_db.py for tasks to queue
[2025-03-28T04:09:28.980+0000] {logging_mixin.py:149} INFO - [2025-03-28T04:09:28.979+0000] {dagbag.py:541} INFO - Filling up the DagBag from /opt/airflow/dags/1_erase_db.py
[2025-03-28T04:09:28.990+0000] {processor.py:809} INFO - DAG(s) dict_keys(['clear_mysql_database_direct']) retrieved from /opt/airflow/dags/1_erase_db.py
[2025-03-28T04:09:29.021+0000] {logging_mixin.py:149} INFO - [2025-03-28T04:09:29.021+0000] {dag.py:2726} INFO - Sync 1 DAGs
[2025-03-28T04:09:29.041+0000] {logging_mixin.py:149} INFO - [2025-03-28T04:09:29.041+0000] {dag.py:3486} INFO - Setting next_dagrun for clear_mysql_database_direct to None, run_after=None
[2025-03-28T04:09:29.059+0000] {processor.py:178} INFO - Processing /opt/airflow/dags/1_erase_db.py took 0.084 seconds
[2025-03-28T04:09:59.297+0000] {processor.py:156} INFO - Started process (PID=1949) to work on /opt/airflow/dags/1_erase_db.py
[2025-03-28T04:09:59.298+0000] {processor.py:799} INFO - Processing file /opt/airflow/dags/1_erase_db.py for tasks to queue
[2025-03-28T04:09:59.299+0000] {logging_mixin.py:149} INFO - [2025-03-28T04:09:59.299+0000] {dagbag.py:541} INFO - Filling up the DagBag from /opt/airflow/dags/1_erase_db.py
[2025-03-28T04:09:59.310+0000] {processor.py:809} INFO - DAG(s) dict_keys(['clear_mysql_database_direct']) retrieved from /opt/airflow/dags/1_erase_db.py
[2025-03-28T04:09:59.338+0000] {logging_mixin.py:149} INFO - [2025-03-28T04:09:59.338+0000] {dag.py:2726} INFO - Sync 1 DAGs
[2025-03-28T04:09:59.362+0000] {logging_mixin.py:149} INFO - [2025-03-28T04:09:59.362+0000] {dag.py:3486} INFO - Setting next_dagrun for clear_mysql_database_direct to None, run_after=None
[2025-03-28T04:09:59.381+0000] {processor.py:178} INFO - Processing /opt/airflow/dags/1_erase_db.py took 0.089 seconds
[2025-03-28T04:10:29.501+0000] {processor.py:156} INFO - Started process (PID=2006) to work on /opt/airflow/dags/1_erase_db.py
[2025-03-28T04:10:29.502+0000] {processor.py:799} INFO - Processing file /opt/airflow/dags/1_erase_db.py for tasks to queue
[2025-03-28T04:10:29.502+0000] {logging_mixin.py:149} INFO - [2025-03-28T04:10:29.502+0000] {dagbag.py:541} INFO - Filling up the DagBag from /opt/airflow/dags/1_erase_db.py
[2025-03-28T04:10:29.511+0000] {processor.py:809} INFO - DAG(s) dict_keys(['clear_mysql_database_direct']) retrieved from /opt/airflow/dags/1_erase_db.py
[2025-03-28T04:10:29.544+0000] {logging_mixin.py:149} INFO - [2025-03-28T04:10:29.543+0000] {dag.py:2726} INFO - Sync 1 DAGs
[2025-03-28T04:10:29.567+0000] {logging_mixin.py:149} INFO - [2025-03-28T04:10:29.567+0000] {dag.py:3486} INFO - Setting next_dagrun for clear_mysql_database_direct to None, run_after=None
[2025-03-28T04:10:29.587+0000] {processor.py:178} INFO - Processing /opt/airflow/dags/1_erase_db.py took 0.089 seconds
[2025-03-28T04:10:59.844+0000] {processor.py:156} INFO - Started process (PID=2063) to work on /opt/airflow/dags/1_erase_db.py
[2025-03-28T04:10:59.849+0000] {processor.py:799} INFO - Processing file /opt/airflow/dags/1_erase_db.py for tasks to queue
[2025-03-28T04:10:59.850+0000] {logging_mixin.py:149} INFO - [2025-03-28T04:10:59.850+0000] {dagbag.py:541} INFO - Filling up the DagBag from /opt/airflow/dags/1_erase_db.py
[2025-03-28T04:10:59.859+0000] {processor.py:809} INFO - DAG(s) dict_keys(['clear_mysql_database_direct']) retrieved from /opt/airflow/dags/1_erase_db.py
[2025-03-28T04:10:59.888+0000] {logging_mixin.py:149} INFO - [2025-03-28T04:10:59.888+0000] {dag.py:2726} INFO - Sync 1 DAGs
[2025-03-28T04:10:59.910+0000] {logging_mixin.py:149} INFO - [2025-03-28T04:10:59.910+0000] {dag.py:3486} INFO - Setting next_dagrun for clear_mysql_database_direct to None, run_after=None
[2025-03-28T04:10:59.926+0000] {processor.py:178} INFO - Processing /opt/airflow/dags/1_erase_db.py took 0.085 seconds
[2025-03-28T04:11:30.229+0000] {processor.py:156} INFO - Started process (PID=2120) to work on /opt/airflow/dags/1_erase_db.py
[2025-03-28T04:11:30.234+0000] {processor.py:799} INFO - Processing file /opt/airflow/dags/1_erase_db.py for tasks to queue
[2025-03-28T04:11:30.235+0000] {logging_mixin.py:149} INFO - [2025-03-28T04:11:30.234+0000] {dagbag.py:541} INFO - Filling up the DagBag from /opt/airflow/dags/1_erase_db.py
[2025-03-28T04:11:30.243+0000] {processor.py:809} INFO - DAG(s) dict_keys(['clear_mysql_database_direct']) retrieved from /opt/airflow/dags/1_erase_db.py
[2025-03-28T04:11:30.272+0000] {logging_mixin.py:149} INFO - [2025-03-28T04:11:30.272+0000] {dag.py:2726} INFO - Sync 1 DAGs
[2025-03-28T04:11:30.296+0000] {logging_mixin.py:149} INFO - [2025-03-28T04:11:30.296+0000] {dag.py:3486} INFO - Setting next_dagrun for clear_mysql_database_direct to None, run_after=None
[2025-03-28T04:11:30.314+0000] {processor.py:178} INFO - Processing /opt/airflow/dags/1_erase_db.py took 0.087 seconds
[2025-03-28T04:12:00.594+0000] {processor.py:156} INFO - Started process (PID=2177) to work on /opt/airflow/dags/1_erase_db.py
[2025-03-28T04:12:00.598+0000] {processor.py:799} INFO - Processing file /opt/airflow/dags/1_erase_db.py for tasks to queue
[2025-03-28T04:12:00.600+0000] {logging_mixin.py:149} INFO - [2025-03-28T04:12:00.599+0000] {dagbag.py:541} INFO - Filling up the DagBag from /opt/airflow/dags/1_erase_db.py
[2025-03-28T04:12:00.608+0000] {processor.py:809} INFO - DAG(s) dict_keys(['clear_mysql_database_direct']) retrieved from /opt/airflow/dags/1_erase_db.py
[2025-03-28T04:12:00.636+0000] {logging_mixin.py:149} INFO - [2025-03-28T04:12:00.636+0000] {dag.py:2726} INFO - Sync 1 DAGs
[2025-03-28T04:12:00.659+0000] {logging_mixin.py:149} INFO - [2025-03-28T04:12:00.658+0000] {dag.py:3486} INFO - Setting next_dagrun for clear_mysql_database_direct to None, run_after=None
[2025-03-28T04:12:00.675+0000] {processor.py:178} INFO - Processing /opt/airflow/dags/1_erase_db.py took 0.085 seconds
[2025-03-28T04:12:30.826+0000] {processor.py:156} INFO - Started process (PID=2217) to work on /opt/airflow/dags/1_erase_db.py
[2025-03-28T04:12:30.831+0000] {processor.py:799} INFO - Processing file /opt/airflow/dags/1_erase_db.py for tasks to queue
[2025-03-28T04:12:30.832+0000] {logging_mixin.py:149} INFO - [2025-03-28T04:12:30.832+0000] {dagbag.py:541} INFO - Filling up the DagBag from /opt/airflow/dags/1_erase_db.py
[2025-03-28T04:12:30.843+0000] {processor.py:809} INFO - DAG(s) dict_keys(['clear_mysql_database_direct']) retrieved from /opt/airflow/dags/1_erase_db.py
[2025-03-28T04:12:30.907+0000] {logging_mixin.py:149} INFO - [2025-03-28T04:12:30.906+0000] {dag.py:2726} INFO - Sync 1 DAGs
[2025-03-28T04:12:30.973+0000] {logging_mixin.py:149} INFO - [2025-03-28T04:12:30.973+0000] {dag.py:3486} INFO - Setting next_dagrun for clear_mysql_database_direct to None, run_after=None
[2025-03-28T04:12:31.007+0000] {processor.py:178} INFO - Processing /opt/airflow/dags/1_erase_db.py took 0.185 seconds
[2025-03-28T04:13:01.171+0000] {processor.py:156} INFO - Started process (PID=2274) to work on /opt/airflow/dags/1_erase_db.py
[2025-03-28T04:13:01.175+0000] {processor.py:799} INFO - Processing file /opt/airflow/dags/1_erase_db.py for tasks to queue
[2025-03-28T04:13:01.176+0000] {logging_mixin.py:149} INFO - [2025-03-28T04:13:01.176+0000] {dagbag.py:541} INFO - Filling up the DagBag from /opt/airflow/dags/1_erase_db.py
[2025-03-28T04:13:01.185+0000] {processor.py:809} INFO - DAG(s) dict_keys(['clear_mysql_database_direct']) retrieved from /opt/airflow/dags/1_erase_db.py
[2025-03-28T04:13:01.215+0000] {logging_mixin.py:149} INFO - [2025-03-28T04:13:01.215+0000] {dag.py:2726} INFO - Sync 1 DAGs
[2025-03-28T04:13:01.237+0000] {logging_mixin.py:149} INFO - [2025-03-28T04:13:01.237+0000] {dag.py:3486} INFO - Setting next_dagrun for clear_mysql_database_direct to None, run_after=None
[2025-03-28T04:13:01.255+0000] {processor.py:178} INFO - Processing /opt/airflow/dags/1_erase_db.py took 0.087 seconds
[2025-03-28T04:13:31.418+0000] {processor.py:156} INFO - Started process (PID=2331) to work on /opt/airflow/dags/1_erase_db.py
[2025-03-28T04:13:31.422+0000] {processor.py:799} INFO - Processing file /opt/airflow/dags/1_erase_db.py for tasks to queue
[2025-03-28T04:13:31.423+0000] {logging_mixin.py:149} INFO - [2025-03-28T04:13:31.423+0000] {dagbag.py:541} INFO - Filling up the DagBag from /opt/airflow/dags/1_erase_db.py
[2025-03-28T04:13:31.433+0000] {processor.py:809} INFO - DAG(s) dict_keys(['clear_mysql_database_direct']) retrieved from /opt/airflow/dags/1_erase_db.py
[2025-03-28T04:13:31.463+0000] {logging_mixin.py:149} INFO - [2025-03-28T04:13:31.463+0000] {dag.py:2726} INFO - Sync 1 DAGs
[2025-03-28T04:13:31.483+0000] {logging_mixin.py:149} INFO - [2025-03-28T04:13:31.483+0000] {dag.py:3486} INFO - Setting next_dagrun for clear_mysql_database_direct to None, run_after=None
[2025-03-28T04:13:31.502+0000] {processor.py:178} INFO - Processing /opt/airflow/dags/1_erase_db.py took 0.087 seconds
[2025-03-28T04:14:01.660+0000] {processor.py:156} INFO - Started process (PID=2388) to work on /opt/airflow/dags/1_erase_db.py
[2025-03-28T04:14:01.665+0000] {processor.py:799} INFO - Processing file /opt/airflow/dags/1_erase_db.py for tasks to queue
[2025-03-28T04:14:01.666+0000] {logging_mixin.py:149} INFO - [2025-03-28T04:14:01.666+0000] {dagbag.py:541} INFO - Filling up the DagBag from /opt/airflow/dags/1_erase_db.py
[2025-03-28T04:14:01.676+0000] {processor.py:809} INFO - DAG(s) dict_keys(['clear_mysql_database_direct']) retrieved from /opt/airflow/dags/1_erase_db.py
[2025-03-28T04:14:01.703+0000] {logging_mixin.py:149} INFO - [2025-03-28T04:14:01.703+0000] {dag.py:2726} INFO - Sync 1 DAGs
[2025-03-28T04:14:01.722+0000] {logging_mixin.py:149} INFO - [2025-03-28T04:14:01.722+0000] {dag.py:3486} INFO - Setting next_dagrun for clear_mysql_database_direct to None, run_after=None
[2025-03-28T04:14:01.741+0000] {processor.py:178} INFO - Processing /opt/airflow/dags/1_erase_db.py took 0.085 seconds
[2025-03-28T04:14:31.898+0000] {processor.py:156} INFO - Started process (PID=2445) to work on /opt/airflow/dags/1_erase_db.py
[2025-03-28T04:14:31.903+0000] {processor.py:799} INFO - Processing file /opt/airflow/dags/1_erase_db.py for tasks to queue
[2025-03-28T04:14:31.905+0000] {logging_mixin.py:149} INFO - [2025-03-28T04:14:31.904+0000] {dagbag.py:541} INFO - Filling up the DagBag from /opt/airflow/dags/1_erase_db.py
[2025-03-28T04:14:31.915+0000] {processor.py:809} INFO - DAG(s) dict_keys(['clear_mysql_database_direct']) retrieved from /opt/airflow/dags/1_erase_db.py
[2025-03-28T04:14:31.946+0000] {logging_mixin.py:149} INFO - [2025-03-28T04:14:31.946+0000] {dag.py:2726} INFO - Sync 1 DAGs
[2025-03-28T04:14:31.973+0000] {logging_mixin.py:149} INFO - [2025-03-28T04:14:31.972+0000] {dag.py:3486} INFO - Setting next_dagrun for clear_mysql_database_direct to None, run_after=None
[2025-03-28T04:14:32.004+0000] {processor.py:178} INFO - Processing /opt/airflow/dags/1_erase_db.py took 0.109 seconds
[2025-03-28T04:15:02.163+0000] {processor.py:156} INFO - Started process (PID=2502) to work on /opt/airflow/dags/1_erase_db.py
[2025-03-28T04:15:02.168+0000] {processor.py:799} INFO - Processing file /opt/airflow/dags/1_erase_db.py for tasks to queue
[2025-03-28T04:15:02.169+0000] {logging_mixin.py:149} INFO - [2025-03-28T04:15:02.168+0000] {dagbag.py:541} INFO - Filling up the DagBag from /opt/airflow/dags/1_erase_db.py
[2025-03-28T04:15:02.178+0000] {processor.py:809} INFO - DAG(s) dict_keys(['clear_mysql_database_direct']) retrieved from /opt/airflow/dags/1_erase_db.py
[2025-03-28T04:15:02.206+0000] {logging_mixin.py:149} INFO - [2025-03-28T04:15:02.206+0000] {dag.py:2726} INFO - Sync 1 DAGs
[2025-03-28T04:15:02.232+0000] {logging_mixin.py:149} INFO - [2025-03-28T04:15:02.232+0000] {dag.py:3486} INFO - Setting next_dagrun for clear_mysql_database_direct to None, run_after=None
[2025-03-28T04:15:02.249+0000] {processor.py:178} INFO - Processing /opt/airflow/dags/1_erase_db.py took 0.089 seconds
[2025-03-28T04:15:32.301+0000] {processor.py:156} INFO - Started process (PID=2559) to work on /opt/airflow/dags/1_erase_db.py
[2025-03-28T04:15:32.306+0000] {processor.py:799} INFO - Processing file /opt/airflow/dags/1_erase_db.py for tasks to queue
[2025-03-28T04:15:32.307+0000] {logging_mixin.py:149} INFO - [2025-03-28T04:15:32.306+0000] {dagbag.py:541} INFO - Filling up the DagBag from /opt/airflow/dags/1_erase_db.py
[2025-03-28T04:15:32.316+0000] {processor.py:809} INFO - DAG(s) dict_keys(['clear_mysql_database_direct']) retrieved from /opt/airflow/dags/1_erase_db.py
[2025-03-28T04:15:32.350+0000] {logging_mixin.py:149} INFO - [2025-03-28T04:15:32.350+0000] {dag.py:2726} INFO - Sync 1 DAGs
[2025-03-28T04:15:32.374+0000] {logging_mixin.py:149} INFO - [2025-03-28T04:15:32.374+0000] {dag.py:3486} INFO - Setting next_dagrun for clear_mysql_database_direct to None, run_after=None
[2025-03-28T04:15:32.393+0000] {processor.py:178} INFO - Processing /opt/airflow/dags/1_erase_db.py took 0.095 seconds
[2025-03-28T04:16:02.550+0000] {processor.py:156} INFO - Started process (PID=2616) to work on /opt/airflow/dags/1_erase_db.py
[2025-03-28T04:16:02.555+0000] {processor.py:799} INFO - Processing file /opt/airflow/dags/1_erase_db.py for tasks to queue
[2025-03-28T04:16:02.556+0000] {logging_mixin.py:149} INFO - [2025-03-28T04:16:02.556+0000] {dagbag.py:541} INFO - Filling up the DagBag from /opt/airflow/dags/1_erase_db.py
[2025-03-28T04:16:02.564+0000] {processor.py:809} INFO - DAG(s) dict_keys(['clear_mysql_database_direct']) retrieved from /opt/airflow/dags/1_erase_db.py
[2025-03-28T04:16:02.592+0000] {logging_mixin.py:149} INFO - [2025-03-28T04:16:02.592+0000] {dag.py:2726} INFO - Sync 1 DAGs
[2025-03-28T04:16:02.614+0000] {logging_mixin.py:149} INFO - [2025-03-28T04:16:02.614+0000] {dag.py:3486} INFO - Setting next_dagrun for clear_mysql_database_direct to None, run_after=None
[2025-03-28T04:16:02.633+0000] {processor.py:178} INFO - Processing /opt/airflow/dags/1_erase_db.py took 0.085 seconds
[2025-03-28T04:16:32.697+0000] {processor.py:156} INFO - Started process (PID=2673) to work on /opt/airflow/dags/1_erase_db.py
[2025-03-28T04:16:32.698+0000] {processor.py:799} INFO - Processing file /opt/airflow/dags/1_erase_db.py for tasks to queue
[2025-03-28T04:16:32.698+0000] {logging_mixin.py:149} INFO - [2025-03-28T04:16:32.698+0000] {dagbag.py:541} INFO - Filling up the DagBag from /opt/airflow/dags/1_erase_db.py
[2025-03-28T04:16:32.709+0000] {processor.py:809} INFO - DAG(s) dict_keys(['clear_mysql_database_direct']) retrieved from /opt/airflow/dags/1_erase_db.py
[2025-03-28T04:16:32.739+0000] {logging_mixin.py:149} INFO - [2025-03-28T04:16:32.739+0000] {dag.py:2726} INFO - Sync 1 DAGs
[2025-03-28T04:16:32.763+0000] {logging_mixin.py:149} INFO - [2025-03-28T04:16:32.763+0000] {dag.py:3486} INFO - Setting next_dagrun for clear_mysql_database_direct to None, run_after=None
[2025-03-28T04:16:32.783+0000] {processor.py:178} INFO - Processing /opt/airflow/dags/1_erase_db.py took 0.088 seconds
[2025-03-28T04:17:02.950+0000] {processor.py:156} INFO - Started process (PID=2730) to work on /opt/airflow/dags/1_erase_db.py
[2025-03-28T04:17:02.951+0000] {processor.py:799} INFO - Processing file /opt/airflow/dags/1_erase_db.py for tasks to queue
[2025-03-28T04:17:02.951+0000] {logging_mixin.py:149} INFO - [2025-03-28T04:17:02.951+0000] {dagbag.py:541} INFO - Filling up the DagBag from /opt/airflow/dags/1_erase_db.py
[2025-03-28T04:17:02.959+0000] {processor.py:809} INFO - DAG(s) dict_keys(['clear_mysql_database_direct']) retrieved from /opt/airflow/dags/1_erase_db.py
[2025-03-28T04:17:02.990+0000] {logging_mixin.py:149} INFO - [2025-03-28T04:17:02.989+0000] {dag.py:2726} INFO - Sync 1 DAGs
[2025-03-28T04:17:03.012+0000] {logging_mixin.py:149} INFO - [2025-03-28T04:17:03.012+0000] {dag.py:3486} INFO - Setting next_dagrun for clear_mysql_database_direct to None, run_after=None
[2025-03-28T04:17:03.028+0000] {processor.py:178} INFO - Processing /opt/airflow/dags/1_erase_db.py took 0.081 seconds
[2025-03-28T04:17:33.741+0000] {processor.py:156} INFO - Started process (PID=2787) to work on /opt/airflow/dags/1_erase_db.py
[2025-03-28T04:17:33.746+0000] {processor.py:799} INFO - Processing file /opt/airflow/dags/1_erase_db.py for tasks to queue
[2025-03-28T04:17:33.746+0000] {logging_mixin.py:149} INFO - [2025-03-28T04:17:33.746+0000] {dagbag.py:541} INFO - Filling up the DagBag from /opt/airflow/dags/1_erase_db.py
[2025-03-28T04:17:33.756+0000] {processor.py:809} INFO - DAG(s) dict_keys(['clear_mysql_database_direct']) retrieved from /opt/airflow/dags/1_erase_db.py
[2025-03-28T04:17:33.782+0000] {logging_mixin.py:149} INFO - [2025-03-28T04:17:33.782+0000] {dag.py:2726} INFO - Sync 1 DAGs
[2025-03-28T04:17:33.804+0000] {logging_mixin.py:149} INFO - [2025-03-28T04:17:33.804+0000] {dag.py:3486} INFO - Setting next_dagrun for clear_mysql_database_direct to None, run_after=None
[2025-03-28T04:17:33.822+0000] {processor.py:178} INFO - Processing /opt/airflow/dags/1_erase_db.py took 0.084 seconds
[2025-03-28T04:18:03.977+0000] {processor.py:156} INFO - Started process (PID=2844) to work on /opt/airflow/dags/1_erase_db.py
[2025-03-28T04:18:03.982+0000] {processor.py:799} INFO - Processing file /opt/airflow/dags/1_erase_db.py for tasks to queue
[2025-03-28T04:18:03.983+0000] {logging_mixin.py:149} INFO - [2025-03-28T04:18:03.983+0000] {dagbag.py:541} INFO - Filling up the DagBag from /opt/airflow/dags/1_erase_db.py
[2025-03-28T04:18:03.991+0000] {processor.py:809} INFO - DAG(s) dict_keys(['clear_mysql_database_direct']) retrieved from /opt/airflow/dags/1_erase_db.py
[2025-03-28T04:18:04.021+0000] {logging_mixin.py:149} INFO - [2025-03-28T04:18:04.021+0000] {dag.py:2726} INFO - Sync 1 DAGs
[2025-03-28T04:18:04.046+0000] {logging_mixin.py:149} INFO - [2025-03-28T04:18:04.046+0000] {dag.py:3486} INFO - Setting next_dagrun for clear_mysql_database_direct to None, run_after=None
[2025-03-28T04:18:04.063+0000] {processor.py:178} INFO - Processing /opt/airflow/dags/1_erase_db.py took 0.090 seconds
[2025-03-28T04:18:34.759+0000] {processor.py:156} INFO - Started process (PID=2901) to work on /opt/airflow/dags/1_erase_db.py
[2025-03-28T04:18:34.760+0000] {processor.py:799} INFO - Processing file /opt/airflow/dags/1_erase_db.py for tasks to queue
[2025-03-28T04:18:34.760+0000] {logging_mixin.py:149} INFO - [2025-03-28T04:18:34.760+0000] {dagbag.py:541} INFO - Filling up the DagBag from /opt/airflow/dags/1_erase_db.py
[2025-03-28T04:18:34.770+0000] {processor.py:809} INFO - DAG(s) dict_keys(['clear_mysql_database_direct']) retrieved from /opt/airflow/dags/1_erase_db.py
[2025-03-28T04:18:34.797+0000] {logging_mixin.py:149} INFO - [2025-03-28T04:18:34.797+0000] {dag.py:2726} INFO - Sync 1 DAGs
[2025-03-28T04:18:34.818+0000] {logging_mixin.py:149} INFO - [2025-03-28T04:18:34.817+0000] {dag.py:3486} INFO - Setting next_dagrun for clear_mysql_database_direct to None, run_after=None
[2025-03-28T04:18:34.839+0000] {processor.py:178} INFO - Processing /opt/airflow/dags/1_erase_db.py took 0.085 seconds
[2025-03-28T04:19:05.522+0000] {processor.py:156} INFO - Started process (PID=2958) to work on /opt/airflow/dags/1_erase_db.py
[2025-03-28T04:19:05.523+0000] {processor.py:799} INFO - Processing file /opt/airflow/dags/1_erase_db.py for tasks to queue
[2025-03-28T04:19:05.524+0000] {logging_mixin.py:149} INFO - [2025-03-28T04:19:05.524+0000] {dagbag.py:541} INFO - Filling up the DagBag from /opt/airflow/dags/1_erase_db.py
[2025-03-28T04:19:05.533+0000] {processor.py:809} INFO - DAG(s) dict_keys(['clear_mysql_database_direct']) retrieved from /opt/airflow/dags/1_erase_db.py
[2025-03-28T04:19:05.564+0000] {logging_mixin.py:149} INFO - [2025-03-28T04:19:05.564+0000] {dag.py:2726} INFO - Sync 1 DAGs
[2025-03-28T04:19:05.589+0000] {logging_mixin.py:149} INFO - [2025-03-28T04:19:05.589+0000] {dag.py:3486} INFO - Setting next_dagrun for clear_mysql_database_direct to None, run_after=None
[2025-03-28T04:19:05.611+0000] {processor.py:178} INFO - Processing /opt/airflow/dags/1_erase_db.py took 0.092 seconds
[2025-03-28T04:19:35.770+0000] {processor.py:156} INFO - Started process (PID=3000) to work on /opt/airflow/dags/1_erase_db.py
[2025-03-28T04:19:35.774+0000] {processor.py:799} INFO - Processing file /opt/airflow/dags/1_erase_db.py for tasks to queue
[2025-03-28T04:19:35.775+0000] {logging_mixin.py:149} INFO - [2025-03-28T04:19:35.775+0000] {dagbag.py:541} INFO - Filling up the DagBag from /opt/airflow/dags/1_erase_db.py
[2025-03-28T04:19:35.784+0000] {processor.py:809} INFO - DAG(s) dict_keys(['clear_mysql_database_direct']) retrieved from /opt/airflow/dags/1_erase_db.py
[2025-03-28T04:19:35.810+0000] {logging_mixin.py:149} INFO - [2025-03-28T04:19:35.810+0000] {dag.py:2726} INFO - Sync 1 DAGs
[2025-03-28T04:19:35.833+0000] {logging_mixin.py:149} INFO - [2025-03-28T04:19:35.832+0000] {dag.py:3486} INFO - Setting next_dagrun for clear_mysql_database_direct to None, run_after=None
[2025-03-28T04:19:35.850+0000] {processor.py:178} INFO - Processing /opt/airflow/dags/1_erase_db.py took 0.083 seconds
[2025-03-28T04:20:05.996+0000] {processor.py:156} INFO - Started process (PID=3040) to work on /opt/airflow/dags/1_erase_db.py
[2025-03-28T04:20:06.000+0000] {processor.py:799} INFO - Processing file /opt/airflow/dags/1_erase_db.py for tasks to queue
[2025-03-28T04:20:06.001+0000] {logging_mixin.py:149} INFO - [2025-03-28T04:20:06.001+0000] {dagbag.py:541} INFO - Filling up the DagBag from /opt/airflow/dags/1_erase_db.py
[2025-03-28T04:20:06.012+0000] {processor.py:809} INFO - DAG(s) dict_keys(['clear_mysql_database_direct']) retrieved from /opt/airflow/dags/1_erase_db.py
[2025-03-28T04:20:06.040+0000] {logging_mixin.py:149} INFO - [2025-03-28T04:20:06.040+0000] {dag.py:2726} INFO - Sync 1 DAGs
[2025-03-28T04:20:06.061+0000] {logging_mixin.py:149} INFO - [2025-03-28T04:20:06.061+0000] {dag.py:3486} INFO - Setting next_dagrun for clear_mysql_database_direct to None, run_after=None
[2025-03-28T04:20:06.082+0000] {processor.py:178} INFO - Processing /opt/airflow/dags/1_erase_db.py took 0.088 seconds
[2025-03-28T04:20:36.363+0000] {processor.py:156} INFO - Started process (PID=3097) to work on /opt/airflow/dags/1_erase_db.py
[2025-03-28T04:20:36.364+0000] {processor.py:799} INFO - Processing file /opt/airflow/dags/1_erase_db.py for tasks to queue
[2025-03-28T04:20:36.365+0000] {logging_mixin.py:149} INFO - [2025-03-28T04:20:36.365+0000] {dagbag.py:541} INFO - Filling up the DagBag from /opt/airflow/dags/1_erase_db.py
[2025-03-28T04:20:36.373+0000] {processor.py:809} INFO - DAG(s) dict_keys(['clear_mysql_database_direct']) retrieved from /opt/airflow/dags/1_erase_db.py
[2025-03-28T04:20:36.411+0000] {logging_mixin.py:149} INFO - [2025-03-28T04:20:36.411+0000] {dag.py:2726} INFO - Sync 1 DAGs
[2025-03-28T04:20:36.437+0000] {logging_mixin.py:149} INFO - [2025-03-28T04:20:36.437+0000] {dag.py:3486} INFO - Setting next_dagrun for clear_mysql_database_direct to None, run_after=None
[2025-03-28T04:20:36.462+0000] {processor.py:178} INFO - Processing /opt/airflow/dags/1_erase_db.py took 0.102 seconds
[2025-03-28T04:21:06.676+0000] {processor.py:156} INFO - Started process (PID=3154) to work on /opt/airflow/dags/1_erase_db.py
[2025-03-28T04:21:06.681+0000] {processor.py:799} INFO - Processing file /opt/airflow/dags/1_erase_db.py for tasks to queue
[2025-03-28T04:21:06.681+0000] {logging_mixin.py:149} INFO - [2025-03-28T04:21:06.681+0000] {dagbag.py:541} INFO - Filling up the DagBag from /opt/airflow/dags/1_erase_db.py
[2025-03-28T04:21:06.691+0000] {processor.py:809} INFO - DAG(s) dict_keys(['clear_mysql_database_direct']) retrieved from /opt/airflow/dags/1_erase_db.py
[2025-03-28T04:21:06.722+0000] {logging_mixin.py:149} INFO - [2025-03-28T04:21:06.721+0000] {dag.py:2726} INFO - Sync 1 DAGs
[2025-03-28T04:21:06.747+0000] {logging_mixin.py:149} INFO - [2025-03-28T04:21:06.747+0000] {dag.py:3486} INFO - Setting next_dagrun for clear_mysql_database_direct to None, run_after=None
[2025-03-28T04:21:06.764+0000] {processor.py:178} INFO - Processing /opt/airflow/dags/1_erase_db.py took 0.091 seconds
[2025-03-28T04:21:37.123+0000] {processor.py:156} INFO - Started process (PID=3211) to work on /opt/airflow/dags/1_erase_db.py
[2025-03-28T04:21:37.127+0000] {processor.py:799} INFO - Processing file /opt/airflow/dags/1_erase_db.py for tasks to queue
[2025-03-28T04:21:37.129+0000] {logging_mixin.py:149} INFO - [2025-03-28T04:21:37.128+0000] {dagbag.py:541} INFO - Filling up the DagBag from /opt/airflow/dags/1_erase_db.py
[2025-03-28T04:21:37.138+0000] {processor.py:809} INFO - DAG(s) dict_keys(['clear_mysql_database_direct']) retrieved from /opt/airflow/dags/1_erase_db.py
[2025-03-28T04:21:37.163+0000] {logging_mixin.py:149} INFO - [2025-03-28T04:21:37.163+0000] {dag.py:2726} INFO - Sync 1 DAGs
[2025-03-28T04:21:37.188+0000] {logging_mixin.py:149} INFO - [2025-03-28T04:21:37.188+0000] {dag.py:3486} INFO - Setting next_dagrun for clear_mysql_database_direct to None, run_after=None
[2025-03-28T04:21:37.205+0000] {processor.py:178} INFO - Processing /opt/airflow/dags/1_erase_db.py took 0.085 seconds
[2025-03-28T04:22:07.461+0000] {processor.py:156} INFO - Started process (PID=3268) to work on /opt/airflow/dags/1_erase_db.py
[2025-03-28T04:22:07.467+0000] {processor.py:799} INFO - Processing file /opt/airflow/dags/1_erase_db.py for tasks to queue
[2025-03-28T04:22:07.468+0000] {logging_mixin.py:149} INFO - [2025-03-28T04:22:07.468+0000] {dagbag.py:541} INFO - Filling up the DagBag from /opt/airflow/dags/1_erase_db.py
[2025-03-28T04:22:07.478+0000] {processor.py:809} INFO - DAG(s) dict_keys(['clear_mysql_database_direct']) retrieved from /opt/airflow/dags/1_erase_db.py
[2025-03-28T04:22:07.506+0000] {logging_mixin.py:149} INFO - [2025-03-28T04:22:07.506+0000] {dag.py:2726} INFO - Sync 1 DAGs
[2025-03-28T04:22:07.531+0000] {logging_mixin.py:149} INFO - [2025-03-28T04:22:07.531+0000] {dag.py:3486} INFO - Setting next_dagrun for clear_mysql_database_direct to None, run_after=None
[2025-03-28T04:22:07.551+0000] {processor.py:178} INFO - Processing /opt/airflow/dags/1_erase_db.py took 0.095 seconds
[2025-03-28T04:22:37.839+0000] {processor.py:156} INFO - Started process (PID=3325) to work on /opt/airflow/dags/1_erase_db.py
[2025-03-28T04:22:37.843+0000] {processor.py:799} INFO - Processing file /opt/airflow/dags/1_erase_db.py for tasks to queue
[2025-03-28T04:22:37.844+0000] {logging_mixin.py:149} INFO - [2025-03-28T04:22:37.844+0000] {dagbag.py:541} INFO - Filling up the DagBag from /opt/airflow/dags/1_erase_db.py
[2025-03-28T04:22:37.853+0000] {processor.py:809} INFO - DAG(s) dict_keys(['clear_mysql_database_direct']) retrieved from /opt/airflow/dags/1_erase_db.py
[2025-03-28T04:22:37.890+0000] {logging_mixin.py:149} INFO - [2025-03-28T04:22:37.890+0000] {dag.py:2726} INFO - Sync 1 DAGs
[2025-03-28T04:22:37.910+0000] {logging_mixin.py:149} INFO - [2025-03-28T04:22:37.910+0000] {dag.py:3486} INFO - Setting next_dagrun for clear_mysql_database_direct to None, run_after=None
[2025-03-28T04:22:37.929+0000] {processor.py:178} INFO - Processing /opt/airflow/dags/1_erase_db.py took 0.094 seconds
[2025-03-28T04:23:08.194+0000] {processor.py:156} INFO - Started process (PID=3382) to work on /opt/airflow/dags/1_erase_db.py
[2025-03-28T04:23:08.195+0000] {processor.py:799} INFO - Processing file /opt/airflow/dags/1_erase_db.py for tasks to queue
[2025-03-28T04:23:08.196+0000] {logging_mixin.py:149} INFO - [2025-03-28T04:23:08.196+0000] {dagbag.py:541} INFO - Filling up the DagBag from /opt/airflow/dags/1_erase_db.py
[2025-03-28T04:23:08.206+0000] {processor.py:809} INFO - DAG(s) dict_keys(['clear_mysql_database_direct']) retrieved from /opt/airflow/dags/1_erase_db.py
[2025-03-28T04:23:08.234+0000] {logging_mixin.py:149} INFO - [2025-03-28T04:23:08.234+0000] {dag.py:2726} INFO - Sync 1 DAGs
[2025-03-28T04:23:08.257+0000] {logging_mixin.py:149} INFO - [2025-03-28T04:23:08.257+0000] {dag.py:3486} INFO - Setting next_dagrun for clear_mysql_database_direct to None, run_after=None
[2025-03-28T04:23:08.276+0000] {processor.py:178} INFO - Processing /opt/airflow/dags/1_erase_db.py took 0.085 seconds
[2025-03-28T04:23:38.597+0000] {processor.py:156} INFO - Started process (PID=3439) to work on /opt/airflow/dags/1_erase_db.py
[2025-03-28T04:23:38.601+0000] {processor.py:799} INFO - Processing file /opt/airflow/dags/1_erase_db.py for tasks to queue
[2025-03-28T04:23:38.602+0000] {logging_mixin.py:149} INFO - [2025-03-28T04:23:38.602+0000] {dagbag.py:541} INFO - Filling up the DagBag from /opt/airflow/dags/1_erase_db.py
[2025-03-28T04:23:38.614+0000] {processor.py:809} INFO - DAG(s) dict_keys(['clear_mysql_database_direct']) retrieved from /opt/airflow/dags/1_erase_db.py
[2025-03-28T04:23:38.645+0000] {logging_mixin.py:149} INFO - [2025-03-28T04:23:38.644+0000] {dag.py:2726} INFO - Sync 1 DAGs
[2025-03-28T04:23:38.671+0000] {logging_mixin.py:149} INFO - [2025-03-28T04:23:38.671+0000] {dag.py:3486} INFO - Setting next_dagrun for clear_mysql_database_direct to None, run_after=None
[2025-03-28T04:23:38.693+0000] {processor.py:178} INFO - Processing /opt/airflow/dags/1_erase_db.py took 0.101 seconds
