[2025-03-28T03:52:47.107+0000] {processor.py:156} INFO - Started process (PID=55) to work on /opt/airflow/dags/2_load_data.py
[2025-03-28T03:52:47.108+0000] {processor.py:799} INFO - Processing file /opt/airflow/dags/2_load_data.py for tasks to queue
[2025-03-28T03:52:47.109+0000] {logging_mixin.py:149} INFO - [2025-03-28T03:52:47.109+0000] {dagbag.py:541} INFO - Filling up the DagBag from /opt/airflow/dags/2_load_data.py
[2025-03-28T03:52:48.697+0000] {processor.py:809} INFO - DAG(s) dict_keys(['load_csv_to_mysql']) retrieved from /opt/airflow/dags/2_load_data.py
[2025-03-28T03:52:48.758+0000] {logging_mixin.py:149} INFO - [2025-03-28T03:52:48.757+0000] {dag.py:2726} INFO - Sync 1 DAGs
[2025-03-28T03:52:48.787+0000] {logging_mixin.py:149} INFO - [2025-03-28T03:52:48.786+0000] {dag.py:3486} INFO - Setting next_dagrun for load_csv_to_mysql to None, run_after=None
[2025-03-28T03:52:48.815+0000] {processor.py:178} INFO - Processing /opt/airflow/dags/2_load_data.py took 1.713 seconds
[2025-03-28T03:53:19.254+0000] {processor.py:156} INFO - Started process (PID=95) to work on /opt/airflow/dags/2_load_data.py
[2025-03-28T03:53:19.256+0000] {processor.py:799} INFO - Processing file /opt/airflow/dags/2_load_data.py for tasks to queue
[2025-03-28T03:53:19.257+0000] {logging_mixin.py:149} INFO - [2025-03-28T03:53:19.257+0000] {dagbag.py:541} INFO - Filling up the DagBag from /opt/airflow/dags/2_load_data.py
[2025-03-28T03:53:19.800+0000] {processor.py:809} INFO - DAG(s) dict_keys(['load_csv_to_mysql']) retrieved from /opt/airflow/dags/2_load_data.py
[2025-03-28T03:53:19.828+0000] {logging_mixin.py:149} INFO - [2025-03-28T03:53:19.828+0000] {dag.py:2726} INFO - Sync 1 DAGs
[2025-03-28T03:53:19.848+0000] {logging_mixin.py:149} INFO - [2025-03-28T03:53:19.847+0000] {dag.py:3486} INFO - Setting next_dagrun for load_csv_to_mysql to None, run_after=None
[2025-03-28T03:53:19.871+0000] {processor.py:178} INFO - Processing /opt/airflow/dags/2_load_data.py took 0.622 seconds
[2025-03-28T03:53:50.045+0000] {processor.py:156} INFO - Started process (PID=152) to work on /opt/airflow/dags/2_load_data.py
[2025-03-28T03:53:50.046+0000] {processor.py:799} INFO - Processing file /opt/airflow/dags/2_load_data.py for tasks to queue
[2025-03-28T03:53:50.046+0000] {logging_mixin.py:149} INFO - [2025-03-28T03:53:50.046+0000] {dagbag.py:541} INFO - Filling up the DagBag from /opt/airflow/dags/2_load_data.py
[2025-03-28T03:53:50.596+0000] {processor.py:809} INFO - DAG(s) dict_keys(['load_csv_to_mysql']) retrieved from /opt/airflow/dags/2_load_data.py
[2025-03-28T03:53:50.620+0000] {logging_mixin.py:149} INFO - [2025-03-28T03:53:50.619+0000] {dag.py:2726} INFO - Sync 1 DAGs
[2025-03-28T03:53:50.639+0000] {logging_mixin.py:149} INFO - [2025-03-28T03:53:50.639+0000] {dag.py:3486} INFO - Setting next_dagrun for load_csv_to_mysql to None, run_after=None
[2025-03-28T03:53:50.655+0000] {processor.py:178} INFO - Processing /opt/airflow/dags/2_load_data.py took 0.613 seconds
[2025-03-28T03:54:21.335+0000] {processor.py:156} INFO - Started process (PID=208) to work on /opt/airflow/dags/2_load_data.py
[2025-03-28T03:54:21.340+0000] {processor.py:799} INFO - Processing file /opt/airflow/dags/2_load_data.py for tasks to queue
[2025-03-28T03:54:21.340+0000] {logging_mixin.py:149} INFO - [2025-03-28T03:54:21.340+0000] {dagbag.py:541} INFO - Filling up the DagBag from /opt/airflow/dags/2_load_data.py
[2025-03-28T03:54:21.915+0000] {processor.py:809} INFO - DAG(s) dict_keys(['load_csv_to_mysql']) retrieved from /opt/airflow/dags/2_load_data.py
[2025-03-28T03:54:21.944+0000] {logging_mixin.py:149} INFO - [2025-03-28T03:54:21.943+0000] {dag.py:2726} INFO - Sync 1 DAGs
[2025-03-28T03:54:21.967+0000] {logging_mixin.py:149} INFO - [2025-03-28T03:54:21.967+0000] {dag.py:3486} INFO - Setting next_dagrun for load_csv_to_mysql to None, run_after=None
[2025-03-28T03:54:21.994+0000] {processor.py:178} INFO - Processing /opt/airflow/dags/2_load_data.py took 0.662 seconds
[2025-03-28T03:54:52.559+0000] {processor.py:156} INFO - Started process (PID=272) to work on /opt/airflow/dags/2_load_data.py
[2025-03-28T03:54:52.560+0000] {processor.py:799} INFO - Processing file /opt/airflow/dags/2_load_data.py for tasks to queue
[2025-03-28T03:54:52.561+0000] {logging_mixin.py:149} INFO - [2025-03-28T03:54:52.561+0000] {dagbag.py:541} INFO - Filling up the DagBag from /opt/airflow/dags/2_load_data.py
[2025-03-28T03:54:53.194+0000] {processor.py:809} INFO - DAG(s) dict_keys(['load_csv_to_mysql']) retrieved from /opt/airflow/dags/2_load_data.py
[2025-03-28T03:54:53.226+0000] {logging_mixin.py:149} INFO - [2025-03-28T03:54:53.225+0000] {dag.py:2726} INFO - Sync 1 DAGs
[2025-03-28T03:54:53.248+0000] {logging_mixin.py:149} INFO - [2025-03-28T03:54:53.247+0000] {dag.py:3486} INFO - Setting next_dagrun for load_csv_to_mysql to None, run_after=None
[2025-03-28T03:54:53.275+0000] {processor.py:178} INFO - Processing /opt/airflow/dags/2_load_data.py took 0.720 seconds
[2025-03-28T03:55:23.674+0000] {processor.py:156} INFO - Started process (PID=329) to work on /opt/airflow/dags/2_load_data.py
[2025-03-28T03:55:23.675+0000] {processor.py:799} INFO - Processing file /opt/airflow/dags/2_load_data.py for tasks to queue
[2025-03-28T03:55:23.676+0000] {logging_mixin.py:149} INFO - [2025-03-28T03:55:23.676+0000] {dagbag.py:541} INFO - Filling up the DagBag from /opt/airflow/dags/2_load_data.py
[2025-03-28T03:55:24.283+0000] {processor.py:809} INFO - DAG(s) dict_keys(['load_csv_to_mysql']) retrieved from /opt/airflow/dags/2_load_data.py
[2025-03-28T03:55:24.309+0000] {logging_mixin.py:149} INFO - [2025-03-28T03:55:24.308+0000] {dag.py:2726} INFO - Sync 1 DAGs
[2025-03-28T03:55:24.332+0000] {logging_mixin.py:149} INFO - [2025-03-28T03:55:24.332+0000] {dag.py:3486} INFO - Setting next_dagrun for load_csv_to_mysql to None, run_after=None
[2025-03-28T03:55:24.351+0000] {processor.py:178} INFO - Processing /opt/airflow/dags/2_load_data.py took 0.679 seconds
[2025-03-28T03:55:54.909+0000] {processor.py:156} INFO - Started process (PID=386) to work on /opt/airflow/dags/2_load_data.py
[2025-03-28T03:55:54.913+0000] {processor.py:799} INFO - Processing file /opt/airflow/dags/2_load_data.py for tasks to queue
[2025-03-28T03:55:54.914+0000] {logging_mixin.py:149} INFO - [2025-03-28T03:55:54.914+0000] {dagbag.py:541} INFO - Filling up the DagBag from /opt/airflow/dags/2_load_data.py
[2025-03-28T03:55:55.434+0000] {processor.py:809} INFO - DAG(s) dict_keys(['load_csv_to_mysql']) retrieved from /opt/airflow/dags/2_load_data.py
[2025-03-28T03:55:55.458+0000] {logging_mixin.py:149} INFO - [2025-03-28T03:55:55.458+0000] {dag.py:2726} INFO - Sync 1 DAGs
[2025-03-28T03:55:55.478+0000] {logging_mixin.py:149} INFO - [2025-03-28T03:55:55.478+0000] {dag.py:3486} INFO - Setting next_dagrun for load_csv_to_mysql to None, run_after=None
[2025-03-28T03:55:55.497+0000] {processor.py:178} INFO - Processing /opt/airflow/dags/2_load_data.py took 0.592 seconds
[2025-03-28T03:56:25.664+0000] {processor.py:156} INFO - Started process (PID=443) to work on /opt/airflow/dags/2_load_data.py
[2025-03-28T03:56:25.665+0000] {processor.py:799} INFO - Processing file /opt/airflow/dags/2_load_data.py for tasks to queue
[2025-03-28T03:56:25.666+0000] {logging_mixin.py:149} INFO - [2025-03-28T03:56:25.666+0000] {dagbag.py:541} INFO - Filling up the DagBag from /opt/airflow/dags/2_load_data.py
[2025-03-28T03:56:26.260+0000] {processor.py:809} INFO - DAG(s) dict_keys(['load_csv_to_mysql']) retrieved from /opt/airflow/dags/2_load_data.py
[2025-03-28T03:56:26.287+0000] {logging_mixin.py:149} INFO - [2025-03-28T03:56:26.286+0000] {dag.py:2726} INFO - Sync 1 DAGs
[2025-03-28T03:56:26.309+0000] {logging_mixin.py:149} INFO - [2025-03-28T03:56:26.308+0000] {dag.py:3486} INFO - Setting next_dagrun for load_csv_to_mysql to None, run_after=None
[2025-03-28T03:56:26.332+0000] {processor.py:178} INFO - Processing /opt/airflow/dags/2_load_data.py took 0.671 seconds
[2025-03-28T03:56:56.803+0000] {processor.py:156} INFO - Started process (PID=500) to work on /opt/airflow/dags/2_load_data.py
[2025-03-28T03:56:56.807+0000] {processor.py:799} INFO - Processing file /opt/airflow/dags/2_load_data.py for tasks to queue
[2025-03-28T03:56:56.808+0000] {logging_mixin.py:149} INFO - [2025-03-28T03:56:56.808+0000] {dagbag.py:541} INFO - Filling up the DagBag from /opt/airflow/dags/2_load_data.py
[2025-03-28T03:56:57.398+0000] {processor.py:809} INFO - DAG(s) dict_keys(['load_csv_to_mysql']) retrieved from /opt/airflow/dags/2_load_data.py
[2025-03-28T03:56:57.420+0000] {logging_mixin.py:149} INFO - [2025-03-28T03:56:57.419+0000] {dag.py:2726} INFO - Sync 1 DAGs
[2025-03-28T03:56:57.442+0000] {logging_mixin.py:149} INFO - [2025-03-28T03:56:57.441+0000] {dag.py:3486} INFO - Setting next_dagrun for load_csv_to_mysql to None, run_after=None
[2025-03-28T03:56:57.462+0000] {processor.py:178} INFO - Processing /opt/airflow/dags/2_load_data.py took 0.664 seconds
[2025-03-28T03:57:28.054+0000] {processor.py:156} INFO - Started process (PID=557) to work on /opt/airflow/dags/2_load_data.py
[2025-03-28T03:57:28.056+0000] {processor.py:799} INFO - Processing file /opt/airflow/dags/2_load_data.py for tasks to queue
[2025-03-28T03:57:28.056+0000] {logging_mixin.py:149} INFO - [2025-03-28T03:57:28.056+0000] {dagbag.py:541} INFO - Filling up the DagBag from /opt/airflow/dags/2_load_data.py
[2025-03-28T03:57:28.577+0000] {processor.py:809} INFO - DAG(s) dict_keys(['load_csv_to_mysql']) retrieved from /opt/airflow/dags/2_load_data.py
[2025-03-28T03:57:28.601+0000] {logging_mixin.py:149} INFO - [2025-03-28T03:57:28.600+0000] {dag.py:2726} INFO - Sync 1 DAGs
[2025-03-28T03:57:28.618+0000] {logging_mixin.py:149} INFO - [2025-03-28T03:57:28.618+0000] {dag.py:3486} INFO - Setting next_dagrun for load_csv_to_mysql to None, run_after=None
[2025-03-28T03:57:28.636+0000] {processor.py:178} INFO - Processing /opt/airflow/dags/2_load_data.py took 0.584 seconds
[2025-03-28T03:57:58.800+0000] {processor.py:156} INFO - Started process (PID=614) to work on /opt/airflow/dags/2_load_data.py
[2025-03-28T03:57:58.804+0000] {processor.py:799} INFO - Processing file /opt/airflow/dags/2_load_data.py for tasks to queue
[2025-03-28T03:57:58.805+0000] {logging_mixin.py:149} INFO - [2025-03-28T03:57:58.804+0000] {dagbag.py:541} INFO - Filling up the DagBag from /opt/airflow/dags/2_load_data.py
[2025-03-28T03:57:59.347+0000] {processor.py:809} INFO - DAG(s) dict_keys(['load_csv_to_mysql']) retrieved from /opt/airflow/dags/2_load_data.py
[2025-03-28T03:57:59.374+0000] {logging_mixin.py:149} INFO - [2025-03-28T03:57:59.373+0000] {dag.py:2726} INFO - Sync 1 DAGs
[2025-03-28T03:57:59.395+0000] {logging_mixin.py:149} INFO - [2025-03-28T03:57:59.395+0000] {dag.py:3486} INFO - Setting next_dagrun for load_csv_to_mysql to None, run_after=None
[2025-03-28T03:57:59.410+0000] {processor.py:178} INFO - Processing /opt/airflow/dags/2_load_data.py took 0.614 seconds
[2025-03-28T03:58:30.059+0000] {processor.py:156} INFO - Started process (PID=671) to work on /opt/airflow/dags/2_load_data.py
[2025-03-28T03:58:30.064+0000] {processor.py:799} INFO - Processing file /opt/airflow/dags/2_load_data.py for tasks to queue
[2025-03-28T03:58:30.064+0000] {logging_mixin.py:149} INFO - [2025-03-28T03:58:30.064+0000] {dagbag.py:541} INFO - Filling up the DagBag from /opt/airflow/dags/2_load_data.py
[2025-03-28T03:58:30.670+0000] {processor.py:809} INFO - DAG(s) dict_keys(['load_csv_to_mysql']) retrieved from /opt/airflow/dags/2_load_data.py
[2025-03-28T03:58:30.697+0000] {logging_mixin.py:149} INFO - [2025-03-28T03:58:30.697+0000] {dag.py:2726} INFO - Sync 1 DAGs
[2025-03-28T03:58:30.718+0000] {logging_mixin.py:149} INFO - [2025-03-28T03:58:30.717+0000] {dag.py:3486} INFO - Setting next_dagrun for load_csv_to_mysql to None, run_after=None
[2025-03-28T03:58:30.743+0000] {processor.py:178} INFO - Processing /opt/airflow/dags/2_load_data.py took 0.687 seconds
[2025-03-28T03:59:01.311+0000] {processor.py:156} INFO - Started process (PID=728) to work on /opt/airflow/dags/2_load_data.py
[2025-03-28T03:59:01.314+0000] {processor.py:799} INFO - Processing file /opt/airflow/dags/2_load_data.py for tasks to queue
[2025-03-28T03:59:01.315+0000] {logging_mixin.py:149} INFO - [2025-03-28T03:59:01.315+0000] {dagbag.py:541} INFO - Filling up the DagBag from /opt/airflow/dags/2_load_data.py
[2025-03-28T03:59:01.834+0000] {processor.py:809} INFO - DAG(s) dict_keys(['load_csv_to_mysql']) retrieved from /opt/airflow/dags/2_load_data.py
[2025-03-28T03:59:01.861+0000] {logging_mixin.py:149} INFO - [2025-03-28T03:59:01.860+0000] {dag.py:2726} INFO - Sync 1 DAGs
[2025-03-28T03:59:01.879+0000] {logging_mixin.py:149} INFO - [2025-03-28T03:59:01.879+0000] {dag.py:3486} INFO - Setting next_dagrun for load_csv_to_mysql to None, run_after=None
[2025-03-28T03:59:01.902+0000] {processor.py:178} INFO - Processing /opt/airflow/dags/2_load_data.py took 0.596 seconds
[2025-03-28T03:59:32.552+0000] {processor.py:156} INFO - Started process (PID=785) to work on /opt/airflow/dags/2_load_data.py
[2025-03-28T03:59:32.553+0000] {processor.py:799} INFO - Processing file /opt/airflow/dags/2_load_data.py for tasks to queue
[2025-03-28T03:59:32.554+0000] {logging_mixin.py:149} INFO - [2025-03-28T03:59:32.553+0000] {dagbag.py:541} INFO - Filling up the DagBag from /opt/airflow/dags/2_load_data.py
[2025-03-28T03:59:33.105+0000] {processor.py:809} INFO - DAG(s) dict_keys(['load_csv_to_mysql']) retrieved from /opt/airflow/dags/2_load_data.py
[2025-03-28T03:59:33.128+0000] {logging_mixin.py:149} INFO - [2025-03-28T03:59:33.128+0000] {dag.py:2726} INFO - Sync 1 DAGs
[2025-03-28T03:59:33.149+0000] {logging_mixin.py:149} INFO - [2025-03-28T03:59:33.149+0000] {dag.py:3486} INFO - Setting next_dagrun for load_csv_to_mysql to None, run_after=None
[2025-03-28T03:59:33.172+0000] {processor.py:178} INFO - Processing /opt/airflow/dags/2_load_data.py took 0.622 seconds
[2025-03-28T04:00:03.344+0000] {processor.py:156} INFO - Started process (PID=842) to work on /opt/airflow/dags/2_load_data.py
[2025-03-28T04:00:03.350+0000] {processor.py:799} INFO - Processing file /opt/airflow/dags/2_load_data.py for tasks to queue
[2025-03-28T04:00:03.351+0000] {logging_mixin.py:149} INFO - [2025-03-28T04:00:03.350+0000] {dagbag.py:541} INFO - Filling up the DagBag from /opt/airflow/dags/2_load_data.py
[2025-03-28T04:00:03.966+0000] {processor.py:809} INFO - DAG(s) dict_keys(['load_csv_to_mysql']) retrieved from /opt/airflow/dags/2_load_data.py
[2025-03-28T04:00:03.989+0000] {logging_mixin.py:149} INFO - [2025-03-28T04:00:03.989+0000] {dag.py:2726} INFO - Sync 1 DAGs
[2025-03-28T04:00:04.010+0000] {logging_mixin.py:149} INFO - [2025-03-28T04:00:04.010+0000] {dag.py:3486} INFO - Setting next_dagrun for load_csv_to_mysql to None, run_after=None
[2025-03-28T04:00:04.034+0000] {processor.py:178} INFO - Processing /opt/airflow/dags/2_load_data.py took 0.694 seconds
[2025-03-28T04:00:34.195+0000] {processor.py:156} INFO - Started process (PID=899) to work on /opt/airflow/dags/2_load_data.py
[2025-03-28T04:00:34.196+0000] {processor.py:799} INFO - Processing file /opt/airflow/dags/2_load_data.py for tasks to queue
[2025-03-28T04:00:34.196+0000] {logging_mixin.py:149} INFO - [2025-03-28T04:00:34.196+0000] {dagbag.py:541} INFO - Filling up the DagBag from /opt/airflow/dags/2_load_data.py
[2025-03-28T04:00:34.751+0000] {processor.py:809} INFO - DAG(s) dict_keys(['load_csv_to_mysql']) retrieved from /opt/airflow/dags/2_load_data.py
[2025-03-28T04:00:34.776+0000] {logging_mixin.py:149} INFO - [2025-03-28T04:00:34.775+0000] {dag.py:2726} INFO - Sync 1 DAGs
[2025-03-28T04:00:34.795+0000] {logging_mixin.py:149} INFO - [2025-03-28T04:00:34.795+0000] {dag.py:3486} INFO - Setting next_dagrun for load_csv_to_mysql to None, run_after=None
[2025-03-28T04:00:34.821+0000] {processor.py:178} INFO - Processing /opt/airflow/dags/2_load_data.py took 0.629 seconds
[2025-03-28T04:01:05.454+0000] {processor.py:156} INFO - Started process (PID=956) to work on /opt/airflow/dags/2_load_data.py
[2025-03-28T04:01:05.456+0000] {processor.py:799} INFO - Processing file /opt/airflow/dags/2_load_data.py for tasks to queue
[2025-03-28T04:01:05.456+0000] {logging_mixin.py:149} INFO - [2025-03-28T04:01:05.456+0000] {dagbag.py:541} INFO - Filling up the DagBag from /opt/airflow/dags/2_load_data.py
[2025-03-28T04:01:05.967+0000] {processor.py:809} INFO - DAG(s) dict_keys(['load_csv_to_mysql']) retrieved from /opt/airflow/dags/2_load_data.py
[2025-03-28T04:01:05.994+0000] {logging_mixin.py:149} INFO - [2025-03-28T04:01:05.993+0000] {dag.py:2726} INFO - Sync 1 DAGs
[2025-03-28T04:01:06.012+0000] {logging_mixin.py:149} INFO - [2025-03-28T04:01:06.012+0000] {dag.py:3486} INFO - Setting next_dagrun for load_csv_to_mysql to None, run_after=None
[2025-03-28T04:01:06.033+0000] {processor.py:178} INFO - Processing /opt/airflow/dags/2_load_data.py took 0.583 seconds
[2025-03-28T04:01:36.644+0000] {processor.py:156} INFO - Started process (PID=1013) to work on /opt/airflow/dags/2_load_data.py
[2025-03-28T04:01:36.645+0000] {processor.py:799} INFO - Processing file /opt/airflow/dags/2_load_data.py for tasks to queue
[2025-03-28T04:01:36.645+0000] {logging_mixin.py:149} INFO - [2025-03-28T04:01:36.645+0000] {dagbag.py:541} INFO - Filling up the DagBag from /opt/airflow/dags/2_load_data.py
[2025-03-28T04:01:37.197+0000] {processor.py:809} INFO - DAG(s) dict_keys(['load_csv_to_mysql']) retrieved from /opt/airflow/dags/2_load_data.py
[2025-03-28T04:01:37.222+0000] {logging_mixin.py:149} INFO - [2025-03-28T04:01:37.221+0000] {dag.py:2726} INFO - Sync 1 DAGs
[2025-03-28T04:01:37.241+0000] {logging_mixin.py:149} INFO - [2025-03-28T04:01:37.241+0000] {dag.py:3486} INFO - Setting next_dagrun for load_csv_to_mysql to None, run_after=None
[2025-03-28T04:01:37.260+0000] {processor.py:178} INFO - Processing /opt/airflow/dags/2_load_data.py took 0.619 seconds
[2025-03-28T04:02:07.891+0000] {processor.py:156} INFO - Started process (PID=1070) to work on /opt/airflow/dags/2_load_data.py
[2025-03-28T04:02:07.893+0000] {processor.py:799} INFO - Processing file /opt/airflow/dags/2_load_data.py for tasks to queue
[2025-03-28T04:02:07.894+0000] {logging_mixin.py:149} INFO - [2025-03-28T04:02:07.893+0000] {dagbag.py:541} INFO - Filling up the DagBag from /opt/airflow/dags/2_load_data.py
[2025-03-28T04:02:08.549+0000] {processor.py:809} INFO - DAG(s) dict_keys(['load_csv_to_mysql']) retrieved from /opt/airflow/dags/2_load_data.py
[2025-03-28T04:02:08.578+0000] {logging_mixin.py:149} INFO - [2025-03-28T04:02:08.578+0000] {dag.py:2726} INFO - Sync 1 DAGs
[2025-03-28T04:02:08.597+0000] {logging_mixin.py:149} INFO - [2025-03-28T04:02:08.597+0000] {dag.py:3486} INFO - Setting next_dagrun for load_csv_to_mysql to None, run_after=None
[2025-03-28T04:02:08.619+0000] {processor.py:178} INFO - Processing /opt/airflow/dags/2_load_data.py took 0.731 seconds
[2025-03-28T04:02:39.137+0000] {processor.py:156} INFO - Started process (PID=1127) to work on /opt/airflow/dags/2_load_data.py
[2025-03-28T04:02:39.142+0000] {processor.py:799} INFO - Processing file /opt/airflow/dags/2_load_data.py for tasks to queue
[2025-03-28T04:02:39.142+0000] {logging_mixin.py:149} INFO - [2025-03-28T04:02:39.142+0000] {dagbag.py:541} INFO - Filling up the DagBag from /opt/airflow/dags/2_load_data.py
[2025-03-28T04:02:39.731+0000] {processor.py:809} INFO - DAG(s) dict_keys(['load_csv_to_mysql']) retrieved from /opt/airflow/dags/2_load_data.py
[2025-03-28T04:02:39.755+0000] {logging_mixin.py:149} INFO - [2025-03-28T04:02:39.754+0000] {dag.py:2726} INFO - Sync 1 DAGs
[2025-03-28T04:02:39.776+0000] {logging_mixin.py:149} INFO - [2025-03-28T04:02:39.776+0000] {dag.py:3486} INFO - Setting next_dagrun for load_csv_to_mysql to None, run_after=None
[2025-03-28T04:02:39.800+0000] {processor.py:178} INFO - Processing /opt/airflow/dags/2_load_data.py took 0.666 seconds
[2025-03-28T04:03:10.393+0000] {processor.py:156} INFO - Started process (PID=1184) to work on /opt/airflow/dags/2_load_data.py
[2025-03-28T04:03:10.398+0000] {processor.py:799} INFO - Processing file /opt/airflow/dags/2_load_data.py for tasks to queue
[2025-03-28T04:03:10.399+0000] {logging_mixin.py:149} INFO - [2025-03-28T04:03:10.398+0000] {dagbag.py:541} INFO - Filling up the DagBag from /opt/airflow/dags/2_load_data.py
[2025-03-28T04:03:11.005+0000] {processor.py:809} INFO - DAG(s) dict_keys(['load_csv_to_mysql']) retrieved from /opt/airflow/dags/2_load_data.py
[2025-03-28T04:03:11.029+0000] {logging_mixin.py:149} INFO - [2025-03-28T04:03:11.029+0000] {dag.py:2726} INFO - Sync 1 DAGs
[2025-03-28T04:03:11.052+0000] {logging_mixin.py:149} INFO - [2025-03-28T04:03:11.051+0000] {dag.py:3486} INFO - Setting next_dagrun for load_csv_to_mysql to None, run_after=None
[2025-03-28T04:03:11.072+0000] {processor.py:178} INFO - Processing /opt/airflow/dags/2_load_data.py took 0.683 seconds
[2025-03-28T04:03:41.241+0000] {processor.py:156} INFO - Started process (PID=1241) to work on /opt/airflow/dags/2_load_data.py
[2025-03-28T04:03:41.246+0000] {processor.py:799} INFO - Processing file /opt/airflow/dags/2_load_data.py for tasks to queue
[2025-03-28T04:03:41.246+0000] {logging_mixin.py:149} INFO - [2025-03-28T04:03:41.246+0000] {dagbag.py:541} INFO - Filling up the DagBag from /opt/airflow/dags/2_load_data.py
[2025-03-28T04:03:41.980+0000] {processor.py:809} INFO - DAG(s) dict_keys(['load_csv_to_mysql']) retrieved from /opt/airflow/dags/2_load_data.py
[2025-03-28T04:03:42.024+0000] {logging_mixin.py:149} INFO - [2025-03-28T04:03:42.023+0000] {dag.py:2726} INFO - Sync 1 DAGs
[2025-03-28T04:03:42.066+0000] {logging_mixin.py:149} INFO - [2025-03-28T04:03:42.066+0000] {dag.py:3486} INFO - Setting next_dagrun for load_csv_to_mysql to None, run_after=None
[2025-03-28T04:03:42.095+0000] {processor.py:178} INFO - Processing /opt/airflow/dags/2_load_data.py took 0.857 seconds
[2025-03-28T04:04:12.480+0000] {processor.py:156} INFO - Started process (PID=1298) to work on /opt/airflow/dags/2_load_data.py
[2025-03-28T04:04:12.484+0000] {processor.py:799} INFO - Processing file /opt/airflow/dags/2_load_data.py for tasks to queue
[2025-03-28T04:04:12.485+0000] {logging_mixin.py:149} INFO - [2025-03-28T04:04:12.485+0000] {dagbag.py:541} INFO - Filling up the DagBag from /opt/airflow/dags/2_load_data.py
[2025-03-28T04:04:13.148+0000] {processor.py:809} INFO - DAG(s) dict_keys(['load_csv_to_mysql']) retrieved from /opt/airflow/dags/2_load_data.py
[2025-03-28T04:04:13.175+0000] {logging_mixin.py:149} INFO - [2025-03-28T04:04:13.174+0000] {dag.py:2726} INFO - Sync 1 DAGs
[2025-03-28T04:04:13.194+0000] {logging_mixin.py:149} INFO - [2025-03-28T04:04:13.194+0000] {dag.py:3486} INFO - Setting next_dagrun for load_csv_to_mysql to None, run_after=None
[2025-03-28T04:04:13.218+0000] {processor.py:178} INFO - Processing /opt/airflow/dags/2_load_data.py took 0.741 seconds
[2025-03-28T04:04:43.705+0000] {processor.py:156} INFO - Started process (PID=1355) to work on /opt/airflow/dags/2_load_data.py
[2025-03-28T04:04:43.710+0000] {processor.py:799} INFO - Processing file /opt/airflow/dags/2_load_data.py for tasks to queue
[2025-03-28T04:04:43.712+0000] {logging_mixin.py:149} INFO - [2025-03-28T04:04:43.711+0000] {dagbag.py:541} INFO - Filling up the DagBag from /opt/airflow/dags/2_load_data.py
[2025-03-28T04:04:44.326+0000] {processor.py:809} INFO - DAG(s) dict_keys(['load_csv_to_mysql']) retrieved from /opt/airflow/dags/2_load_data.py
[2025-03-28T04:04:44.350+0000] {logging_mixin.py:149} INFO - [2025-03-28T04:04:44.349+0000] {dag.py:2726} INFO - Sync 1 DAGs
[2025-03-28T04:04:44.368+0000] {logging_mixin.py:149} INFO - [2025-03-28T04:04:44.368+0000] {dag.py:3486} INFO - Setting next_dagrun for load_csv_to_mysql to None, run_after=None
[2025-03-28T04:04:44.390+0000] {processor.py:178} INFO - Processing /opt/airflow/dags/2_load_data.py took 0.688 seconds
[2025-03-28T04:05:14.941+0000] {processor.py:156} INFO - Started process (PID=1412) to work on /opt/airflow/dags/2_load_data.py
[2025-03-28T04:05:14.946+0000] {processor.py:799} INFO - Processing file /opt/airflow/dags/2_load_data.py for tasks to queue
[2025-03-28T04:05:14.946+0000] {logging_mixin.py:149} INFO - [2025-03-28T04:05:14.946+0000] {dagbag.py:541} INFO - Filling up the DagBag from /opt/airflow/dags/2_load_data.py
[2025-03-28T04:05:15.467+0000] {processor.py:809} INFO - DAG(s) dict_keys(['load_csv_to_mysql']) retrieved from /opt/airflow/dags/2_load_data.py
[2025-03-28T04:05:15.489+0000] {logging_mixin.py:149} INFO - [2025-03-28T04:05:15.488+0000] {dag.py:2726} INFO - Sync 1 DAGs
[2025-03-28T04:05:15.508+0000] {logging_mixin.py:149} INFO - [2025-03-28T04:05:15.508+0000] {dag.py:3486} INFO - Setting next_dagrun for load_csv_to_mysql to None, run_after=None
[2025-03-28T04:05:15.527+0000] {processor.py:178} INFO - Processing /opt/airflow/dags/2_load_data.py took 0.588 seconds
[2025-03-28T04:05:46.187+0000] {processor.py:156} INFO - Started process (PID=1469) to work on /opt/airflow/dags/2_load_data.py
[2025-03-28T04:05:46.191+0000] {processor.py:799} INFO - Processing file /opt/airflow/dags/2_load_data.py for tasks to queue
[2025-03-28T04:05:46.192+0000] {logging_mixin.py:149} INFO - [2025-03-28T04:05:46.192+0000] {dagbag.py:541} INFO - Filling up the DagBag from /opt/airflow/dags/2_load_data.py
[2025-03-28T04:05:46.702+0000] {processor.py:809} INFO - DAG(s) dict_keys(['load_csv_to_mysql']) retrieved from /opt/airflow/dags/2_load_data.py
[2025-03-28T04:05:46.726+0000] {logging_mixin.py:149} INFO - [2025-03-28T04:05:46.726+0000] {dag.py:2726} INFO - Sync 1 DAGs
[2025-03-28T04:05:46.751+0000] {logging_mixin.py:149} INFO - [2025-03-28T04:05:46.751+0000] {dag.py:3486} INFO - Setting next_dagrun for load_csv_to_mysql to None, run_after=None
[2025-03-28T04:05:46.773+0000] {processor.py:178} INFO - Processing /opt/airflow/dags/2_load_data.py took 0.591 seconds
[2025-03-28T04:06:17.540+0000] {processor.py:156} INFO - Started process (PID=1526) to work on /opt/airflow/dags/2_load_data.py
[2025-03-28T04:06:17.544+0000] {processor.py:799} INFO - Processing file /opt/airflow/dags/2_load_data.py for tasks to queue
[2025-03-28T04:06:17.545+0000] {logging_mixin.py:149} INFO - [2025-03-28T04:06:17.545+0000] {dagbag.py:541} INFO - Filling up the DagBag from /opt/airflow/dags/2_load_data.py
[2025-03-28T04:06:18.064+0000] {processor.py:809} INFO - DAG(s) dict_keys(['load_csv_to_mysql']) retrieved from /opt/airflow/dags/2_load_data.py
[2025-03-28T04:06:18.086+0000] {logging_mixin.py:149} INFO - [2025-03-28T04:06:18.086+0000] {dag.py:2726} INFO - Sync 1 DAGs
[2025-03-28T04:06:18.107+0000] {logging_mixin.py:149} INFO - [2025-03-28T04:06:18.107+0000] {dag.py:3486} INFO - Setting next_dagrun for load_csv_to_mysql to None, run_after=None
[2025-03-28T04:06:18.128+0000] {processor.py:178} INFO - Processing /opt/airflow/dags/2_load_data.py took 0.591 seconds
[2025-03-28T04:06:48.950+0000] {processor.py:156} INFO - Started process (PID=1583) to work on /opt/airflow/dags/2_load_data.py
[2025-03-28T04:06:48.954+0000] {processor.py:799} INFO - Processing file /opt/airflow/dags/2_load_data.py for tasks to queue
[2025-03-28T04:06:48.955+0000] {logging_mixin.py:149} INFO - [2025-03-28T04:06:48.955+0000] {dagbag.py:541} INFO - Filling up the DagBag from /opt/airflow/dags/2_load_data.py
[2025-03-28T04:06:49.536+0000] {processor.py:809} INFO - DAG(s) dict_keys(['load_csv_to_mysql']) retrieved from /opt/airflow/dags/2_load_data.py
[2025-03-28T04:06:49.558+0000] {logging_mixin.py:149} INFO - [2025-03-28T04:06:49.558+0000] {dag.py:2726} INFO - Sync 1 DAGs
[2025-03-28T04:06:49.577+0000] {logging_mixin.py:149} INFO - [2025-03-28T04:06:49.577+0000] {dag.py:3486} INFO - Setting next_dagrun for load_csv_to_mysql to None, run_after=None
[2025-03-28T04:06:49.597+0000] {processor.py:178} INFO - Processing /opt/airflow/dags/2_load_data.py took 0.650 seconds
[2025-03-28T04:07:20.282+0000] {processor.py:156} INFO - Started process (PID=1640) to work on /opt/airflow/dags/2_load_data.py
[2025-03-28T04:07:20.295+0000] {processor.py:799} INFO - Processing file /opt/airflow/dags/2_load_data.py for tasks to queue
[2025-03-28T04:07:20.296+0000] {logging_mixin.py:149} INFO - [2025-03-28T04:07:20.295+0000] {dagbag.py:541} INFO - Filling up the DagBag from /opt/airflow/dags/2_load_data.py
[2025-03-28T04:07:20.812+0000] {processor.py:809} INFO - DAG(s) dict_keys(['load_csv_to_mysql']) retrieved from /opt/airflow/dags/2_load_data.py
[2025-03-28T04:07:20.835+0000] {logging_mixin.py:149} INFO - [2025-03-28T04:07:20.834+0000] {dag.py:2726} INFO - Sync 1 DAGs
[2025-03-28T04:07:20.856+0000] {logging_mixin.py:149} INFO - [2025-03-28T04:07:20.856+0000] {dag.py:3486} INFO - Setting next_dagrun for load_csv_to_mysql to None, run_after=None
[2025-03-28T04:07:20.877+0000] {processor.py:178} INFO - Processing /opt/airflow/dags/2_load_data.py took 0.599 seconds
[2025-03-28T04:07:51.667+0000] {processor.py:156} INFO - Started process (PID=1697) to work on /opt/airflow/dags/2_load_data.py
[2025-03-28T04:07:51.668+0000] {processor.py:799} INFO - Processing file /opt/airflow/dags/2_load_data.py for tasks to queue
[2025-03-28T04:07:51.668+0000] {logging_mixin.py:149} INFO - [2025-03-28T04:07:51.668+0000] {dagbag.py:541} INFO - Filling up the DagBag from /opt/airflow/dags/2_load_data.py
[2025-03-28T04:07:52.212+0000] {processor.py:809} INFO - DAG(s) dict_keys(['load_csv_to_mysql']) retrieved from /opt/airflow/dags/2_load_data.py
[2025-03-28T04:07:52.240+0000] {logging_mixin.py:149} INFO - [2025-03-28T04:07:52.240+0000] {dag.py:2726} INFO - Sync 1 DAGs
[2025-03-28T04:07:52.263+0000] {logging_mixin.py:149} INFO - [2025-03-28T04:07:52.263+0000] {dag.py:3486} INFO - Setting next_dagrun for load_csv_to_mysql to None, run_after=None
[2025-03-28T04:07:52.285+0000] {processor.py:178} INFO - Processing /opt/airflow/dags/2_load_data.py took 0.621 seconds
[2025-03-28T04:08:22.350+0000] {processor.py:156} INFO - Started process (PID=1754) to work on /opt/airflow/dags/2_load_data.py
[2025-03-28T04:08:22.355+0000] {processor.py:799} INFO - Processing file /opt/airflow/dags/2_load_data.py for tasks to queue
[2025-03-28T04:08:22.356+0000] {logging_mixin.py:149} INFO - [2025-03-28T04:08:22.355+0000] {dagbag.py:541} INFO - Filling up the DagBag from /opt/airflow/dags/2_load_data.py
[2025-03-28T04:08:22.954+0000] {processor.py:809} INFO - DAG(s) dict_keys(['load_csv_to_mysql']) retrieved from /opt/airflow/dags/2_load_data.py
[2025-03-28T04:08:22.976+0000] {logging_mixin.py:149} INFO - [2025-03-28T04:08:22.975+0000] {dag.py:2726} INFO - Sync 1 DAGs
[2025-03-28T04:08:22.994+0000] {logging_mixin.py:149} INFO - [2025-03-28T04:08:22.993+0000] {dag.py:3486} INFO - Setting next_dagrun for load_csv_to_mysql to None, run_after=None
[2025-03-28T04:08:23.017+0000] {processor.py:178} INFO - Processing /opt/airflow/dags/2_load_data.py took 0.671 seconds
[2025-03-28T04:08:53.286+0000] {processor.py:156} INFO - Started process (PID=1811) to work on /opt/airflow/dags/2_load_data.py
[2025-03-28T04:08:53.291+0000] {processor.py:799} INFO - Processing file /opt/airflow/dags/2_load_data.py for tasks to queue
[2025-03-28T04:08:53.293+0000] {logging_mixin.py:149} INFO - [2025-03-28T04:08:53.292+0000] {dagbag.py:541} INFO - Filling up the DagBag from /opt/airflow/dags/2_load_data.py
[2025-03-28T04:08:53.823+0000] {processor.py:809} INFO - DAG(s) dict_keys(['load_csv_to_mysql']) retrieved from /opt/airflow/dags/2_load_data.py
[2025-03-28T04:08:53.847+0000] {logging_mixin.py:149} INFO - [2025-03-28T04:08:53.846+0000] {dag.py:2726} INFO - Sync 1 DAGs
[2025-03-28T04:08:53.866+0000] {logging_mixin.py:149} INFO - [2025-03-28T04:08:53.866+0000] {dag.py:3486} INFO - Setting next_dagrun for load_csv_to_mysql to None, run_after=None
[2025-03-28T04:08:53.886+0000] {processor.py:178} INFO - Processing /opt/airflow/dags/2_load_data.py took 0.602 seconds
[2025-03-28T04:09:23.952+0000] {processor.py:156} INFO - Started process (PID=1875) to work on /opt/airflow/dags/2_load_data.py
[2025-03-28T04:09:23.957+0000] {processor.py:799} INFO - Processing file /opt/airflow/dags/2_load_data.py for tasks to queue
[2025-03-28T04:09:23.958+0000] {logging_mixin.py:149} INFO - [2025-03-28T04:09:23.958+0000] {dagbag.py:541} INFO - Filling up the DagBag from /opt/airflow/dags/2_load_data.py
[2025-03-28T04:09:24.486+0000] {processor.py:809} INFO - DAG(s) dict_keys(['load_csv_to_mysql']) retrieved from /opt/airflow/dags/2_load_data.py
[2025-03-28T04:09:24.511+0000] {logging_mixin.py:149} INFO - [2025-03-28T04:09:24.511+0000] {dag.py:2726} INFO - Sync 1 DAGs
[2025-03-28T04:09:24.531+0000] {logging_mixin.py:149} INFO - [2025-03-28T04:09:24.531+0000] {dag.py:3486} INFO - Setting next_dagrun for load_csv_to_mysql to None, run_after=None
[2025-03-28T04:09:24.551+0000] {processor.py:178} INFO - Processing /opt/airflow/dags/2_load_data.py took 0.602 seconds
[2025-03-28T04:09:55.191+0000] {processor.py:156} INFO - Started process (PID=1932) to work on /opt/airflow/dags/2_load_data.py
[2025-03-28T04:09:55.197+0000] {processor.py:799} INFO - Processing file /opt/airflow/dags/2_load_data.py for tasks to queue
[2025-03-28T04:09:55.198+0000] {logging_mixin.py:149} INFO - [2025-03-28T04:09:55.197+0000] {dagbag.py:541} INFO - Filling up the DagBag from /opt/airflow/dags/2_load_data.py
[2025-03-28T04:09:55.709+0000] {processor.py:809} INFO - DAG(s) dict_keys(['load_csv_to_mysql']) retrieved from /opt/airflow/dags/2_load_data.py
[2025-03-28T04:09:55.731+0000] {logging_mixin.py:149} INFO - [2025-03-28T04:09:55.731+0000] {dag.py:2726} INFO - Sync 1 DAGs
[2025-03-28T04:09:55.754+0000] {logging_mixin.py:149} INFO - [2025-03-28T04:09:55.754+0000] {dag.py:3486} INFO - Setting next_dagrun for load_csv_to_mysql to None, run_after=None
[2025-03-28T04:09:55.778+0000] {processor.py:178} INFO - Processing /opt/airflow/dags/2_load_data.py took 0.589 seconds
[2025-03-28T04:10:25.832+0000] {processor.py:156} INFO - Started process (PID=1989) to work on /opt/airflow/dags/2_load_data.py
[2025-03-28T04:10:25.836+0000] {processor.py:799} INFO - Processing file /opt/airflow/dags/2_load_data.py for tasks to queue
[2025-03-28T04:10:25.837+0000] {logging_mixin.py:149} INFO - [2025-03-28T04:10:25.837+0000] {dagbag.py:541} INFO - Filling up the DagBag from /opt/airflow/dags/2_load_data.py
[2025-03-28T04:10:26.392+0000] {processor.py:809} INFO - DAG(s) dict_keys(['load_csv_to_mysql']) retrieved from /opt/airflow/dags/2_load_data.py
[2025-03-28T04:10:26.416+0000] {logging_mixin.py:149} INFO - [2025-03-28T04:10:26.415+0000] {dag.py:2726} INFO - Sync 1 DAGs
[2025-03-28T04:10:26.433+0000] {logging_mixin.py:149} INFO - [2025-03-28T04:10:26.433+0000] {dag.py:3486} INFO - Setting next_dagrun for load_csv_to_mysql to None, run_after=None
[2025-03-28T04:10:26.455+0000] {processor.py:178} INFO - Processing /opt/airflow/dags/2_load_data.py took 0.626 seconds
[2025-03-28T04:10:56.732+0000] {processor.py:156} INFO - Started process (PID=2046) to work on /opt/airflow/dags/2_load_data.py
[2025-03-28T04:10:56.737+0000] {processor.py:799} INFO - Processing file /opt/airflow/dags/2_load_data.py for tasks to queue
[2025-03-28T04:10:56.738+0000] {logging_mixin.py:149} INFO - [2025-03-28T04:10:56.738+0000] {dagbag.py:541} INFO - Filling up the DagBag from /opt/airflow/dags/2_load_data.py
[2025-03-28T04:10:57.285+0000] {processor.py:809} INFO - DAG(s) dict_keys(['load_csv_to_mysql']) retrieved from /opt/airflow/dags/2_load_data.py
[2025-03-28T04:10:57.312+0000] {logging_mixin.py:149} INFO - [2025-03-28T04:10:57.311+0000] {dag.py:2726} INFO - Sync 1 DAGs
[2025-03-28T04:10:57.331+0000] {logging_mixin.py:149} INFO - [2025-03-28T04:10:57.331+0000] {dag.py:3486} INFO - Setting next_dagrun for load_csv_to_mysql to None, run_after=None
[2025-03-28T04:10:57.352+0000] {processor.py:178} INFO - Processing /opt/airflow/dags/2_load_data.py took 0.623 seconds
[2025-03-28T04:11:28.069+0000] {processor.py:156} INFO - Started process (PID=2103) to work on /opt/airflow/dags/2_load_data.py
[2025-03-28T04:11:28.074+0000] {processor.py:799} INFO - Processing file /opt/airflow/dags/2_load_data.py for tasks to queue
[2025-03-28T04:11:28.075+0000] {logging_mixin.py:149} INFO - [2025-03-28T04:11:28.075+0000] {dagbag.py:541} INFO - Filling up the DagBag from /opt/airflow/dags/2_load_data.py
[2025-03-28T04:11:28.683+0000] {processor.py:809} INFO - DAG(s) dict_keys(['load_csv_to_mysql']) retrieved from /opt/airflow/dags/2_load_data.py
[2025-03-28T04:11:28.706+0000] {logging_mixin.py:149} INFO - [2025-03-28T04:11:28.706+0000] {dag.py:2726} INFO - Sync 1 DAGs
[2025-03-28T04:11:28.727+0000] {logging_mixin.py:149} INFO - [2025-03-28T04:11:28.726+0000] {dag.py:3486} INFO - Setting next_dagrun for load_csv_to_mysql to None, run_after=None
[2025-03-28T04:11:28.754+0000] {processor.py:178} INFO - Processing /opt/airflow/dags/2_load_data.py took 0.689 seconds
[2025-03-28T04:11:59.468+0000] {processor.py:156} INFO - Started process (PID=2160) to work on /opt/airflow/dags/2_load_data.py
[2025-03-28T04:11:59.472+0000] {processor.py:799} INFO - Processing file /opt/airflow/dags/2_load_data.py for tasks to queue
[2025-03-28T04:11:59.473+0000] {logging_mixin.py:149} INFO - [2025-03-28T04:11:59.473+0000] {dagbag.py:541} INFO - Filling up the DagBag from /opt/airflow/dags/2_load_data.py
[2025-03-28T04:11:59.985+0000] {processor.py:809} INFO - DAG(s) dict_keys(['load_csv_to_mysql']) retrieved from /opt/airflow/dags/2_load_data.py
[2025-03-28T04:12:00.005+0000] {logging_mixin.py:149} INFO - [2025-03-28T04:12:00.005+0000] {dag.py:2726} INFO - Sync 1 DAGs
[2025-03-28T04:12:00.025+0000] {logging_mixin.py:149} INFO - [2025-03-28T04:12:00.025+0000] {dag.py:3486} INFO - Setting next_dagrun for load_csv_to_mysql to None, run_after=None
[2025-03-28T04:12:00.053+0000] {processor.py:178} INFO - Processing /opt/airflow/dags/2_load_data.py took 0.587 seconds
[2025-03-28T04:12:30.834+0000] {processor.py:156} INFO - Started process (PID=2218) to work on /opt/airflow/dags/2_load_data.py
[2025-03-28T04:12:30.836+0000] {processor.py:799} INFO - Processing file /opt/airflow/dags/2_load_data.py for tasks to queue
[2025-03-28T04:12:30.836+0000] {logging_mixin.py:149} INFO - [2025-03-28T04:12:30.836+0000] {dagbag.py:541} INFO - Filling up the DagBag from /opt/airflow/dags/2_load_data.py
[2025-03-28T04:12:31.428+0000] {processor.py:809} INFO - DAG(s) dict_keys(['load_csv_to_mysql']) retrieved from /opt/airflow/dags/2_load_data.py
[2025-03-28T04:12:31.452+0000] {logging_mixin.py:149} INFO - [2025-03-28T04:12:31.452+0000] {dag.py:2726} INFO - Sync 1 DAGs
[2025-03-28T04:12:31.471+0000] {logging_mixin.py:149} INFO - [2025-03-28T04:12:31.471+0000] {dag.py:3486} INFO - Setting next_dagrun for load_csv_to_mysql to None, run_after=None
[2025-03-28T04:12:31.492+0000] {processor.py:178} INFO - Processing /opt/airflow/dags/2_load_data.py took 0.661 seconds
[2025-03-28T04:13:02.181+0000] {processor.py:156} INFO - Started process (PID=2275) to work on /opt/airflow/dags/2_load_data.py
[2025-03-28T04:13:02.186+0000] {processor.py:799} INFO - Processing file /opt/airflow/dags/2_load_data.py for tasks to queue
[2025-03-28T04:13:02.187+0000] {logging_mixin.py:149} INFO - [2025-03-28T04:13:02.187+0000] {dagbag.py:541} INFO - Filling up the DagBag from /opt/airflow/dags/2_load_data.py
[2025-03-28T04:13:02.785+0000] {processor.py:809} INFO - DAG(s) dict_keys(['load_csv_to_mysql']) retrieved from /opt/airflow/dags/2_load_data.py
[2025-03-28T04:13:02.809+0000] {logging_mixin.py:149} INFO - [2025-03-28T04:13:02.809+0000] {dag.py:2726} INFO - Sync 1 DAGs
[2025-03-28T04:13:02.832+0000] {logging_mixin.py:149} INFO - [2025-03-28T04:13:02.831+0000] {dag.py:3486} INFO - Setting next_dagrun for load_csv_to_mysql to None, run_after=None
[2025-03-28T04:13:02.853+0000] {processor.py:178} INFO - Processing /opt/airflow/dags/2_load_data.py took 0.675 seconds
[2025-03-28T04:13:33.432+0000] {processor.py:156} INFO - Started process (PID=2332) to work on /opt/airflow/dags/2_load_data.py
[2025-03-28T04:13:33.436+0000] {processor.py:799} INFO - Processing file /opt/airflow/dags/2_load_data.py for tasks to queue
[2025-03-28T04:13:33.437+0000] {logging_mixin.py:149} INFO - [2025-03-28T04:13:33.437+0000] {dagbag.py:541} INFO - Filling up the DagBag from /opt/airflow/dags/2_load_data.py
[2025-03-28T04:13:34.014+0000] {processor.py:809} INFO - DAG(s) dict_keys(['load_csv_to_mysql']) retrieved from /opt/airflow/dags/2_load_data.py
[2025-03-28T04:13:34.038+0000] {logging_mixin.py:149} INFO - [2025-03-28T04:13:34.037+0000] {dag.py:2726} INFO - Sync 1 DAGs
[2025-03-28T04:13:34.056+0000] {logging_mixin.py:149} INFO - [2025-03-28T04:13:34.056+0000] {dag.py:3486} INFO - Setting next_dagrun for load_csv_to_mysql to None, run_after=None
[2025-03-28T04:13:34.077+0000] {processor.py:178} INFO - Processing /opt/airflow/dags/2_load_data.py took 0.648 seconds
[2025-03-28T04:14:04.676+0000] {processor.py:156} INFO - Started process (PID=2389) to work on /opt/airflow/dags/2_load_data.py
[2025-03-28T04:14:04.681+0000] {processor.py:799} INFO - Processing file /opt/airflow/dags/2_load_data.py for tasks to queue
[2025-03-28T04:14:04.682+0000] {logging_mixin.py:149} INFO - [2025-03-28T04:14:04.682+0000] {dagbag.py:541} INFO - Filling up the DagBag from /opt/airflow/dags/2_load_data.py
[2025-03-28T04:14:05.292+0000] {processor.py:809} INFO - DAG(s) dict_keys(['load_csv_to_mysql']) retrieved from /opt/airflow/dags/2_load_data.py
[2025-03-28T04:14:05.315+0000] {logging_mixin.py:149} INFO - [2025-03-28T04:14:05.314+0000] {dag.py:2726} INFO - Sync 1 DAGs
[2025-03-28T04:14:05.331+0000] {logging_mixin.py:149} INFO - [2025-03-28T04:14:05.331+0000] {dag.py:3486} INFO - Setting next_dagrun for load_csv_to_mysql to None, run_after=None
[2025-03-28T04:14:05.349+0000] {processor.py:178} INFO - Processing /opt/airflow/dags/2_load_data.py took 0.676 seconds
[2025-03-28T04:14:35.921+0000] {processor.py:156} INFO - Started process (PID=2446) to work on /opt/airflow/dags/2_load_data.py
[2025-03-28T04:14:35.926+0000] {processor.py:799} INFO - Processing file /opt/airflow/dags/2_load_data.py for tasks to queue
[2025-03-28T04:14:35.926+0000] {logging_mixin.py:149} INFO - [2025-03-28T04:14:35.926+0000] {dagbag.py:541} INFO - Filling up the DagBag from /opt/airflow/dags/2_load_data.py
[2025-03-28T04:14:36.475+0000] {processor.py:809} INFO - DAG(s) dict_keys(['load_csv_to_mysql']) retrieved from /opt/airflow/dags/2_load_data.py
[2025-03-28T04:14:36.499+0000] {logging_mixin.py:149} INFO - [2025-03-28T04:14:36.499+0000] {dag.py:2726} INFO - Sync 1 DAGs
[2025-03-28T04:14:36.518+0000] {logging_mixin.py:149} INFO - [2025-03-28T04:14:36.518+0000] {dag.py:3486} INFO - Setting next_dagrun for load_csv_to_mysql to None, run_after=None
[2025-03-28T04:14:36.541+0000] {processor.py:178} INFO - Processing /opt/airflow/dags/2_load_data.py took 0.622 seconds
[2025-03-28T04:15:07.188+0000] {processor.py:156} INFO - Started process (PID=2503) to work on /opt/airflow/dags/2_load_data.py
[2025-03-28T04:15:07.193+0000] {processor.py:799} INFO - Processing file /opt/airflow/dags/2_load_data.py for tasks to queue
[2025-03-28T04:15:07.194+0000] {logging_mixin.py:149} INFO - [2025-03-28T04:15:07.194+0000] {dagbag.py:541} INFO - Filling up the DagBag from /opt/airflow/dags/2_load_data.py
[2025-03-28T04:15:07.751+0000] {processor.py:809} INFO - DAG(s) dict_keys(['load_csv_to_mysql']) retrieved from /opt/airflow/dags/2_load_data.py
[2025-03-28T04:15:07.776+0000] {logging_mixin.py:149} INFO - [2025-03-28T04:15:07.776+0000] {dag.py:2726} INFO - Sync 1 DAGs
[2025-03-28T04:15:07.794+0000] {logging_mixin.py:149} INFO - [2025-03-28T04:15:07.794+0000] {dag.py:3486} INFO - Setting next_dagrun for load_csv_to_mysql to None, run_after=None
[2025-03-28T04:15:07.816+0000] {processor.py:178} INFO - Processing /opt/airflow/dags/2_load_data.py took 0.631 seconds
[2025-03-28T04:15:38.331+0000] {processor.py:156} INFO - Started process (PID=2560) to work on /opt/airflow/dags/2_load_data.py
[2025-03-28T04:15:38.336+0000] {processor.py:799} INFO - Processing file /opt/airflow/dags/2_load_data.py for tasks to queue
[2025-03-28T04:15:38.337+0000] {logging_mixin.py:149} INFO - [2025-03-28T04:15:38.337+0000] {dagbag.py:541} INFO - Filling up the DagBag from /opt/airflow/dags/2_load_data.py
[2025-03-28T04:15:38.863+0000] {processor.py:809} INFO - DAG(s) dict_keys(['load_csv_to_mysql']) retrieved from /opt/airflow/dags/2_load_data.py
[2025-03-28T04:15:38.888+0000] {logging_mixin.py:149} INFO - [2025-03-28T04:15:38.887+0000] {dag.py:2726} INFO - Sync 1 DAGs
[2025-03-28T04:15:38.908+0000] {logging_mixin.py:149} INFO - [2025-03-28T04:15:38.908+0000] {dag.py:3486} INFO - Setting next_dagrun for load_csv_to_mysql to None, run_after=None
[2025-03-28T04:15:38.932+0000] {processor.py:178} INFO - Processing /opt/airflow/dags/2_load_data.py took 0.603 seconds
[2025-03-28T04:16:09.588+0000] {processor.py:156} INFO - Started process (PID=2617) to work on /opt/airflow/dags/2_load_data.py
[2025-03-28T04:16:09.592+0000] {processor.py:799} INFO - Processing file /opt/airflow/dags/2_load_data.py for tasks to queue
[2025-03-28T04:16:09.593+0000] {logging_mixin.py:149} INFO - [2025-03-28T04:16:09.593+0000] {dagbag.py:541} INFO - Filling up the DagBag from /opt/airflow/dags/2_load_data.py
[2025-03-28T04:16:10.194+0000] {processor.py:809} INFO - DAG(s) dict_keys(['load_csv_to_mysql']) retrieved from /opt/airflow/dags/2_load_data.py
[2025-03-28T04:16:10.220+0000] {logging_mixin.py:149} INFO - [2025-03-28T04:16:10.219+0000] {dag.py:2726} INFO - Sync 1 DAGs
[2025-03-28T04:16:10.246+0000] {logging_mixin.py:149} INFO - [2025-03-28T04:16:10.246+0000] {dag.py:3486} INFO - Setting next_dagrun for load_csv_to_mysql to None, run_after=None
[2025-03-28T04:16:10.272+0000] {processor.py:178} INFO - Processing /opt/airflow/dags/2_load_data.py took 0.688 seconds
[2025-03-28T04:16:40.735+0000] {processor.py:156} INFO - Started process (PID=2674) to work on /opt/airflow/dags/2_load_data.py
[2025-03-28T04:16:40.736+0000] {processor.py:799} INFO - Processing file /opt/airflow/dags/2_load_data.py for tasks to queue
[2025-03-28T04:16:40.737+0000] {logging_mixin.py:149} INFO - [2025-03-28T04:16:40.737+0000] {dagbag.py:541} INFO - Filling up the DagBag from /opt/airflow/dags/2_load_data.py
[2025-03-28T04:16:41.346+0000] {processor.py:809} INFO - DAG(s) dict_keys(['load_csv_to_mysql']) retrieved from /opt/airflow/dags/2_load_data.py
[2025-03-28T04:16:41.370+0000] {logging_mixin.py:149} INFO - [2025-03-28T04:16:41.370+0000] {dag.py:2726} INFO - Sync 1 DAGs
[2025-03-28T04:16:41.389+0000] {logging_mixin.py:149} INFO - [2025-03-28T04:16:41.389+0000] {dag.py:3486} INFO - Setting next_dagrun for load_csv_to_mysql to None, run_after=None
[2025-03-28T04:16:41.412+0000] {processor.py:178} INFO - Processing /opt/airflow/dags/2_load_data.py took 0.680 seconds
[2025-03-28T04:17:11.993+0000] {processor.py:156} INFO - Started process (PID=2731) to work on /opt/airflow/dags/2_load_data.py
[2025-03-28T04:17:11.994+0000] {processor.py:799} INFO - Processing file /opt/airflow/dags/2_load_data.py for tasks to queue
[2025-03-28T04:17:11.995+0000] {logging_mixin.py:149} INFO - [2025-03-28T04:17:11.995+0000] {dagbag.py:541} INFO - Filling up the DagBag from /opt/airflow/dags/2_load_data.py
[2025-03-28T04:17:12.555+0000] {processor.py:809} INFO - DAG(s) dict_keys(['load_csv_to_mysql']) retrieved from /opt/airflow/dags/2_load_data.py
[2025-03-28T04:17:12.579+0000] {logging_mixin.py:149} INFO - [2025-03-28T04:17:12.578+0000] {dag.py:2726} INFO - Sync 1 DAGs
[2025-03-28T04:17:12.598+0000] {logging_mixin.py:149} INFO - [2025-03-28T04:17:12.598+0000] {dag.py:3486} INFO - Setting next_dagrun for load_csv_to_mysql to None, run_after=None
[2025-03-28T04:17:12.623+0000] {processor.py:178} INFO - Processing /opt/airflow/dags/2_load_data.py took 0.633 seconds
[2025-03-28T04:17:42.788+0000] {processor.py:156} INFO - Started process (PID=2788) to work on /opt/airflow/dags/2_load_data.py
[2025-03-28T04:17:42.792+0000] {processor.py:799} INFO - Processing file /opt/airflow/dags/2_load_data.py for tasks to queue
[2025-03-28T04:17:42.794+0000] {logging_mixin.py:149} INFO - [2025-03-28T04:17:42.793+0000] {dagbag.py:541} INFO - Filling up the DagBag from /opt/airflow/dags/2_load_data.py
[2025-03-28T04:17:43.375+0000] {processor.py:809} INFO - DAG(s) dict_keys(['load_csv_to_mysql']) retrieved from /opt/airflow/dags/2_load_data.py
[2025-03-28T04:17:43.398+0000] {logging_mixin.py:149} INFO - [2025-03-28T04:17:43.398+0000] {dag.py:2726} INFO - Sync 1 DAGs
[2025-03-28T04:17:43.416+0000] {logging_mixin.py:149} INFO - [2025-03-28T04:17:43.416+0000] {dag.py:3486} INFO - Setting next_dagrun for load_csv_to_mysql to None, run_after=None
[2025-03-28T04:17:43.440+0000] {processor.py:178} INFO - Processing /opt/airflow/dags/2_load_data.py took 0.656 seconds
[2025-03-28T04:18:14.026+0000] {processor.py:156} INFO - Started process (PID=2845) to work on /opt/airflow/dags/2_load_data.py
[2025-03-28T04:18:14.030+0000] {processor.py:799} INFO - Processing file /opt/airflow/dags/2_load_data.py for tasks to queue
[2025-03-28T04:18:14.032+0000] {logging_mixin.py:149} INFO - [2025-03-28T04:18:14.032+0000] {dagbag.py:541} INFO - Filling up the DagBag from /opt/airflow/dags/2_load_data.py
[2025-03-28T04:18:14.577+0000] {processor.py:809} INFO - DAG(s) dict_keys(['load_csv_to_mysql']) retrieved from /opt/airflow/dags/2_load_data.py
[2025-03-28T04:18:14.598+0000] {logging_mixin.py:149} INFO - [2025-03-28T04:18:14.597+0000] {dag.py:2726} INFO - Sync 1 DAGs
[2025-03-28T04:18:14.620+0000] {logging_mixin.py:149} INFO - [2025-03-28T04:18:14.620+0000] {dag.py:3486} INFO - Setting next_dagrun for load_csv_to_mysql to None, run_after=None
[2025-03-28T04:18:14.643+0000] {processor.py:178} INFO - Processing /opt/airflow/dags/2_load_data.py took 0.620 seconds
[2025-03-28T04:18:44.806+0000] {processor.py:156} INFO - Started process (PID=2902) to work on /opt/airflow/dags/2_load_data.py
[2025-03-28T04:18:44.810+0000] {processor.py:799} INFO - Processing file /opt/airflow/dags/2_load_data.py for tasks to queue
[2025-03-28T04:18:44.811+0000] {logging_mixin.py:149} INFO - [2025-03-28T04:18:44.811+0000] {dagbag.py:541} INFO - Filling up the DagBag from /opt/airflow/dags/2_load_data.py
[2025-03-28T04:18:45.341+0000] {processor.py:809} INFO - DAG(s) dict_keys(['load_csv_to_mysql']) retrieved from /opt/airflow/dags/2_load_data.py
[2025-03-28T04:18:45.366+0000] {logging_mixin.py:149} INFO - [2025-03-28T04:18:45.366+0000] {dag.py:2726} INFO - Sync 1 DAGs
[2025-03-28T04:18:45.386+0000] {logging_mixin.py:149} INFO - [2025-03-28T04:18:45.385+0000] {dag.py:3486} INFO - Setting next_dagrun for load_csv_to_mysql to None, run_after=None
[2025-03-28T04:18:45.406+0000] {processor.py:178} INFO - Processing /opt/airflow/dags/2_load_data.py took 0.603 seconds
[2025-03-28T04:19:15.567+0000] {processor.py:156} INFO - Started process (PID=2959) to work on /opt/airflow/dags/2_load_data.py
[2025-03-28T04:19:15.568+0000] {processor.py:799} INFO - Processing file /opt/airflow/dags/2_load_data.py for tasks to queue
[2025-03-28T04:19:15.568+0000] {logging_mixin.py:149} INFO - [2025-03-28T04:19:15.568+0000] {dagbag.py:541} INFO - Filling up the DagBag from /opt/airflow/dags/2_load_data.py
[2025-03-28T04:19:16.167+0000] {processor.py:809} INFO - DAG(s) dict_keys(['load_csv_to_mysql']) retrieved from /opt/airflow/dags/2_load_data.py
[2025-03-28T04:19:16.191+0000] {logging_mixin.py:149} INFO - [2025-03-28T04:19:16.191+0000] {dag.py:2726} INFO - Sync 1 DAGs
[2025-03-28T04:19:16.212+0000] {logging_mixin.py:149} INFO - [2025-03-28T04:19:16.212+0000] {dag.py:3486} INFO - Setting next_dagrun for load_csv_to_mysql to None, run_after=None
[2025-03-28T04:19:16.234+0000] {processor.py:178} INFO - Processing /opt/airflow/dags/2_load_data.py took 0.670 seconds
[2025-03-28T04:19:46.600+0000] {processor.py:156} INFO - Started process (PID=3016) to work on /opt/airflow/dags/2_load_data.py
[2025-03-28T04:19:46.605+0000] {processor.py:799} INFO - Processing file /opt/airflow/dags/2_load_data.py for tasks to queue
[2025-03-28T04:19:46.605+0000] {logging_mixin.py:149} INFO - [2025-03-28T04:19:46.605+0000] {dagbag.py:541} INFO - Filling up the DagBag from /opt/airflow/dags/2_load_data.py
[2025-03-28T04:19:47.216+0000] {processor.py:809} INFO - DAG(s) dict_keys(['load_csv_to_mysql']) retrieved from /opt/airflow/dags/2_load_data.py
[2025-03-28T04:19:47.241+0000] {logging_mixin.py:149} INFO - [2025-03-28T04:19:47.240+0000] {dag.py:2726} INFO - Sync 1 DAGs
[2025-03-28T04:19:47.264+0000] {logging_mixin.py:149} INFO - [2025-03-28T04:19:47.264+0000] {dag.py:3486} INFO - Setting next_dagrun for load_csv_to_mysql to None, run_after=None
[2025-03-28T04:19:47.284+0000] {processor.py:178} INFO - Processing /opt/airflow/dags/2_load_data.py took 0.688 seconds
[2025-03-28T04:20:18.157+0000] {processor.py:156} INFO - Started process (PID=3073) to work on /opt/airflow/dags/2_load_data.py
[2025-03-28T04:20:18.162+0000] {processor.py:799} INFO - Processing file /opt/airflow/dags/2_load_data.py for tasks to queue
[2025-03-28T04:20:18.163+0000] {logging_mixin.py:149} INFO - [2025-03-28T04:20:18.163+0000] {dagbag.py:541} INFO - Filling up the DagBag from /opt/airflow/dags/2_load_data.py
[2025-03-28T04:20:18.725+0000] {processor.py:809} INFO - DAG(s) dict_keys(['load_csv_to_mysql']) retrieved from /opt/airflow/dags/2_load_data.py
[2025-03-28T04:20:18.748+0000] {logging_mixin.py:149} INFO - [2025-03-28T04:20:18.747+0000] {dag.py:2726} INFO - Sync 1 DAGs
[2025-03-28T04:20:18.768+0000] {logging_mixin.py:149} INFO - [2025-03-28T04:20:18.768+0000] {dag.py:3486} INFO - Setting next_dagrun for load_csv_to_mysql to None, run_after=None
[2025-03-28T04:20:18.792+0000] {processor.py:178} INFO - Processing /opt/airflow/dags/2_load_data.py took 0.637 seconds
[2025-03-28T04:20:49.553+0000] {processor.py:156} INFO - Started process (PID=3130) to work on /opt/airflow/dags/2_load_data.py
[2025-03-28T04:20:49.557+0000] {processor.py:799} INFO - Processing file /opt/airflow/dags/2_load_data.py for tasks to queue
[2025-03-28T04:20:49.558+0000] {logging_mixin.py:149} INFO - [2025-03-28T04:20:49.558+0000] {dagbag.py:541} INFO - Filling up the DagBag from /opt/airflow/dags/2_load_data.py
[2025-03-28T04:20:50.176+0000] {processor.py:809} INFO - DAG(s) dict_keys(['load_csv_to_mysql']) retrieved from /opt/airflow/dags/2_load_data.py
[2025-03-28T04:20:50.208+0000] {logging_mixin.py:149} INFO - [2025-03-28T04:20:50.207+0000] {dag.py:2726} INFO - Sync 1 DAGs
[2025-03-28T04:20:50.227+0000] {logging_mixin.py:149} INFO - [2025-03-28T04:20:50.227+0000] {dag.py:3486} INFO - Setting next_dagrun for load_csv_to_mysql to None, run_after=None
[2025-03-28T04:20:50.252+0000] {processor.py:178} INFO - Processing /opt/airflow/dags/2_load_data.py took 0.702 seconds
[2025-03-28T04:21:20.855+0000] {processor.py:156} INFO - Started process (PID=3187) to work on /opt/airflow/dags/2_load_data.py
[2025-03-28T04:21:20.860+0000] {processor.py:799} INFO - Processing file /opt/airflow/dags/2_load_data.py for tasks to queue
[2025-03-28T04:21:20.861+0000] {logging_mixin.py:149} INFO - [2025-03-28T04:21:20.860+0000] {dagbag.py:541} INFO - Filling up the DagBag from /opt/airflow/dags/2_load_data.py
[2025-03-28T04:21:21.402+0000] {processor.py:809} INFO - DAG(s) dict_keys(['load_csv_to_mysql']) retrieved from /opt/airflow/dags/2_load_data.py
[2025-03-28T04:21:21.424+0000] {logging_mixin.py:149} INFO - [2025-03-28T04:21:21.424+0000] {dag.py:2726} INFO - Sync 1 DAGs
[2025-03-28T04:21:21.446+0000] {logging_mixin.py:149} INFO - [2025-03-28T04:21:21.446+0000] {dag.py:3486} INFO - Setting next_dagrun for load_csv_to_mysql to None, run_after=None
[2025-03-28T04:21:21.470+0000] {processor.py:178} INFO - Processing /opt/airflow/dags/2_load_data.py took 0.619 seconds
[2025-03-28T04:21:52.296+0000] {processor.py:156} INFO - Started process (PID=3244) to work on /opt/airflow/dags/2_load_data.py
[2025-03-28T04:21:52.301+0000] {processor.py:799} INFO - Processing file /opt/airflow/dags/2_load_data.py for tasks to queue
[2025-03-28T04:21:52.302+0000] {logging_mixin.py:149} INFO - [2025-03-28T04:21:52.301+0000] {dagbag.py:541} INFO - Filling up the DagBag from /opt/airflow/dags/2_load_data.py
[2025-03-28T04:21:52.899+0000] {processor.py:809} INFO - DAG(s) dict_keys(['load_csv_to_mysql']) retrieved from /opt/airflow/dags/2_load_data.py
[2025-03-28T04:21:52.922+0000] {logging_mixin.py:149} INFO - [2025-03-28T04:21:52.921+0000] {dag.py:2726} INFO - Sync 1 DAGs
[2025-03-28T04:21:52.940+0000] {logging_mixin.py:149} INFO - [2025-03-28T04:21:52.940+0000] {dag.py:3486} INFO - Setting next_dagrun for load_csv_to_mysql to None, run_after=None
[2025-03-28T04:21:52.965+0000] {processor.py:178} INFO - Processing /opt/airflow/dags/2_load_data.py took 0.673 seconds
[2025-03-28T04:22:23.640+0000] {processor.py:156} INFO - Started process (PID=3301) to work on /opt/airflow/dags/2_load_data.py
[2025-03-28T04:22:23.641+0000] {processor.py:799} INFO - Processing file /opt/airflow/dags/2_load_data.py for tasks to queue
[2025-03-28T04:22:23.641+0000] {logging_mixin.py:149} INFO - [2025-03-28T04:22:23.641+0000] {dagbag.py:541} INFO - Filling up the DagBag from /opt/airflow/dags/2_load_data.py
[2025-03-28T04:22:24.225+0000] {processor.py:809} INFO - DAG(s) dict_keys(['load_csv_to_mysql']) retrieved from /opt/airflow/dags/2_load_data.py
[2025-03-28T04:22:24.249+0000] {logging_mixin.py:149} INFO - [2025-03-28T04:22:24.249+0000] {dag.py:2726} INFO - Sync 1 DAGs
[2025-03-28T04:22:24.269+0000] {logging_mixin.py:149} INFO - [2025-03-28T04:22:24.268+0000] {dag.py:3486} INFO - Setting next_dagrun for load_csv_to_mysql to None, run_after=None
[2025-03-28T04:22:24.292+0000] {processor.py:178} INFO - Processing /opt/airflow/dags/2_load_data.py took 0.656 seconds
[2025-03-28T04:22:55.048+0000] {processor.py:156} INFO - Started process (PID=3358) to work on /opt/airflow/dags/2_load_data.py
[2025-03-28T04:22:55.053+0000] {processor.py:799} INFO - Processing file /opt/airflow/dags/2_load_data.py for tasks to queue
[2025-03-28T04:22:55.054+0000] {logging_mixin.py:149} INFO - [2025-03-28T04:22:55.054+0000] {dagbag.py:541} INFO - Filling up the DagBag from /opt/airflow/dags/2_load_data.py
[2025-03-28T04:22:55.641+0000] {processor.py:809} INFO - DAG(s) dict_keys(['load_csv_to_mysql']) retrieved from /opt/airflow/dags/2_load_data.py
[2025-03-28T04:22:55.666+0000] {logging_mixin.py:149} INFO - [2025-03-28T04:22:55.665+0000] {dag.py:2726} INFO - Sync 1 DAGs
[2025-03-28T04:22:55.690+0000] {logging_mixin.py:149} INFO - [2025-03-28T04:22:55.690+0000] {dag.py:3486} INFO - Setting next_dagrun for load_csv_to_mysql to None, run_after=None
[2025-03-28T04:22:55.712+0000] {processor.py:178} INFO - Processing /opt/airflow/dags/2_load_data.py took 0.667 seconds
[2025-03-28T04:23:26.368+0000] {processor.py:156} INFO - Started process (PID=3422) to work on /opt/airflow/dags/2_load_data.py
[2025-03-28T04:23:26.372+0000] {processor.py:799} INFO - Processing file /opt/airflow/dags/2_load_data.py for tasks to queue
[2025-03-28T04:23:26.373+0000] {logging_mixin.py:149} INFO - [2025-03-28T04:23:26.373+0000] {dagbag.py:541} INFO - Filling up the DagBag from /opt/airflow/dags/2_load_data.py
[2025-03-28T04:23:26.965+0000] {processor.py:809} INFO - DAG(s) dict_keys(['load_csv_to_mysql']) retrieved from /opt/airflow/dags/2_load_data.py
[2025-03-28T04:23:26.990+0000] {logging_mixin.py:149} INFO - [2025-03-28T04:23:26.989+0000] {dag.py:2726} INFO - Sync 1 DAGs
[2025-03-28T04:23:27.009+0000] {logging_mixin.py:149} INFO - [2025-03-28T04:23:27.009+0000] {dag.py:3486} INFO - Setting next_dagrun for load_csv_to_mysql to None, run_after=None
[2025-03-28T04:23:27.029+0000] {processor.py:178} INFO - Processing /opt/airflow/dags/2_load_data.py took 0.664 seconds
[2025-03-28T04:23:57.797+0000] {processor.py:156} INFO - Started process (PID=3479) to work on /opt/airflow/dags/2_load_data.py
[2025-03-28T04:23:57.799+0000] {processor.py:799} INFO - Processing file /opt/airflow/dags/2_load_data.py for tasks to queue
[2025-03-28T04:23:57.800+0000] {logging_mixin.py:149} INFO - [2025-03-28T04:23:57.800+0000] {dagbag.py:541} INFO - Filling up the DagBag from /opt/airflow/dags/2_load_data.py
[2025-03-28T04:23:58.375+0000] {processor.py:809} INFO - DAG(s) dict_keys(['load_csv_to_mysql']) retrieved from /opt/airflow/dags/2_load_data.py
[2025-03-28T04:23:58.399+0000] {logging_mixin.py:149} INFO - [2025-03-28T04:23:58.398+0000] {dag.py:2726} INFO - Sync 1 DAGs
[2025-03-28T04:23:58.417+0000] {logging_mixin.py:149} INFO - [2025-03-28T04:23:58.416+0000] {dag.py:3486} INFO - Setting next_dagrun for load_csv_to_mysql to None, run_after=None
[2025-03-28T04:23:58.438+0000] {processor.py:178} INFO - Processing /opt/airflow/dags/2_load_data.py took 0.646 seconds
