[2025-03-28T05:57:46.555+0000] {taskinstance.py:1125} INFO - Dependencies all met for dep_context=non-requeueable deps ti=<TaskInstance: Pipeline-proyecto2.load_raw_data manual__2025-03-28T05:57:42.385648+00:00 [queued]>
[2025-03-28T05:57:46.568+0000] {taskinstance.py:1125} INFO - Dependencies all met for dep_context=requeueable deps ti=<TaskInstance: Pipeline-proyecto2.load_raw_data manual__2025-03-28T05:57:42.385648+00:00 [queued]>
[2025-03-28T05:57:46.568+0000] {taskinstance.py:1331} INFO - Starting attempt 1 of 1
[2025-03-28T05:57:46.581+0000] {taskinstance.py:1350} INFO - Executing <Task(PythonOperator): load_raw_data> on 2025-03-28 05:57:42.385648+00:00
[2025-03-28T05:57:46.592+0000] {standard_task_runner.py:57} INFO - Started process 118 to run task
[2025-03-28T05:57:46.596+0000] {standard_task_runner.py:84} INFO - Running: ['***', 'tasks', 'run', 'Pipeline-proyecto2', 'load_raw_data', 'manual__2025-03-28T05:57:42.385648+00:00', '--job-id', '65', '--raw', '--subdir', 'DAGS_FOLDER/dag-proyecto2.py', '--cfg-path', '/tmp/tmpc5mpsqy1']
[2025-03-28T05:57:46.598+0000] {standard_task_runner.py:85} INFO - Job 65: Subtask load_raw_data
[2025-03-28T05:57:46.651+0000] {task_command.py:410} INFO - Running <TaskInstance: Pipeline-proyecto2.load_raw_data manual__2025-03-28T05:57:42.385648+00:00 [running]> on host 25b10f5b196a
[2025-03-28T05:57:46.733+0000] {taskinstance.py:1568} INFO - Exporting env vars: AIRFLOW_CTX_DAG_OWNER='***' AIRFLOW_CTX_DAG_ID='Pipeline-proyecto2' AIRFLOW_CTX_TASK_ID='load_raw_data' AIRFLOW_CTX_EXECUTION_DATE='2025-03-28T05:57:42.385648+00:00' AIRFLOW_CTX_TRY_NUMBER='1' AIRFLOW_CTX_DAG_RUN_ID='manual__2025-03-28T05:57:42.385648+00:00'
[2025-03-28T05:57:46.903+0000] {logging_mixin.py:149} INFO - Añadiendo datos batch 1
[2025-03-28T05:57:50.064+0000] {logging_mixin.py:149} INFO - Batch repetido. No se añaden datos
[2025-03-28T05:57:53.218+0000] {logging_mixin.py:149} INFO - Añadiendo datos batch 2
[2025-03-28T05:57:56.621+0000] {logging_mixin.py:149} INFO - Batch repetido. No se añaden datos
[2025-03-28T05:57:59.775+0000] {logging_mixin.py:149} INFO - Añadiendo datos batch 3
[2025-03-28T05:58:02.939+0000] {logging_mixin.py:149} INFO - Batch repetido. No se añaden datos
[2025-03-28T05:58:06.096+0000] {logging_mixin.py:149} INFO - Añadiendo datos batch 4
[2025-03-28T05:58:09.343+0000] {logging_mixin.py:149} INFO - Batch repetido. No se añaden datos
[2025-03-28T05:58:12.497+0000] {logging_mixin.py:149} INFO - Añadiendo datos batch 5
[2025-03-28T05:58:15.684+0000] {logging_mixin.py:149} INFO - Batch repetido. No se añaden datos
[2025-03-28T05:58:18.843+0000] {logging_mixin.py:149} INFO - Añadiendo datos batch 6
[2025-03-28T05:58:22.021+0000] {logging_mixin.py:149} INFO - Batch repetido. No se añaden datos
[2025-03-28T05:58:25.181+0000] {logging_mixin.py:149} INFO - Añadiendo datos batch 7
[2025-03-28T05:58:28.361+0000] {logging_mixin.py:149} INFO - Batch repetido. No se añaden datos
[2025-03-28T05:58:31.521+0000] {logging_mixin.py:149} INFO - Añadiendo datos batch 8
[2025-03-28T05:58:34.710+0000] {logging_mixin.py:149} INFO - Batch repetido. No se añaden datos
[2025-03-28T05:58:37.883+0000] {logging_mixin.py:149} INFO - Añadiendo datos batch 9
[2025-03-28T05:58:41.071+0000] {logging_mixin.py:149} INFO - Batch repetido. No se añaden datos
[2025-03-28T05:58:44.236+0000] {logging_mixin.py:149} INFO - Añadiendo datos batch 10
[2025-03-28T05:58:44.275+0000] {logging_mixin.py:149} INFO - Todos los datos han sido guardados
[2025-03-28T05:58:47.536+0000] {python.py:183} INFO - Done. Returned value was: None
[2025-03-28T05:58:47.548+0000] {taskinstance.py:1368} INFO - Marking task as SUCCESS. dag_id=Pipeline-proyecto2, task_id=load_raw_data, execution_date=20250328T055742, start_date=20250328T055746, end_date=20250328T055847
[2025-03-28T05:58:47.629+0000] {local_task_job_runner.py:232} INFO - Task exited with return code 0
[2025-03-28T05:58:47.658+0000] {taskinstance.py:2674} INFO - 1 downstream tasks scheduled from follow-on schedule check
