[2025-03-28T07:04:25.350+0000] {taskinstance.py:1125} INFO - Dependencies all met for dep_context=non-requeueable deps ti=<TaskInstance: Pipeline-proyecto2.training_with_gradient_boosting_model manual__2025-03-28T07:03:11.340976+00:00 [queued]>
[2025-03-28T07:04:25.361+0000] {taskinstance.py:1125} INFO - Dependencies all met for dep_context=requeueable deps ti=<TaskInstance: Pipeline-proyecto2.training_with_gradient_boosting_model manual__2025-03-28T07:03:11.340976+00:00 [queued]>
[2025-03-28T07:04:25.361+0000] {taskinstance.py:1331} INFO - Starting attempt 1 of 1
[2025-03-28T07:04:25.373+0000] {taskinstance.py:1350} INFO - Executing <Task(PythonOperator): training_with_gradient_boosting_model> on 2025-03-28 07:03:11.340976+00:00
[2025-03-28T07:04:25.386+0000] {standard_task_runner.py:57} INFO - Started process 203 to run task
[2025-03-28T07:04:25.389+0000] {standard_task_runner.py:84} INFO - Running: ['***', 'tasks', 'run', 'Pipeline-proyecto2', 'training_with_gradient_boosting_model', 'manual__2025-03-28T07:03:11.340976+00:00', '--job-id', '76', '--raw', '--subdir', 'DAGS_FOLDER/dag-proyecto2.py', '--cfg-path', '/tmp/tmps2q8u3ud']
[2025-03-28T07:04:25.392+0000] {standard_task_runner.py:85} INFO - Job 76: Subtask training_with_gradient_boosting_model
[2025-03-28T07:04:25.437+0000] {task_command.py:410} INFO - Running <TaskInstance: Pipeline-proyecto2.training_with_gradient_boosting_model manual__2025-03-28T07:03:11.340976+00:00 [running]> on host a4c5a6dc7128
[2025-03-28T07:04:25.519+0000] {taskinstance.py:1568} INFO - Exporting env vars: AIRFLOW_CTX_DAG_OWNER='***' AIRFLOW_CTX_DAG_ID='Pipeline-proyecto2' AIRFLOW_CTX_TASK_ID='training_with_gradient_boosting_model' AIRFLOW_CTX_EXECUTION_DATE='2025-03-28T07:03:11.340976+00:00' AIRFLOW_CTX_TRY_NUMBER='1' AIRFLOW_CTX_DAG_RUN_ID='manual__2025-03-28T07:03:11.340976+00:00'
[2025-03-28T07:04:28.635+0000] {logging_mixin.py:149} WARNING - 2025/03/28 07:04:28 INFO mlflow.tracking.fluent: Autologging successfully enabled for sklearn.
[2025-03-28T07:04:28.696+0000] {logging_mixin.py:149} WARNING - 2025/03/28 07:04:28 WARNING mlflow.utils.git_utils: Failed to import Git (the Git executable is probably not on your PATH), so Git SHA is not available. Error: Failed to initialize: Bad git executable.
The git executable must be specified in one of the following ways:
    - be included in your $PATH
    - be set via $GIT_PYTHON_GIT_EXECUTABLE
    - explicitly set via git.refresh(<full-path-to-git-executable>)

All git commands will error until this is rectified.

This initial message can be silenced or aggravated in the future by setting the
$GIT_PYTHON_REFRESH environment variable. Use one of the following values:
    - quiet|q|silence|s|silent|none|n|0: for no message or exception
    - warn|w|warning|log|l|1: for a warning message (logging level CRITICAL, displayed by default)
    - error|e|exception|raise|r|2: for a raised exception

Example:
    export GIT_PYTHON_REFRESH=quiet
[2025-03-28T07:04:29.439+0000] {logging_and_warnings.py:72} WARNING - /home/***/.local/lib/python3.9/site-packages/joblib/parallel.py:1359: UserWarning: Loky-backed parallel loops cannot be called in a multiprocessing, setting n_jobs=1
  n_jobs = self._backend.configure(n_jobs=self.n_jobs, parallel=self,

[2025-03-28T07:04:29.458+0000] {logging_and_warnings.py:72} WARNING - /home/***/.local/lib/python3.9/site-packages/sklearn/ensemble/_gb.py:437: DataConversionWarning: A column-vector y was passed when a 1d array was expected. Please change the shape of y to (n_samples, ), for example using ravel().
  y = column_or_1d(y, warn=True)

[2025-03-28T07:04:44.983+0000] {logging_and_warnings.py:72} WARNING - /home/***/.local/lib/python3.9/site-packages/sklearn/ensemble/_gb.py:437: DataConversionWarning: A column-vector y was passed when a 1d array was expected. Please change the shape of y to (n_samples, ), for example using ravel().
  y = column_or_1d(y, warn=True)

[2025-03-28T07:05:01.004+0000] {logging_and_warnings.py:72} WARNING - /home/***/.local/lib/python3.9/site-packages/sklearn/ensemble/_gb.py:437: DataConversionWarning: A column-vector y was passed when a 1d array was expected. Please change the shape of y to (n_samples, ), for example using ravel().
  y = column_or_1d(y, warn=True)

[2025-03-28T07:05:16.678+0000] {logging_and_warnings.py:72} WARNING - /home/***/.local/lib/python3.9/site-packages/sklearn/ensemble/_gb.py:437: DataConversionWarning: A column-vector y was passed when a 1d array was expected. Please change the shape of y to (n_samples, ), for example using ravel().
  y = column_or_1d(y, warn=True)

[2025-03-28T07:05:31.816+0000] {logging_and_warnings.py:72} WARNING - /home/***/.local/lib/python3.9/site-packages/sklearn/ensemble/_gb.py:437: DataConversionWarning: A column-vector y was passed when a 1d array was expected. Please change the shape of y to (n_samples, ), for example using ravel().
  y = column_or_1d(y, warn=True)

[2025-03-28T07:05:46.668+0000] {logging_and_warnings.py:72} WARNING - /home/***/.local/lib/python3.9/site-packages/sklearn/ensemble/_gb.py:437: DataConversionWarning: A column-vector y was passed when a 1d array was expected. Please change the shape of y to (n_samples, ), for example using ravel().
  y = column_or_1d(y, warn=True)

[2025-03-28T07:06:04.023+0000] {logging_and_warnings.py:72} WARNING - /home/***/.local/lib/python3.9/site-packages/sklearn/ensemble/_gb.py:437: DataConversionWarning: A column-vector y was passed when a 1d array was expected. Please change the shape of y to (n_samples, ), for example using ravel().
  y = column_or_1d(y, warn=True)

[2025-03-28T07:06:21.383+0000] {logging_and_warnings.py:72} WARNING - /home/***/.local/lib/python3.9/site-packages/sklearn/ensemble/_gb.py:437: DataConversionWarning: A column-vector y was passed when a 1d array was expected. Please change the shape of y to (n_samples, ), for example using ravel().
  y = column_or_1d(y, warn=True)

[2025-03-28T07:06:38.837+0000] {logging_and_warnings.py:72} WARNING - /home/***/.local/lib/python3.9/site-packages/sklearn/ensemble/_gb.py:437: DataConversionWarning: A column-vector y was passed when a 1d array was expected. Please change the shape of y to (n_samples, ), for example using ravel().
  y = column_or_1d(y, warn=True)

[2025-03-28T07:06:56.471+0000] {logging_and_warnings.py:72} WARNING - /home/***/.local/lib/python3.9/site-packages/sklearn/ensemble/_gb.py:437: DataConversionWarning: A column-vector y was passed when a 1d array was expected. Please change the shape of y to (n_samples, ), for example using ravel().
  y = column_or_1d(y, warn=True)

[2025-03-28T07:07:14.372+0000] {logging_and_warnings.py:72} WARNING - /home/***/.local/lib/python3.9/site-packages/sklearn/ensemble/_gb.py:437: DataConversionWarning: A column-vector y was passed when a 1d array was expected. Please change the shape of y to (n_samples, ), for example using ravel().
  y = column_or_1d(y, warn=True)

[2025-03-28T07:07:43.955+0000] {logging_and_warnings.py:72} WARNING - /home/***/.local/lib/python3.9/site-packages/sklearn/ensemble/_gb.py:437: DataConversionWarning: A column-vector y was passed when a 1d array was expected. Please change the shape of y to (n_samples, ), for example using ravel().
  y = column_or_1d(y, warn=True)

[2025-03-28T07:08:13.512+0000] {logging_and_warnings.py:72} WARNING - /home/***/.local/lib/python3.9/site-packages/sklearn/ensemble/_gb.py:437: DataConversionWarning: A column-vector y was passed when a 1d array was expected. Please change the shape of y to (n_samples, ), for example using ravel().
  y = column_or_1d(y, warn=True)

[2025-03-28T07:08:42.993+0000] {logging_and_warnings.py:72} WARNING - /home/***/.local/lib/python3.9/site-packages/sklearn/ensemble/_gb.py:437: DataConversionWarning: A column-vector y was passed when a 1d array was expected. Please change the shape of y to (n_samples, ), for example using ravel().
  y = column_or_1d(y, warn=True)

[2025-03-28T07:09:13.583+0000] {logging_and_warnings.py:72} WARNING - /home/***/.local/lib/python3.9/site-packages/sklearn/ensemble/_gb.py:437: DataConversionWarning: A column-vector y was passed when a 1d array was expected. Please change the shape of y to (n_samples, ), for example using ravel().
  y = column_or_1d(y, warn=True)

[2025-03-28T07:09:43.400+0000] {logging_and_warnings.py:72} WARNING - /home/***/.local/lib/python3.9/site-packages/sklearn/ensemble/_gb.py:437: DataConversionWarning: A column-vector y was passed when a 1d array was expected. Please change the shape of y to (n_samples, ), for example using ravel().
  y = column_or_1d(y, warn=True)

[2025-03-28T07:10:17.751+0000] {logging_and_warnings.py:72} WARNING - /home/***/.local/lib/python3.9/site-packages/sklearn/ensemble/_gb.py:437: DataConversionWarning: A column-vector y was passed when a 1d array was expected. Please change the shape of y to (n_samples, ), for example using ravel().
  y = column_or_1d(y, warn=True)

[2025-03-28T07:10:51.139+0000] {logging_and_warnings.py:72} WARNING - /home/***/.local/lib/python3.9/site-packages/sklearn/ensemble/_gb.py:437: DataConversionWarning: A column-vector y was passed when a 1d array was expected. Please change the shape of y to (n_samples, ), for example using ravel().
  y = column_or_1d(y, warn=True)

[2025-03-28T07:11:24.763+0000] {logging_and_warnings.py:72} WARNING - /home/***/.local/lib/python3.9/site-packages/sklearn/ensemble/_gb.py:437: DataConversionWarning: A column-vector y was passed when a 1d array was expected. Please change the shape of y to (n_samples, ), for example using ravel().
  y = column_or_1d(y, warn=True)

[2025-03-28T07:11:58.038+0000] {logging_and_warnings.py:72} WARNING - /home/***/.local/lib/python3.9/site-packages/sklearn/ensemble/_gb.py:437: DataConversionWarning: A column-vector y was passed when a 1d array was expected. Please change the shape of y to (n_samples, ), for example using ravel().
  y = column_or_1d(y, warn=True)

[2025-03-28T07:12:31.592+0000] {logging_and_warnings.py:72} WARNING - /home/***/.local/lib/python3.9/site-packages/sklearn/ensemble/_gb.py:437: DataConversionWarning: A column-vector y was passed when a 1d array was expected. Please change the shape of y to (n_samples, ), for example using ravel().
  y = column_or_1d(y, warn=True)

[2025-03-28T07:12:49.555+0000] {logging_and_warnings.py:72} WARNING - /home/***/.local/lib/python3.9/site-packages/sklearn/ensemble/_gb.py:437: DataConversionWarning: A column-vector y was passed when a 1d array was expected. Please change the shape of y to (n_samples, ), for example using ravel().
  y = column_or_1d(y, warn=True)

[2025-03-28T07:13:08.009+0000] {logging_and_warnings.py:72} WARNING - /home/***/.local/lib/python3.9/site-packages/sklearn/ensemble/_gb.py:437: DataConversionWarning: A column-vector y was passed when a 1d array was expected. Please change the shape of y to (n_samples, ), for example using ravel().
  y = column_or_1d(y, warn=True)

[2025-03-28T07:13:26.331+0000] {logging_and_warnings.py:72} WARNING - /home/***/.local/lib/python3.9/site-packages/sklearn/ensemble/_gb.py:437: DataConversionWarning: A column-vector y was passed when a 1d array was expected. Please change the shape of y to (n_samples, ), for example using ravel().
  y = column_or_1d(y, warn=True)

[2025-03-28T07:13:44.517+0000] {logging_and_warnings.py:72} WARNING - /home/***/.local/lib/python3.9/site-packages/sklearn/ensemble/_gb.py:437: DataConversionWarning: A column-vector y was passed when a 1d array was expected. Please change the shape of y to (n_samples, ), for example using ravel().
  y = column_or_1d(y, warn=True)

[2025-03-28T07:14:03.038+0000] {logging_and_warnings.py:72} WARNING - /home/***/.local/lib/python3.9/site-packages/sklearn/ensemble/_gb.py:437: DataConversionWarning: A column-vector y was passed when a 1d array was expected. Please change the shape of y to (n_samples, ), for example using ravel().
  y = column_or_1d(y, warn=True)

[2025-03-28T07:14:24.658+0000] {logging_and_warnings.py:72} WARNING - /home/***/.local/lib/python3.9/site-packages/sklearn/ensemble/_gb.py:437: DataConversionWarning: A column-vector y was passed when a 1d array was expected. Please change the shape of y to (n_samples, ), for example using ravel().
  y = column_or_1d(y, warn=True)

[2025-03-28T07:14:46.546+0000] {logging_and_warnings.py:72} WARNING - /home/***/.local/lib/python3.9/site-packages/sklearn/ensemble/_gb.py:437: DataConversionWarning: A column-vector y was passed when a 1d array was expected. Please change the shape of y to (n_samples, ), for example using ravel().
  y = column_or_1d(y, warn=True)

[2025-03-28T07:15:08.479+0000] {logging_and_warnings.py:72} WARNING - /home/***/.local/lib/python3.9/site-packages/sklearn/ensemble/_gb.py:437: DataConversionWarning: A column-vector y was passed when a 1d array was expected. Please change the shape of y to (n_samples, ), for example using ravel().
  y = column_or_1d(y, warn=True)

[2025-03-28T07:15:30.330+0000] {logging_and_warnings.py:72} WARNING - /home/***/.local/lib/python3.9/site-packages/sklearn/ensemble/_gb.py:437: DataConversionWarning: A column-vector y was passed when a 1d array was expected. Please change the shape of y to (n_samples, ), for example using ravel().
  y = column_or_1d(y, warn=True)

[2025-03-28T07:15:51.893+0000] {logging_and_warnings.py:72} WARNING - /home/***/.local/lib/python3.9/site-packages/sklearn/ensemble/_gb.py:437: DataConversionWarning: A column-vector y was passed when a 1d array was expected. Please change the shape of y to (n_samples, ), for example using ravel().
  y = column_or_1d(y, warn=True)

[2025-03-28T07:16:29.006+0000] {logging_and_warnings.py:72} WARNING - /home/***/.local/lib/python3.9/site-packages/sklearn/ensemble/_gb.py:437: DataConversionWarning: A column-vector y was passed when a 1d array was expected. Please change the shape of y to (n_samples, ), for example using ravel().
  y = column_or_1d(y, warn=True)

[2025-03-28T07:17:05.407+0000] {logging_and_warnings.py:72} WARNING - /home/***/.local/lib/python3.9/site-packages/sklearn/ensemble/_gb.py:437: DataConversionWarning: A column-vector y was passed when a 1d array was expected. Please change the shape of y to (n_samples, ), for example using ravel().
  y = column_or_1d(y, warn=True)

[2025-03-28T07:17:42.185+0000] {logging_and_warnings.py:72} WARNING - /home/***/.local/lib/python3.9/site-packages/sklearn/ensemble/_gb.py:437: DataConversionWarning: A column-vector y was passed when a 1d array was expected. Please change the shape of y to (n_samples, ), for example using ravel().
  y = column_or_1d(y, warn=True)

[2025-03-28T07:18:18.906+0000] {logging_and_warnings.py:72} WARNING - /home/***/.local/lib/python3.9/site-packages/sklearn/ensemble/_gb.py:437: DataConversionWarning: A column-vector y was passed when a 1d array was expected. Please change the shape of y to (n_samples, ), for example using ravel().
  y = column_or_1d(y, warn=True)

[2025-03-28T07:18:55.510+0000] {logging_and_warnings.py:72} WARNING - /home/***/.local/lib/python3.9/site-packages/sklearn/ensemble/_gb.py:437: DataConversionWarning: A column-vector y was passed when a 1d array was expected. Please change the shape of y to (n_samples, ), for example using ravel().
  y = column_or_1d(y, warn=True)

[2025-03-28T07:19:39.345+0000] {logging_and_warnings.py:72} WARNING - /home/***/.local/lib/python3.9/site-packages/sklearn/ensemble/_gb.py:437: DataConversionWarning: A column-vector y was passed when a 1d array was expected. Please change the shape of y to (n_samples, ), for example using ravel().
  y = column_or_1d(y, warn=True)

[2025-03-28T07:20:22.858+0000] {logging_and_warnings.py:72} WARNING - /home/***/.local/lib/python3.9/site-packages/sklearn/ensemble/_gb.py:437: DataConversionWarning: A column-vector y was passed when a 1d array was expected. Please change the shape of y to (n_samples, ), for example using ravel().
  y = column_or_1d(y, warn=True)

[2025-03-28T07:21:06.454+0000] {logging_and_warnings.py:72} WARNING - /home/***/.local/lib/python3.9/site-packages/sklearn/ensemble/_gb.py:437: DataConversionWarning: A column-vector y was passed when a 1d array was expected. Please change the shape of y to (n_samples, ), for example using ravel().
  y = column_or_1d(y, warn=True)

[2025-03-28T07:21:50.230+0000] {logging_and_warnings.py:72} WARNING - /home/***/.local/lib/python3.9/site-packages/sklearn/ensemble/_gb.py:437: DataConversionWarning: A column-vector y was passed when a 1d array was expected. Please change the shape of y to (n_samples, ), for example using ravel().
  y = column_or_1d(y, warn=True)

[2025-03-28T07:22:33.607+0000] {logging_and_warnings.py:72} WARNING - /home/***/.local/lib/python3.9/site-packages/sklearn/ensemble/_gb.py:437: DataConversionWarning: A column-vector y was passed when a 1d array was expected. Please change the shape of y to (n_samples, ), for example using ravel().
  y = column_or_1d(y, warn=True)

[2025-03-28T07:22:56.191+0000] {logging_and_warnings.py:72} WARNING - /home/***/.local/lib/python3.9/site-packages/sklearn/ensemble/_gb.py:437: DataConversionWarning: A column-vector y was passed when a 1d array was expected. Please change the shape of y to (n_samples, ), for example using ravel().
  y = column_or_1d(y, warn=True)

[2025-03-28T07:23:18.736+0000] {logging_and_warnings.py:72} WARNING - /home/***/.local/lib/python3.9/site-packages/sklearn/ensemble/_gb.py:437: DataConversionWarning: A column-vector y was passed when a 1d array was expected. Please change the shape of y to (n_samples, ), for example using ravel().
  y = column_or_1d(y, warn=True)

[2025-03-28T07:23:41.134+0000] {logging_and_warnings.py:72} WARNING - /home/***/.local/lib/python3.9/site-packages/sklearn/ensemble/_gb.py:437: DataConversionWarning: A column-vector y was passed when a 1d array was expected. Please change the shape of y to (n_samples, ), for example using ravel().
  y = column_or_1d(y, warn=True)

[2025-03-28T07:24:03.487+0000] {logging_and_warnings.py:72} WARNING - /home/***/.local/lib/python3.9/site-packages/sklearn/ensemble/_gb.py:437: DataConversionWarning: A column-vector y was passed when a 1d array was expected. Please change the shape of y to (n_samples, ), for example using ravel().
  y = column_or_1d(y, warn=True)

[2025-03-28T07:24:25.975+0000] {logging_and_warnings.py:72} WARNING - /home/***/.local/lib/python3.9/site-packages/sklearn/ensemble/_gb.py:437: DataConversionWarning: A column-vector y was passed when a 1d array was expected. Please change the shape of y to (n_samples, ), for example using ravel().
  y = column_or_1d(y, warn=True)

[2025-03-28T07:24:52.713+0000] {logging_and_warnings.py:72} WARNING - /home/***/.local/lib/python3.9/site-packages/sklearn/ensemble/_gb.py:437: DataConversionWarning: A column-vector y was passed when a 1d array was expected. Please change the shape of y to (n_samples, ), for example using ravel().
  y = column_or_1d(y, warn=True)

[2025-03-28T07:25:19.667+0000] {logging_and_warnings.py:72} WARNING - /home/***/.local/lib/python3.9/site-packages/sklearn/ensemble/_gb.py:437: DataConversionWarning: A column-vector y was passed when a 1d array was expected. Please change the shape of y to (n_samples, ), for example using ravel().
  y = column_or_1d(y, warn=True)

[2025-03-28T07:25:46.271+0000] {logging_and_warnings.py:72} WARNING - /home/***/.local/lib/python3.9/site-packages/sklearn/ensemble/_gb.py:437: DataConversionWarning: A column-vector y was passed when a 1d array was expected. Please change the shape of y to (n_samples, ), for example using ravel().
  y = column_or_1d(y, warn=True)

[2025-03-28T07:26:12.858+0000] {logging_and_warnings.py:72} WARNING - /home/***/.local/lib/python3.9/site-packages/sklearn/ensemble/_gb.py:437: DataConversionWarning: A column-vector y was passed when a 1d array was expected. Please change the shape of y to (n_samples, ), for example using ravel().
  y = column_or_1d(y, warn=True)

[2025-03-28T07:26:39.179+0000] {logging_and_warnings.py:72} WARNING - /home/***/.local/lib/python3.9/site-packages/sklearn/ensemble/_gb.py:437: DataConversionWarning: A column-vector y was passed when a 1d array was expected. Please change the shape of y to (n_samples, ), for example using ravel().
  y = column_or_1d(y, warn=True)

[2025-03-28T07:27:23.959+0000] {logging_and_warnings.py:72} WARNING - /home/***/.local/lib/python3.9/site-packages/sklearn/ensemble/_gb.py:437: DataConversionWarning: A column-vector y was passed when a 1d array was expected. Please change the shape of y to (n_samples, ), for example using ravel().
  y = column_or_1d(y, warn=True)

[2025-03-28T07:28:08.964+0000] {logging_and_warnings.py:72} WARNING - /home/***/.local/lib/python3.9/site-packages/sklearn/ensemble/_gb.py:437: DataConversionWarning: A column-vector y was passed when a 1d array was expected. Please change the shape of y to (n_samples, ), for example using ravel().
  y = column_or_1d(y, warn=True)

[2025-03-28T07:28:53.865+0000] {logging_and_warnings.py:72} WARNING - /home/***/.local/lib/python3.9/site-packages/sklearn/ensemble/_gb.py:437: DataConversionWarning: A column-vector y was passed when a 1d array was expected. Please change the shape of y to (n_samples, ), for example using ravel().
  y = column_or_1d(y, warn=True)

[2025-03-28T07:29:38.731+0000] {logging_and_warnings.py:72} WARNING - /home/***/.local/lib/python3.9/site-packages/sklearn/ensemble/_gb.py:437: DataConversionWarning: A column-vector y was passed when a 1d array was expected. Please change the shape of y to (n_samples, ), for example using ravel().
  y = column_or_1d(y, warn=True)

[2025-03-28T07:30:23.616+0000] {logging_and_warnings.py:72} WARNING - /home/***/.local/lib/python3.9/site-packages/sklearn/ensemble/_gb.py:437: DataConversionWarning: A column-vector y was passed when a 1d array was expected. Please change the shape of y to (n_samples, ), for example using ravel().
  y = column_or_1d(y, warn=True)

[2025-03-28T07:31:17.283+0000] {logging_and_warnings.py:72} WARNING - /home/***/.local/lib/python3.9/site-packages/sklearn/ensemble/_gb.py:437: DataConversionWarning: A column-vector y was passed when a 1d array was expected. Please change the shape of y to (n_samples, ), for example using ravel().
  y = column_or_1d(y, warn=True)

[2025-03-28T07:32:10.917+0000] {logging_and_warnings.py:72} WARNING - /home/***/.local/lib/python3.9/site-packages/sklearn/ensemble/_gb.py:437: DataConversionWarning: A column-vector y was passed when a 1d array was expected. Please change the shape of y to (n_samples, ), for example using ravel().
  y = column_or_1d(y, warn=True)

[2025-03-28T07:33:04.614+0000] {logging_and_warnings.py:72} WARNING - /home/***/.local/lib/python3.9/site-packages/sklearn/ensemble/_gb.py:437: DataConversionWarning: A column-vector y was passed when a 1d array was expected. Please change the shape of y to (n_samples, ), for example using ravel().
  y = column_or_1d(y, warn=True)

[2025-03-28T07:33:58.305+0000] {logging_and_warnings.py:72} WARNING - /home/***/.local/lib/python3.9/site-packages/sklearn/ensemble/_gb.py:437: DataConversionWarning: A column-vector y was passed when a 1d array was expected. Please change the shape of y to (n_samples, ), for example using ravel().
  y = column_or_1d(y, warn=True)

[2025-03-28T07:34:52.467+0000] {logging_and_warnings.py:72} WARNING - /home/***/.local/lib/python3.9/site-packages/sklearn/ensemble/_gb.py:437: DataConversionWarning: A column-vector y was passed when a 1d array was expected. Please change the shape of y to (n_samples, ), for example using ravel().
  y = column_or_1d(y, warn=True)

[2025-03-28T07:35:06.736+0000] {logging_and_warnings.py:72} WARNING - /home/***/.local/lib/python3.9/site-packages/sklearn/ensemble/_gb.py:437: DataConversionWarning: A column-vector y was passed when a 1d array was expected. Please change the shape of y to (n_samples, ), for example using ravel().
  y = column_or_1d(y, warn=True)

[2025-03-28T07:35:21.107+0000] {logging_and_warnings.py:72} WARNING - /home/***/.local/lib/python3.9/site-packages/sklearn/ensemble/_gb.py:437: DataConversionWarning: A column-vector y was passed when a 1d array was expected. Please change the shape of y to (n_samples, ), for example using ravel().
  y = column_or_1d(y, warn=True)

[2025-03-28T07:35:35.464+0000] {logging_and_warnings.py:72} WARNING - /home/***/.local/lib/python3.9/site-packages/sklearn/ensemble/_gb.py:437: DataConversionWarning: A column-vector y was passed when a 1d array was expected. Please change the shape of y to (n_samples, ), for example using ravel().
  y = column_or_1d(y, warn=True)

[2025-03-28T07:35:49.819+0000] {logging_and_warnings.py:72} WARNING - /home/***/.local/lib/python3.9/site-packages/sklearn/ensemble/_gb.py:437: DataConversionWarning: A column-vector y was passed when a 1d array was expected. Please change the shape of y to (n_samples, ), for example using ravel().
  y = column_or_1d(y, warn=True)

[2025-03-28T07:36:04.181+0000] {logging_and_warnings.py:72} WARNING - /home/***/.local/lib/python3.9/site-packages/sklearn/ensemble/_gb.py:437: DataConversionWarning: A column-vector y was passed when a 1d array was expected. Please change the shape of y to (n_samples, ), for example using ravel().
  y = column_or_1d(y, warn=True)

[2025-03-28T07:36:20.914+0000] {logging_and_warnings.py:72} WARNING - /home/***/.local/lib/python3.9/site-packages/sklearn/ensemble/_gb.py:437: DataConversionWarning: A column-vector y was passed when a 1d array was expected. Please change the shape of y to (n_samples, ), for example using ravel().
  y = column_or_1d(y, warn=True)

[2025-03-28T07:36:37.972+0000] {logging_and_warnings.py:72} WARNING - /home/***/.local/lib/python3.9/site-packages/sklearn/ensemble/_gb.py:437: DataConversionWarning: A column-vector y was passed when a 1d array was expected. Please change the shape of y to (n_samples, ), for example using ravel().
  y = column_or_1d(y, warn=True)

[2025-03-28T07:36:54.831+0000] {logging_and_warnings.py:72} WARNING - /home/***/.local/lib/python3.9/site-packages/sklearn/ensemble/_gb.py:437: DataConversionWarning: A column-vector y was passed when a 1d array was expected. Please change the shape of y to (n_samples, ), for example using ravel().
  y = column_or_1d(y, warn=True)

[2025-03-28T07:37:11.701+0000] {logging_and_warnings.py:72} WARNING - /home/***/.local/lib/python3.9/site-packages/sklearn/ensemble/_gb.py:437: DataConversionWarning: A column-vector y was passed when a 1d array was expected. Please change the shape of y to (n_samples, ), for example using ravel().
  y = column_or_1d(y, warn=True)

[2025-03-28T07:37:28.603+0000] {logging_and_warnings.py:72} WARNING - /home/***/.local/lib/python3.9/site-packages/sklearn/ensemble/_gb.py:437: DataConversionWarning: A column-vector y was passed when a 1d array was expected. Please change the shape of y to (n_samples, ), for example using ravel().
  y = column_or_1d(y, warn=True)

[2025-03-28T07:37:57.278+0000] {logging_and_warnings.py:72} WARNING - /home/***/.local/lib/python3.9/site-packages/sklearn/ensemble/_gb.py:437: DataConversionWarning: A column-vector y was passed when a 1d array was expected. Please change the shape of y to (n_samples, ), for example using ravel().
  y = column_or_1d(y, warn=True)

[2025-03-28T07:38:25.786+0000] {logging_and_warnings.py:72} WARNING - /home/***/.local/lib/python3.9/site-packages/sklearn/ensemble/_gb.py:437: DataConversionWarning: A column-vector y was passed when a 1d array was expected. Please change the shape of y to (n_samples, ), for example using ravel().
  y = column_or_1d(y, warn=True)

[2025-03-28T07:38:54.291+0000] {logging_and_warnings.py:72} WARNING - /home/***/.local/lib/python3.9/site-packages/sklearn/ensemble/_gb.py:437: DataConversionWarning: A column-vector y was passed when a 1d array was expected. Please change the shape of y to (n_samples, ), for example using ravel().
  y = column_or_1d(y, warn=True)

[2025-03-28T07:39:23.037+0000] {logging_and_warnings.py:72} WARNING - /home/***/.local/lib/python3.9/site-packages/sklearn/ensemble/_gb.py:437: DataConversionWarning: A column-vector y was passed when a 1d array was expected. Please change the shape of y to (n_samples, ), for example using ravel().
  y = column_or_1d(y, warn=True)

[2025-03-28T07:39:51.692+0000] {logging_and_warnings.py:72} WARNING - /home/***/.local/lib/python3.9/site-packages/sklearn/ensemble/_gb.py:437: DataConversionWarning: A column-vector y was passed when a 1d array was expected. Please change the shape of y to (n_samples, ), for example using ravel().
  y = column_or_1d(y, warn=True)

[2025-03-28T07:40:25.304+0000] {logging_and_warnings.py:72} WARNING - /home/***/.local/lib/python3.9/site-packages/sklearn/ensemble/_gb.py:437: DataConversionWarning: A column-vector y was passed when a 1d array was expected. Please change the shape of y to (n_samples, ), for example using ravel().
  y = column_or_1d(y, warn=True)

[2025-03-28T07:40:58.851+0000] {logging_and_warnings.py:72} WARNING - /home/***/.local/lib/python3.9/site-packages/sklearn/ensemble/_gb.py:437: DataConversionWarning: A column-vector y was passed when a 1d array was expected. Please change the shape of y to (n_samples, ), for example using ravel().
  y = column_or_1d(y, warn=True)

[2025-03-28T07:41:32.520+0000] {logging_and_warnings.py:72} WARNING - /home/***/.local/lib/python3.9/site-packages/sklearn/ensemble/_gb.py:437: DataConversionWarning: A column-vector y was passed when a 1d array was expected. Please change the shape of y to (n_samples, ), for example using ravel().
  y = column_or_1d(y, warn=True)

[2025-03-28T07:42:05.986+0000] {logging_and_warnings.py:72} WARNING - /home/***/.local/lib/python3.9/site-packages/sklearn/ensemble/_gb.py:437: DataConversionWarning: A column-vector y was passed when a 1d array was expected. Please change the shape of y to (n_samples, ), for example using ravel().
  y = column_or_1d(y, warn=True)

[2025-03-28T07:42:39.677+0000] {logging_and_warnings.py:72} WARNING - /home/***/.local/lib/python3.9/site-packages/sklearn/ensemble/_gb.py:437: DataConversionWarning: A column-vector y was passed when a 1d array was expected. Please change the shape of y to (n_samples, ), for example using ravel().
  y = column_or_1d(y, warn=True)

[2025-03-28T07:42:58.182+0000] {logging_and_warnings.py:72} WARNING - /home/***/.local/lib/python3.9/site-packages/sklearn/ensemble/_gb.py:437: DataConversionWarning: A column-vector y was passed when a 1d array was expected. Please change the shape of y to (n_samples, ), for example using ravel().
  y = column_or_1d(y, warn=True)

[2025-03-28T07:43:16.415+0000] {logging_and_warnings.py:72} WARNING - /home/***/.local/lib/python3.9/site-packages/sklearn/ensemble/_gb.py:437: DataConversionWarning: A column-vector y was passed when a 1d array was expected. Please change the shape of y to (n_samples, ), for example using ravel().
  y = column_or_1d(y, warn=True)

[2025-03-28T07:43:34.772+0000] {logging_and_warnings.py:72} WARNING - /home/***/.local/lib/python3.9/site-packages/sklearn/ensemble/_gb.py:437: DataConversionWarning: A column-vector y was passed when a 1d array was expected. Please change the shape of y to (n_samples, ), for example using ravel().
  y = column_or_1d(y, warn=True)

[2025-03-28T07:43:53.142+0000] {logging_and_warnings.py:72} WARNING - /home/***/.local/lib/python3.9/site-packages/sklearn/ensemble/_gb.py:437: DataConversionWarning: A column-vector y was passed when a 1d array was expected. Please change the shape of y to (n_samples, ), for example using ravel().
  y = column_or_1d(y, warn=True)

[2025-03-28T07:44:11.454+0000] {logging_and_warnings.py:72} WARNING - /home/***/.local/lib/python3.9/site-packages/sklearn/ensemble/_gb.py:437: DataConversionWarning: A column-vector y was passed when a 1d array was expected. Please change the shape of y to (n_samples, ), for example using ravel().
  y = column_or_1d(y, warn=True)

[2025-03-28T07:44:33.430+0000] {logging_and_warnings.py:72} WARNING - /home/***/.local/lib/python3.9/site-packages/sklearn/ensemble/_gb.py:437: DataConversionWarning: A column-vector y was passed when a 1d array was expected. Please change the shape of y to (n_samples, ), for example using ravel().
  y = column_or_1d(y, warn=True)

[2025-03-28T07:44:54.974+0000] {logging_and_warnings.py:72} WARNING - /home/***/.local/lib/python3.9/site-packages/sklearn/ensemble/_gb.py:437: DataConversionWarning: A column-vector y was passed when a 1d array was expected. Please change the shape of y to (n_samples, ), for example using ravel().
  y = column_or_1d(y, warn=True)

[2025-03-28T07:45:16.390+0000] {logging_and_warnings.py:72} WARNING - /home/***/.local/lib/python3.9/site-packages/sklearn/ensemble/_gb.py:437: DataConversionWarning: A column-vector y was passed when a 1d array was expected. Please change the shape of y to (n_samples, ), for example using ravel().
  y = column_or_1d(y, warn=True)

[2025-03-28T07:45:37.825+0000] {logging_and_warnings.py:72} WARNING - /home/***/.local/lib/python3.9/site-packages/sklearn/ensemble/_gb.py:437: DataConversionWarning: A column-vector y was passed when a 1d array was expected. Please change the shape of y to (n_samples, ), for example using ravel().
  y = column_or_1d(y, warn=True)

[2025-03-28T07:45:59.233+0000] {logging_and_warnings.py:72} WARNING - /home/***/.local/lib/python3.9/site-packages/sklearn/ensemble/_gb.py:437: DataConversionWarning: A column-vector y was passed when a 1d array was expected. Please change the shape of y to (n_samples, ), for example using ravel().
  y = column_or_1d(y, warn=True)

[2025-03-28T07:46:35.749+0000] {logging_and_warnings.py:72} WARNING - /home/***/.local/lib/python3.9/site-packages/sklearn/ensemble/_gb.py:437: DataConversionWarning: A column-vector y was passed when a 1d array was expected. Please change the shape of y to (n_samples, ), for example using ravel().
  y = column_or_1d(y, warn=True)

[2025-03-28T07:47:12.313+0000] {logging_and_warnings.py:72} WARNING - /home/***/.local/lib/python3.9/site-packages/sklearn/ensemble/_gb.py:437: DataConversionWarning: A column-vector y was passed when a 1d array was expected. Please change the shape of y to (n_samples, ), for example using ravel().
  y = column_or_1d(y, warn=True)

[2025-03-28T07:47:48.542+0000] {logging_and_warnings.py:72} WARNING - /home/***/.local/lib/python3.9/site-packages/sklearn/ensemble/_gb.py:437: DataConversionWarning: A column-vector y was passed when a 1d array was expected. Please change the shape of y to (n_samples, ), for example using ravel().
  y = column_or_1d(y, warn=True)

[2025-03-28T07:48:25.356+0000] {logging_and_warnings.py:72} WARNING - /home/***/.local/lib/python3.9/site-packages/sklearn/ensemble/_gb.py:437: DataConversionWarning: A column-vector y was passed when a 1d array was expected. Please change the shape of y to (n_samples, ), for example using ravel().
  y = column_or_1d(y, warn=True)

[2025-03-28T07:49:01.822+0000] {logging_and_warnings.py:72} WARNING - /home/***/.local/lib/python3.9/site-packages/sklearn/ensemble/_gb.py:437: DataConversionWarning: A column-vector y was passed when a 1d array was expected. Please change the shape of y to (n_samples, ), for example using ravel().
  y = column_or_1d(y, warn=True)

[2025-03-28T07:49:45.289+0000] {logging_and_warnings.py:72} WARNING - /home/***/.local/lib/python3.9/site-packages/sklearn/ensemble/_gb.py:437: DataConversionWarning: A column-vector y was passed when a 1d array was expected. Please change the shape of y to (n_samples, ), for example using ravel().
  y = column_or_1d(y, warn=True)

[2025-03-28T07:50:29.237+0000] {logging_and_warnings.py:72} WARNING - /home/***/.local/lib/python3.9/site-packages/sklearn/ensemble/_gb.py:437: DataConversionWarning: A column-vector y was passed when a 1d array was expected. Please change the shape of y to (n_samples, ), for example using ravel().
  y = column_or_1d(y, warn=True)

[2025-03-28T07:51:12.608+0000] {logging_and_warnings.py:72} WARNING - /home/***/.local/lib/python3.9/site-packages/sklearn/ensemble/_gb.py:437: DataConversionWarning: A column-vector y was passed when a 1d array was expected. Please change the shape of y to (n_samples, ), for example using ravel().
  y = column_or_1d(y, warn=True)

[2025-03-28T07:51:56.105+0000] {logging_and_warnings.py:72} WARNING - /home/***/.local/lib/python3.9/site-packages/sklearn/ensemble/_gb.py:437: DataConversionWarning: A column-vector y was passed when a 1d array was expected. Please change the shape of y to (n_samples, ), for example using ravel().
  y = column_or_1d(y, warn=True)

[2025-03-28T07:52:39.775+0000] {logging_and_warnings.py:72} WARNING - /home/***/.local/lib/python3.9/site-packages/sklearn/ensemble/_gb.py:437: DataConversionWarning: A column-vector y was passed when a 1d array was expected. Please change the shape of y to (n_samples, ), for example using ravel().
  y = column_or_1d(y, warn=True)

[2025-03-28T07:53:01.929+0000] {logging_and_warnings.py:72} WARNING - /home/***/.local/lib/python3.9/site-packages/sklearn/ensemble/_gb.py:437: DataConversionWarning: A column-vector y was passed when a 1d array was expected. Please change the shape of y to (n_samples, ), for example using ravel().
  y = column_or_1d(y, warn=True)

[2025-03-28T07:53:24.256+0000] {logging_and_warnings.py:72} WARNING - /home/***/.local/lib/python3.9/site-packages/sklearn/ensemble/_gb.py:437: DataConversionWarning: A column-vector y was passed when a 1d array was expected. Please change the shape of y to (n_samples, ), for example using ravel().
  y = column_or_1d(y, warn=True)

[2025-03-28T07:53:46.646+0000] {logging_and_warnings.py:72} WARNING - /home/***/.local/lib/python3.9/site-packages/sklearn/ensemble/_gb.py:437: DataConversionWarning: A column-vector y was passed when a 1d array was expected. Please change the shape of y to (n_samples, ), for example using ravel().
  y = column_or_1d(y, warn=True)

[2025-03-28T07:54:08.949+0000] {logging_and_warnings.py:72} WARNING - /home/***/.local/lib/python3.9/site-packages/sklearn/ensemble/_gb.py:437: DataConversionWarning: A column-vector y was passed when a 1d array was expected. Please change the shape of y to (n_samples, ), for example using ravel().
  y = column_or_1d(y, warn=True)

[2025-03-28T07:54:31.053+0000] {logging_and_warnings.py:72} WARNING - /home/***/.local/lib/python3.9/site-packages/sklearn/ensemble/_gb.py:437: DataConversionWarning: A column-vector y was passed when a 1d array was expected. Please change the shape of y to (n_samples, ), for example using ravel().
  y = column_or_1d(y, warn=True)

[2025-03-28T07:54:57.646+0000] {logging_and_warnings.py:72} WARNING - /home/***/.local/lib/python3.9/site-packages/sklearn/ensemble/_gb.py:437: DataConversionWarning: A column-vector y was passed when a 1d array was expected. Please change the shape of y to (n_samples, ), for example using ravel().
  y = column_or_1d(y, warn=True)

[2025-03-28T07:55:24.704+0000] {logging_and_warnings.py:72} WARNING - /home/***/.local/lib/python3.9/site-packages/sklearn/ensemble/_gb.py:437: DataConversionWarning: A column-vector y was passed when a 1d array was expected. Please change the shape of y to (n_samples, ), for example using ravel().
  y = column_or_1d(y, warn=True)

[2025-03-28T07:55:51.294+0000] {logging_and_warnings.py:72} WARNING - /home/***/.local/lib/python3.9/site-packages/sklearn/ensemble/_gb.py:437: DataConversionWarning: A column-vector y was passed when a 1d array was expected. Please change the shape of y to (n_samples, ), for example using ravel().
  y = column_or_1d(y, warn=True)

[2025-03-28T07:56:18.097+0000] {logging_and_warnings.py:72} WARNING - /home/***/.local/lib/python3.9/site-packages/sklearn/ensemble/_gb.py:437: DataConversionWarning: A column-vector y was passed when a 1d array was expected. Please change the shape of y to (n_samples, ), for example using ravel().
  y = column_or_1d(y, warn=True)

[2025-03-28T07:56:44.650+0000] {logging_and_warnings.py:72} WARNING - /home/***/.local/lib/python3.9/site-packages/sklearn/ensemble/_gb.py:437: DataConversionWarning: A column-vector y was passed when a 1d array was expected. Please change the shape of y to (n_samples, ), for example using ravel().
  y = column_or_1d(y, warn=True)

[2025-03-28T07:57:29.594+0000] {logging_and_warnings.py:72} WARNING - /home/***/.local/lib/python3.9/site-packages/sklearn/ensemble/_gb.py:437: DataConversionWarning: A column-vector y was passed when a 1d array was expected. Please change the shape of y to (n_samples, ), for example using ravel().
  y = column_or_1d(y, warn=True)

[2025-03-28T07:58:13.775+0000] {logging_and_warnings.py:72} WARNING - /home/***/.local/lib/python3.9/site-packages/sklearn/ensemble/_gb.py:437: DataConversionWarning: A column-vector y was passed when a 1d array was expected. Please change the shape of y to (n_samples, ), for example using ravel().
  y = column_or_1d(y, warn=True)

[2025-03-28T07:58:58.692+0000] {logging_and_warnings.py:72} WARNING - /home/***/.local/lib/python3.9/site-packages/sklearn/ensemble/_gb.py:437: DataConversionWarning: A column-vector y was passed when a 1d array was expected. Please change the shape of y to (n_samples, ), for example using ravel().
  y = column_or_1d(y, warn=True)

[2025-03-28T07:59:43.306+0000] {logging_and_warnings.py:72} WARNING - /home/***/.local/lib/python3.9/site-packages/sklearn/ensemble/_gb.py:437: DataConversionWarning: A column-vector y was passed when a 1d array was expected. Please change the shape of y to (n_samples, ), for example using ravel().
  y = column_or_1d(y, warn=True)

[2025-03-28T08:00:27.791+0000] {logging_and_warnings.py:72} WARNING - /home/***/.local/lib/python3.9/site-packages/sklearn/ensemble/_gb.py:437: DataConversionWarning: A column-vector y was passed when a 1d array was expected. Please change the shape of y to (n_samples, ), for example using ravel().
  y = column_or_1d(y, warn=True)

[2025-03-28T08:01:21.303+0000] {logging_and_warnings.py:72} WARNING - /home/***/.local/lib/python3.9/site-packages/sklearn/ensemble/_gb.py:437: DataConversionWarning: A column-vector y was passed when a 1d array was expected. Please change the shape of y to (n_samples, ), for example using ravel().
  y = column_or_1d(y, warn=True)

[2025-03-28T08:02:14.829+0000] {logging_and_warnings.py:72} WARNING - /home/***/.local/lib/python3.9/site-packages/sklearn/ensemble/_gb.py:437: DataConversionWarning: A column-vector y was passed when a 1d array was expected. Please change the shape of y to (n_samples, ), for example using ravel().
  y = column_or_1d(y, warn=True)

[2025-03-28T08:03:08.117+0000] {logging_and_warnings.py:72} WARNING - /home/***/.local/lib/python3.9/site-packages/sklearn/ensemble/_gb.py:437: DataConversionWarning: A column-vector y was passed when a 1d array was expected. Please change the shape of y to (n_samples, ), for example using ravel().
  y = column_or_1d(y, warn=True)

[2025-03-28T08:04:01.091+0000] {logging_and_warnings.py:72} WARNING - /home/***/.local/lib/python3.9/site-packages/sklearn/ensemble/_gb.py:437: DataConversionWarning: A column-vector y was passed when a 1d array was expected. Please change the shape of y to (n_samples, ), for example using ravel().
  y = column_or_1d(y, warn=True)

[2025-03-28T08:04:54.031+0000] {logging_and_warnings.py:72} WARNING - /home/***/.local/lib/python3.9/site-packages/sklearn/ensemble/_gb.py:437: DataConversionWarning: A column-vector y was passed when a 1d array was expected. Please change the shape of y to (n_samples, ), for example using ravel().
  y = column_or_1d(y, warn=True)

[2025-03-28T08:05:08.241+0000] {logging_and_warnings.py:72} WARNING - /home/***/.local/lib/python3.9/site-packages/sklearn/ensemble/_gb.py:437: DataConversionWarning: A column-vector y was passed when a 1d array was expected. Please change the shape of y to (n_samples, ), for example using ravel().
  y = column_or_1d(y, warn=True)

[2025-03-28T08:05:22.183+0000] {logging_and_warnings.py:72} WARNING - /home/***/.local/lib/python3.9/site-packages/sklearn/ensemble/_gb.py:437: DataConversionWarning: A column-vector y was passed when a 1d array was expected. Please change the shape of y to (n_samples, ), for example using ravel().
  y = column_or_1d(y, warn=True)

[2025-03-28T08:05:36.659+0000] {logging_and_warnings.py:72} WARNING - /home/***/.local/lib/python3.9/site-packages/sklearn/ensemble/_gb.py:437: DataConversionWarning: A column-vector y was passed when a 1d array was expected. Please change the shape of y to (n_samples, ), for example using ravel().
  y = column_or_1d(y, warn=True)

[2025-03-28T08:05:51.084+0000] {logging_and_warnings.py:72} WARNING - /home/***/.local/lib/python3.9/site-packages/sklearn/ensemble/_gb.py:437: DataConversionWarning: A column-vector y was passed when a 1d array was expected. Please change the shape of y to (n_samples, ), for example using ravel().
  y = column_or_1d(y, warn=True)

[2025-03-28T08:06:05.976+0000] {logging_and_warnings.py:72} WARNING - /home/***/.local/lib/python3.9/site-packages/sklearn/ensemble/_gb.py:437: DataConversionWarning: A column-vector y was passed when a 1d array was expected. Please change the shape of y to (n_samples, ), for example using ravel().
  y = column_or_1d(y, warn=True)

[2025-03-28T08:06:23.414+0000] {logging_and_warnings.py:72} WARNING - /home/***/.local/lib/python3.9/site-packages/sklearn/ensemble/_gb.py:437: DataConversionWarning: A column-vector y was passed when a 1d array was expected. Please change the shape of y to (n_samples, ), for example using ravel().
  y = column_or_1d(y, warn=True)

