[2025-03-28T05:29:58.541+0000] {taskinstance.py:1125} INFO - Dependencies all met for dep_context=non-requeueable deps ti=<TaskInstance: Pipeline-proyecto2.load_raw_csv manual__2025-03-28T05:29:52.669182+00:00 [queued]>
[2025-03-28T05:29:58.553+0000] {taskinstance.py:1125} INFO - Dependencies all met for dep_context=requeueable deps ti=<TaskInstance: Pipeline-proyecto2.load_raw_csv manual__2025-03-28T05:29:52.669182+00:00 [queued]>
[2025-03-28T05:29:58.553+0000] {taskinstance.py:1331} INFO - Starting attempt 1 of 1
[2025-03-28T05:29:58.565+0000] {taskinstance.py:1350} INFO - Executing <Task(PythonOperator): load_raw_csv> on 2025-03-28 05:29:52.669182+00:00
[2025-03-28T05:29:58.576+0000] {standard_task_runner.py:57} INFO - Started process 113 to run task
[2025-03-28T05:29:58.580+0000] {standard_task_runner.py:84} INFO - Running: ['***', 'tasks', 'run', 'Pipeline-proyecto2', 'load_raw_csv', 'manual__2025-03-28T05:29:52.669182+00:00', '--job-id', '56', '--raw', '--subdir', 'DAGS_FOLDER/dag-proyecto2.py', '--cfg-path', '/tmp/tmpivw2vas4']
[2025-03-28T05:29:58.583+0000] {standard_task_runner.py:85} INFO - Job 56: Subtask load_raw_csv
[2025-03-28T05:29:58.637+0000] {task_command.py:410} INFO - Running <TaskInstance: Pipeline-proyecto2.load_raw_csv manual__2025-03-28T05:29:52.669182+00:00 [running]> on host 25b10f5b196a
[2025-03-28T05:29:58.719+0000] {taskinstance.py:1568} INFO - Exporting env vars: AIRFLOW_CTX_DAG_OWNER='***' AIRFLOW_CTX_DAG_ID='Pipeline-proyecto2' AIRFLOW_CTX_TASK_ID='load_raw_csv' AIRFLOW_CTX_EXECUTION_DATE='2025-03-28T05:29:52.669182+00:00' AIRFLOW_CTX_TRY_NUMBER='1' AIRFLOW_CTX_DAG_RUN_ID='manual__2025-03-28T05:29:52.669182+00:00'
[2025-03-28T05:29:58.912+0000] {logging_mixin.py:149} INFO - Añadiendo datos batch 1
[2025-03-28T05:30:02.097+0000] {logging_mixin.py:149} INFO - Batch repetido. No se añaden datos
[2025-03-28T05:30:05.315+0000] {logging_mixin.py:149} INFO - Añadiendo datos batch 2
[2025-03-28T05:30:08.743+0000] {logging_mixin.py:149} INFO - Batch repetido. No se añaden datos
[2025-03-28T05:30:11.911+0000] {logging_mixin.py:149} INFO - Añadiendo datos batch 3
[2025-03-28T05:30:15.110+0000] {logging_mixin.py:149} INFO - Batch repetido. No se añaden datos
[2025-03-28T05:30:18.279+0000] {logging_mixin.py:149} INFO - Añadiendo datos batch 4
[2025-03-28T05:30:21.451+0000] {logging_mixin.py:149} INFO - Batch repetido. No se añaden datos
[2025-03-28T05:30:24.607+0000] {logging_mixin.py:149} INFO - Añadiendo datos batch 5
[2025-03-28T05:30:28.294+0000] {logging_mixin.py:149} INFO - Batch repetido. No se añaden datos
[2025-03-28T05:30:31.456+0000] {logging_mixin.py:149} INFO - Añadiendo datos batch 6
[2025-03-28T05:30:34.641+0000] {logging_mixin.py:149} INFO - Batch repetido. No se añaden datos
[2025-03-28T05:30:37.812+0000] {logging_mixin.py:149} INFO - Añadiendo datos batch 7
[2025-03-28T05:30:41.001+0000] {logging_mixin.py:149} INFO - Batch repetido. No se añaden datos
[2025-03-28T05:30:44.168+0000] {logging_mixin.py:149} INFO - Añadiendo datos batch 8
[2025-03-28T05:30:47.356+0000] {logging_mixin.py:149} INFO - Batch repetido. No se añaden datos
[2025-03-28T05:30:50.509+0000] {logging_mixin.py:149} INFO - Añadiendo datos batch 9
[2025-03-28T05:30:53.705+0000] {logging_mixin.py:149} INFO - Batch repetido. No se añaden datos
[2025-03-28T05:30:56.875+0000] {logging_mixin.py:149} INFO - Añadiendo datos batch 10
[2025-03-28T05:30:56.921+0000] {logging_mixin.py:149} INFO - Todos los datos han sido guardados
[2025-03-28T05:30:59.942+0000] {python.py:183} INFO - Done. Returned value was: None
[2025-03-28T05:30:59.954+0000] {taskinstance.py:1368} INFO - Marking task as SUCCESS. dag_id=Pipeline-proyecto2, task_id=load_raw_csv, execution_date=20250328T052952, start_date=20250328T052958, end_date=20250328T053059
[2025-03-28T05:31:00.014+0000] {local_task_job_runner.py:232} INFO - Task exited with return code 0
[2025-03-28T05:31:00.033+0000] {taskinstance.py:2674} INFO - 0 downstream tasks scheduled from follow-on schedule check
