[2025-03-28T08:24:15.894+0000] {taskinstance.py:1125} INFO - Dependencies all met for dep_context=non-requeueable deps ti=<TaskInstance: Pipeline-proyecto2.load_raw_data manual__2025-03-28T08:24:10.972616+00:00 [queued]>
[2025-03-28T08:24:15.903+0000] {taskinstance.py:1125} INFO - Dependencies all met for dep_context=requeueable deps ti=<TaskInstance: Pipeline-proyecto2.load_raw_data manual__2025-03-28T08:24:10.972616+00:00 [queued]>
[2025-03-28T08:24:15.903+0000] {taskinstance.py:1331} INFO - Starting attempt 1 of 1
[2025-03-28T08:24:15.913+0000] {taskinstance.py:1350} INFO - Executing <Task(PythonOperator): load_raw_data> on 2025-03-28 08:24:10.972616+00:00
[2025-03-28T08:24:15.924+0000] {standard_task_runner.py:57} INFO - Started process 89 to run task
[2025-03-28T08:24:15.927+0000] {standard_task_runner.py:84} INFO - Running: ['***', 'tasks', 'run', 'Pipeline-proyecto2', 'load_raw_data', 'manual__2025-03-28T08:24:10.972616+00:00', '--job-id', '92', '--raw', '--subdir', 'DAGS_FOLDER/dag-proyecto2.py', '--cfg-path', '/tmp/tmp1314n_80']
[2025-03-28T08:24:15.930+0000] {standard_task_runner.py:85} INFO - Job 92: Subtask load_raw_data
[2025-03-28T08:24:15.974+0000] {task_command.py:410} INFO - Running <TaskInstance: Pipeline-proyecto2.load_raw_data manual__2025-03-28T08:24:10.972616+00:00 [running]> on host 0271da744f15
[2025-03-28T08:24:16.050+0000] {taskinstance.py:1568} INFO - Exporting env vars: AIRFLOW_CTX_DAG_OWNER='***' AIRFLOW_CTX_DAG_ID='Pipeline-proyecto2' AIRFLOW_CTX_TASK_ID='load_raw_data' AIRFLOW_CTX_EXECUTION_DATE='2025-03-28T08:24:10.972616+00:00' AIRFLOW_CTX_TRY_NUMBER='1' AIRFLOW_CTX_DAG_RUN_ID='manual__2025-03-28T08:24:10.972616+00:00'
[2025-03-28T08:24:16.198+0000] {logging_mixin.py:149} INFO - Añadiendo datos batch 1
[2025-03-28T08:24:19.350+0000] {logging_mixin.py:149} INFO - Batch repetido. No se añaden datos
[2025-03-28T08:24:22.494+0000] {logging_mixin.py:149} INFO - Añadiendo datos batch 2
[2025-03-28T08:24:25.826+0000] {logging_mixin.py:149} INFO - Batch repetido. No se añaden datos
[2025-03-28T08:24:28.977+0000] {logging_mixin.py:149} INFO - Añadiendo datos batch 3
[2025-03-28T08:24:32.131+0000] {logging_mixin.py:149} INFO - Batch repetido. No se añaden datos
[2025-03-28T08:24:35.280+0000] {logging_mixin.py:149} INFO - Añadiendo datos batch 4
[2025-03-28T08:24:38.441+0000] {logging_mixin.py:149} INFO - Batch repetido. No se añaden datos
[2025-03-28T08:24:41.591+0000] {logging_mixin.py:149} INFO - Añadiendo datos batch 5
[2025-03-28T08:24:44.754+0000] {logging_mixin.py:149} INFO - Batch repetido. No se añaden datos
[2025-03-28T08:24:47.902+0000] {logging_mixin.py:149} INFO - Añadiendo datos batch 6
[2025-03-28T08:24:51.063+0000] {logging_mixin.py:149} INFO - Batch repetido. No se añaden datos
[2025-03-28T08:24:54.212+0000] {logging_mixin.py:149} INFO - Añadiendo datos batch 7
[2025-03-28T08:24:57.380+0000] {logging_mixin.py:149} INFO - Batch repetido. No se añaden datos
[2025-03-28T08:25:00.532+0000] {logging_mixin.py:149} INFO - Añadiendo datos batch 8
[2025-03-28T08:25:03.704+0000] {logging_mixin.py:149} INFO - Batch repetido. No se añaden datos
[2025-03-28T08:25:06.855+0000] {logging_mixin.py:149} INFO - Añadiendo datos batch 9
[2025-03-28T08:25:10.018+0000] {logging_mixin.py:149} INFO - Batch repetido. No se añaden datos
[2025-03-28T08:25:13.170+0000] {logging_mixin.py:149} INFO - Añadiendo datos batch 10
[2025-03-28T08:25:13.199+0000] {logging_mixin.py:149} INFO - Todos los datos han sido guardados
[2025-03-28T08:25:15.942+0000] {python.py:183} INFO - Done. Returned value was: None
[2025-03-28T08:25:15.951+0000] {taskinstance.py:1368} INFO - Marking task as SUCCESS. dag_id=Pipeline-proyecto2, task_id=load_raw_data, execution_date=20250328T082410, start_date=20250328T082415, end_date=20250328T082515
[2025-03-28T08:25:16.034+0000] {local_task_job_runner.py:232} INFO - Task exited with return code 0
[2025-03-28T08:25:16.063+0000] {taskinstance.py:2674} INFO - 1 downstream tasks scheduled from follow-on schedule check
